Flutter crash report.
Please report a bug at https://github.com/flutter/flutter/issues.

## command

flutter run -d macos

## exception

RPCError: _createDevFS: (-32603) Internal error
_createDevFS: Unexpected exception:PathAccessException: Creation of temporary directory failed, path = '/tmp' (OS Error: Operation not permitted, errno = 1)
#0      _checkForErrorResponse (dart:io/common.dart:58:9)
#1      _Directory.createTemp.<anonymous closure> (dart:io/directory_impl.dart:172:7)
<asynchronous suspension>
#2      createTempDirCallback (dart:vmservice_io:118:16)
<asynchronous suspension>
#3      DevFS._createDevFS (dart:_vmservice/devfs.dart:197:21)
<asynchronous suspension>
#4      VMService._routeRequestImpl (dart:_vmservice:759:16)
<asynchronous suspension>
#5      VMService.routeRequest (dart:_vmservice:726:22)
<asynchronous suspension>
#6      WebSocketClient.post (dart:vmservice_io/vmservice_server.dart:64:3)
<asynchronous suspension>


```
#0      new _OutstandingRequest (package:vm_service/src/vm_service.dart:268:34)
#1      VmService._call.<anonymous closure> (package:vm_service/src/vm_service.dart:1950:25)
#2      VmService._call (package:vm_service/src/vm_service.dart:1962:8)
#3      VmService.callServiceExtension (package:vm_service/src/vm_service.dart:1901:14)
#4      FlutterVmService.createDevFS (package:flutter_tools/src/vmservice.dart:933:20)
#5      DevFS.create (package:flutter_tools/src/devfs.dart:518:61)
#6      FlutterDevice.setupDevFS (package:flutter_tools/src/resident_runner.dart:451:19)
#7      HotRunner._initDevFS (package:flutter_tools/src/run_hot.dart:482:23)
#8      HotRunner._attach (package:flutter_tools/src/run_hot.dart:280:41)
<asynchronous suspension>
#9      RunCommand.runCommand (package:flutter_tools/src/commands/run.dart:891:27)
<asynchronous suspension>
#10     FlutterCommand.run.<anonymous closure> (package:flutter_tools/src/runner/flutter_command.dart:1559:27)
<asynchronous suspension>
#11     AppContext.run.<anonymous closure> (package:flutter_tools/src/base/context.dart:154:19)
<asynchronous suspension>
#12     CommandRunner.runCommand (package:args/command_runner.dart:212:13)
<asynchronous suspension>
#13     FlutterCommandRunner.runCommand.<anonymous closure> (package:flutter_tools/src/runner/flutter_command_runner.dart:487:9)
<asynchronous suspension>
#14     AppContext.run.<anonymous closure> (package:flutter_tools/src/base/context.dart:154:19)
<asynchronous suspension>
#15     FlutterCommandRunner.runCommand (package:flutter_tools/src/runner/flutter_command_runner.dart:422:5)
<asynchronous suspension>
#16     run.<anonymous closure>.<anonymous closure> (package:flutter_tools/runner.dart:101:11)
<asynchronous suspension>
#17     AppContext.run.<anonymous closure> (package:flutter_tools/src/base/context.dart:154:19)
<asynchronous suspension>
#18     main (package:flutter_tools/executable.dart:103:3)
<asynchronous suspension>
```

## flutter doctor

```
[32m[✓][39m Flutter (Channel
    stable, 3.38.1, on
    macOS 13.7.8 22H730
    darwin-x64, locale
    en-IQ) [430ms]
    [32m•[39m Flutter version
      3.38.1 on channel
      stable at
      /Users/macbook/Do
      cuments/flutter
    [32m•[39m Upstream
      repository
      https://github.co
      m/flutter/flutter
      .git
    [32m•[39m Framework
      revision
      b45fa18946 (3
      months ago),
      2025-11-12
      22:09:06 -0600
    [32m•[39m Engine revision
      b5990e5ccc
    [32m•[39m Dart version
      3.10.0
    [32m•[39m DevTools version
      2.51.1
    [32m•[39m Feature flags:
      enable-web,
      enable-linux-desk
      top,
      enable-macos-desk
      top,
      enable-windows-de
      sktop,
      enable-android,
      enable-ios,
      cli-animations,
      enable-native-ass
      ets,
      omit-legacy-versi
      on-file,
      enable-lldb-debug
      ging

[32m[✓][39m Android toolchain -
    develop for Android
    devices (Android
    SDK version 36.1.0)
    [8.4s]
    [32m•[39m Android SDK at
      /Users/macbook/Li
      brary/Android/sdk
    [32m•[39m Emulator version
      36.2.12.0
      (build_id
      14214601)
      (CL:N/A)
    [32m•[39m Platform
      android-36,
      build-tools
      36.1.0
    [32m•[39m ANDROID_HOME =
      /Users/macbook/Li
      brary/Android/sdk
    [32m•[39m Java binary at:
      /Applications/And
      roid
      Studio.app/Conten
      ts/jbr/Contents/H
      ome/bin/java
      This is the JDK
      bundled with the
      latest Android
      Studio
      installation on
      this machine.
      To manually set
      the JDK path,
      use: `flutter
      config
      --jdk-dir="path/t
      o/jdk"`.
    [32m•[39m Java version
      OpenJDK Runtime
      Environment
      (build
      21.0.8+-14018985-
      b1038.68)
    [32m•[39m All Android
      licenses
      accepted.

[32m[✓][39m Xcode - develop for
    iOS and macOS
    (Xcode 15.2) [4.9s]
    [32m•[39m Xcode at
      /Applications/Xco
      de.app/Contents/D
      eveloper
    [32m•[39m Build 15C500b
    [32m•[39m CocoaPods version
      1.16.2

[32m[✓][39m Chrome - develop
    for the web [16ms]
    [32m•[39m Chrome at
      /Applications/Goo
      gle
      Chrome.app/Conten
      ts/MacOS/Google
      Chrome

[32m[✓][39m Connected device (2
    available) [8.1s]
    [32m•[39m macOS (desktop) •
      macos  •
      darwin-x64     •
      macOS 13.7.8
      22H730 darwin-x64
    [32m•[39m Chrome (web)    •
      chrome •
      web-javascript •
      Google Chrome
      141.0.7390.123

[32m[✓][39m Network resources
    [942ms]
    [32m•[39m All expected
      network resources
      are available.

[32m•[39m No issues found!
```
