#
# There is insufficient memory for the Java Runtime Environment to continue.
# Native memory allocation (mmap) failed to map 13631488 bytes. Error detail: G1 virtual space
# Possible reasons:
#   The system is out of physical RAM or swap space
#   This process is running with CompressedOops enabled, and the Java Heap may be blocking the growth of the native heap
# Possible solutions:
#   Reduce memory load on the system
#   Increase physical memory or swap space
#   Check if swap backing store is full
#   Decrease Java heap size (-Xmx/-Xms)
#   Decrease number of Java threads
#   Decrease Java thread stack sizes (-Xss)
#   Set larger code cache with -XX:ReservedCodeCacheSize=
#   JVM is running with Unscaled Compressed Oops mode in which the Java heap is
#     placed in the first 4GB address space. The Java Heap base address is the
#     maximum limit for the native heap growth. Please use -XX:HeapBaseMinAddress
#     to set the Java Heap base and to place the Java Heap above 4GB virtual address.
# This output file may be truncated or incomplete.
#
#  Out of Memory Error (os_windows.cpp:3925), pid=25492, tid=25768
#
# JRE version: OpenJDK Runtime Environment (21.0.8) (build 21.0.8+-14196175-b1038.72)
# Java VM: OpenJDK 64-Bit Server VM (21.0.8+-14196175-b1038.72, mixed mode, tiered, compressed oops, compressed class ptrs, g1 gc, windows-amd64)
# No core dump will be written. Minidumps are not enabled by default on client versions of Windows
#

---------------  S U M M A R Y ------------

Command Line: org.jetbrains.kotlin.cli.jvm.K2JVMCompiler @D:\salat\salaat\build\audioplayers_android\20260101_61435134298402186.compiler.options

Host: Intel(R) Core(TM) i7-14700, 28 cores, 7G,  Windows 11 , 64 bit Build 26100 (10.0.26100.7309)
Time: Thu Jan  1 00:34:56 2026 elapsed time: 17.601050 seconds (0d 0h 0m 17s)

---------------  T H R E A D  ---------------

Current thread (0x000001b77cb8d250):  VMThread "VM Thread"          [id=25768, stack(0x0000000ee0700000,0x0000000ee0800000) (1024K)]

Stack: [0x0000000ee0700000,0x0000000ee0800000]
Native frames: (J=compiled Java code, j=interpreted, Vv=VM code, C=native code)
V  [jvm.dll+0x6d68d9]
V  [jvm.dll+0x866693]
V  [jvm.dll+0x868c4e]
V  [jvm.dll+0x869333]
V  [jvm.dll+0x280566]
V  [jvm.dll+0x6d3195]
V  [jvm.dll+0x6c69ea]
V  [jvm.dll+0x3586db]
V  [jvm.dll+0x360336]
V  [jvm.dll+0x3b23f6]
V  [jvm.dll+0x3b26c8]
V  [jvm.dll+0x32ae6c]
V  [jvm.dll+0x32aef7]
V  [jvm.dll+0x370d3c]
V  [jvm.dll+0x36f4ee]
V  [jvm.dll+0x32a5c1]
V  [jvm.dll+0x36ebf0]
V  [jvm.dll+0x86f0b8]
V  [jvm.dll+0x870434]
V  [jvm.dll+0x870970]
V  [jvm.dll+0x870c03]
V  [jvm.dll+0x80eac8]
V  [jvm.dll+0x6d512d]
C  [ucrtbase.dll+0x37b0]
C  [KERNEL32.DLL+0x2e8d7]
C  [ntdll.dll+0x8c53c]

VM_Operation (0x0000000ee00fc910): G1CollectForAllocation, mode: safepoint, requested by thread 0x000001b7613ebfa0


---------------  P R O C E S S  ---------------

Threads class SMR info:
_java_thread_list=0x000001b77cdd7250, length=11, elements={
0x000001b7613ebfa0, 0x000001b77cc22d90, 0x000001b77cc31710, 0x000001b77cc23b70,
0x000001b77cc24be0, 0x000001b77cc368d0, 0x000001b77cc37330, 0x000001b77cc39da0,
0x000001b77cc3ab30, 0x000001b77cc3c5e0, 0x000001b77cdf1b00
}

Java Threads: ( => current thread )
  0x000001b7613ebfa0 JavaThread "main"                              [_thread_blocked, id=16864, stack(0x0000000ee0000000,0x0000000ee0100000) (1024K)]
  0x000001b77cc22d90 JavaThread "Common-Cleaner"             daemon [_thread_blocked, id=24628, stack(0x0000000ee0800000,0x0000000ee0900000) (1024K)]
  0x000001b77cc31710 JavaThread "Reference Handler"          daemon [_thread_blocked, id=9772, stack(0x0000000ee0900000,0x0000000ee0a00000) (1024K)]
  0x000001b77cc23b70 JavaThread "Finalizer"                  daemon [_thread_blocked, id=21072, stack(0x0000000ee0a00000,0x0000000ee0b00000) (1024K)]
  0x000001b77cc24be0 JavaThread "Signal Dispatcher"          daemon [_thread_blocked, id=6788, stack(0x0000000ee0b00000,0x0000000ee0c00000) (1024K)]
  0x000001b77cc368d0 JavaThread "Attach Listener"            daemon [_thread_blocked, id=26840, stack(0x0000000ee0c00000,0x0000000ee0d00000) (1024K)]
  0x000001b77cc37330 JavaThread "Service Thread"             daemon [_thread_blocked, id=9648, stack(0x0000000ee0d00000,0x0000000ee0e00000) (1024K)]
  0x000001b77cc39da0 JavaThread "Monitor Deflation Thread"   daemon [_thread_blocked, id=16068, stack(0x0000000ee0e00000,0x0000000ee0f00000) (1024K)]
  0x000001b77cc3ab30 JavaThread "C2 CompilerThread0"         daemon [_thread_blocked, id=27228, stack(0x0000000ee0f00000,0x0000000ee1000000) (1024K)]
  0x000001b77cc3c5e0 JavaThread "C1 CompilerThread0"         daemon [_thread_blocked, id=14804, stack(0x0000000ee1000000,0x0000000ee1100000) (1024K)]
  0x000001b77cdf1b00 JavaThread "Notification Thread"        daemon [_thread_blocked, id=12364, stack(0x0000000ee1100000,0x0000000ee1200000) (1024K)]
Total: 11

Other Threads:
=>0x000001b77cb8d250 VMThread "VM Thread"                           [id=25768, stack(0x0000000ee0700000,0x0000000ee0800000) (1024K)]
  0x000001b77c6ea500 WatcherThread "VM Periodic Task Thread"        [id=20948, stack(0x0000000ee0600000,0x0000000ee0700000) (1024K)]
  0x000001b763a098a0 WorkerThread "GC Thread#0"                     [id=21300, stack(0x0000000ee0100000,0x0000000ee0200000) (1024K)]
  0x000001b77d512e90 WorkerThread "GC Thread#1"                     [id=24872, stack(0x0000000ee1200000,0x0000000ee1300000) (1024K)]
  0x000001b77d4ff3c0 WorkerThread "GC Thread#2"                     [id=6392, stack(0x0000000ee1300000,0x0000000ee1400000) (1024K)]
  0x000001b77d5003f0 WorkerThread "GC Thread#3"                     [id=17996, stack(0x0000000ee1400000,0x0000000ee1500000) (1024K)]
  0x000001b77d56ed70 WorkerThread "GC Thread#4"                     [id=17424, stack(0x0000000ee1500000,0x0000000ee1600000) (1024K)]
  0x000001b77d56f110 WorkerThread "GC Thread#5"                     [id=15204, stack(0x0000000ee1600000,0x0000000ee1700000) (1024K)]
  0x000001b77d5fc5c0 WorkerThread "GC Thread#6"                     [id=21908, stack(0x0000000ee1700000,0x0000000ee1800000) (1024K)]
  0x000001b77d5fc220 WorkerThread "GC Thread#7"                     [id=3800, stack(0x0000000ee1800000,0x0000000ee1900000) (1024K)]
  0x000001b77d5fc960 WorkerThread "GC Thread#8"                     [id=24040, stack(0x0000000ee1900000,0x0000000ee1a00000) (1024K)]
  0x000001b77db9c870 WorkerThread "GC Thread#9"                     [id=27964, stack(0x0000000ee1e00000,0x0000000ee1f00000) (1024K)]
  0x000001b77db9a090 WorkerThread "GC Thread#10"                    [id=5044, stack(0x0000000ee1f00000,0x0000000ee2000000) (1024K)]
  0x000001b77db9d350 WorkerThread "GC Thread#11"                    [id=16564, stack(0x0000000ee2000000,0x0000000ee2100000) (1024K)]
  0x000001b77e2da790 WorkerThread "GC Thread#12"                    [id=20880, stack(0x0000000ee2100000,0x0000000ee2200000) (1024K)]
  0x000001b77e2dcf70 WorkerThread "GC Thread#13"                    [id=12416, stack(0x0000000ee2200000,0x0000000ee2300000) (1024K)]
  0x000001b77df712b0 WorkerThread "GC Thread#14"                    [id=11372, stack(0x0000000ee2300000,0x0000000ee2400000) (1024K)]
  0x000001b77df71d90 WorkerThread "GC Thread#15"                    [id=2676, stack(0x0000000ee2400000,0x0000000ee2500000) (1024K)]
  0x000001b77e72b8c0 WorkerThread "GC Thread#16"                    [id=11568, stack(0x0000000ee2500000,0x0000000ee2600000) (1024K)]
  0x000001b77e72e0a0 WorkerThread "GC Thread#17"                    [id=18800, stack(0x0000000ee2600000,0x0000000ee2700000) (1024K)]
  0x000001b77e72e7e0 WorkerThread "GC Thread#18"                    [id=20240, stack(0x0000000ee2700000,0x0000000ee2800000) (1024K)]
  0x000001b77e6ff790 WorkerThread "GC Thread#19"                    [id=27476, stack(0x0000000ee2800000,0x0000000ee2900000) (1024K)]
  0x000001b763a19f70 ConcurrentGCThread "G1 Main Marker"            [id=10664, stack(0x0000000ee0200000,0x0000000ee0300000) (1024K)]
  0x000001b763a1c050 WorkerThread "G1 Conc#0"                       [id=3200, stack(0x0000000ee0300000,0x0000000ee0400000) (1024K)]
  0x000001b77d5fd7e0 WorkerThread "G1 Conc#1"                       [id=18092, stack(0x0000000ee1a00000,0x0000000ee1b00000) (1024K)]
  0x000001b77d5fcd00 WorkerThread "G1 Conc#2"                       [id=12916, stack(0x0000000ee1b00000,0x0000000ee1c00000) (1024K)]
  0x000001b77db9b650 WorkerThread "G1 Conc#3"                       [id=17840, stack(0x0000000ee1c00000,0x0000000ee1d00000) (1024K)]
  0x000001b77db9b2b0 WorkerThread "G1 Conc#4"                       [id=21456, stack(0x0000000ee1d00000,0x0000000ee1e00000) (1024K)]
  0x000001b77c5b66d0 ConcurrentGCThread "G1 Refine#0"               [id=10088, stack(0x0000000ee0400000,0x0000000ee0500000) (1024K)]
  0x000001b77c5b7240 ConcurrentGCThread "G1 Service"                [id=23248, stack(0x0000000ee0500000,0x0000000ee0600000) (1024K)]
Total: 30

Threads with active compile tasks:
C1 CompilerThread0  17610 9854       1       org.jetbrains.kotlin.ir.builders.declarations.IrValueParameterBuilder::isNoinline (5 bytes)
Total: 1

VM state: at safepoint (normal execution)

VM Mutex/Monitor currently owned by a thread:  ([mutex/lock_event])
[0x00007fffdf1b85b8] Threads_lock - owner thread: 0x000001b77cb8d250
[0x00007fffdf1b86b8] Heap_lock - owner thread: 0x000001b7613ebfa0

Heap address: 0x0000000084e00000, size: 1970 MB, Compressed Oops mode: 32-bit

CDS archive(s) not mapped
Compressed class space mapped at: 0x0000000100000000-0x0000000140000000, reserved size: 1073741824
Narrow klass base: 0x0000000000000000, Narrow klass shift: 3, Narrow klass range: 0x140000000

GC Precious Log:
 CardTable entry size: 512
 Card Set container configuration: InlinePtr #cards 5 size 8 Array Of Cards #cards 12 size 40 Howl #buckets 4 coarsen threshold 1843 Howl Bitmap #cards 512 size 80 coarsen threshold 460 Card regions per heap region 1 cards per card region 2048
 CPUs: 28 total, 28 available
 Memory: 7878M
 Large Page Support: Disabled
 NUMA Support: Disabled
 Compressed Oops: Enabled (32-bit)
 Heap Region Size: 1M
 Heap Min Capacity: 8M
 Heap Initial Capacity: 124M
 Heap Max Capacity: 1970M
 Pre-touch: Disabled
 Parallel Workers: 20
 Concurrent Workers: 5
 Concurrent Refinement Workers: 20
 Periodic GC: Disabled

Heap:
 garbage-first heap   total 94208K, used 54149K [0x0000000084e00000, 0x0000000100000000)
  region size 1024K, 4 young (4096K), 4 survivors (4096K)
 Metaspace       used 70630K, committed 70976K, reserved 1114112K
  class space    used 7607K, committed 7744K, reserved 1048576K

Heap Regions: E=young(eden), S=young(survivor), O=old, HS=humongous(starts), HC=humongous(continues), CS=collection set, F=free, TAMS=top-at-mark-start, PB=parsable bottom
|   0|0x0000000084e00000, 0x0000000084f00000, 0x0000000084f00000|100%|HS|  |TAMS 0x0000000084e00000| PB 0x0000000084e00000| Complete 
|   1|0x0000000084f00000, 0x0000000085000000, 0x0000000085000000|100%|HC|  |TAMS 0x0000000084f00000| PB 0x0000000084f00000| Complete 
|   2|0x0000000085000000, 0x0000000085100000, 0x0000000085100000|100%|HC|  |TAMS 0x0000000085000000| PB 0x0000000085000000| Complete 
|   3|0x0000000085100000, 0x0000000085200000, 0x0000000085200000|100%| O|  |TAMS 0x0000000085100000| PB 0x0000000085100000| Untracked 
|   4|0x0000000085200000, 0x0000000085300000, 0x0000000085300000|100%| O|  |TAMS 0x0000000085200000| PB 0x0000000085200000| Untracked 
|   5|0x0000000085300000, 0x00000000853f1e00, 0x0000000085400000| 94%| O|  |TAMS 0x0000000085300000| PB 0x0000000085300000| Untracked 
|   6|0x0000000085400000, 0x0000000085500000, 0x0000000085500000|100%| O|  |TAMS 0x0000000085400000| PB 0x0000000085400000| Untracked 
|   7|0x0000000085500000, 0x0000000085600000, 0x0000000085600000|100%| O|  |TAMS 0x0000000085500000| PB 0x0000000085500000| Untracked 
|   8|0x0000000085600000, 0x0000000085700000, 0x0000000085700000|100%| O|  |TAMS 0x0000000085600000| PB 0x0000000085600000| Untracked 
|   9|0x0000000085700000, 0x0000000085800000, 0x0000000085800000|100%| O|  |TAMS 0x0000000085700000| PB 0x0000000085700000| Untracked 
|  10|0x0000000085800000, 0x0000000085900000, 0x0000000085900000|100%| O|  |TAMS 0x0000000085800000| PB 0x0000000085800000| Untracked 
|  11|0x0000000085900000, 0x0000000085a00000, 0x0000000085a00000|100%| O|  |TAMS 0x0000000085900000| PB 0x0000000085900000| Untracked 
|  12|0x0000000085a00000, 0x0000000085b00000, 0x0000000085b00000|100%| O|  |TAMS 0x0000000085a00000| PB 0x0000000085a00000| Untracked 
|  13|0x0000000085b00000, 0x0000000085c00000, 0x0000000085c00000|100%| O|  |TAMS 0x0000000085b00000| PB 0x0000000085b00000| Untracked 
|  14|0x0000000085c00000, 0x0000000085d00000, 0x0000000085d00000|100%| O|  |TAMS 0x0000000085c00000| PB 0x0000000085c00000| Untracked 
|  15|0x0000000085d00000, 0x0000000085e00000, 0x0000000085e00000|100%| O|  |TAMS 0x0000000085d00000| PB 0x0000000085d00000| Untracked 
|  16|0x0000000085e00000, 0x0000000085f00000, 0x0000000085f00000|100%| O|  |TAMS 0x0000000085e00000| PB 0x0000000085e00000| Untracked 
|  17|0x0000000085f00000, 0x0000000086000000, 0x0000000086000000|100%| O|  |TAMS 0x0000000085f00000| PB 0x0000000085f00000| Untracked 
|  18|0x0000000086000000, 0x0000000086100000, 0x0000000086100000|100%| O|  |TAMS 0x0000000086000000| PB 0x0000000086000000| Untracked 
|  19|0x0000000086100000, 0x0000000086200000, 0x0000000086200000|100%| O|  |TAMS 0x0000000086100000| PB 0x0000000086100000| Untracked 
|  20|0x0000000086200000, 0x0000000086300000, 0x0000000086300000|100%| O|  |TAMS 0x0000000086200000| PB 0x0000000086200000| Untracked 
|  21|0x0000000086300000, 0x0000000086400000, 0x0000000086400000|100%| O|  |TAMS 0x0000000086300000| PB 0x0000000086300000| Untracked 
|  22|0x0000000086400000, 0x0000000086500000, 0x0000000086500000|100%| O|  |TAMS 0x0000000086400000| PB 0x0000000086400000| Untracked 
|  23|0x0000000086500000, 0x0000000086600000, 0x0000000086600000|100%| O|  |TAMS 0x0000000086500000| PB 0x0000000086500000| Untracked 
|  24|0x0000000086600000, 0x0000000086700000, 0x0000000086700000|100%| O|  |TAMS 0x0000000086600000| PB 0x0000000086600000| Untracked 
|  25|0x0000000086700000, 0x0000000086800000, 0x0000000086800000|100%| O|  |TAMS 0x0000000086700000| PB 0x0000000086700000| Untracked 
|  26|0x0000000086800000, 0x0000000086900000, 0x0000000086900000|100%| O|  |TAMS 0x0000000086800000| PB 0x0000000086800000| Untracked 
|  27|0x0000000086900000, 0x0000000086a00000, 0x0000000086a00000|100%| O|  |TAMS 0x0000000086900000| PB 0x0000000086900000| Untracked 
|  28|0x0000000086a00000, 0x0000000086b00000, 0x0000000086b00000|100%| O|  |TAMS 0x0000000086a00000| PB 0x0000000086a00000| Untracked 
|  29|0x0000000086b00000, 0x0000000086c00000, 0x0000000086c00000|100%| O|  |TAMS 0x0000000086b00000| PB 0x0000000086b00000| Untracked 
|  30|0x0000000086c00000, 0x0000000086c00000, 0x0000000086d00000|  0%| F|  |TAMS 0x0000000086c00000| PB 0x0000000086c00000| Untracked 
|  31|0x0000000086d00000, 0x0000000086e00000, 0x0000000086e00000|100%| O|  |TAMS 0x0000000086d00000| PB 0x0000000086d00000| Untracked 
|  32|0x0000000086e00000, 0x0000000086f00000, 0x0000000086f00000|100%| O|  |TAMS 0x0000000086e00000| PB 0x0000000086e00000| Untracked 
|  33|0x0000000086f00000, 0x0000000087000000, 0x0000000087000000|100%| O|  |TAMS 0x0000000086f00000| PB 0x0000000086f00000| Untracked 
|  34|0x0000000087000000, 0x0000000087100000, 0x0000000087100000|100%| O|  |TAMS 0x0000000087000000| PB 0x0000000087000000| Untracked 
|  35|0x0000000087100000, 0x0000000087200000, 0x0000000087200000|100%| O|  |TAMS 0x0000000087100000| PB 0x0000000087100000| Untracked 
|  36|0x0000000087200000, 0x0000000087300000, 0x0000000087300000|100%| O|  |TAMS 0x0000000087200000| PB 0x0000000087200000| Untracked 
|  37|0x0000000087300000, 0x0000000087400000, 0x0000000087400000|100%| O|  |TAMS 0x0000000087300000| PB 0x0000000087300000| Untracked 
|  38|0x0000000087400000, 0x0000000087500000, 0x0000000087500000|100%| O|  |TAMS 0x0000000087400000| PB 0x0000000087400000| Untracked 
|  39|0x0000000087500000, 0x0000000087600000, 0x0000000087600000|100%| O|  |TAMS 0x0000000087500000| PB 0x0000000087500000| Untracked 
|  40|0x0000000087600000, 0x0000000087700000, 0x0000000087700000|100%| O|  |TAMS 0x0000000087600000| PB 0x0000000087600000| Untracked 
|  41|0x0000000087700000, 0x0000000087800000, 0x0000000087800000|100%| O|  |TAMS 0x0000000087700000| PB 0x0000000087700000| Untracked 
|  42|0x0000000087800000, 0x0000000087800000, 0x0000000087900000|  0%| F|  |TAMS 0x0000000087800000| PB 0x0000000087800000| Untracked 
|  43|0x0000000087900000, 0x0000000087a00000, 0x0000000087a00000|100%| O|  |TAMS 0x0000000087900000| PB 0x0000000087900000| Untracked 
|  44|0x0000000087a00000, 0x0000000087b00000, 0x0000000087b00000|100%| O|  |TAMS 0x0000000087a00000| PB 0x0000000087a00000| Untracked 
|  45|0x0000000087b00000, 0x0000000087c00000, 0x0000000087c00000|100%| O|  |TAMS 0x0000000087b00000| PB 0x0000000087b00000| Untracked 
|  46|0x0000000087c00000, 0x0000000087d00000, 0x0000000087d00000|100%| O|  |TAMS 0x0000000087c00000| PB 0x0000000087c00000| Untracked 
|  47|0x0000000087d00000, 0x0000000087e00000, 0x0000000087e00000|100%| O|  |TAMS 0x0000000087d00000| PB 0x0000000087d00000| Untracked 
|  48|0x0000000087e00000, 0x0000000087f00000, 0x0000000087f00000|100%| O|  |TAMS 0x0000000087e00000| PB 0x0000000087e00000| Untracked 
|  49|0x0000000087f00000, 0x0000000088000000, 0x0000000088000000|100%| O|  |TAMS 0x0000000087f00000| PB 0x0000000087f00000| Untracked 
|  50|0x0000000088000000, 0x00000000880ef868, 0x0000000088100000| 93%| O|  |TAMS 0x0000000088000000| PB 0x0000000088000000| Untracked 
|  51|0x0000000088100000, 0x0000000088100000, 0x0000000088200000|  0%| F|  |TAMS 0x0000000088100000| PB 0x0000000088100000| Untracked 
|  52|0x0000000088200000, 0x0000000088200000, 0x0000000088300000|  0%| F|  |TAMS 0x0000000088200000| PB 0x0000000088200000| Untracked 
|  53|0x0000000088300000, 0x0000000088300000, 0x0000000088400000|  0%| F|  |TAMS 0x0000000088300000| PB 0x0000000088300000| Untracked 
|  54|0x0000000088400000, 0x0000000088400000, 0x0000000088500000|  0%| F|  |TAMS 0x0000000088400000| PB 0x0000000088400000| Untracked 
|  55|0x0000000088500000, 0x0000000088500000, 0x0000000088600000|  0%| F|  |TAMS 0x0000000088500000| PB 0x0000000088500000| Untracked 
|  56|0x0000000088600000, 0x0000000088600000, 0x0000000088700000|  0%| F|  |TAMS 0x0000000088600000| PB 0x0000000088600000| Untracked 
|  57|0x0000000088700000, 0x0000000088700000, 0x0000000088800000|  0%| F|  |TAMS 0x0000000088700000| PB 0x0000000088700000| Untracked 
|  58|0x0000000088800000, 0x0000000088800000, 0x0000000088900000|  0%| F|  |TAMS 0x0000000088800000| PB 0x0000000088800000| Untracked 
|  59|0x0000000088900000, 0x0000000088a00000, 0x0000000088a00000|100%| S|CS|TAMS 0x0000000088900000| PB 0x0000000088900000| Complete 
|  60|0x0000000088a00000, 0x0000000088b00000, 0x0000000088b00000|100%| S|CS|TAMS 0x0000000088a00000| PB 0x0000000088a00000| Complete 
|  61|0x0000000088b00000, 0x0000000088b00000, 0x0000000088c00000|  0%| F|  |TAMS 0x0000000088b00000| PB 0x0000000088b00000| Untracked 
|  62|0x0000000088c00000, 0x0000000088d00000, 0x0000000088d00000|100%| S|CS|TAMS 0x0000000088c00000| PB 0x0000000088c00000| Complete 
|  63|0x0000000088d00000, 0x0000000088e00000, 0x0000000088e00000|100%| S|CS|TAMS 0x0000000088d00000| PB 0x0000000088d00000| Complete 
|  64|0x0000000088e00000, 0x0000000088e00000, 0x0000000088f00000|  0%| F|  |TAMS 0x0000000088e00000| PB 0x0000000088e00000| Untracked 
|  65|0x0000000088f00000, 0x0000000088f00000, 0x0000000089000000|  0%| F|  |TAMS 0x0000000088f00000| PB 0x0000000088f00000| Untracked 
|  66|0x0000000089000000, 0x0000000089000000, 0x0000000089100000|  0%| F|  |TAMS 0x0000000089000000| PB 0x0000000089000000| Untracked 
|  67|0x0000000089100000, 0x0000000089100000, 0x0000000089200000|  0%| F|  |TAMS 0x0000000089100000| PB 0x0000000089100000| Untracked 
|  68|0x0000000089200000, 0x0000000089200000, 0x0000000089300000|  0%| F|  |TAMS 0x0000000089200000| PB 0x0000000089200000| Untracked 
|  69|0x0000000089300000, 0x0000000089300000, 0x0000000089400000|  0%| F|  |TAMS 0x0000000089300000| PB 0x0000000089300000| Untracked 
|  70|0x0000000089400000, 0x0000000089400000, 0x0000000089500000|  0%| F|  |TAMS 0x0000000089400000| PB 0x0000000089400000| Untracked 
|  71|0x0000000089500000, 0x0000000089500000, 0x0000000089600000|  0%| F|  |TAMS 0x0000000089500000| PB 0x0000000089500000| Untracked 
|  72|0x0000000089600000, 0x0000000089600000, 0x0000000089700000|  0%| F|  |TAMS 0x0000000089600000| PB 0x0000000089600000| Untracked 
|  73|0x0000000089700000, 0x0000000089700000, 0x0000000089800000|  0%| F|  |TAMS 0x0000000089700000| PB 0x0000000089700000| Untracked 
|  74|0x0000000089800000, 0x0000000089800000, 0x0000000089900000|  0%| F|  |TAMS 0x0000000089800000| PB 0x0000000089800000| Untracked 
|  75|0x0000000089900000, 0x0000000089900000, 0x0000000089a00000|  0%| F|  |TAMS 0x0000000089900000| PB 0x0000000089900000| Untracked 
|  76|0x0000000089a00000, 0x0000000089a00000, 0x0000000089b00000|  0%| F|  |TAMS 0x0000000089a00000| PB 0x0000000089a00000| Untracked 
|  77|0x0000000089b00000, 0x0000000089b00000, 0x0000000089c00000|  0%| F|  |TAMS 0x0000000089b00000| PB 0x0000000089b00000| Untracked 
|  78|0x0000000089c00000, 0x0000000089c00000, 0x0000000089d00000|  0%| F|  |TAMS 0x0000000089c00000| PB 0x0000000089c00000| Untracked 
|  79|0x0000000089d00000, 0x0000000089d00000, 0x0000000089e00000|  0%| F|  |TAMS 0x0000000089d00000| PB 0x0000000089d00000| Untracked 
|  80|0x0000000089e00000, 0x0000000089e00000, 0x0000000089f00000|  0%| F|  |TAMS 0x0000000089e00000| PB 0x0000000089e00000| Untracked 
|  81|0x0000000089f00000, 0x0000000089f00000, 0x000000008a000000|  0%| F|  |TAMS 0x0000000089f00000| PB 0x0000000089f00000| Untracked 
|  82|0x000000008a000000, 0x000000008a000000, 0x000000008a100000|  0%| F|  |TAMS 0x000000008a000000| PB 0x000000008a000000| Untracked 
|  83|0x000000008a100000, 0x000000008a100000, 0x000000008a200000|  0%| F|  |TAMS 0x000000008a100000| PB 0x000000008a100000| Untracked 
|  84|0x000000008a200000, 0x000000008a200000, 0x000000008a300000|  0%| F|  |TAMS 0x000000008a200000| PB 0x000000008a200000| Untracked 
|  85|0x000000008a300000, 0x000000008a300000, 0x000000008a400000|  0%| F|  |TAMS 0x000000008a300000| PB 0x000000008a300000| Untracked 
|  86|0x000000008a400000, 0x000000008a400000, 0x000000008a500000|  0%| F|  |TAMS 0x000000008a400000| PB 0x000000008a400000| Untracked 
|  87|0x000000008a500000, 0x000000008a500000, 0x000000008a600000|  0%| F|  |TAMS 0x000000008a500000| PB 0x000000008a500000| Untracked 
|  88|0x000000008a600000, 0x000000008a600000, 0x000000008a700000|  0%| F|  |TAMS 0x000000008a600000| PB 0x000000008a600000| Untracked 
| 102|0x000000008b400000, 0x000000008b400000, 0x000000008b500000|  0%| F|  |TAMS 0x000000008b400000| PB 0x000000008b400000| Untracked 
| 103|0x000000008b500000, 0x000000008b500000, 0x000000008b600000|  0%| F|  |TAMS 0x000000008b500000| PB 0x000000008b500000| Untracked 
| 123|0x000000008c900000, 0x000000008c900000, 0x000000008ca00000|  0%| F|  |TAMS 0x000000008c900000| PB 0x000000008c900000| Untracked 

Card table byte_map: [0x000001b776ee0000,0x000001b7772c0000] _byte_map_base: 0x000001b776ab9000

Marking Bits: (CMBitMap*) 0x000001b763a09fa0
 Bits: [0x000001b7772c0000, 0x000001b779188000)

Polling page: 0x000001b761790000

Metaspace:

Usage:
  Non-class:     61.55 MB used.
      Class:      7.43 MB used.
       Both:     68.98 MB used.

Virtual space:
  Non-class space:       64.00 MB reserved,      61.75 MB ( 96%) committed,  1 nodes.
      Class space:        1.00 GB reserved,       7.56 MB ( <1%) committed,  1 nodes.
             Both:        1.06 GB reserved,      69.31 MB (  6%) committed. 

Chunk freelists:
   Non-Class:  1.67 MB
       Class:  8.44 MB
        Both:  10.11 MB

MaxMetaspaceSize: unlimited
CompressedClassSpaceSize: 1.00 GB
Initial GC threshold: 21.00 MB
Current GC threshold: 97.81 MB
CDS: off
 - commit_granule_bytes: 65536.
 - commit_granule_words: 8192.
 - virtual_space_node_default_size: 8388608.
 - enlarge_chunks_in_place: 1.
 - use_allocation_guard: 0.


Internal statistics:

num_allocs_failed_limit: 6.
num_arena_births: 326.
num_arena_deaths: 0.
num_vsnodes_births: 2.
num_vsnodes_deaths: 0.
num_space_committed: 1107.
num_space_uncommitted: 0.
num_chunks_returned_to_freelist: 6.
num_chunks_taken_from_freelist: 2474.
num_chunk_merges: 6.
num_chunk_splits: 2063.
num_chunks_enlarged: 1883.
num_inconsistent_stats: 0.

CodeHeap 'non-profiled nmethods': size=119168Kb used=4228Kb max_used=4228Kb free=114939Kb
 bounds [0x000001b76e6a0000, 0x000001b76ead0000, 0x000001b775b00000]
CodeHeap 'profiled nmethods': size=119104Kb used=32912Kb max_used=32912Kb free=86191Kb
 bounds [0x000001b766b00000, 0x000001b768b30000, 0x000001b76df50000]
CodeHeap 'non-nmethods': size=7488Kb used=1793Kb max_used=1830Kb free=5695Kb
 bounds [0x000001b76df50000, 0x000001b76e1c0000, 0x000001b76e6a0000]
CodeCache: size=245760Kb, used=38933Kb, max_used=38970Kb, free=206825Kb
 total_blobs=10067, nmethods=9262, adapters=705, full_count=0
Compilation: enabled, stopped_count=0, restarted_count=0

Compilation events (20 events):
Event: 15.560 Thread 0x000001b77cc3c5e0 nmethod 9844 0x000001b768b23490 code [0x000001b768b23680, 0x000001b768b23cb0]
Event: 15.560 Thread 0x000001b77cc3c5e0 9845       3       java.lang.invoke.DelegatingMethodHandle::rebind (8 bytes)
Event: 15.560 Thread 0x000001b77cc3c5e0 nmethod 9845 0x000001b768b23e90 code [0x000001b768b24040, 0x000001b768b24228]
Event: 15.560 Thread 0x000001b77cc3c5e0 9846       3       java.lang.invoke.SimpleMethodHandle::speciesData (4 bytes)
Event: 15.560 Thread 0x000001b77cc3c5e0 nmethod 9846 0x000001b768b24310 code [0x000001b768b244a0, 0x000001b768b245b8]
Event: 15.560 Thread 0x000001b77cc3c5e0 9847       3       java.lang.invoke.SimpleMethodHandle::copyWithExtendL (7 bytes)
Event: 15.560 Thread 0x000001b77cc3c5e0 nmethod 9847 0x000001b768b24690 code [0x000001b768b24840, 0x000001b768b249d8]
Event: 15.560 Thread 0x000001b77cc3c5e0 9848       3       java.lang.invoke.BoundMethodHandle::bindSingle (7 bytes)
Event: 15.560 Thread 0x000001b77cc3c5e0 nmethod 9848 0x000001b768b24a90 code [0x000001b768b24c40, 0x000001b768b24d58]
Event: 15.561 Thread 0x000001b77cc3c5e0 9849       1       org.jetbrains.kotlin.ir.builders.declarations.IrValueParameterBuilder::setKind (6 bytes)
Event: 15.562 Thread 0x000001b77cc3c5e0 nmethod 9849 0x000001b76eac0310 code [0x000001b76eac04a0, 0x000001b76eac05b0]
Event: 15.562 Thread 0x000001b77cc3c5e0 9850       1       org.jetbrains.kotlin.ir.builders.declarations.IrValueParameterBuilder::getKind (5 bytes)
Event: 15.562 Thread 0x000001b77cc3c5e0 nmethod 9850 0x000001b76eac0610 code [0x000001b76eac07a0, 0x000001b76eac0868]
Event: 15.562 Thread 0x000001b77cc3c5e0 9851       1       org.jetbrains.kotlin.ir.builders.declarations.IrValueParameterBuilder::isAssignable (5 bytes)
Event: 15.562 Thread 0x000001b77cc3c5e0 nmethod 9851 0x000001b76eac0910 code [0x000001b76eac0aa0, 0x000001b76eac0b70]
Event: 15.562 Thread 0x000001b77cc3c5e0 9852       1       org.jetbrains.kotlin.ir.builders.declarations.IrValueParameterBuilder::getVarargElementType (5 bytes)
Event: 15.562 Thread 0x000001b77cc3c5e0 nmethod 9852 0x000001b76eac0c10 code [0x000001b76eac0da0, 0x000001b76eac0e68]
Event: 15.562 Thread 0x000001b77cc3c5e0 9853       1       org.jetbrains.kotlin.ir.builders.declarations.IrValueParameterBuilder::isCrossInline (5 bytes)
Event: 15.562 Thread 0x000001b77cc3c5e0 nmethod 9853 0x000001b76eac0f10 code [0x000001b76eac10a0, 0x000001b76eac1170]
Event: 15.562 Thread 0x000001b77cc3c5e0 9854       1       org.jetbrains.kotlin.ir.builders.declarations.IrValueParameterBuilder::isNoinline (5 bytes)

GC Heap History (20 events):
Event: 6.808 GC heap after
{Heap after GC invocations=13 (full 0):
 garbage-first heap   total 41984K, used 21798K [0x0000000084e00000, 0x0000000100000000)
  region size 1024K, 1 young (1024K), 1 survivors (1024K)
 Metaspace       used 46782K, committed 47040K, reserved 1114112K
  class space    used 5444K, committed 5568K, reserved 1048576K
}
Event: 6.869 GC heap before
{Heap before GC invocations=14 (full 0):
 garbage-first heap   total 41984K, used 35110K [0x0000000084e00000, 0x0000000100000000)
  region size 1024K, 13 young (13312K), 1 survivors (1024K)
 Metaspace       used 46810K, committed 47040K, reserved 1114112K
  class space    used 5444K, committed 5568K, reserved 1048576K
}
Event: 6.878 GC heap after
{Heap after GC invocations=15 (full 0):
 garbage-first heap   total 41984K, used 27389K [0x0000000084e00000, 0x0000000100000000)
  region size 1024K, 2 young (2048K), 2 survivors (2048K)
 Metaspace       used 46810K, committed 47040K, reserved 1114112K
  class space    used 5444K, committed 5568K, reserved 1048576K
}
Event: 6.965 GC heap before
{Heap before GC invocations=15 (full 0):
 garbage-first heap   total 41984K, used 33533K [0x0000000084e00000, 0x0000000100000000)
  region size 1024K, 9 young (9216K), 2 survivors (2048K)
 Metaspace       used 46925K, committed 47168K, reserved 1114112K
  class space    used 5458K, committed 5568K, reserved 1048576K
}
Event: 6.975 GC heap after
{Heap after GC invocations=16 (full 0):
 garbage-first heap   total 64512K, used 30151K [0x0000000084e00000, 0x0000000100000000)
  region size 1024K, 2 young (2048K), 2 survivors (2048K)
 Metaspace       used 46925K, committed 47168K, reserved 1114112K
  class space    used 5458K, committed 5568K, reserved 1048576K
}
Event: 7.500 GC heap before
{Heap before GC invocations=16 (full 0):
 garbage-first heap   total 64512K, used 49607K [0x0000000084e00000, 0x0000000100000000)
  region size 1024K, 21 young (21504K), 2 survivors (2048K)
 Metaspace       used 49591K, committed 49856K, reserved 1114112K
  class space    used 5743K, committed 5824K, reserved 1048576K
}
Event: 7.510 GC heap after
{Heap after GC invocations=17 (full 0):
 garbage-first heap   total 64512K, used 34368K [0x0000000084e00000, 0x0000000100000000)
  region size 1024K, 3 young (3072K), 3 survivors (3072K)
 Metaspace       used 49591K, committed 49856K, reserved 1114112K
  class space    used 5743K, committed 5824K, reserved 1048576K
}
Event: 8.267 GC heap before
{Heap before GC invocations=17 (full 0):
 garbage-first heap   total 64512K, used 50752K [0x0000000084e00000, 0x0000000100000000)
  region size 1024K, 20 young (20480K), 3 survivors (3072K)
 Metaspace       used 52429K, committed 52736K, reserved 1114112K
  class space    used 6092K, committed 6208K, reserved 1048576K
}
Event: 8.278 GC heap after
{Heap after GC invocations=18 (full 0):
 garbage-first heap   total 64512K, used 37055K [0x0000000084e00000, 0x0000000100000000)
  region size 1024K, 3 young (3072K), 3 survivors (3072K)
 Metaspace       used 52429K, committed 52736K, reserved 1114112K
  class space    used 6092K, committed 6208K, reserved 1048576K
}
Event: 8.691 GC heap before
{Heap before GC invocations=19 (full 0):
 garbage-first heap   total 64512K, used 53439K [0x0000000084e00000, 0x0000000100000000)
  region size 1024K, 19 young (19456K), 3 survivors (3072K)
 Metaspace       used 53486K, committed 53696K, reserved 1114112K
  class space    used 6190K, committed 6272K, reserved 1048576K
}
Event: 8.703 GC heap after
{Heap after GC invocations=20 (full 0):
 garbage-first heap   total 64512K, used 41192K [0x0000000084e00000, 0x0000000100000000)
  region size 1024K, 3 young (3072K), 3 survivors (3072K)
 Metaspace       used 53486K, committed 53696K, reserved 1114112K
  class space    used 6190K, committed 6272K, reserved 1048576K
}
Event: 9.398 GC heap before
{Heap before GC invocations=20 (full 0):
 garbage-first heap   total 64512K, used 54504K [0x0000000084e00000, 0x0000000100000000)
  region size 1024K, 16 young (16384K), 3 survivors (3072K)
 Metaspace       used 54495K, committed 54848K, reserved 1114112K
  class space    used 6254K, committed 6400K, reserved 1048576K
}
Event: 9.413 GC heap after
{Heap after GC invocations=21 (full 0):
 garbage-first heap   total 94208K, used 42951K [0x0000000084e00000, 0x0000000100000000)
  region size 1024K, 2 young (2048K), 2 survivors (2048K)
 Metaspace       used 54495K, committed 54848K, reserved 1114112K
  class space    used 6254K, committed 6400K, reserved 1048576K
}
Event: 11.020 GC heap before
{Heap before GC invocations=21 (full 0):
 garbage-first heap   total 94208K, used 73671K [0x0000000084e00000, 0x0000000100000000)
  region size 1024K, 32 young (32768K), 2 survivors (2048K)
 Metaspace       used 55971K, committed 56192K, reserved 1114112K
  class space    used 6318K, committed 6400K, reserved 1048576K
}
Event: 11.038 GC heap after
{Heap after GC invocations=22 (full 0):
 garbage-first heap   total 94208K, used 47752K [0x0000000084e00000, 0x0000000100000000)
  region size 1024K, 4 young (4096K), 4 survivors (4096K)
 Metaspace       used 55971K, committed 56192K, reserved 1114112K
  class space    used 6318K, committed 6400K, reserved 1048576K
}
Event: 12.677 GC heap before
{Heap before GC invocations=22 (full 0):
 garbage-first heap   total 94208K, used 75400K [0x0000000084e00000, 0x0000000100000000)
  region size 1024K, 31 young (31744K), 4 survivors (4096K)
 Metaspace       used 59795K, committed 60096K, reserved 1114112K
  class space    used 6668K, committed 6784K, reserved 1048576K
}
Event: 12.692 GC heap after
{Heap after GC invocations=23 (full 0):
 garbage-first heap   total 94208K, used 51506K [0x0000000084e00000, 0x0000000100000000)
  region size 1024K, 4 young (4096K), 4 survivors (4096K)
 Metaspace       used 59795K, committed 60096K, reserved 1114112K
  class space    used 6668K, committed 6784K, reserved 1048576K
}
Event: 14.303 GC heap before
{Heap before GC invocations=24 (full 0):
 garbage-first heap   total 94208K, used 77106K [0x0000000084e00000, 0x0000000100000000)
  region size 1024K, 30 young (30720K), 4 survivors (4096K)
 Metaspace       used 64994K, committed 65344K, reserved 1114112K
  class space    used 7119K, committed 7296K, reserved 1048576K
}
Event: 14.328 GC heap after
{Heap after GC invocations=25 (full 0):
 garbage-first heap   total 94208K, used 52471K [0x0000000084e00000, 0x0000000100000000)
  region size 1024K, 2 young (2048K), 2 survivors (2048K)
 Metaspace       used 64994K, committed 65344K, reserved 1114112K
  class space    used 7119K, committed 7296K, reserved 1048576K
}
Event: 15.562 GC heap before
{Heap before GC invocations=25 (full 0):
 garbage-first heap   total 94208K, used 80119K [0x0000000084e00000, 0x0000000100000000)
  region size 1024K, 29 young (29696K), 2 survivors (2048K)
 Metaspace       used 70630K, committed 70976K, reserved 1114112K
  class space    used 7607K, committed 7744K, reserved 1048576K
}

Dll operation events (3 events):
Event: 0.033 Loaded shared library C:\Program Files\Android\Android Studio\jbr\bin\java.dll
Event: 0.050 Loaded shared library C:\Program Files\Android\Android Studio\jbr\bin\zip.dll
Event: 2.493 Loaded shared library C:\Program Files\Android\Android Studio\jbr\bin\verify.dll

Deoptimization events (20 events):
Event: 15.374 Thread 0x000001b7613ebfa0 DEOPT PACKING pc=0x000001b76e762a8c sp=0x0000000ee00f9e20
Event: 15.374 Thread 0x000001b7613ebfa0 DEOPT UNPACKING pc=0x000001b76dfa46a2 sp=0x0000000ee00f9d90 mode 2
Event: 15.375 Thread 0x000001b7613ebfa0 Uncommon trap: trap_request=0xffffffde fr.pc=0x000001b76e762a8c relative=0x0000000000000f0c
Event: 15.375 Thread 0x000001b7613ebfa0 Uncommon trap: reason=class_check action=maybe_recompile pc=0x000001b76e762a8c method=java.util.concurrent.ConcurrentHashMap.putVal(Ljava/lang/Object;Ljava/lang/Object;Z)Ljava/lang/Object; @ 242 c2
Event: 15.375 Thread 0x000001b7613ebfa0 DEOPT PACKING pc=0x000001b76e762a8c sp=0x0000000ee00fb230
Event: 15.375 Thread 0x000001b7613ebfa0 DEOPT UNPACKING pc=0x000001b76dfa46a2 sp=0x0000000ee00fb1a0 mode 2
Event: 15.375 Thread 0x000001b7613ebfa0 Uncommon trap: trap_request=0xffffffde fr.pc=0x000001b76e762a8c relative=0x0000000000000f0c
Event: 15.375 Thread 0x000001b7613ebfa0 Uncommon trap: reason=class_check action=maybe_recompile pc=0x000001b76e762a8c method=java.util.concurrent.ConcurrentHashMap.putVal(Ljava/lang/Object;Ljava/lang/Object;Z)Ljava/lang/Object; @ 242 c2
Event: 15.375 Thread 0x000001b7613ebfa0 DEOPT PACKING pc=0x000001b76e762a8c sp=0x0000000ee00fb160
Event: 15.375 Thread 0x000001b7613ebfa0 DEOPT UNPACKING pc=0x000001b76dfa46a2 sp=0x0000000ee00fb0d0 mode 2
Event: 15.432 Thread 0x000001b7613ebfa0 Uncommon trap: trap_request=0xffffff45 fr.pc=0x000001b76eaae614 relative=0x0000000000000074
Event: 15.432 Thread 0x000001b7613ebfa0 Uncommon trap: reason=unstable_if action=reinterpret pc=0x000001b76eaae614 method=kotlin.collections.ArrayDeque.positiveMod(I)I @ 6 c2
Event: 15.432 Thread 0x000001b7613ebfa0 DEOPT PACKING pc=0x000001b76eaae614 sp=0x0000000ee00fa140
Event: 15.432 Thread 0x000001b7613ebfa0 DEOPT UNPACKING pc=0x000001b76dfa46a2 sp=0x0000000ee00fa0d8 mode 2
Event: 15.442 Thread 0x000001b7613ebfa0 DEOPT PACKING pc=0x000001b768aa8421 sp=0x0000000ee00fa180
Event: 15.442 Thread 0x000001b7613ebfa0 DEOPT UNPACKING pc=0x000001b76dfa4e42 sp=0x0000000ee00f9680 mode 0
Event: 15.481 Thread 0x000001b7613ebfa0 Uncommon trap: trap_request=0xffffff45 fr.pc=0x000001b76e9153c8 relative=0x00000000000003c8
Event: 15.481 Thread 0x000001b7613ebfa0 Uncommon trap: reason=unstable_if action=reinterpret pc=0x000001b76e9153c8 method=java.math.BigInteger.compareMagnitude(Ljava/math/BigInteger;)I @ 61 c2
Event: 15.481 Thread 0x000001b7613ebfa0 DEOPT PACKING pc=0x000001b76e9153c8 sp=0x0000000ee00fe300
Event: 15.481 Thread 0x000001b7613ebfa0 DEOPT UNPACKING pc=0x000001b76dfa46a2 sp=0x0000000ee00fe110 mode 2

Classes loaded (20 events):
Event: 13.449 Loading class java/util/ServiceLoader$3
Event: 13.449 Loading class java/util/ServiceLoader$3 done
Event: 13.450 Loading class java/util/Collections$EmptyEnumeration
Event: 13.450 Loading class java/util/Collections$EmptyEnumeration done
Event: 13.450 Loading class jdk/internal/loader/BuiltinClassLoader$1
Event: 13.450 Loading class jdk/internal/loader/BuiltinClassLoader$1 done
Event: 13.450 Loading class java/lang/CompoundEnumeration
Event: 13.450 Loading class java/lang/CompoundEnumeration done
Event: 13.451 Loading class jdk/internal/loader/URLClassPath$1
Event: 13.451 Loading class jdk/internal/loader/URLClassPath$1 done
Event: 13.469 Loading class java/util/ServiceLoader$1
Event: 13.469 Loading class java/util/ServiceLoader$1 done
Event: 13.470 Loading class java/util/ServiceLoader$ProviderImpl
Event: 13.470 Loading class java/util/ServiceLoader$Provider
Event: 13.470 Loading class java/util/ServiceLoader$Provider done
Event: 13.470 Loading class java/util/ServiceLoader$ProviderImpl done
Event: 15.217 Loading class java/lang/Short$ShortCache
Event: 15.218 Loading class java/lang/Short$ShortCache done
Event: 15.526 Loading class java/util/Collections$SynchronizedMap
Event: 15.526 Loading class java/util/Collections$SynchronizedMap done

Classes unloaded (0 events):
No events

Classes redefined (0 events):
No events

Internal exceptions (20 events):
Event: 8.769 Thread 0x000001b7613ebfa0 Exception <a 'java/lang/NoSuchMethodError'{0x000000008883c800}: 'java.lang.Object java.lang.invoke.DirectMethodHandle$Holder.invokeStatic(java.lang.Object, java.lang.Object, java.lang.Object, int, java.lang.Object, java.lang.Object)'> (0x000000008883c800) 
thrown [s\src\hotspot\share\interpreter\linkResolver.cpp, line 784]
Event: 8.846 Thread 0x000001b7613ebfa0 Exception <a 'java/lang/NoSuchMethodError'{0x000000008875cd18}: 'java.lang.Object java.lang.invoke.DirectMethodHandle$Holder.newInvokeSpecial(java.lang.Object, int, java.lang.Object, java.lang.Object, java.lang.Object)'> (0x000000008875cd18) 
thrown [s\src\hotspot\share\interpreter\linkResolver.cpp, line 784]
Event: 8.847 Thread 0x000001b7613ebfa0 Exception <a 'java/lang/NoSuchMethodError'{0x0000000088761578}: 'java.lang.Object java.lang.invoke.DirectMethodHandle$Holder.invokeSpecial(java.lang.Object, java.lang.Object, int, java.lang.Object, java.lang.Object, java.lang.Object)'> (0x0000000088761578) 
thrown [s\src\hotspot\share\interpreter\linkResolver.cpp, line 784]
Event: 8.847 Thread 0x000001b7613ebfa0 Exception <a 'java/lang/NoSuchMethodError'{0x0000000088765320}: 'java.lang.Object java.lang.invoke.Invokers$Holder.linkToTargetMethod(int, java.lang.Object, java.lang.Object, java.lang.Object, java.lang.Object)'> (0x0000000088765320) 
thrown [s\src\hotspot\share\interpreter\linkResolver.cpp, line 784]
Event: 9.238 Thread 0x000001b7613ebfa0 Exception <a 'java/lang/NoSuchMethodError'{0x000000008827a568}: 'java.lang.Object java.lang.invoke.DirectMethodHandle$Holder.invokeStatic(java.lang.Object, int, java.lang.Object, java.lang.Object)'> (0x000000008827a568) 
thrown [s\src\hotspot\share\interpreter\linkResolver.cpp, line 784]
Event: 12.047 Thread 0x000001b7613ebfa0 Exception <a 'java/lang/NoSuchMethodError'{0x00000000895028d8}: 'java.lang.Object java.lang.invoke.DirectMethodHandle$Holder.invokeStaticInit(java.lang.Object, int, int, java.lang.Object)'> (0x00000000895028d8) 
thrown [s\src\hotspot\share\interpreter\linkResolver.cpp, line 784]
Event: 12.083 Thread 0x000001b7613ebfa0 Implicit null exception at 0x000001b76e6c09da to 0x000001b76e6c0ad8
Event: 12.092 Thread 0x000001b7613ebfa0 Implicit null exception at 0x000001b76e8a0b63 to 0x000001b76e8a0d40
Event: 12.153 Thread 0x000001b7613ebfa0 Exception <a 'java/lang/NoSuchMethodError'{0x000000008943c740}: 'java.lang.Object java.lang.invoke.DirectMethodHandle$Holder.invokeStatic(java.lang.Object, java.lang.Object, java.lang.Object, java.lang.Object, java.lang.Object, int)'> (0x000000008943c740) 
thrown [s\src\hotspot\share\interpreter\linkResolver.cpp, line 784]
Event: 13.027 Thread 0x000001b7613ebfa0 Exception <a 'java/lang/NoSuchMethodError'{0x000000008a5b1e78}: 'java.lang.Object java.lang.invoke.DirectMethodHandle$Holder.newInvokeSpecial(java.lang.Object, java.lang.Object, int, java.lang.Object, java.lang.Object, java.lang.Object)'> (0x000000008a5b1e78) 
thrown [s\src\hotspot\share\interpreter\linkResolver.cpp, line 784]
Event: 13.027 Thread 0x000001b7613ebfa0 Exception <a 'java/lang/NoSuchMethodError'{0x000000008a5b5ff8}: 'java.lang.Object java.lang.invoke.DirectMethodHandle$Holder.invokeSpecial(java.lang.Object, java.lang.Object, java.lang.Object, int, java.lang.Object, java.lang.Object, java.lang.Object)'> (0x000000008a5b5ff8) 
thrown [s\src\hotspot\share\interpreter\linkResolver.cpp, line 784]
Event: 13.027 Thread 0x000001b7613ebfa0 Exception <a 'java/lang/NoSuchMethodError'{0x000000008a5b9670}: 'java.lang.Object java.lang.invoke.Invokers$Holder.linkToTargetMethod(java.lang.Object, int, java.lang.Object, java.lang.Object, java.lang.Object, java.lang.Object)'> (0x000000008a5b9670) 
thrown [s\src\hotspot\share\interpreter\linkResolver.cpp, line 784]
Event: 13.789 Thread 0x000001b7613ebfa0 Implicit null exception at 0x000001b76e6f35c4 to 0x000001b76e6f3d14
Event: 13.793 Thread 0x000001b7613ebfa0 Implicit null exception at 0x000001b76e6e9840 to 0x000001b76e6e9f84
Event: 14.368 Thread 0x000001b7613ebfa0 Exception <a 'java/lang/NoSuchMethodError'{0x000000008c961048}: 'java.lang.Object java.lang.invoke.DirectMethodHandle$Holder.newInvokeSpecial(java.lang.Object, java.lang.Object, java.lang.Object, java.lang.Object, java.lang.Object, java.lang.Object, java.lang.Object, java.lang.Object, int)'> (0x000000008c961048) 
thrown [s\src\hotspot\share\interpreter\linkResolver.cpp, line 784]
Event: 14.368 Thread 0x000001b7613ebfa0 Exception <a 'java/lang/NoSuchMethodError'{0x000000008c965df0}: 'java.lang.Object java.lang.invoke.DirectMethodHandle$Holder.invokeSpecial(java.lang.Object, java.lang.Object, java.lang.Object, java.lang.Object, java.lang.Object, java.lang.Object, java.lang.Object, java.lang.Object, java.lang.Object, int)'> (0x000000008c965df0) 
thrown [s\src\hotspot\share\interpreter\linkResolver.cpp, line 784]
Event: 14.490 Thread 0x000001b7613ebfa0 Exception <a 'java/lang/NoSuchMethodError'{0x000000008b447720}: 'java.lang.Object java.lang.invoke.DirectMethodHandle$Holder.newInvokeSpecial(java.lang.Object, java.lang.Object, java.lang.Object, java.lang.Object, java.lang.Object, java.lang.Object, java.lang.Object, int)'> (0x000000008b447720) 
thrown [s\src\hotspot\share\interpreter\linkResolver.cpp, line 784]
Event: 14.491 Thread 0x000001b7613ebfa0 Exception <a 'java/lang/NoSuchMethodError'{0x000000008b44c080}: 'java.lang.Object java.lang.invoke.DirectMethodHandle$Holder.invokeSpecial(java.lang.Object, java.lang.Object, java.lang.Object, java.lang.Object, java.lang.Object, java.lang.Object, java.lang.Object, java.lang.Object, int)'> (0x000000008b44c080) 
thrown [s\src\hotspot\share\interpreter\linkResolver.cpp, line 784]
Event: 14.491 Thread 0x000001b7613ebfa0 Exception <a 'java/lang/NoSuchMethodError'{0x000000008b450258}: 'java.lang.Object java.lang.invoke.Invokers$Holder.linkToTargetMethod(java.lang.Object, java.lang.Object, java.lang.Object, java.lang.Object, java.lang.Object, java.lang.Object, int, java.lang.Object)'> (0x000000008b450258) 
thrown [s\src\hotspot\share\interpreter\linkResolver.cpp, line 784]
Event: 14.699 Thread 0x000001b7613ebfa0 Exception <a 'java/lang/NoSuchMethodError'{0x000000008a50d6b0}: 'java.lang.Object java.lang.invoke.DirectMethodHandle$Holder.invokeStatic(java.lang.Object, java.lang.Object, java.lang.Object, int, int)'> (0x000000008a50d6b0) 
thrown [s\src\hotspot\share\interpreter\linkResolver.cpp, line 784]

ZGC Phase Switch (0 events):
No events

VM Operations (20 events):
Event: 14.698 Executing VM operation: HandshakeAllThreads (Deoptimize) done
Event: 14.704 Executing VM operation: HandshakeAllThreads (Deoptimize)
Event: 14.705 Executing VM operation: HandshakeAllThreads (Deoptimize) done
Event: 14.765 Executing VM operation: ICBufferFull
Event: 14.765 Executing VM operation: ICBufferFull done
Event: 14.829 Executing VM operation: HandshakeAllThreads (Deoptimize)
Event: 14.829 Executing VM operation: HandshakeAllThreads (Deoptimize) done
Event: 15.133 Executing VM operation: ICBufferFull
Event: 15.133 Executing VM operation: ICBufferFull done
Event: 15.272 Executing VM operation: HandshakeAllThreads (Deoptimize)
Event: 15.272 Executing VM operation: HandshakeAllThreads (Deoptimize) done
Event: 15.282 Executing VM operation: HandshakeAllThreads (Deoptimize)
Event: 15.282 Executing VM operation: HandshakeAllThreads (Deoptimize) done
Event: 15.379 Executing VM operation: ICBufferFull
Event: 15.379 Executing VM operation: ICBufferFull done
Event: 15.484 Executing VM operation: HandshakeAllThreads (Deoptimize)
Event: 15.484 Executing VM operation: HandshakeAllThreads (Deoptimize) done
Event: 15.530 Executing VM operation: HandshakeAllThreads (Deoptimize)
Event: 15.530 Executing VM operation: HandshakeAllThreads (Deoptimize) done
Event: 15.562 Executing VM operation: G1CollectForAllocation (G1 Evacuation Pause)

Memory protections (0 events):
No events

Nmethod flushes (20 events):
Event: 12.726 Thread 0x000001b77cb8d250 flushing  nmethod 0x000001b766f32010
Event: 12.726 Thread 0x000001b77cb8d250 flushing  nmethod 0x000001b766f36710
Event: 12.726 Thread 0x000001b77cb8d250 flushing  nmethod 0x000001b766f4dc90
Event: 12.726 Thread 0x000001b77cb8d250 flushing  nmethod 0x000001b766f6d310
Event: 12.726 Thread 0x000001b77cb8d250 flushing  nmethod 0x000001b766f7ff10
Event: 12.726 Thread 0x000001b77cb8d250 flushing  nmethod 0x000001b766fdfb10
Event: 12.726 Thread 0x000001b77cb8d250 flushing  nmethod 0x000001b76702e010
Event: 12.726 Thread 0x000001b77cb8d250 flushing  nmethod 0x000001b76702e390
Event: 12.726 Thread 0x000001b77cb8d250 flushing  nmethod 0x000001b767038490
Event: 12.726 Thread 0x000001b77cb8d250 flushing  nmethod 0x000001b76703ee10
Event: 12.726 Thread 0x000001b77cb8d250 flushing  nmethod 0x000001b76704d690
Event: 12.726 Thread 0x000001b77cb8d250 flushing  nmethod 0x000001b767059190
Event: 12.726 Thread 0x000001b77cb8d250 flushing  nmethod 0x000001b767068910
Event: 12.726 Thread 0x000001b77cb8d250 flushing  nmethod 0x000001b767077f90
Event: 12.726 Thread 0x000001b77cb8d250 flushing  nmethod 0x000001b7670e5190
Event: 12.726 Thread 0x000001b77cb8d250 flushing  nmethod 0x000001b767127c10
Event: 12.726 Thread 0x000001b77cb8d250 flushing  nmethod 0x000001b76712c510
Event: 12.726 Thread 0x000001b77cb8d250 flushing  nmethod 0x000001b767297210
Event: 12.726 Thread 0x000001b77cb8d250 flushing  nmethod 0x000001b7672b1210
Event: 12.726 Thread 0x000001b77cb8d250 flushing  nmethod 0x000001b7672c6290

Events (15 events):
Event: 0.047 Thread 0x000001b7613ebfa0 Thread added: 0x000001b7613ebfa0
Event: 0.119 Thread 0x000001b7613ebfa0 Thread added: 0x000001b77cc22d90
Event: 0.126 Thread 0x000001b7613ebfa0 Thread added: 0x000001b77cc31710
Event: 0.126 Thread 0x000001b7613ebfa0 Thread added: 0x000001b77cc23b70
Event: 0.127 Thread 0x000001b7613ebfa0 Thread added: 0x000001b77cc24be0
Event: 0.127 Thread 0x000001b7613ebfa0 Thread added: 0x000001b77cc368d0
Event: 0.127 Thread 0x000001b7613ebfa0 Thread added: 0x000001b77cc37330
Event: 0.128 Thread 0x000001b7613ebfa0 Thread added: 0x000001b77cc39da0
Event: 0.128 Thread 0x000001b7613ebfa0 Thread added: 0x000001b77cc3ab30
Event: 0.128 Thread 0x000001b7613ebfa0 Thread added: 0x000001b77cc3c5e0
Event: 0.188 Thread 0x000001b7613ebfa0 Thread added: 0x000001b77cdf1b00
Event: 0.217 Loaded shared library C:\Program Files\Android\Android Studio\jbr\bin\net.dll
Event: 0.221 Loaded shared library C:\Program Files\Android\Android Studio\jbr\bin\nio.dll
Event: 0.372 Loaded shared library C:\Program Files\Android\Android Studio\jbr\bin\zip.dll
Event: 0.474 Loaded shared library C:\Program Files\Android\Android Studio\jbr\bin\jimage.dll


Dynamic libraries:
0x00007ff65d950000 - 0x00007ff65d95a000 	C:\Program Files\Android\Android Studio\jbr\bin\java.exe
0x00007ff8729e0000 - 0x00007ff872c47000 	C:\WINDOWS\SYSTEM32\ntdll.dll
0x00007ff871930000 - 0x00007ff8719f9000 	C:\WINDOWS\System32\KERNEL32.DLL
0x00007ff86fe40000 - 0x00007ff87022f000 	C:\WINDOWS\System32\KERNELBASE.dll
0x00007ff86fb30000 - 0x00007ff86fc7b000 	C:\WINDOWS\System32\ucrtbase.dll
0x00007ff82e860000 - 0x00007ff82e87b000 	C:\Program Files\Android\Android Studio\jbr\bin\VCRUNTIME140.dll
0x00007ff8391c0000 - 0x00007ff8391d8000 	C:\Program Files\Android\Android Studio\jbr\bin\jli.dll
0x00007ff870f90000 - 0x00007ff871155000 	C:\WINDOWS\System32\USER32.dll
0x00007ff85b0c0000 - 0x00007ff85b353000 	C:\WINDOWS\WinSxS\amd64_microsoft.windows.common-controls_6595b64144ccf1df_6.0.26100.7309_none_3e05feeae336a044\COMCTL32.dll
0x00007ff870240000 - 0x00007ff870267000 	C:\WINDOWS\System32\win32u.dll
0x00007ff871520000 - 0x00007ff87154b000 	C:\WINDOWS\System32\GDI32.dll
0x00007ff871ea0000 - 0x00007ff871f49000 	C:\WINDOWS\System32\msvcrt.dll
0x00007ff86fc80000 - 0x00007ff86fdac000 	C:\WINDOWS\System32\gdi32full.dll
0x00007ff870270000 - 0x00007ff870313000 	C:\WINDOWS\System32\msvcp_win.dll
0x00007ff8718f0000 - 0x00007ff871921000 	C:\WINDOWS\System32\IMM32.DLL
0x00007ff83d090000 - 0x00007ff83d09c000 	C:\Program Files\Android\Android Studio\jbr\bin\vcruntime140_1.dll
0x00007ff829ea0000 - 0x00007ff829f2d000 	C:\Program Files\Android\Android Studio\jbr\bin\msvcp140.dll
0x00007fffde600000 - 0x00007fffdf296000 	C:\Program Files\Android\Android Studio\jbr\bin\server\jvm.dll
0x00007ff872820000 - 0x00007ff8728d4000 	C:\WINDOWS\System32\ADVAPI32.dll
0x00007ff8715d0000 - 0x00007ff871676000 	C:\WINDOWS\System32\sechost.dll
0x00007ff872700000 - 0x00007ff872818000 	C:\WINDOWS\System32\RPCRT4.dll
0x00007ff871550000 - 0x00007ff8715c4000 	C:\WINDOWS\System32\WS2_32.dll
0x00007ff86f990000 - 0x00007ff86f9ee000 	C:\WINDOWS\SYSTEM32\POWRPROF.dll
0x00007ff8679f0000 - 0x00007ff8679fb000 	C:\WINDOWS\SYSTEM32\VERSION.dll
0x00007ff867d80000 - 0x00007ff867db5000 	C:\WINDOWS\SYSTEM32\WINMM.dll
0x00007ff86f970000 - 0x00007ff86f984000 	C:\WINDOWS\SYSTEM32\UMPDC.dll
0x00007ff86e800000 - 0x00007ff86e81b000 	C:\WINDOWS\SYSTEM32\kernel.appcore.dll
0x00007ff83c800000 - 0x00007ff83c80a000 	C:\Program Files\Android\Android Studio\jbr\bin\jimage.dll
0x00007ff86d0f0000 - 0x00007ff86d332000 	C:\WINDOWS\SYSTEM32\DBGHELP.DLL
0x00007ff870ad0000 - 0x00007ff870e55000 	C:\WINDOWS\System32\combase.dll
0x00007ff871440000 - 0x00007ff871516000 	C:\WINDOWS\System32\OLEAUT32.dll
0x00007ff852410000 - 0x00007ff85244c000 	C:\WINDOWS\SYSTEM32\dbgcore.DLL
0x00007ff870320000 - 0x00007ff8703c5000 	C:\WINDOWS\System32\bcryptPrimitives.dll
0x00007ff815160000 - 0x00007ff815180000 	C:\Program Files\Android\Android Studio\jbr\bin\java.dll
0x00007ff814c50000 - 0x00007ff814c68000 	C:\Program Files\Android\Android Studio\jbr\bin\zip.dll
0x00007ff871f50000 - 0x00007ff8726a3000 	C:\WINDOWS\System32\SHELL32.dll
0x00007ff870490000 - 0x00007ff8705fa000 	C:\WINDOWS\System32\wintypes.dll
0x00007ff86d6e0000 - 0x00007ff86df3e000 	C:\WINDOWS\SYSTEM32\windows.storage.dll
0x00007ff871340000 - 0x00007ff871435000 	C:\WINDOWS\System32\SHCORE.dll
0x00007ff870780000 - 0x00007ff8707e6000 	C:\WINDOWS\System32\shlwapi.dll
0x00007ff86fa50000 - 0x00007ff86fa79000 	C:\WINDOWS\SYSTEM32\profapi.dll
0x00007ff83b9f0000 - 0x00007ff83ba00000 	C:\Program Files\Android\Android Studio\jbr\bin\net.dll
0x00007ff8694d0000 - 0x00007ff8695f8000 	C:\WINDOWS\SYSTEM32\WINHTTP.dll
0x00007ff86edf0000 - 0x00007ff86ee5b000 	C:\WINDOWS\system32\mswsock.dll
0x00007ff8147c0000 - 0x00007ff8147d6000 	C:\Program Files\Android\Android Studio\jbr\bin\nio.dll
0x00007ff856b30000 - 0x00007ff856b40000 	C:\Program Files\Android\Android Studio\jbr\bin\verify.dll

JVMTI agents: none

dbghelp: loaded successfully - version: 4.0.5 - missing functions: none
symbol engine: initialized successfully - sym options: 0x614 - pdb path: .;C:\Program Files\Android\Android Studio\jbr\bin;C:\WINDOWS\SYSTEM32;C:\WINDOWS\WinSxS\amd64_microsoft.windows.common-controls_6595b64144ccf1df_6.0.26100.7309_none_3e05feeae336a044;C:\Program Files\Android\Android Studio\jbr\bin\server

VM Arguments:
java_command: org.jetbrains.kotlin.cli.jvm.K2JVMCompiler @D:\salat\salaat\build\audioplayers_android\20260101_61435134298402186.compiler.options
java_class_path (initial): C:\Users\Dell-3\.gradle\caches\modules-2\files-2.1\org.jetbrains.kotlin\kotlin-compiler-embeddable\2.1.20\4ef56b3316798316bfac7a0ae443391c9e900ea1\kotlin-compiler-embeddable-2.1.20.jar;C:\Users\Dell-3\.gradle\caches\modules-2\files-2.1\org.jetbrains.kotlin\kotlin-stdlib\2.1.20\aa8ca79cd50578314f6d1180c47cbe14c0fee567\kotlin-stdlib-2.1.20.jar;C:\Users\Dell-3\.gradle\caches\modules-2\files-2.1\org.jetbrains.kotlin\kotlin-script-runtime\2.1.20\f7c623d7f7bdb01f5ccd6b437bc0a937fcd7c57e\kotlin-script-runtime-2.1.20.jar;C:\Users\Dell-3\.gradle\caches\modules-2\files-2.1\org.jetbrains.kotlin\kotlin-reflect\1.6.10\1cbe9c92c12a94eea200d23c2bbaedaf3daf5132\kotlin-reflect-1.6.10.jar;C:\Users\Dell-3\.gradle\caches\modules-2\files-2.1\org.jetbrains.kotlin\kotlin-daemon-embeddable\2.1.20\95670fce77befd02a70a0bc3abe8ee4533521334\kotlin-daemon-embeddable-2.1.20.jar;C:\Users\Dell-3\.gradle\caches\modules-2\files-2.1\org.jetbrains.intellij.deps\trove4j\1.0.20200330\3afb14d5f9ceb459d724e907a21145e8ff394f02\trove4j-1.0.20200330.jar;C:\Users\Dell-3\.gradle\caches\modules-2\files-2.1\org.jetbrains.kotlinx\kotlinx-coroutines-core-jvm\1.8.0\ac1dc37a30a93150b704022f8d895ee1bd3a36b3\kotlinx-coroutines-core-jvm-1.8.0.jar;C:\Users\Dell-3\.gradle\caches\modules-2\files-2.1\org.jetbrains\annotations\13.0\919f0dfe192fb4e063e7dacadee7f8bb9a2672a9\annotations-13.0.jar
Launcher Type: SUN_STANDARD

[Global flags]
     intx CICompilerCount                          = 12                                        {product} {ergonomic}
     uint ConcGCThreads                            = 5                                         {product} {ergonomic}
     uint G1ConcRefinementThreads                  = 20                                        {product} {ergonomic}
   size_t G1HeapRegionSize                         = 1048576                                   {product} {ergonomic}
    uintx GCDrainStackTargetSize                   = 64                                        {product} {ergonomic}
   size_t InitialHeapSize                          = 130023424                                 {product} {ergonomic}
   size_t MarkStackSize                            = 4194304                                   {product} {ergonomic}
   size_t MaxHeapSize                              = 2065694720                                {product} {ergonomic}
   size_t MaxNewSize                               = 1239416832                                {product} {ergonomic}
   size_t MinHeapDeltaBytes                        = 1048576                                   {product} {ergonomic}
   size_t MinHeapSize                              = 8388608                                   {product} {ergonomic}
    uintx NonNMethodCodeHeapSize                   = 7602480                                {pd product} {ergonomic}
    uintx NonProfiledCodeHeapSize                  = 122027880                              {pd product} {ergonomic}
    uintx ProfiledCodeHeapSize                     = 122027880                              {pd product} {ergonomic}
    uintx ReservedCodeCacheSize                    = 251658240                              {pd product} {ergonomic}
     bool SegmentedCodeCache                       = true                                      {product} {ergonomic}
   size_t SoftMaxHeapSize                          = 2065694720                             {manageable} {ergonomic}
     bool UseCompressedOops                        = true                           {product lp64_product} {ergonomic}
     bool UseG1GC                                  = true                                      {product} {ergonomic}
     bool UseLargePagesIndividualAllocation        = false                                  {pd product} {ergonomic}

Logging:
Log output configuration:
 #0: stdout all=warning uptime,level,tags foldmultilines=false
 #1: stderr all=off uptime,level,tags foldmultilines=false

Environment Variables:
JAVA_HOME=C:\Program Files\Android\Android Studio\jbr
CLASSPATH=d:\salat\salaat\android\\gradle\wrapper\gradle-wrapper.jar
PATH=C:\Program Files\Android\Android Studio\jbr\bin;C:\Program Files\Common Files\Oracle\Java\javapath;C:\Python314\Scripts\;C:\Python314\;C:\WINDOWS\system32;C:\WINDOWS;C:\WINDOWS\System32\Wbem;C:\WINDOWS\System32\WindowsPowerShell\v1.0\;C:\WINDOWS\System32\OpenSSH\;C:\ProgramData\chocolatey\bin;C:\xampp\php;C:\ProgramData\ComposerSetup\bin;C:\Program Files\Git\cmd;C:\Program Files (x86)\HP\HP OCR\DB_Lib\;C:\Program Files\HP\Common\HPDestPlgIn\;C:\Program Files (x86)\HP\Common\HPDestPlgIn\;C:\Program Files\nodejs\;C:\Program Files\dotnet\;C:\ffmpeg\bin;C:\Program Files\Common Files\Oracle\Java\javapath;C:\Python314\Scripts\;C:\Python314\;C:\WINDOWS\system32;C:\WINDOWS;C:\WINDOWS\System32\Wbem;C:\WINDOWS\System32\WindowsPowerShell\v1.0\;C:\WINDOWS\System32\OpenSSH\;C:\ProgramData\chocolatey\bin;C:\Program Files\dotnet\;C:\xampp\php;C:\ProgramData\ComposerSetup\bin;C:\Program Files\nodejs\;C:\Program Files\Git\cmd;C:\Users\Dell-3\AppData\Local\Microsoft\WindowsApps;C:\Users\Dell-3\AppData\Local\Programs\Microsoft VS Code\bin;C:\Users\Dell-3\.dotnet\tools;C:\Users\Dell-3\AppData\Local\Pub\Cache\bin;C:\dart;C:\src\flutter\flutter\bin;C:\Users\Dell-3\AppData\Roaming\Composer\vendor\bin;C:\Program Files\Git\bin;C:\Users\Dell-3\AppData\Local\Android\Sdk\platform-tools;C:\Users\Dell-3\AppData\Local\Android\Sdk\platform-tools;C:\Program Files\HP\Common\HPDestPlgIn\;C:\Program Files (x86)\HP\Common\HPDestPlgIn\;C:\Users\Dell-3\AppData\Roaming\npm;C:\Users\Dell-3\.dotnet\tools;C:\src\flutter\flutter\bin\mingit\cmd
USERNAME=Dell-3
OS=Windows_NT
PROCESSOR_IDENTIFIER=Intel64 Family 6 Model 183 Stepping 1, GenuineIntel
TMP=C:\Users\Dell-3\AppData\Local\Temp
TEMP=C:\Users\Dell-3\AppData\Local\Temp




Periodic native trim disabled

JNI global refs:
JNI global refs: 20, weak refs: 1

JNI global refs memory usage: 835, weak refs: 833

Process memory usage:
Resident Set Size: 196456K (2% of 8067892K total physical memory with 274820K free physical memory)

OOME stack traces (most recent first):
Classloader memory used:
Loader jdk.internal.loader.ClassLoaders$AppClassLoader                                 : 59723K
Loader bootstrap                                                                       : 10906K

---------------  S Y S T E M  ---------------

OS:
 Windows 11 , 64 bit Build 26100 (10.0.26100.7309)
OS uptime: 2 days 8:18 hours
Hyper-V role detected

CPU: total 28 (initial active 28) (14 cores per cpu, 2 threads per core) family 6 model 183 stepping 1 microcode 0x12f, cx8, cmov, fxsr, ht, mmx, 3dnowpref, sse, sse2, sse3, ssse3, sse4.1, sse4.2, popcnt, lzcnt, tsc, tscinvbit, avx, avx2, aes, erms, clmul, bmi1, bmi2, adx, sha, fma, vzeroupper, clflush, clflushopt, clwb, hv, serialize, rdtscp, rdpid, fsrm, f16c, cet_ibt, cet_ss
Processor Information for the first 28 processors :
  Max Mhz: 2100, Current Mhz: 2100, Mhz Limit: 2100

Memory: 4k page, system-wide physical 7878M (268M free)
TotalPageFile size 32454M (AvailPageFile size 2M)
current process WorkingSet (physical memory assigned to process): 192M, peak: 245M
current process commit charge ("private bytes"): 341M, peak: 355M

vm_info: OpenJDK 64-Bit Server VM (21.0.8+-14196175-b1038.72) for windows-amd64 JRE (21.0.8+-14196175-b1038.72), built on 2025-10-01T10:24:33Z by "builder" with MS VC++ 16.10 / 16.11 (VS2019)

END.
