#
# There is insufficient memory for the Java Runtime Environment to continue.
# Native memory allocation (malloc) failed to allocate 1196640 bytes. Error detail: Chunk::new
# Possible reasons:
#   The system is out of physical RAM or swap space
#   This process is running with CompressedOops enabled, and the Java Heap may be blocking the growth of the native heap
# Possible solutions:
#   Reduce memory load on the system
#   Increase physical memory or swap space
#   Check if swap backing store is full
#   Decrease Java heap size (-Xmx/-Xms)
#   Decrease number of Java threads
#   Decrease Java thread stack sizes (-Xss)
#   Set larger code cache with -XX:ReservedCodeCacheSize=
#   JVM is running with Unscaled Compressed Oops mode in which the Java heap is
#     placed in the first 4GB address space. The Java Heap base address is the
#     maximum limit for the native heap growth. Please use -XX:HeapBaseMinAddress
#     to set the Java Heap base and to place the Java Heap above 4GB virtual address.
# This output file may be truncated or incomplete.
#
#  Out of Memory Error (arena.cpp:168), pid=22044, tid=4684
#
# JRE version: OpenJDK Runtime Environment (21.0.8) (build 21.0.8+-14196175-b1038.72)
# Java VM: OpenJDK 64-Bit Server VM (21.0.8+-14196175-b1038.72, mixed mode, tiered, compressed oops, compressed class ptrs, g1 gc, windows-amd64)
# No core dump will be written. Minidumps are not enabled by default on client versions of Windows
#

---------------  S U M M A R Y ------------

Command Line: org.jetbrains.kotlin.cli.jvm.K2JVMCompiler @D:\salat\salaat\build\webview_flutter_android\20251225_5599860886974703296.compiler.options

Host: Intel(R) Core(TM) i7-14700, 28 cores, 7G,  Windows 11 , 64 bit Build 26100 (10.0.26100.7309)
Time: Thu Dec 25 16:22:01 2025 elapsed time: 18.556619 seconds (0d 0h 0m 18s)

---------------  T H R E A D  ---------------

Current thread (0x000002157c575c40):  JavaThread "C2 CompilerThread0" daemon [_thread_in_native, id=4684, stack(0x0000009e19000000,0x0000009e19100000) (1024K)]


Current CompileTask:
C2:18556 11972       4       org.jetbrains.kotlin.protobuf.GeneratedMessageLite::parseUnknownField (518 bytes)

Stack: [0x0000009e19000000,0x0000009e19100000]
Native frames: (J=compiled Java code, j=interpreted, Vv=VM code, C=native code)
V  [jvm.dll+0x6d68d9]
V  [jvm.dll+0x866693]
V  [jvm.dll+0x868c4e]
V  [jvm.dll+0x869333]
V  [jvm.dll+0x280566]
V  [jvm.dll+0xc07cd]
V  [jvm.dll+0xc0d03]
V  [jvm.dll+0x3b961b]
V  [jvm.dll+0x385507]
V  [jvm.dll+0x38497a]
V  [jvm.dll+0x249252]
V  [jvm.dll+0x248821]
V  [jvm.dll+0x1c73a4]
V  [jvm.dll+0x257f9e]
V  [jvm.dll+0x2564e6]
V  [jvm.dll+0x3f4696]
V  [jvm.dll+0x80eac8]
V  [jvm.dll+0x6d512d]
C  [ucrtbase.dll+0x37b0]
C  [KERNEL32.DLL+0x2e8d7]
C  [ntdll.dll+0x8c53c]


---------------  P R O C E S S  ---------------

Threads class SMR info:
_java_thread_list=0x000002157dd28630, length=11, elements={
0x0000021560d5bb10, 0x000002157c536e80, 0x000002157c569940, 0x000002157c56ad80,
0x000002157c56f060, 0x000002157c56fac0, 0x000002157c571090, 0x000002157c574670,
0x000002157c575c40, 0x000002157c577ef0, 0x000002157c7505d0
}

Java Threads: ( => current thread )
  0x0000021560d5bb10 JavaThread "main"                              [_thread_in_Java, id=12776, stack(0x0000009e18100000,0x0000009e18200000) (1024K)]
  0x000002157c536e80 JavaThread "Common-Cleaner"             daemon [_thread_blocked, id=23100, stack(0x0000009e18900000,0x0000009e18a00000) (1024K)]
  0x000002157c569940 JavaThread "Reference Handler"          daemon [_thread_blocked, id=20912, stack(0x0000009e18a00000,0x0000009e18b00000) (1024K)]
  0x000002157c56ad80 JavaThread "Finalizer"                  daemon [_thread_blocked, id=16364, stack(0x0000009e18b00000,0x0000009e18c00000) (1024K)]
  0x000002157c56f060 JavaThread "Signal Dispatcher"          daemon [_thread_blocked, id=21264, stack(0x0000009e18c00000,0x0000009e18d00000) (1024K)]
  0x000002157c56fac0 JavaThread "Attach Listener"            daemon [_thread_blocked, id=15784, stack(0x0000009e18d00000,0x0000009e18e00000) (1024K)]
  0x000002157c571090 JavaThread "Service Thread"             daemon [_thread_blocked, id=18756, stack(0x0000009e18e00000,0x0000009e18f00000) (1024K)]
  0x000002157c574670 JavaThread "Monitor Deflation Thread"   daemon [_thread_blocked, id=24444, stack(0x0000009e18f00000,0x0000009e19000000) (1024K)]
=>0x000002157c575c40 JavaThread "C2 CompilerThread0"         daemon [_thread_in_native, id=4684, stack(0x0000009e19000000,0x0000009e19100000) (1024K)]
  0x000002157c577ef0 JavaThread "C1 CompilerThread0"         daemon [_thread_blocked, id=1840, stack(0x0000009e19100000,0x0000009e19200000) (1024K)]
  0x000002157c7505d0 JavaThread "Notification Thread"        daemon [_thread_blocked, id=4296, stack(0x0000009e19200000,0x0000009e19300000) (1024K)]
Total: 11

Other Threads:
  0x000002157bf2ea70 VMThread "VM Thread"                           [id=16352, stack(0x0000009e18800000,0x0000009e18900000) (1024K)]
  0x000002157bf1a5f0 WatcherThread "VM Periodic Task Thread"        [id=19844, stack(0x0000009e18700000,0x0000009e18800000) (1024K)]
  0x000002156336ca80 WorkerThread "GC Thread#0"                     [id=8472, stack(0x0000009e18200000,0x0000009e18300000) (1024K)]
  0x000002157ce7c740 WorkerThread "GC Thread#1"                     [id=25016, stack(0x0000009e19300000,0x0000009e19400000) (1024K)]
  0x000002157cea08a0 WorkerThread "GC Thread#2"                     [id=25248, stack(0x0000009e19400000,0x0000009e19500000) (1024K)]
  0x000002157cea0c40 WorkerThread "GC Thread#3"                     [id=7336, stack(0x0000009e19500000,0x0000009e19600000) (1024K)]
  0x000002157cea0fe0 WorkerThread "GC Thread#4"                     [id=19056, stack(0x0000009e19600000,0x0000009e19700000) (1024K)]
  0x000002157ce8c450 WorkerThread "GC Thread#5"                     [id=15120, stack(0x0000009e19700000,0x0000009e19800000) (1024K)]
  0x000002157d323c90 WorkerThread "GC Thread#6"                     [id=3584, stack(0x0000009e19800000,0x0000009e19900000) (1024K)]
  0x000002157d3238f0 WorkerThread "GC Thread#7"                     [id=20604, stack(0x0000009e19900000,0x0000009e19a00000) (1024K)]
  0x000002157d323550 WorkerThread "GC Thread#8"                     [id=8832, stack(0x0000009e19a00000,0x0000009e19b00000) (1024K)]
  0x000002157d4f1e40 WorkerThread "GC Thread#9"                     [id=1580, stack(0x0000009e19f00000,0x0000009e1a000000) (1024K)]
  0x000002157d4f4620 WorkerThread "GC Thread#10"                    [id=22308, stack(0x0000009e1a000000,0x0000009e1a100000) (1024K)]
  0x000002157d4f4280 WorkerThread "GC Thread#11"                    [id=17688, stack(0x0000009e1a100000,0x0000009e1a200000) (1024K)]
  0x000002157dd61e80 WorkerThread "GC Thread#12"                    [id=10776, stack(0x0000009e1a200000,0x0000009e1a300000) (1024K)]
  0x000002157f798240 WorkerThread "GC Thread#13"                    [id=7764, stack(0x0000009e1a300000,0x0000009e1a400000) (1024K)]
  0x000002157f7985e0 WorkerThread "GC Thread#14"                    [id=4380, stack(0x0000009e1a400000,0x0000009e1a500000) (1024K)]
  0x000002157f79aa20 WorkerThread "GC Thread#15"                    [id=22352, stack(0x0000009e1a500000,0x0000009e1a600000) (1024K)]
  0x000002157d8da1e0 WorkerThread "GC Thread#16"                    [id=16552, stack(0x0000009e1a600000,0x0000009e1a700000) (1024K)]
  0x000002157d8db400 WorkerThread "GC Thread#17"                    [id=21140, stack(0x0000009e1a700000,0x0000009e1a800000) (1024K)]
  0x000002157d8d8c20 WorkerThread "GC Thread#18"                    [id=3800, stack(0x0000009e1a800000,0x0000009e1a900000) (1024K)]
  0x000002157d8da580 WorkerThread "GC Thread#19"                    [id=22244, stack(0x0000009e1a900000,0x0000009e1aa00000) (1024K)]
  0x000002156337df90 ConcurrentGCThread "G1 Main Marker"            [id=25680, stack(0x0000009e18300000,0x0000009e18400000) (1024K)]
  0x000002156337ea90 WorkerThread "G1 Conc#0"                       [id=7004, stack(0x0000009e18400000,0x0000009e18500000) (1024K)]
  0x000002157d3243d0 WorkerThread "G1 Conc#1"                       [id=26260, stack(0x0000009e19b00000,0x0000009e19c00000) (1024K)]
  0x000002157d322e10 WorkerThread "G1 Conc#2"                       [id=9720, stack(0x0000009e19c00000,0x0000009e19d00000) (1024K)]
  0x000002157d4f1aa0 WorkerThread "G1 Conc#3"                       [id=19164, stack(0x0000009e19d00000,0x0000009e19e00000) (1024K)]
  0x000002157d4f1700 WorkerThread "G1 Conc#4"                       [id=23256, stack(0x0000009e19e00000,0x0000009e19f00000) (1024K)]
  0x000002157bde54f0 ConcurrentGCThread "G1 Refine#0"               [id=16408, stack(0x0000009e18500000,0x0000009e18600000) (1024K)]
  0x000002157bde8d30 ConcurrentGCThread "G1 Service"                [id=21728, stack(0x0000009e18600000,0x0000009e18700000) (1024K)]
Total: 30

Threads with active compile tasks:
C2 CompilerThread0  18567 11972       4       org.jetbrains.kotlin.protobuf.GeneratedMessageLite::parseUnknownField (518 bytes)
C1 CompilerThread0  18567 11995       3       java.lang.Character::getType (9 bytes)
Total: 2

VM state: not at safepoint (normal execution)

VM Mutex/Monitor currently owned by a thread:  ([mutex/lock_event])
[0x00007ffab69c7038] MethodCompileQueue_lock - owner thread: 0x0000000000000000

Heap address: 0x0000000084e00000, size: 1970 MB, Compressed Oops mode: 32-bit

CDS archive(s) not mapped
Compressed class space mapped at: 0x0000000100000000-0x0000000140000000, reserved size: 1073741824
Narrow klass base: 0x0000000000000000, Narrow klass shift: 3, Narrow klass range: 0x140000000

GC Precious Log:
 CardTable entry size: 512
 Card Set container configuration: InlinePtr #cards 5 size 8 Array Of Cards #cards 12 size 40 Howl #buckets 4 coarsen threshold 1843 Howl Bitmap #cards 512 size 80 coarsen threshold 460 Card regions per heap region 1 cards per card region 2048
 CPUs: 28 total, 28 available
 Memory: 7878M
 Large Page Support: Disabled
 NUMA Support: Disabled
 Compressed Oops: Enabled (32-bit)
 Heap Region Size: 1M
 Heap Min Capacity: 8M
 Heap Initial Capacity: 124M
 Heap Max Capacity: 1970M
 Pre-touch: Disabled
 Parallel Workers: 20
 Concurrent Workers: 5
 Concurrent Refinement Workers: 20
 Periodic GC: Disabled

Heap:
 garbage-first heap   total 136192K, used 99543K [0x0000000084e00000, 0x0000000100000000)
  region size 1024K, 43 young (44032K), 6 survivors (6144K)
 Metaspace       used 70944K, committed 71232K, reserved 1114112K
  class space    used 7817K, committed 7936K, reserved 1048576K

Heap Regions: E=young(eden), S=young(survivor), O=old, HS=humongous(starts), HC=humongous(continues), CS=collection set, F=free, TAMS=top-at-mark-start, PB=parsable bottom
|   0|0x0000000084e00000, 0x0000000084f00000, 0x0000000084f00000|100%|HS|  |TAMS 0x0000000084e00000| PB 0x0000000084e00000| Complete 
|   1|0x0000000084f00000, 0x0000000085000000, 0x0000000085000000|100%|HC|  |TAMS 0x0000000084f00000| PB 0x0000000084f00000| Complete 
|   2|0x0000000085000000, 0x0000000085100000, 0x0000000085100000|100%|HC|  |TAMS 0x0000000085000000| PB 0x0000000085000000| Complete 
|   3|0x0000000085100000, 0x0000000085200000, 0x0000000085200000|100%| O|  |TAMS 0x0000000085100000| PB 0x0000000085100000| Untracked 
|   4|0x0000000085200000, 0x0000000085300000, 0x0000000085300000|100%| O|  |TAMS 0x0000000085200000| PB 0x0000000085200000| Untracked 
|   5|0x0000000085300000, 0x0000000085400000, 0x0000000085400000|100%| O|  |TAMS 0x0000000085300000| PB 0x0000000085300000| Untracked 
|   6|0x0000000085400000, 0x0000000085500000, 0x0000000085500000|100%| O|  |TAMS 0x0000000085400000| PB 0x0000000085400000| Untracked 
|   7|0x0000000085500000, 0x0000000085600000, 0x0000000085600000|100%| O|  |TAMS 0x0000000085500000| PB 0x0000000085500000| Untracked 
|   8|0x0000000085600000, 0x0000000085700000, 0x0000000085700000|100%| O|  |TAMS 0x0000000085600000| PB 0x0000000085600000| Untracked 
|   9|0x0000000085700000, 0x0000000085800000, 0x0000000085800000|100%| O|  |TAMS 0x0000000085700000| PB 0x0000000085700000| Untracked 
|  10|0x0000000085800000, 0x0000000085900000, 0x0000000085900000|100%| O|  |TAMS 0x0000000085800000| PB 0x0000000085800000| Untracked 
|  11|0x0000000085900000, 0x0000000085a00000, 0x0000000085a00000|100%| O|  |TAMS 0x0000000085900000| PB 0x0000000085900000| Untracked 
|  12|0x0000000085a00000, 0x0000000085b00000, 0x0000000085b00000|100%| O|  |TAMS 0x0000000085a00000| PB 0x0000000085a00000| Untracked 
|  13|0x0000000085b00000, 0x0000000085c00000, 0x0000000085c00000|100%| O|  |TAMS 0x0000000085b00000| PB 0x0000000085b00000| Untracked 
|  14|0x0000000085c00000, 0x0000000085d00000, 0x0000000085d00000|100%| O|  |TAMS 0x0000000085c00000| PB 0x0000000085c00000| Untracked 
|  15|0x0000000085d00000, 0x0000000085e00000, 0x0000000085e00000|100%| O|  |TAMS 0x0000000085d00000| PB 0x0000000085d00000| Untracked 
|  16|0x0000000085e00000, 0x0000000085f00000, 0x0000000085f00000|100%| O|  |TAMS 0x0000000085e00000| PB 0x0000000085e00000| Untracked 
|  17|0x0000000085f00000, 0x0000000086000000, 0x0000000086000000|100%| O|  |TAMS 0x0000000085f00000| PB 0x0000000085f00000| Untracked 
|  18|0x0000000086000000, 0x0000000086100000, 0x0000000086100000|100%| O|  |TAMS 0x0000000086000000| PB 0x0000000086000000| Untracked 
|  19|0x0000000086100000, 0x0000000086200000, 0x0000000086200000|100%| O|  |TAMS 0x0000000086100000| PB 0x0000000086100000| Untracked 
|  20|0x0000000086200000, 0x0000000086300000, 0x0000000086300000|100%| O|  |TAMS 0x0000000086200000| PB 0x0000000086200000| Untracked 
|  21|0x0000000086300000, 0x0000000086400000, 0x0000000086400000|100%| O|  |TAMS 0x0000000086300000| PB 0x0000000086300000| Untracked 
|  22|0x0000000086400000, 0x0000000086500000, 0x0000000086500000|100%| O|  |TAMS 0x0000000086400000| PB 0x0000000086400000| Untracked 
|  23|0x0000000086500000, 0x0000000086600000, 0x0000000086600000|100%| O|  |TAMS 0x0000000086500000| PB 0x0000000086500000| Untracked 
|  24|0x0000000086600000, 0x0000000086700000, 0x0000000086700000|100%| O|  |TAMS 0x0000000086600000| PB 0x0000000086600000| Untracked 
|  25|0x0000000086700000, 0x0000000086800000, 0x0000000086800000|100%| O|  |TAMS 0x0000000086700000| PB 0x0000000086700000| Untracked 
|  26|0x0000000086800000, 0x0000000086900000, 0x0000000086900000|100%| O|  |TAMS 0x0000000086800000| PB 0x0000000086800000| Untracked 
|  27|0x0000000086900000, 0x0000000086a00000, 0x0000000086a00000|100%| O|  |TAMS 0x0000000086900000| PB 0x0000000086900000| Untracked 
|  28|0x0000000086a00000, 0x0000000086b00000, 0x0000000086b00000|100%| O|  |TAMS 0x0000000086a00000| PB 0x0000000086a00000| Untracked 
|  29|0x0000000086b00000, 0x0000000086c00000, 0x0000000086c00000|100%| O|  |TAMS 0x0000000086b00000| PB 0x0000000086b00000| Untracked 
|  30|0x0000000086c00000, 0x0000000086d00000, 0x0000000086d00000|100%| O|  |TAMS 0x0000000086c00000| PB 0x0000000086c00000| Untracked 
|  31|0x0000000086d00000, 0x0000000086e00000, 0x0000000086e00000|100%| O|  |TAMS 0x0000000086d00000| PB 0x0000000086d00000| Untracked 
|  32|0x0000000086e00000, 0x0000000086f00000, 0x0000000086f00000|100%| O|  |TAMS 0x0000000086e00000| PB 0x0000000086e00000| Untracked 
|  33|0x0000000086f00000, 0x0000000087000000, 0x0000000087000000|100%| O|  |TAMS 0x0000000086f00000| PB 0x0000000086f00000| Untracked 
|  34|0x0000000087000000, 0x0000000087100000, 0x0000000087100000|100%| O|  |TAMS 0x0000000087000000| PB 0x0000000087000000| Untracked 
|  35|0x0000000087100000, 0x0000000087200000, 0x0000000087200000|100%| O|  |TAMS 0x0000000087100000| PB 0x0000000087100000| Untracked 
|  36|0x0000000087200000, 0x0000000087300000, 0x0000000087300000|100%| O|  |TAMS 0x0000000087200000| PB 0x0000000087200000| Untracked 
|  37|0x0000000087300000, 0x0000000087400000, 0x0000000087400000|100%| O|  |TAMS 0x0000000087300000| PB 0x0000000087300000| Untracked 
|  38|0x0000000087400000, 0x0000000087500000, 0x0000000087500000|100%| O|  |TAMS 0x0000000087400000| PB 0x0000000087400000| Untracked 
|  39|0x0000000087500000, 0x0000000087600000, 0x0000000087600000|100%| O|  |TAMS 0x0000000087500000| PB 0x0000000087500000| Untracked 
|  40|0x0000000087600000, 0x0000000087700000, 0x0000000087700000|100%| O|  |TAMS 0x0000000087600000| PB 0x0000000087600000| Untracked 
|  41|0x0000000087700000, 0x0000000087800000, 0x0000000087800000|100%| O|  |TAMS 0x0000000087700000| PB 0x0000000087700000| Untracked 
|  42|0x0000000087800000, 0x0000000087900000, 0x0000000087900000|100%| O|  |TAMS 0x0000000087800000| PB 0x0000000087800000| Untracked 
|  43|0x0000000087900000, 0x0000000087a00000, 0x0000000087a00000|100%| O|  |TAMS 0x0000000087900000| PB 0x0000000087900000| Untracked 
|  44|0x0000000087a00000, 0x0000000087b00000, 0x0000000087b00000|100%| O|  |TAMS 0x0000000087a00000| PB 0x0000000087a00000| Untracked 
|  45|0x0000000087b00000, 0x0000000087c00000, 0x0000000087c00000|100%| O|  |TAMS 0x0000000087b00000| PB 0x0000000087b00000| Untracked 
|  46|0x0000000087c00000, 0x0000000087d00000, 0x0000000087d00000|100%| O|  |TAMS 0x0000000087c00000| PB 0x0000000087c00000| Untracked 
|  47|0x0000000087d00000, 0x0000000087e00000, 0x0000000087e00000|100%| O|  |TAMS 0x0000000087d00000| PB 0x0000000087d00000| Untracked 
|  48|0x0000000087e00000, 0x0000000087f00000, 0x0000000087f00000|100%| O|  |TAMS 0x0000000087e00000| PB 0x0000000087e00000| Untracked 
|  49|0x0000000087f00000, 0x0000000088000000, 0x0000000088000000|100%| O|  |TAMS 0x0000000087f00000| PB 0x0000000087f00000| Untracked 
|  50|0x0000000088000000, 0x0000000088100000, 0x0000000088100000|100%| O|  |TAMS 0x0000000088000000| PB 0x0000000088000000| Untracked 
|  51|0x0000000088100000, 0x0000000088200000, 0x0000000088200000|100%| O|  |TAMS 0x0000000088100000| PB 0x0000000088100000| Untracked 
|  52|0x0000000088200000, 0x0000000088300000, 0x0000000088300000|100%| O|  |TAMS 0x0000000088200000| PB 0x0000000088200000| Untracked 
|  53|0x0000000088300000, 0x0000000088335fa0, 0x0000000088400000| 21%| O|  |TAMS 0x0000000088300000| PB 0x0000000088300000| Untracked 
|  54|0x0000000088400000, 0x0000000088400000, 0x0000000088500000|  0%| F|  |TAMS 0x0000000088400000| PB 0x0000000088400000| Untracked 
|  55|0x0000000088500000, 0x0000000088500000, 0x0000000088600000|  0%| F|  |TAMS 0x0000000088500000| PB 0x0000000088500000| Untracked 
|  56|0x0000000088600000, 0x0000000088600000, 0x0000000088700000|  0%| F|  |TAMS 0x0000000088600000| PB 0x0000000088600000| Untracked 
|  57|0x0000000088700000, 0x0000000088700000, 0x0000000088800000|  0%| F|  |TAMS 0x0000000088700000| PB 0x0000000088700000| Untracked 
|  58|0x0000000088800000, 0x0000000088800000, 0x0000000088900000|  0%| F|  |TAMS 0x0000000088800000| PB 0x0000000088800000| Untracked 
|  59|0x0000000088900000, 0x0000000088900000, 0x0000000088a00000|  0%| F|  |TAMS 0x0000000088900000| PB 0x0000000088900000| Untracked 
|  60|0x0000000088a00000, 0x0000000088a00000, 0x0000000088b00000|  0%| F|  |TAMS 0x0000000088a00000| PB 0x0000000088a00000| Untracked 
|  61|0x0000000088b00000, 0x0000000088b00000, 0x0000000088c00000|  0%| F|  |TAMS 0x0000000088b00000| PB 0x0000000088b00000| Untracked 
|  62|0x0000000088c00000, 0x0000000088d00000, 0x0000000088d00000|100%| S|CS|TAMS 0x0000000088c00000| PB 0x0000000088c00000| Complete 
|  63|0x0000000088d00000, 0x0000000088e00000, 0x0000000088e00000|100%| S|CS|TAMS 0x0000000088d00000| PB 0x0000000088d00000| Complete 
|  64|0x0000000088e00000, 0x0000000088f00000, 0x0000000088f00000|100%| S|CS|TAMS 0x0000000088e00000| PB 0x0000000088e00000| Complete 
|  65|0x0000000088f00000, 0x0000000089000000, 0x0000000089000000|100%| S|CS|TAMS 0x0000000088f00000| PB 0x0000000088f00000| Complete 
|  66|0x0000000089000000, 0x0000000089100000, 0x0000000089100000|100%| S|CS|TAMS 0x0000000089000000| PB 0x0000000089000000| Complete 
|  67|0x0000000089100000, 0x0000000089200000, 0x0000000089200000|100%| S|CS|TAMS 0x0000000089100000| PB 0x0000000089100000| Complete 
|  68|0x0000000089200000, 0x0000000089200000, 0x0000000089300000|  0%| F|  |TAMS 0x0000000089200000| PB 0x0000000089200000| Untracked 
|  69|0x0000000089300000, 0x0000000089300000, 0x0000000089400000|  0%| F|  |TAMS 0x0000000089300000| PB 0x0000000089300000| Untracked 
|  70|0x0000000089400000, 0x0000000089400000, 0x0000000089500000|  0%| F|  |TAMS 0x0000000089400000| PB 0x0000000089400000| Untracked 
|  71|0x0000000089500000, 0x0000000089500000, 0x0000000089600000|  0%| F|  |TAMS 0x0000000089500000| PB 0x0000000089500000| Untracked 
|  72|0x0000000089600000, 0x0000000089600000, 0x0000000089700000|  0%| F|  |TAMS 0x0000000089600000| PB 0x0000000089600000| Untracked 
|  73|0x0000000089700000, 0x0000000089700000, 0x0000000089800000|  0%| F|  |TAMS 0x0000000089700000| PB 0x0000000089700000| Untracked 
|  74|0x0000000089800000, 0x0000000089800000, 0x0000000089900000|  0%| F|  |TAMS 0x0000000089800000| PB 0x0000000089800000| Untracked 
|  75|0x0000000089900000, 0x0000000089900000, 0x0000000089a00000|  0%| F|  |TAMS 0x0000000089900000| PB 0x0000000089900000| Untracked 
|  76|0x0000000089a00000, 0x0000000089a00000, 0x0000000089b00000|  0%| F|  |TAMS 0x0000000089a00000| PB 0x0000000089a00000| Untracked 
|  77|0x0000000089b00000, 0x0000000089b00000, 0x0000000089c00000|  0%| F|  |TAMS 0x0000000089b00000| PB 0x0000000089b00000| Untracked 
|  78|0x0000000089c00000, 0x0000000089c00000, 0x0000000089d00000|  0%| F|  |TAMS 0x0000000089c00000| PB 0x0000000089c00000| Untracked 
|  79|0x0000000089d00000, 0x0000000089d00000, 0x0000000089e00000|  0%| F|  |TAMS 0x0000000089d00000| PB 0x0000000089d00000| Untracked 
|  80|0x0000000089e00000, 0x0000000089e00000, 0x0000000089f00000|  0%| F|  |TAMS 0x0000000089e00000| PB 0x0000000089e00000| Untracked 
|  81|0x0000000089f00000, 0x0000000089f00000, 0x000000008a000000|  0%| F|  |TAMS 0x0000000089f00000| PB 0x0000000089f00000| Untracked 
|  82|0x000000008a000000, 0x000000008a000000, 0x000000008a100000|  0%| F|  |TAMS 0x000000008a000000| PB 0x000000008a000000| Untracked 
|  83|0x000000008a100000, 0x000000008a100000, 0x000000008a200000|  0%| F|  |TAMS 0x000000008a100000| PB 0x000000008a100000| Untracked 
|  84|0x000000008a200000, 0x000000008a200000, 0x000000008a300000|  0%| F|  |TAMS 0x000000008a200000| PB 0x000000008a200000| Untracked 
|  85|0x000000008a300000, 0x000000008a300000, 0x000000008a400000|  0%| F|  |TAMS 0x000000008a300000| PB 0x000000008a300000| Untracked 
|  86|0x000000008a400000, 0x000000008a400000, 0x000000008a500000|  0%| F|  |TAMS 0x000000008a400000| PB 0x000000008a400000| Untracked 
|  87|0x000000008a500000, 0x000000008a500000, 0x000000008a600000|  0%| F|  |TAMS 0x000000008a500000| PB 0x000000008a500000| Untracked 
|  88|0x000000008a600000, 0x000000008a600000, 0x000000008a700000|  0%| F|  |TAMS 0x000000008a600000| PB 0x000000008a600000| Untracked 
|  89|0x000000008a700000, 0x000000008a700000, 0x000000008a800000|  0%| F|  |TAMS 0x000000008a700000| PB 0x000000008a700000| Untracked 
|  90|0x000000008a800000, 0x000000008a800000, 0x000000008a900000|  0%| F|  |TAMS 0x000000008a800000| PB 0x000000008a800000| Untracked 
|  91|0x000000008a900000, 0x000000008a900000, 0x000000008aa00000|  0%| F|  |TAMS 0x000000008a900000| PB 0x000000008a900000| Untracked 
|  92|0x000000008aa00000, 0x000000008aa00000, 0x000000008ab00000|  0%| F|  |TAMS 0x000000008aa00000| PB 0x000000008aa00000| Untracked 
|  93|0x000000008ab00000, 0x000000008ab00000, 0x000000008ac00000|  0%| F|  |TAMS 0x000000008ab00000| PB 0x000000008ab00000| Untracked 
|  94|0x000000008ac00000, 0x000000008ad00000, 0x000000008ad00000|100%| E|  |TAMS 0x000000008ac00000| PB 0x000000008ac00000| Complete 
|  95|0x000000008ad00000, 0x000000008ae00000, 0x000000008ae00000|100%| E|CS|TAMS 0x000000008ad00000| PB 0x000000008ad00000| Complete 
|  96|0x000000008ae00000, 0x000000008af00000, 0x000000008af00000|100%| E|CS|TAMS 0x000000008ae00000| PB 0x000000008ae00000| Complete 
|  97|0x000000008af00000, 0x000000008b000000, 0x000000008b000000|100%| E|CS|TAMS 0x000000008af00000| PB 0x000000008af00000| Complete 
|  98|0x000000008b000000, 0x000000008b100000, 0x000000008b100000|100%| E|CS|TAMS 0x000000008b000000| PB 0x000000008b000000| Complete 
|  99|0x000000008b100000, 0x000000008b200000, 0x000000008b200000|100%| E|CS|TAMS 0x000000008b100000| PB 0x000000008b100000| Complete 
| 100|0x000000008b200000, 0x000000008b300000, 0x000000008b300000|100%| E|CS|TAMS 0x000000008b200000| PB 0x000000008b200000| Complete 
| 101|0x000000008b300000, 0x000000008b400000, 0x000000008b400000|100%| E|CS|TAMS 0x000000008b300000| PB 0x000000008b300000| Complete 
| 102|0x000000008b400000, 0x000000008b500000, 0x000000008b500000|100%| E|CS|TAMS 0x000000008b400000| PB 0x000000008b400000| Complete 
| 103|0x000000008b500000, 0x000000008b600000, 0x000000008b600000|100%| E|CS|TAMS 0x000000008b500000| PB 0x000000008b500000| Complete 
| 104|0x000000008b600000, 0x000000008b700000, 0x000000008b700000|100%| E|CS|TAMS 0x000000008b600000| PB 0x000000008b600000| Complete 
| 105|0x000000008b700000, 0x000000008b800000, 0x000000008b800000|100%| E|CS|TAMS 0x000000008b700000| PB 0x000000008b700000| Complete 
| 106|0x000000008b800000, 0x000000008b900000, 0x000000008b900000|100%| E|CS|TAMS 0x000000008b800000| PB 0x000000008b800000| Complete 
| 107|0x000000008b900000, 0x000000008ba00000, 0x000000008ba00000|100%| E|CS|TAMS 0x000000008b900000| PB 0x000000008b900000| Complete 
| 108|0x000000008ba00000, 0x000000008bb00000, 0x000000008bb00000|100%| E|CS|TAMS 0x000000008ba00000| PB 0x000000008ba00000| Complete 
| 109|0x000000008bb00000, 0x000000008bc00000, 0x000000008bc00000|100%| E|CS|TAMS 0x000000008bb00000| PB 0x000000008bb00000| Complete 
| 110|0x000000008bc00000, 0x000000008bd00000, 0x000000008bd00000|100%| E|CS|TAMS 0x000000008bc00000| PB 0x000000008bc00000| Complete 
| 111|0x000000008bd00000, 0x000000008be00000, 0x000000008be00000|100%| E|CS|TAMS 0x000000008bd00000| PB 0x000000008bd00000| Complete 
| 112|0x000000008be00000, 0x000000008bf00000, 0x000000008bf00000|100%| E|CS|TAMS 0x000000008be00000| PB 0x000000008be00000| Complete 
| 113|0x000000008bf00000, 0x000000008c000000, 0x000000008c000000|100%| E|CS|TAMS 0x000000008bf00000| PB 0x000000008bf00000| Complete 
| 114|0x000000008c000000, 0x000000008c100000, 0x000000008c100000|100%| E|CS|TAMS 0x000000008c000000| PB 0x000000008c000000| Complete 
| 115|0x000000008c100000, 0x000000008c200000, 0x000000008c200000|100%| E|CS|TAMS 0x000000008c100000| PB 0x000000008c100000| Complete 
| 116|0x000000008c200000, 0x000000008c300000, 0x000000008c300000|100%| E|CS|TAMS 0x000000008c200000| PB 0x000000008c200000| Complete 
| 117|0x000000008c300000, 0x000000008c400000, 0x000000008c400000|100%| E|CS|TAMS 0x000000008c300000| PB 0x000000008c300000| Complete 
| 118|0x000000008c400000, 0x000000008c500000, 0x000000008c500000|100%| E|CS|TAMS 0x000000008c400000| PB 0x000000008c400000| Complete 
| 119|0x000000008c500000, 0x000000008c600000, 0x000000008c600000|100%| E|CS|TAMS 0x000000008c500000| PB 0x000000008c500000| Complete 
| 120|0x000000008c600000, 0x000000008c700000, 0x000000008c700000|100%| E|CS|TAMS 0x000000008c600000| PB 0x000000008c600000| Complete 
| 121|0x000000008c700000, 0x000000008c800000, 0x000000008c800000|100%| E|CS|TAMS 0x000000008c700000| PB 0x000000008c700000| Complete 
| 122|0x000000008c800000, 0x000000008c900000, 0x000000008c900000|100%| E|CS|TAMS 0x000000008c800000| PB 0x000000008c800000| Complete 
| 123|0x000000008c900000, 0x000000008ca00000, 0x000000008ca00000|100%| E|CS|TAMS 0x000000008c900000| PB 0x000000008c900000| Complete 
| 124|0x000000008ca00000, 0x000000008cb00000, 0x000000008cb00000|100%| E|CS|TAMS 0x000000008ca00000| PB 0x000000008ca00000| Complete 
| 125|0x000000008cb00000, 0x000000008cc00000, 0x000000008cc00000|100%| E|CS|TAMS 0x000000008cb00000| PB 0x000000008cb00000| Complete 
| 126|0x000000008cc00000, 0x000000008cd00000, 0x000000008cd00000|100%| E|CS|TAMS 0x000000008cc00000| PB 0x000000008cc00000| Complete 
| 127|0x000000008cd00000, 0x000000008ce00000, 0x000000008ce00000|100%| E|CS|TAMS 0x000000008cd00000| PB 0x000000008cd00000| Complete 
| 128|0x000000008ce00000, 0x000000008cf00000, 0x000000008cf00000|100%| E|CS|TAMS 0x000000008ce00000| PB 0x000000008ce00000| Complete 
| 129|0x000000008cf00000, 0x000000008d000000, 0x000000008d000000|100%| E|CS|TAMS 0x000000008cf00000| PB 0x000000008cf00000| Complete 
|1967|0x00000000ffd00000, 0x00000000ffe00000, 0x00000000ffe00000|100%| E|CS|TAMS 0x00000000ffd00000| PB 0x00000000ffd00000| Complete 
|1968|0x00000000ffe00000, 0x00000000fff00000, 0x00000000fff00000|100%| O|  |TAMS 0x00000000ffe00000| PB 0x00000000ffe00000| Untracked 
|1969|0x00000000fff00000, 0x0000000100000000, 0x0000000100000000|100%| O|  |TAMS 0x00000000fff00000| PB 0x00000000fff00000| Untracked 

Card table byte_map: [0x0000021576840000,0x0000021576c20000] _byte_map_base: 0x0000021576419000

Marking Bits: (CMBitMap*) 0x000002156336d180
 Bits: [0x0000021576c20000, 0x0000021578ae8000)

Polling page: 0x00000215610c0000

Metaspace:

Usage:
  Non-class:     61.65 MB used.
      Class:      7.63 MB used.
       Both:     69.28 MB used.

Virtual space:
  Non-class space:       64.00 MB reserved,      61.81 MB ( 97%) committed,  1 nodes.
      Class space:        1.00 GB reserved,       7.75 MB ( <1%) committed,  1 nodes.
             Both:        1.06 GB reserved,      69.56 MB (  6%) committed. 

Chunk freelists:
   Non-Class:  1.83 MB
       Class:  8.27 MB
        Both:  10.09 MB

MaxMetaspaceSize: unlimited
CompressedClassSpaceSize: 1.00 GB
Initial GC threshold: 21.00 MB
Current GC threshold: 104.31 MB
CDS: off
 - commit_granule_bytes: 65536.
 - commit_granule_words: 8192.
 - virtual_space_node_default_size: 8388608.
 - enlarge_chunks_in_place: 1.
 - use_allocation_guard: 0.


Internal statistics:

num_allocs_failed_limit: 3.
num_arena_births: 310.
num_arena_deaths: 0.
num_vsnodes_births: 2.
num_vsnodes_deaths: 0.
num_space_committed: 1111.
num_space_uncommitted: 0.
num_chunks_returned_to_freelist: 3.
num_chunks_taken_from_freelist: 2460.
num_chunk_merges: 3.
num_chunk_splits: 2067.
num_chunks_enlarged: 1890.
num_inconsistent_stats: 0.

CodeHeap 'non-profiled nmethods': size=119168Kb used=6213Kb max_used=6213Kb free=112954Kb
 bounds [0x000002156e000000, 0x000002156e620000, 0x0000021575460000]
CodeHeap 'profiled nmethods': size=119104Kb used=41468Kb max_used=41468Kb free=77635Kb
 bounds [0x0000021566460000, 0x0000021568ce0000, 0x000002156d8b0000]
CodeHeap 'non-nmethods': size=7488Kb used=1703Kb max_used=2281Kb free=5784Kb
 bounds [0x000002156d8b0000, 0x000002156db20000, 0x000002156e000000]
CodeCache: size=245760Kb, used=49384Kb, max_used=49962Kb, free=196373Kb
 total_blobs=11983, nmethods=11247, adapters=637, full_count=0
Compilation: enabled, stopped_count=0, restarted_count=0

Compilation events (20 events):
Event: 17.520 Thread 0x000002157c577ef0 11969       3       org.jetbrains.kotlin.metadata.ProtoBuf$Class$1::parsePartialFrom (7 bytes)
Event: 17.520 Thread 0x000002157c577ef0 nmethod 11969 0x0000021568cd1110 code [0x0000021568cd12c0, 0x0000021568cd13f8]
Event: 17.520 Thread 0x000002157c577ef0 11970       3       org.jetbrains.kotlin.metadata.ProtoBuf$Class$1::parsePartialFrom (11 bytes)
Event: 17.520 Thread 0x000002157c577ef0 nmethod 11970 0x0000021568cd1490 code [0x0000021568cd1640, 0x0000021568cd1848]
Event: 17.520 Thread 0x000002157c577ef0 11971       3       org.jetbrains.kotlin.metadata.ProtoBuf$Class::<init> (7 bytes)
Event: 17.520 Thread 0x000002157c575c40 nmethod 11968 0x000002156e611290 code [0x000002156e611420, 0x000002156e6114d0]
Event: 17.520 Thread 0x000002157c575c40 11972       4       org.jetbrains.kotlin.protobuf.GeneratedMessageLite::parseUnknownField (518 bytes)
Event: 17.520 Thread 0x000002157c577ef0 nmethod 11971 0x0000021568cd1990 code [0x0000021568cd1b40, 0x0000021568cd1c78]
Event: 17.520 Thread 0x000002157c577ef0 11973       3       org.jetbrains.kotlin.metadata.ProtoBuf$Constructor::getValueParameterCount (10 bytes)
Event: 17.520 Thread 0x000002157c577ef0 nmethod 11973 0x0000021568cd1d10 code [0x0000021568cd1ec0, 0x0000021568cd2090]
Event: 17.521 Thread 0x000002157c577ef0 11974       3       org.jetbrains.kotlin.metadata.ProtoBuf$Property::isInitialized (227 bytes)
Event: 17.522 Thread 0x000002157c577ef0 nmethod 11974 0x0000021568cd2190 code [0x0000021568cd2540, 0x0000021568cd3c20]
Event: 17.522 Thread 0x000002157c577ef0 11976       3       org.jetbrains.kotlin.metadata.ProtoBuf$Constructor::getValueParameter (14 bytes)
Event: 17.522 Thread 0x000002157c577ef0 nmethod 11976 0x0000021568cd4290 code [0x0000021568cd4440, 0x0000021568cd46e8]
Event: 17.550 Thread 0x000002157c577ef0 11978       3       org.jetbrains.kotlin.renderer.DescriptorRendererOptionsImpl::property (20 bytes)
Event: 17.550 Thread 0x000002157c577ef0 nmethod 11978 0x0000021568cd4810 code [0x0000021568cd49c0, 0x0000021568cd4cf0]
Event: 17.550 Thread 0x000002157c577ef0 11979       3       org.jetbrains.kotlin.renderer.DescriptorRendererOptionsImpl$property$$inlined$vetoable$1::<init> (11 bytes)
Event: 17.550 Thread 0x000002157c577ef0 nmethod 11979 0x0000021568cd4e10 code [0x0000021568cd4fc0, 0x0000021568cd5240]
Event: 17.550 Thread 0x000002157c577ef0 11980       3       kotlin.properties.ObservableProperty::<init> (10 bytes)
Event: 17.550 Thread 0x000002157c577ef0 nmethod 11980 0x0000021568cd5310 code [0x0000021568cd54c0, 0x0000021568cd5678]

GC Heap History (20 events):
Event: 4.471 GC heap before
{Heap before GC invocations=10 (full 0):
 garbage-first heap   total 78848K, used 60689K [0x0000000084e00000, 0x0000000100000000)
  region size 1024K, 44 young (45056K), 2 survivors (2048K)
 Metaspace       used 43248K, committed 43456K, reserved 1114112K
  class space    used 5040K, committed 5120K, reserved 1048576K
}
Event: 4.500 GC heap after
{Heap after GC invocations=11 (full 0):
 garbage-first heap   total 78848K, used 24987K [0x0000000084e00000, 0x0000000100000000)
  region size 1024K, 6 young (6144K), 6 survivors (6144K)
 Metaspace       used 43248K, committed 43456K, reserved 1114112K
  class space    used 5040K, committed 5120K, reserved 1048576K
}
Event: 4.909 GC heap before
{Heap before GC invocations=11 (full 0):
 garbage-first heap   total 78848K, used 63899K [0x0000000084e00000, 0x0000000100000000)
  region size 1024K, 43 young (44032K), 6 survivors (6144K)
 Metaspace       used 45419K, committed 45696K, reserved 1114112K
  class space    used 5236K, committed 5376K, reserved 1048576K
}
Event: 4.933 GC heap after
{Heap after GC invocations=12 (full 0):
 garbage-first heap   total 81920K, used 37848K [0x0000000084e00000, 0x0000000100000000)
  region size 1024K, 6 young (6144K), 6 survivors (6144K)
 Metaspace       used 45419K, committed 45696K, reserved 1114112K
  class space    used 5236K, committed 5376K, reserved 1048576K
}
Event: 5.854 GC heap before
{Heap before GC invocations=12 (full 0):
 garbage-first heap   total 81920K, used 63448K [0x0000000084e00000, 0x0000000100000000)
  region size 1024K, 31 young (31744K), 6 survivors (6144K)
 Metaspace       used 52569K, committed 52864K, reserved 1114112K
  class space    used 6114K, committed 6272K, reserved 1048576K
}
Event: 5.866 GC heap after
{Heap after GC invocations=13 (full 0):
 garbage-first heap   total 81920K, used 40541K [0x0000000084e00000, 0x0000000100000000)
  region size 1024K, 3 young (3072K), 3 survivors (3072K)
 Metaspace       used 52569K, committed 52864K, reserved 1114112K
  class space    used 6114K, committed 6272K, reserved 1048576K
}
Event: 6.783 GC heap before
{Heap before GC invocations=13 (full 0):
 garbage-first heap   total 81920K, used 66141K [0x0000000084e00000, 0x0000000100000000)
  region size 1024K, 28 young (28672K), 3 survivors (3072K)
 Metaspace       used 57125K, committed 57408K, reserved 1114112K
  class space    used 6596K, committed 6720K, reserved 1048576K
}
Event: 6.794 GC heap after
{Heap after GC invocations=14 (full 0):
 garbage-first heap   total 100352K, used 44372K [0x0000000084e00000, 0x0000000100000000)
  region size 1024K, 4 young (4096K), 4 survivors (4096K)
 Metaspace       used 57125K, committed 57408K, reserved 1114112K
  class space    used 6596K, committed 6720K, reserved 1048576K
}
Event: 8.244 GC heap before
{Heap before GC invocations=15 (full 0):
 garbage-first heap   total 100352K, used 79188K [0x0000000084e00000, 0x0000000100000000)
  region size 1024K, 39 young (39936K), 4 survivors (4096K)
 Metaspace       used 61919K, committed 62208K, reserved 1114112K
  class space    used 7226K, committed 7360K, reserved 1048576K
}
Event: 8.269 GC heap after
{Heap after GC invocations=16 (full 0):
 garbage-first heap   total 100352K, used 50497K [0x0000000084e00000, 0x0000000100000000)
  region size 1024K, 5 young (5120K), 5 survivors (5120K)
 Metaspace       used 61919K, committed 62208K, reserved 1114112K
  class space    used 7226K, committed 7360K, reserved 1048576K
}
Event: 9.035 GC heap before
{Heap before GC invocations=16 (full 0):
 garbage-first heap   total 100352K, used 82241K [0x0000000084e00000, 0x0000000100000000)
  region size 1024K, 36 young (36864K), 5 survivors (5120K)
 Metaspace       used 63109K, committed 63424K, reserved 1114112K
  class space    used 7269K, committed 7424K, reserved 1048576K
}
Event: 9.093 GC heap after
{Heap after GC invocations=17 (full 0):
 garbage-first heap   total 100352K, used 55296K [0x0000000084e00000, 0x0000000100000000)
  region size 1024K, 5 young (5120K), 5 survivors (5120K)
 Metaspace       used 63109K, committed 63424K, reserved 1114112K
  class space    used 7269K, committed 7424K, reserved 1048576K
}
Event: 10.119 GC heap before
{Heap before GC invocations=17 (full 0):
 garbage-first heap   total 100352K, used 84992K [0x0000000084e00000, 0x0000000100000000)
  region size 1024K, 34 young (34816K), 5 survivors (5120K)
 Metaspace       used 63773K, committed 64064K, reserved 1114112K
  class space    used 7283K, committed 7424K, reserved 1048576K
}
Event: 10.147 GC heap after
{Heap after GC invocations=18 (full 0):
 garbage-first heap   total 100352K, used 57279K [0x0000000084e00000, 0x0000000100000000)
  region size 1024K, 2 young (2048K), 2 survivors (2048K)
 Metaspace       used 63773K, committed 64064K, reserved 1114112K
  class space    used 7283K, committed 7424K, reserved 1048576K
}
Event: 11.282 GC heap before
{Heap before GC invocations=19 (full 0):
 garbage-first heap   total 100352K, used 85951K [0x0000000084e00000, 0x0000000100000000)
  region size 1024K, 31 young (31744K), 2 survivors (2048K)
 Metaspace       used 64017K, committed 64320K, reserved 1114112K
  class space    used 7283K, committed 7424K, reserved 1048576K
}
Event: 11.295 GC heap after
{Heap after GC invocations=20 (full 0):
 garbage-first heap   total 136192K, used 57814K [0x0000000084e00000, 0x0000000100000000)
  region size 1024K, 4 young (4096K), 4 survivors (4096K)
 Metaspace       used 64017K, committed 64320K, reserved 1114112K
  class space    used 7283K, committed 7424K, reserved 1048576K
}
Event: 12.835 GC heap before
{Heap before GC invocations=20 (full 0):
 garbage-first heap   total 136192K, used 113110K [0x0000000084e00000, 0x0000000100000000)
  region size 1024K, 58 young (59392K), 4 survivors (4096K)
 Metaspace       used 64297K, committed 64576K, reserved 1114112K
  class space    used 7283K, committed 7424K, reserved 1048576K
}
Event: 12.848 GC heap after
{Heap after GC invocations=21 (full 0):
 garbage-first heap   total 136192K, used 60244K [0x0000000084e00000, 0x0000000100000000)
  region size 1024K, 7 young (7168K), 7 survivors (7168K)
 Metaspace       used 64297K, committed 64576K, reserved 1114112K
  class space    used 7283K, committed 7424K, reserved 1048576K
}
Event: 15.121 GC heap before
{Heap before GC invocations=21 (full 0):
 garbage-first heap   total 136192K, used 117588K [0x0000000084e00000, 0x0000000100000000)
  region size 1024K, 63 young (64512K), 7 survivors (7168K)
 Metaspace       used 68730K, committed 69056K, reserved 1114112K
  class space    used 7618K, committed 7744K, reserved 1048576K
}
Event: 15.200 GC heap after
{Heap after GC invocations=22 (full 0):
 garbage-first heap   total 136192K, used 62679K [0x0000000084e00000, 0x0000000100000000)
  region size 1024K, 6 young (6144K), 6 survivors (6144K)
 Metaspace       used 68730K, committed 69056K, reserved 1114112K
  class space    used 7618K, committed 7744K, reserved 1048576K
}

Dll operation events (3 events):
Event: 0.022 Loaded shared library C:\Program Files\Android\Android Studio\jbr\bin\java.dll
Event: 0.036 Loaded shared library C:\Program Files\Android\Android Studio\jbr\bin\zip.dll
Event: 2.051 Loaded shared library C:\Program Files\Android\Android Studio\jbr\bin\verify.dll

Deoptimization events (20 events):
Event: 16.260 Thread 0x0000021560d5bb10 Uncommon trap: trap_request=0xffffff66 fr.pc=0x000002156e5f9b10 relative=0x0000000000001db0
Event: 16.260 Thread 0x0000021560d5bb10 Uncommon trap: reason=speculate_class_check action=maybe_recompile pc=0x000002156e5f9b10 method=org.jetbrains.kotlin.fir.analysis.collectors.components.ControlFlowAnalysisDiagnosticComponent$LocalPropertyCollector.visitElement(Lorg/jetbrains/kotlin/fir/Fi
Event: 16.260 Thread 0x0000021560d5bb10 DEOPT PACKING pc=0x000002156e5f9b10 sp=0x0000009e181fd070
Event: 16.260 Thread 0x0000021560d5bb10 DEOPT UNPACKING pc=0x000002156d9046a2 sp=0x0000009e181fcec0 mode 2
Event: 16.260 Thread 0x0000021560d5bb10 Uncommon trap: trap_request=0xffffff66 fr.pc=0x000002156e5f9b10 relative=0x0000000000001db0
Event: 16.260 Thread 0x0000021560d5bb10 Uncommon trap: reason=speculate_class_check action=maybe_recompile pc=0x000002156e5f9b10 method=org.jetbrains.kotlin.fir.analysis.collectors.components.ControlFlowAnalysisDiagnosticComponent$LocalPropertyCollector.visitElement(Lorg/jetbrains/kotlin/fir/Fi
Event: 16.260 Thread 0x0000021560d5bb10 DEOPT PACKING pc=0x000002156e5f9b10 sp=0x0000009e181fca10
Event: 16.260 Thread 0x0000021560d5bb10 DEOPT UNPACKING pc=0x000002156d9046a2 sp=0x0000009e181fc860 mode 2
Event: 16.260 Thread 0x0000021560d5bb10 Uncommon trap: trap_request=0xffffff66 fr.pc=0x000002156e5f9b10 relative=0x0000000000001db0
Event: 16.260 Thread 0x0000021560d5bb10 Uncommon trap: reason=speculate_class_check action=maybe_recompile pc=0x000002156e5f9b10 method=org.jetbrains.kotlin.fir.analysis.collectors.components.ControlFlowAnalysisDiagnosticComponent$LocalPropertyCollector.visitElement(Lorg/jetbrains/kotlin/fir/Fi
Event: 16.260 Thread 0x0000021560d5bb10 DEOPT PACKING pc=0x000002156e5f9b10 sp=0x0000009e181fb010
Event: 16.260 Thread 0x0000021560d5bb10 DEOPT UNPACKING pc=0x000002156d9046a2 sp=0x0000009e181fae78 mode 2
Event: 16.260 Thread 0x0000021560d5bb10 Uncommon trap: trap_request=0xffffff66 fr.pc=0x000002156e5f9b10 relative=0x0000000000001db0
Event: 16.260 Thread 0x0000021560d5bb10 Uncommon trap: reason=speculate_class_check action=maybe_recompile pc=0x000002156e5f9b10 method=org.jetbrains.kotlin.fir.analysis.collectors.components.ControlFlowAnalysisDiagnosticComponent$LocalPropertyCollector.visitElement(Lorg/jetbrains/kotlin/fir/Fi
Event: 16.260 Thread 0x0000021560d5bb10 DEOPT PACKING pc=0x000002156e5f9b10 sp=0x0000009e181fb0a0
Event: 16.260 Thread 0x0000021560d5bb10 DEOPT UNPACKING pc=0x000002156d9046a2 sp=0x0000009e181faef0 mode 2
Event: 16.278 Thread 0x0000021560d5bb10 Uncommon trap: trap_request=0xffffff45 fr.pc=0x000002156e5264f0 relative=0x0000000000000b50
Event: 16.278 Thread 0x0000021560d5bb10 Uncommon trap: reason=unstable_if action=reinterpret pc=0x000002156e5264f0 method=org.jetbrains.kotlin.fir.resolve.substitution.ConeSubstitutorByMap$Companion.create(Ljava/util/Map;Lorg/jetbrains/kotlin/fir/FirSession;Z)Lorg/jetbrains/kotlin/fir/resolve/s
Event: 16.278 Thread 0x0000021560d5bb10 DEOPT PACKING pc=0x000002156e5264f0 sp=0x0000009e181fd9c0
Event: 16.279 Thread 0x0000021560d5bb10 DEOPT UNPACKING pc=0x000002156d9046a2 sp=0x0000009e181fd948 mode 2

Classes loaded (20 events):
Event: 17.407 Loading class java/util/ServiceLoader$LazyClassPathLookupIterator
Event: 17.407 Loading class java/util/ServiceLoader$LazyClassPathLookupIterator done
Event: 17.407 Loading class java/util/ServiceLoader$2
Event: 17.408 Loading class java/util/ServiceLoader$2 done
Event: 17.408 Loading class java/util/ServiceLoader$3
Event: 17.408 Loading class java/util/ServiceLoader$3 done
Event: 17.415 Loading class java/util/Collections$EmptyEnumeration
Event: 17.416 Loading class java/util/Collections$EmptyEnumeration done
Event: 17.416 Loading class jdk/internal/loader/BuiltinClassLoader$1
Event: 17.416 Loading class jdk/internal/loader/BuiltinClassLoader$1 done
Event: 17.416 Loading class java/lang/CompoundEnumeration
Event: 17.416 Loading class java/lang/CompoundEnumeration done
Event: 17.417 Loading class jdk/internal/loader/URLClassPath$1
Event: 17.417 Loading class jdk/internal/loader/URLClassPath$1 done
Event: 17.436 Loading class java/util/ServiceLoader$1
Event: 17.436 Loading class java/util/ServiceLoader$1 done
Event: 17.437 Loading class java/util/ServiceLoader$ProviderImpl
Event: 17.437 Loading class java/util/ServiceLoader$Provider
Event: 17.437 Loading class java/util/ServiceLoader$Provider done
Event: 17.437 Loading class java/util/ServiceLoader$ProviderImpl done

Classes unloaded (0 events):
No events

Classes redefined (0 events):
No events

Internal exceptions (20 events):
Event: 7.100 Thread 0x0000021560d5bb10 Exception <a 'java/lang/NoSuchMethodError'{0x000000008a51e0b8}: 'java.lang.Object java.lang.invoke.Invokers$Holder.linkToTargetMethod(java.lang.Object, java.lang.Object, int, java.lang.Object)'> (0x000000008a51e0b8) 
thrown [s\src\hotspot\share\interpreter\linkResolver.cpp, line 784]
Event: 7.154 Thread 0x0000021560d5bb10 Exception <a 'java/lang/NoSuchMethodError'{0x000000008a5fad58}: 'java.lang.Object java.lang.invoke.DirectMethodHandle$Holder.newInvokeSpecial(java.lang.Object, java.lang.Object, java.lang.Object, java.lang.Object, java.lang.Object, int)'> (0x000000008a5fad58) 
thrown [s\src\hotspot\share\interpreter\linkResolver.cpp, line 784]
Event: 7.154 Thread 0x0000021560d5bb10 Exception <a 'java/lang/NoSuchMethodError'{0x000000008a5ff7f0}: 'java.lang.Object java.lang.invoke.DirectMethodHandle$Holder.invokeSpecial(java.lang.Object, java.lang.Object, java.lang.Object, java.lang.Object, java.lang.Object, java.lang.Object, int)'> (0x000000008a5ff7f0) 
thrown [s\src\hotspot\share\interpreter\linkResolver.cpp, line 784]
Event: 7.155 Thread 0x0000021560d5bb10 Exception <a 'java/lang/NoSuchMethodError'{0x000000008a403de0}: 'java.lang.Object java.lang.invoke.Invokers$Holder.linkToTargetMethod(java.lang.Object, java.lang.Object, java.lang.Object, java.lang.Object, int, java.lang.Object)'> (0x000000008a403de0) 
thrown [s\src\hotspot\share\interpreter\linkResolver.cpp, line 784]
Event: 7.349 Thread 0x0000021560d5bb10 Exception <a 'java/lang/NoSuchMethodError'{0x000000008a057720}: 'java.lang.Object java.lang.invoke.DirectMethodHandle$Holder.invokeStatic(java.lang.Object, java.lang.Object, java.lang.Object, int, java.lang.Object, java.lang.Object)'> (0x000000008a057720) 
thrown [s\src\hotspot\share\interpreter\linkResolver.cpp, line 784]
Event: 7.375 Thread 0x0000021560d5bb10 Exception <a 'java/lang/NoSuchMethodError'{0x000000008a0e3c58}: 'java.lang.Object java.lang.invoke.DirectMethodHandle$Holder.invokeStatic(java.lang.Object, int, java.lang.Object, java.lang.Object)'> (0x000000008a0e3c58) 
thrown [s\src\hotspot\share\interpreter\linkResolver.cpp, line 784]
Event: 7.439 Thread 0x0000021560d5bb10 Exception <a 'java/lang/IncompatibleClassChangeError'{0x0000000089ff6f38}: Found class java.lang.Object, but interface was expected> (0x0000000089ff6f38) 
thrown [s\src\hotspot\share\interpreter\linkResolver.cpp, line 851]
Event: 9.512 Thread 0x0000021560d5bb10 Exception <a 'java/lang/NoSuchMethodError'{0x000000008a3f9fc8}: 'java.lang.Object java.lang.invoke.DirectMethodHandle$Holder.newInvokeSpecial(java.lang.Object, int, java.lang.Object, java.lang.Object, java.lang.Object)'> (0x000000008a3f9fc8) 
thrown [s\src\hotspot\share\interpreter\linkResolver.cpp, line 784]
Event: 9.513 Thread 0x0000021560d5bb10 Exception <a 'java/lang/NoSuchMethodError'{0x000000008a201df8}: 'java.lang.Object java.lang.invoke.Invokers$Holder.linkToTargetMethod(int, java.lang.Object, java.lang.Object, java.lang.Object, java.lang.Object)'> (0x000000008a201df8) 
thrown [s\src\hotspot\share\interpreter\linkResolver.cpp, line 784]
Event: 13.472 Thread 0x0000021560d5bb10 Exception <a 'java/lang/NoSuchMethodError'{0x000000008b5ca758}: 'java.lang.Object java.lang.invoke.DirectMethodHandle$Holder.invokeStaticInit(java.lang.Object, int, int, java.lang.Object)'> (0x000000008b5ca758) 
thrown [s\src\hotspot\share\interpreter\linkResolver.cpp, line 784]
Event: 13.733 Thread 0x0000021560d5bb10 Implicit null exception at 0x000002156e0cedda to 0x000002156e0ceed8
Event: 13.789 Thread 0x0000021560d5bb10 Implicit null exception at 0x000002156e34cbe3 to 0x000002156e34cd90
Event: 13.872 Thread 0x0000021560d5bb10 Implicit null exception at 0x000002156e372e25 to 0x000002156e3731ab
Event: 13.894 Thread 0x0000021560d5bb10 Exception <a 'java/lang/NoSuchMethodError'{0x000000008ab50038}: 'java.lang.Object java.lang.invoke.DirectMethodHandle$Holder.invokeStatic(java.lang.Object, java.lang.Object, java.lang.Object, java.lang.Object, java.lang.Object, int)'> (0x000000008ab50038) 
thrown [s\src\hotspot\share\interpreter\linkResolver.cpp, line 784]
Event: 14.260 Thread 0x0000021560d5bb10 Implicit null exception at 0x000002156e52ce00 to 0x000002156e52ce24
Event: 14.346 Thread 0x0000021560d5bb10 Implicit null exception at 0x000002156e372425 to 0x000002156e3727c7
Event: 15.255 Thread 0x0000021560d5bb10 Implicit null exception at 0x000002156e58640b to 0x000002156e587bd8
Event: 15.987 Thread 0x0000021560d5bb10 Exception <a 'java/lang/NoSuchMethodError'{0x000000008bba9458}: 'java.lang.Object java.lang.invoke.DirectMethodHandle$Holder.newInvokeSpecial(java.lang.Object, java.lang.Object, int, java.lang.Object, java.lang.Object, java.lang.Object)'> (0x000000008bba9458) 
thrown [s\src\hotspot\share\interpreter\linkResolver.cpp, line 784]
Event: 15.988 Thread 0x0000021560d5bb10 Exception <a 'java/lang/NoSuchMethodError'{0x000000008bbad590}: 'java.lang.Object java.lang.invoke.DirectMethodHandle$Holder.invokeSpecial(java.lang.Object, java.lang.Object, java.lang.Object, int, java.lang.Object, java.lang.Object, java.lang.Object)'> (0x000000008bbad590) 
thrown [s\src\hotspot\share\interpreter\linkResolver.cpp, line 784]
Event: 15.988 Thread 0x0000021560d5bb10 Exception <a 'java/lang/NoSuchMethodError'{0x000000008bbb0c08}: 'java.lang.Object java.lang.invoke.Invokers$Holder.linkToTargetMethod(java.lang.Object, int, java.lang.Object, java.lang.Object, java.lang.Object, java.lang.Object)'> (0x000000008bbb0c08) 
thrown [s\src\hotspot\share\interpreter\linkResolver.cpp, line 784]

ZGC Phase Switch (0 events):
No events

VM Operations (20 events):
Event: 14.539 Executing VM operation: ICBufferFull
Event: 14.539 Executing VM operation: ICBufferFull done
Event: 15.068 Executing VM operation: ICBufferFull
Event: 15.068 Executing VM operation: ICBufferFull done
Event: 15.121 Executing VM operation: G1CollectForAllocation (G1 Evacuation Pause)
Event: 15.200 Executing VM operation: G1CollectForAllocation (G1 Evacuation Pause) done
Event: 15.878 Executing VM operation: ICBufferFull
Event: 15.878 Executing VM operation: ICBufferFull done
Event: 16.009 Executing VM operation: HandshakeAllThreads (Deoptimize)
Event: 16.009 Executing VM operation: HandshakeAllThreads (Deoptimize) done
Event: 16.011 Executing VM operation: HandshakeAllThreads (Deoptimize)
Event: 16.012 Executing VM operation: HandshakeAllThreads (Deoptimize) done
Event: 16.128 Executing VM operation: ICBufferFull
Event: 16.128 Executing VM operation: ICBufferFull done
Event: 17.135 Executing VM operation: Cleanup
Event: 17.135 Executing VM operation: Cleanup done
Event: 17.534 Executing VM operation: HandshakeAllThreads (Deoptimize)
Event: 17.534 Executing VM operation: HandshakeAllThreads (Deoptimize) done
Event: 18.539 Executing VM operation: Cleanup
Event: 18.539 Executing VM operation: Cleanup done

Memory protections (0 events):
No events

Nmethod flushes (20 events):
Event: 10.351 Thread 0x000002157bf2ea70 flushing  nmethod 0x0000021566c33190
Event: 10.351 Thread 0x000002157bf2ea70 flushing  nmethod 0x0000021566c3fa10
Event: 10.351 Thread 0x000002157bf2ea70 flushing  nmethod 0x0000021566c7d390
Event: 10.351 Thread 0x000002157bf2ea70 flushing  nmethod 0x0000021566cac190
Event: 10.351 Thread 0x000002157bf2ea70 flushing  nmethod 0x0000021566cac690
Event: 10.351 Thread 0x000002157bf2ea70 flushing  nmethod 0x0000021566cb0590
Event: 10.352 Thread 0x000002157bf2ea70 flushing  nmethod 0x0000021566cb4e10
Event: 10.352 Thread 0x000002157bf2ea70 flushing  nmethod 0x0000021566cf2810
Event: 10.352 Thread 0x000002157bf2ea70 flushing  nmethod 0x0000021566d5a410
Event: 10.352 Thread 0x000002157bf2ea70 flushing  nmethod 0x0000021566d5e010
Event: 10.352 Thread 0x000002157bf2ea70 flushing  nmethod 0x0000021566d67710
Event: 10.352 Thread 0x000002157bf2ea70 flushing  nmethod 0x0000021566daf110
Event: 10.352 Thread 0x000002157bf2ea70 flushing  nmethod 0x0000021566df6510
Event: 10.352 Thread 0x000002157bf2ea70 flushing  nmethod 0x0000021566df6f10
Event: 10.352 Thread 0x000002157bf2ea70 flushing  nmethod 0x0000021566e22a90
Event: 10.352 Thread 0x000002157bf2ea70 flushing  nmethod 0x0000021566f7df10
Event: 10.352 Thread 0x000002157bf2ea70 flushing  nmethod 0x0000021566fe5f10
Event: 10.352 Thread 0x000002157bf2ea70 flushing  nmethod 0x0000021566ff8a10
Event: 10.352 Thread 0x000002157bf2ea70 flushing  nmethod 0x0000021567015910
Event: 10.352 Thread 0x000002157bf2ea70 flushing  nmethod 0x000002156701d310

Events (17 events):
Event: 0.034 Thread 0x0000021560d5bb10 Thread added: 0x0000021560d5bb10
Event: 0.170 Thread 0x0000021560d5bb10 Thread added: 0x000002157c536e80
Event: 0.179 Thread 0x0000021560d5bb10 Thread added: 0x000002157c569940
Event: 0.181 Thread 0x0000021560d5bb10 Thread added: 0x000002157c56ad80
Event: 0.186 Thread 0x0000021560d5bb10 Thread added: 0x000002157c56f060
Event: 0.186 Thread 0x0000021560d5bb10 Thread added: 0x000002157c56fac0
Event: 0.186 Thread 0x0000021560d5bb10 Thread added: 0x000002157c571090
Event: 0.186 Thread 0x0000021560d5bb10 Thread added: 0x000002157c574670
Event: 0.186 Thread 0x0000021560d5bb10 Thread added: 0x000002157c575c40
Event: 0.186 Thread 0x0000021560d5bb10 Thread added: 0x000002157c577ef0
Event: 0.225 Thread 0x0000021560d5bb10 Thread added: 0x000002157c7505d0
Event: 0.243 Loaded shared library C:\Program Files\Android\Android Studio\jbr\bin\net.dll
Event: 0.254 Loaded shared library C:\Program Files\Android\Android Studio\jbr\bin\nio.dll
Event: 0.414 Loaded shared library C:\Program Files\Android\Android Studio\jbr\bin\zip.dll
Event: 0.491 Loaded shared library C:\Program Files\Android\Android Studio\jbr\bin\jimage.dll
Event: 11.886 Thread 0x000002157c577ef0 Thread added: 0x00000215043fb070
Event: 17.374 Thread 0x00000215043fb070 Thread exited: 0x00000215043fb070


Dynamic libraries:
0x00007ff6a8ad0000 - 0x00007ff6a8ada000 	C:\Program Files\Android\Android Studio\jbr\bin\java.exe
0x00007ffb1e180000 - 0x00007ffb1e3e7000 	C:\WINDOWS\SYSTEM32\ntdll.dll
0x00007ffb1cfe0000 - 0x00007ffb1d0a9000 	C:\WINDOWS\System32\KERNEL32.DLL
0x00007ffb1b9d0000 - 0x00007ffb1bdbf000 	C:\WINDOWS\System32\KERNELBASE.dll
0x00007ffb1bdd0000 - 0x00007ffb1bf1b000 	C:\WINDOWS\System32\ucrtbase.dll
0x00007ffb09930000 - 0x00007ffb09948000 	C:\Program Files\Android\Android Studio\jbr\bin\jli.dll
0x00007ffb078f0000 - 0x00007ffb0790b000 	C:\Program Files\Android\Android Studio\jbr\bin\VCRUNTIME140.dll
0x00007ffb1df60000 - 0x00007ffb1e125000 	C:\WINDOWS\System32\USER32.dll
0x00007ffb01b00000 - 0x00007ffb01d93000 	C:\WINDOWS\WinSxS\amd64_microsoft.windows.common-controls_6595b64144ccf1df_6.0.26100.7309_none_3e05feeae336a044\COMCTL32.dll
0x00007ffb1b730000 - 0x00007ffb1b757000 	C:\WINDOWS\System32\win32u.dll
0x00007ffb1d380000 - 0x00007ffb1d3ab000 	C:\WINDOWS\System32\GDI32.dll
0x00007ffb1c7a0000 - 0x00007ffb1c849000 	C:\WINDOWS\System32\msvcrt.dll
0x00007ffb1b760000 - 0x00007ffb1b88c000 	C:\WINDOWS\System32\gdi32full.dll
0x00007ffb1b5c0000 - 0x00007ffb1b663000 	C:\WINDOWS\System32\msvcp_win.dll
0x00007ffb1dce0000 - 0x00007ffb1dd11000 	C:\WINDOWS\System32\IMM32.DLL
0x00007ffaf9a10000 - 0x00007ffaf9a1c000 	C:\Program Files\Android\Android Studio\jbr\bin\vcruntime140_1.dll
0x00007ffaa5e80000 - 0x00007ffaa5f0d000 	C:\Program Files\Android\Android Studio\jbr\bin\msvcp140.dll
0x00007ffab5e10000 - 0x00007ffab6aa6000 	C:\Program Files\Android\Android Studio\jbr\bin\server\jvm.dll
0x00007ffb1dd90000 - 0x00007ffb1de44000 	C:\WINDOWS\System32\ADVAPI32.dll
0x00007ffb1d4c0000 - 0x00007ffb1d566000 	C:\WINDOWS\System32\sechost.dll
0x00007ffb1cdc0000 - 0x00007ffb1ced8000 	C:\WINDOWS\System32\RPCRT4.dll
0x00007ffb1c520000 - 0x00007ffb1c594000 	C:\WINDOWS\System32\WS2_32.dll
0x00007ffb1b130000 - 0x00007ffb1b18e000 	C:\WINDOWS\SYSTEM32\POWRPROF.dll
0x00007ffb13540000 - 0x00007ffb1354b000 	C:\WINDOWS\SYSTEM32\VERSION.dll
0x00007ffb13ab0000 - 0x00007ffb13ae5000 	C:\WINDOWS\SYSTEM32\WINMM.dll
0x00007ffb1b110000 - 0x00007ffb1b124000 	C:\WINDOWS\SYSTEM32\UMPDC.dll
0x00007ffb19fa0000 - 0x00007ffb19fbb000 	C:\WINDOWS\SYSTEM32\kernel.appcore.dll
0x00007ffaf9770000 - 0x00007ffaf977a000 	C:\Program Files\Android\Android Studio\jbr\bin\jimage.dll
0x00007ffb188d0000 - 0x00007ffb18b12000 	C:\WINDOWS\SYSTEM32\DBGHELP.DLL
0x00007ffb1c190000 - 0x00007ffb1c515000 	C:\WINDOWS\System32\combase.dll
0x00007ffb1de50000 - 0x00007ffb1df26000 	C:\WINDOWS\System32\OLEAUT32.dll
0x00007ffaf9b60000 - 0x00007ffaf9b9c000 	C:\WINDOWS\SYSTEM32\dbgcore.DLL
0x00007ffb1b890000 - 0x00007ffb1b935000 	C:\WINDOWS\System32\bcryptPrimitives.dll
0x00007ffaf9750000 - 0x00007ffaf9770000 	C:\Program Files\Android\Android Studio\jbr\bin\java.dll
0x00007ffaf9730000 - 0x00007ffaf9748000 	C:\Program Files\Android\Android Studio\jbr\bin\zip.dll
0x00007ffb1d570000 - 0x00007ffb1dcc3000 	C:\WINDOWS\System32\SHELL32.dll
0x00007ffb1b450000 - 0x00007ffb1b5ba000 	C:\WINDOWS\System32\wintypes.dll
0x00007ffb18e80000 - 0x00007ffb196de000 	C:\WINDOWS\SYSTEM32\windows.storage.dll
0x00007ffb1d0b0000 - 0x00007ffb1d1a5000 	C:\WINDOWS\System32\SHCORE.dll
0x00007ffb1dd20000 - 0x00007ffb1dd86000 	C:\WINDOWS\System32\shlwapi.dll
0x00007ffb1b1f0000 - 0x00007ffb1b219000 	C:\WINDOWS\SYSTEM32\profapi.dll
0x00007ffaed690000 - 0x00007ffaed6a0000 	C:\Program Files\Android\Android Studio\jbr\bin\net.dll
0x00007ffb13760000 - 0x00007ffb13888000 	C:\WINDOWS\SYSTEM32\WINHTTP.dll
0x00007ffb1a590000 - 0x00007ffb1a5fb000 	C:\WINDOWS\system32\mswsock.dll
0x00007ffaed670000 - 0x00007ffaed686000 	C:\Program Files\Android\Android Studio\jbr\bin\nio.dll
0x00007ffb098d0000 - 0x00007ffb098e0000 	C:\Program Files\Android\Android Studio\jbr\bin\verify.dll

JVMTI agents: none

dbghelp: loaded successfully - version: 4.0.5 - missing functions: none
symbol engine: initialized successfully - sym options: 0x614 - pdb path: .;C:\Program Files\Android\Android Studio\jbr\bin;C:\WINDOWS\SYSTEM32;C:\WINDOWS\WinSxS\amd64_microsoft.windows.common-controls_6595b64144ccf1df_6.0.26100.7309_none_3e05feeae336a044;C:\Program Files\Android\Android Studio\jbr\bin\server

VM Arguments:
java_command: org.jetbrains.kotlin.cli.jvm.K2JVMCompiler @D:\salat\salaat\build\webview_flutter_android\20251225_5599860886974703296.compiler.options
java_class_path (initial): C:\Users\Dell-3\.gradle\caches\modules-2\files-2.1\org.jetbrains.kotlin\kotlin-compiler-embeddable\2.1.20\4ef56b3316798316bfac7a0ae443391c9e900ea1\kotlin-compiler-embeddable-2.1.20.jar;C:\Users\Dell-3\.gradle\caches\modules-2\files-2.1\org.jetbrains.kotlin\kotlin-stdlib\2.1.20\aa8ca79cd50578314f6d1180c47cbe14c0fee567\kotlin-stdlib-2.1.20.jar;C:\Users\Dell-3\.gradle\caches\modules-2\files-2.1\org.jetbrains.kotlin\kotlin-script-runtime\2.1.20\f7c623d7f7bdb01f5ccd6b437bc0a937fcd7c57e\kotlin-script-runtime-2.1.20.jar;C:\Users\Dell-3\.gradle\caches\modules-2\files-2.1\org.jetbrains.kotlin\kotlin-reflect\1.6.10\1cbe9c92c12a94eea200d23c2bbaedaf3daf5132\kotlin-reflect-1.6.10.jar;C:\Users\Dell-3\.gradle\caches\modules-2\files-2.1\org.jetbrains.kotlin\kotlin-daemon-embeddable\2.1.20\95670fce77befd02a70a0bc3abe8ee4533521334\kotlin-daemon-embeddable-2.1.20.jar;C:\Users\Dell-3\.gradle\caches\modules-2\files-2.1\org.jetbrains.intellij.deps\trove4j\1.0.20200330\3afb14d5f9ceb459d724e907a21145e8ff394f02\trove4j-1.0.20200330.jar;C:\Users\Dell-3\.gradle\caches\modules-2\files-2.1\org.jetbrains.kotlinx\kotlinx-coroutines-core-jvm\1.8.0\ac1dc37a30a93150b704022f8d895ee1bd3a36b3\kotlinx-coroutines-core-jvm-1.8.0.jar;C:\Users\Dell-3\.gradle\caches\modules-2\files-2.1\org.jetbrains\annotations\13.0\919f0dfe192fb4e063e7dacadee7f8bb9a2672a9\annotations-13.0.jar
Launcher Type: SUN_STANDARD

[Global flags]
     intx CICompilerCount                          = 12                                        {product} {ergonomic}
     uint ConcGCThreads                            = 5                                         {product} {ergonomic}
     uint G1ConcRefinementThreads                  = 20                                        {product} {ergonomic}
   size_t G1HeapRegionSize                         = 1048576                                   {product} {ergonomic}
    uintx GCDrainStackTargetSize                   = 64                                        {product} {ergonomic}
   size_t InitialHeapSize                          = 130023424                                 {product} {ergonomic}
   size_t MarkStackSize                            = 4194304                                   {product} {ergonomic}
   size_t MaxHeapSize                              = 2065694720                                {product} {ergonomic}
   size_t MaxNewSize                               = 1239416832                                {product} {ergonomic}
   size_t MinHeapDeltaBytes                        = 1048576                                   {product} {ergonomic}
   size_t MinHeapSize                              = 8388608                                   {product} {ergonomic}
    uintx NonNMethodCodeHeapSize                   = 7602480                                {pd product} {ergonomic}
    uintx NonProfiledCodeHeapSize                  = 122027880                              {pd product} {ergonomic}
    uintx ProfiledCodeHeapSize                     = 122027880                              {pd product} {ergonomic}
    uintx ReservedCodeCacheSize                    = 251658240                              {pd product} {ergonomic}
     bool SegmentedCodeCache                       = true                                      {product} {ergonomic}
   size_t SoftMaxHeapSize                          = 2065694720                             {manageable} {ergonomic}
     bool UseCompressedOops                        = true                           {product lp64_product} {ergonomic}
     bool UseG1GC                                  = true                                      {product} {ergonomic}
     bool UseLargePagesIndividualAllocation        = false                                  {pd product} {ergonomic}

Logging:
Log output configuration:
 #0: stdout all=warning uptime,level,tags foldmultilines=false
 #1: stderr all=off uptime,level,tags foldmultilines=false

Environment Variables:
JAVA_HOME=C:\Program Files\Android\Android Studio\jbr
CLASSPATH=d:\salat\salaat\android\\gradle\wrapper\gradle-wrapper.jar
PATH=C:\Program Files\Android\Android Studio\jbr\bin;C:\Program Files\Common Files\Oracle\Java\javapath;C:\Python314\Scripts\;C:\Python314\;C:\WINDOWS\system32;C:\WINDOWS;C:\WINDOWS\System32\Wbem;C:\WINDOWS\System32\WindowsPowerShell\v1.0\;C:\WINDOWS\System32\OpenSSH\;C:\ProgramData\chocolatey\bin;C:\xampp\php;C:\ProgramData\ComposerSetup\bin;C:\Program Files\Git\cmd;C:\Program Files (x86)\HP\HP OCR\DB_Lib\;C:\Program Files\HP\Common\HPDestPlgIn\;C:\Program Files (x86)\HP\Common\HPDestPlgIn\;C:\Program Files\nodejs\;C:\Program Files\dotnet\;C:\ffmpeg\bin;C:\Program Files\Common Files\Oracle\Java\javapath;C:\Python314\Scripts\;C:\Python314\;C:\WINDOWS\system32;C:\WINDOWS;C:\WINDOWS\System32\Wbem;C:\WINDOWS\System32\WindowsPowerShell\v1.0\;C:\WINDOWS\System32\OpenSSH\;C:\ProgramData\chocolatey\bin;C:\Program Files\dotnet\;C:\xampp\php;C:\ProgramData\ComposerSetup\bin;C:\Program Files\nodejs\;C:\Program Files\Git\cmd;C:\Users\Dell-3\AppData\Local\Microsoft\WindowsApps;C:\Users\Dell-3\AppData\Local\Programs\Microsoft VS Code\bin;C:\Users\Dell-3\.dotnet\tools;C:\Users\Dell-3\AppData\Local\Pub\Cache\bin;C:\dart;C:\src\flutter\flutter\bin;C:\Users\Dell-3\AppData\Roaming\Composer\vendor\bin;C:\Program Files\Git\bin;C:\Users\Dell-3\AppData\Local\Android\Sdk\platform-tools;C:\Users\Dell-3\AppData\Local\Android\Sdk\platform-tools;C:\Program Files\HP\Common\HPDestPlgIn\;C:\Program Files (x86)\HP\Common\HPDestPlgIn\;C:\Users\Dell-3\AppData\Roaming\npm;C:\Users\Dell-3\.dotnet\tools;C:\src\flutter\flutter\bin\mingit\cmd
USERNAME=Dell-3
OS=Windows_NT
PROCESSOR_IDENTIFIER=Intel64 Family 6 Model 183 Stepping 1, GenuineIntel
TMP=C:\Users\Dell-3\AppData\Local\Temp
TEMP=C:\Users\Dell-3\AppData\Local\Temp




Periodic native trim disabled

JNI global refs:
JNI global refs: 20, weak refs: 5

JNI global refs memory usage: 835, weak refs: 833

Process memory usage:
Resident Set Size: 235036K (2% of 8067892K total physical memory with 9112K free physical memory)

OOME stack traces (most recent first):
Classloader memory used:
Loader jdk.internal.loader.ClassLoaders$AppClassLoader                                 : 59796K
Loader bootstrap                                                                       : 11182K

---------------  S Y S T E M  ---------------

OS:
 Windows 11 , 64 bit Build 26100 (10.0.26100.7309)
OS uptime: 0 days 4:58 hours
Hyper-V role detected

CPU: total 28 (initial active 28) (14 cores per cpu, 2 threads per core) family 6 model 183 stepping 1 microcode 0x12f, cx8, cmov, fxsr, ht, mmx, 3dnowpref, sse, sse2, sse3, ssse3, sse4.1, sse4.2, popcnt, lzcnt, tsc, tscinvbit, avx, avx2, aes, erms, clmul, bmi1, bmi2, adx, sha, fma, vzeroupper, clflush, clflushopt, clwb, hv, serialize, rdtscp, rdpid, fsrm, f16c, cet_ibt, cet_ss
Processor Information for the first 28 processors :
  Max Mhz: 2100, Current Mhz: 2100, Mhz Limit: 2100

Memory: 4k page, system-wide physical 7878M (8M free)
TotalPageFile size 32454M (AvailPageFile size 20M)
current process WorkingSet (physical memory assigned to process): 231M, peak: 294M
current process commit charge ("private bytes"): 403M, peak: 407M

vm_info: OpenJDK 64-Bit Server VM (21.0.8+-14196175-b1038.72) for windows-amd64 JRE (21.0.8+-14196175-b1038.72), built on 2025-10-01T10:24:33Z by "builder" with MS VC++ 16.10 / 16.11 (VS2019)

END.
