#
# There is insufficient memory for the Java Runtime Environment to continue.
# Native memory allocation (mmap) failed to map 27262976 bytes. Error detail: G1 virtual space
# Possible reasons:
#   The system is out of physical RAM or swap space
#   This process is running with CompressedOops enabled, and the Java Heap may be blocking the growth of the native heap
# Possible solutions:
#   Reduce memory load on the system
#   Increase physical memory or swap space
#   Check if swap backing store is full
#   Decrease Java heap size (-Xmx/-Xms)
#   Decrease number of Java threads
#   Decrease Java thread stack sizes (-Xss)
#   Set larger code cache with -XX:ReservedCodeCacheSize=
#   JVM is running with Unscaled Compressed Oops mode in which the Java heap is
#     placed in the first 4GB address space. The Java Heap base address is the
#     maximum limit for the native heap growth. Please use -XX:HeapBaseMinAddress
#     to set the Java Heap base and to place the Java Heap above 4GB virtual address.
# This output file may be truncated or incomplete.
#
#  Out of Memory Error (os_windows.cpp:3925), pid=27072, tid=13424
#
# JRE version: OpenJDK Runtime Environment (21.0.8) (build 21.0.8+-14196175-b1038.72)
# Java VM: OpenJDK 64-Bit Server VM (21.0.8+-14196175-b1038.72, mixed mode, tiered, compressed oops, compressed class ptrs, g1 gc, windows-amd64)
# No core dump will be written. Minidumps are not enabled by default on client versions of Windows
#

---------------  S U M M A R Y ------------

Command Line: org.jetbrains.kotlin.cli.jvm.K2JVMCompiler @D:\salat\salaat\build\file_picker\20251124_7684528473771773113.compiler.options

Host: Intel(R) Core(TM) i7-14700, 28 cores, 7G,  Windows 11 , 64 bit Build 26100 (10.0.26100.7019)
Time: Mon Nov 24 18:57:35 2025 elapsed time: 6.613897 seconds (0d 0h 0m 6s)

---------------  T H R E A D  ---------------

Current thread (0x0000021564b12310):  VMThread "VM Thread"          [id=13424, stack(0x000000986b400000,0x000000986b500000) (1024K)]

Stack: [0x000000986b400000,0x000000986b500000]
Native frames: (J=compiled Java code, j=interpreted, Vv=VM code, C=native code)
V  [jvm.dll+0x6d68d9]
V  [jvm.dll+0x866693]
V  [jvm.dll+0x868c4e]
V  [jvm.dll+0x869333]
V  [jvm.dll+0x280566]
V  [jvm.dll+0x6d3195]
V  [jvm.dll+0x6c69ea]
V  [jvm.dll+0x3586db]
V  [jvm.dll+0x360336]
V  [jvm.dll+0x3b23f6]
V  [jvm.dll+0x3b26c8]
V  [jvm.dll+0x32ae6c]
V  [jvm.dll+0x32aef7]
V  [jvm.dll+0x370d3c]
V  [jvm.dll+0x36f4ee]
V  [jvm.dll+0x32a5c1]
V  [jvm.dll+0x36ebf0]
V  [jvm.dll+0x86f0b8]
V  [jvm.dll+0x870434]
V  [jvm.dll+0x870970]
V  [jvm.dll+0x870c03]
V  [jvm.dll+0x80eac8]
V  [jvm.dll+0x6d512d]
C  [ucrtbase.dll+0x37b0]
C  [KERNEL32.DLL+0x2e8d7]
C  [ntdll.dll+0x8c53c]

VM_Operation (0x000000986adf7820): G1CollectForAllocation, mode: safepoint, requested by thread 0x00000215493663c0


---------------  P R O C E S S  ---------------

Threads class SMR info:
_java_thread_list=0x0000021564d24550, length=11, elements={
0x00000215493663c0, 0x0000021564b887e0, 0x0000021564bb6110, 0x0000021564b93c30,
0x0000021564b96b60, 0x0000021564b975c0, 0x0000021564b98020, 0x0000021564b9aa90,
0x0000021564b9b820, 0x0000021564b9d400, 0x0000021564d4a3a0
}

Java Threads: ( => current thread )
  0x00000215493663c0 JavaThread "main"                              [_thread_blocked, id=22908, stack(0x000000986ad00000,0x000000986ae00000) (1024K)]
  0x0000021564b887e0 JavaThread "Common-Cleaner"             daemon [_thread_blocked, id=10196, stack(0x000000986b500000,0x000000986b600000) (1024K)]
  0x0000021564bb6110 JavaThread "Reference Handler"          daemon [_thread_blocked, id=38808, stack(0x000000986b600000,0x000000986b700000) (1024K)]
  0x0000021564b93c30 JavaThread "Finalizer"                  daemon [_thread_blocked, id=35496, stack(0x000000986b700000,0x000000986b800000) (1024K)]
  0x0000021564b96b60 JavaThread "Signal Dispatcher"          daemon [_thread_blocked, id=35196, stack(0x000000986b800000,0x000000986b900000) (1024K)]
  0x0000021564b975c0 JavaThread "Attach Listener"            daemon [_thread_blocked, id=37500, stack(0x000000986b900000,0x000000986ba00000) (1024K)]
  0x0000021564b98020 JavaThread "Service Thread"             daemon [_thread_blocked, id=38216, stack(0x000000986ba00000,0x000000986bb00000) (1024K)]
  0x0000021564b9aa90 JavaThread "Monitor Deflation Thread"   daemon [_thread_blocked, id=33160, stack(0x000000986bb00000,0x000000986bc00000) (1024K)]
  0x0000021564b9b820 JavaThread "C2 CompilerThread0"         daemon [_thread_blocked, id=39024, stack(0x000000986bc00000,0x000000986bd00000) (1024K)]
  0x0000021564b9d400 JavaThread "C1 CompilerThread0"         daemon [_thread_blocked, id=31148, stack(0x000000986bd00000,0x000000986be00000) (1024K)]
  0x0000021564d4a3a0 JavaThread "Notification Thread"        daemon [_thread_blocked, id=32960, stack(0x000000986be00000,0x000000986bf00000) (1024K)]
Total: 11

Other Threads:
=>0x0000021564b12310 VMThread "VM Thread"                           [id=13424, stack(0x000000986b400000,0x000000986b500000) (1024K)]
  0x0000021563eb7ff0 WatcherThread "VM Periodic Task Thread"        [id=34152, stack(0x000000986b300000,0x000000986b400000) (1024K)]
  0x000002154b984c30 WorkerThread "GC Thread#0"                     [id=39732, stack(0x000000986ae00000,0x000000986af00000) (1024K)]
  0x000002156960bd10 WorkerThread "GC Thread#1"                     [id=34012, stack(0x000000986bf00000,0x000000986c000000) (1024K)]
  0x000002156960c350 WorkerThread "GC Thread#2"                     [id=9052, stack(0x000000986c000000,0x000000986c100000) (1024K)]
  0x000002156962ebd0 WorkerThread "GC Thread#3"                     [id=30768, stack(0x000000986c100000,0x000000986c200000) (1024K)]
  0x0000021569631430 WorkerThread "GC Thread#4"                     [id=42868, stack(0x000000986c200000,0x000000986c300000) (1024K)]
  0x00000215696317d0 WorkerThread "GC Thread#5"                     [id=14392, stack(0x000000986c300000,0x000000986c400000) (1024K)]
  0x00000215696d1a60 WorkerThread "GC Thread#6"                     [id=26376, stack(0x000000986c400000,0x000000986c500000) (1024K)]
  0x00000215696d2c80 WorkerThread "GC Thread#7"                     [id=30488, stack(0x000000986c500000,0x000000986c600000) (1024K)]
  0x0000021569d5d3d0 WorkerThread "GC Thread#8"                     [id=45284, stack(0x000000986ca00000,0x000000986cb00000) (1024K)]
  0x0000021569d5c1b0 WorkerThread "GC Thread#9"                     [id=42784, stack(0x000000986cb00000,0x000000986cc00000) (1024K)]
  0x0000021569d5deb0 WorkerThread "GC Thread#10"                    [id=3120, stack(0x000000986cc00000,0x000000986cd00000) (1024K)]
  0x0000021569d5c550 WorkerThread "GC Thread#11"                    [id=24292, stack(0x000000986cd00000,0x000000986ce00000) (1024K)]
  0x000002156b320a30 WorkerThread "GC Thread#12"                    [id=36452, stack(0x000000986ce00000,0x000000986cf00000) (1024K)]
  0x000002156c683340 WorkerThread "GC Thread#13"                    [id=38404, stack(0x000000986cf00000,0x000000986d000000) (1024K)]
  0x000002156c683a80 WorkerThread "GC Thread#14"                    [id=7792, stack(0x000000986d000000,0x000000986d100000) (1024K)]
  0x000002156c6812a0 WorkerThread "GC Thread#15"                    [id=9124, stack(0x000000986d100000,0x000000986d200000) (1024K)]
  0x000002156cacc7e0 WorkerThread "GC Thread#16"                    [id=43828, stack(0x000000986d200000,0x000000986d300000) (1024K)]
  0x000002156cacb960 WorkerThread "GC Thread#17"                    [id=17132, stack(0x000000986d300000,0x000000986d400000) (1024K)]
  0x000002156cacc0a0 WorkerThread "GC Thread#18"                    [id=4580, stack(0x000000986d400000,0x000000986d500000) (1024K)]
  0x000002154b995300 ConcurrentGCThread "G1 Main Marker"            [id=39616, stack(0x000000986af00000,0x000000986b000000) (1024K)]
  0x000002154b996c40 WorkerThread "G1 Conc#0"                       [id=26620, stack(0x000000986b000000,0x000000986b100000) (1024K)]
  0x00000215696d3020 WorkerThread "G1 Conc#1"                       [id=45232, stack(0x000000986c600000,0x000000986c700000) (1024K)]
  0x00000215696d16c0 WorkerThread "G1 Conc#2"                       [id=41100, stack(0x000000986c700000,0x000000986c800000) (1024K)]
  0x00000215696d1e00 WorkerThread "G1 Conc#3"                       [id=39480, stack(0x000000986c800000,0x000000986c900000) (1024K)]
  0x00000215696d21a0 WorkerThread "G1 Conc#4"                       [id=11588, stack(0x000000986c900000,0x000000986ca00000) (1024K)]
  0x000002154b9eea00 ConcurrentGCThread "G1 Refine#0"               [id=13048, stack(0x000000986b100000,0x000000986b200000) (1024K)]
  0x0000021563d74570 ConcurrentGCThread "G1 Service"                [id=3308, stack(0x000000986b200000,0x000000986b300000) (1024K)]
Total: 29

Threads with active compile tasks:
C2 CompilerThread0  6647 5526       4       java.util.LinkedList::linkFirst (59 bytes)
C1 CompilerThread0  6647 5566       3       org.jetbrains.kotlin.fir.declarations.DeprecationUtilsKt::extractDeprecationInfoPerUseSite (133 bytes)
Total: 2

VM state: at safepoint (normal execution)

VM Mutex/Monitor currently owned by a thread:  ([mutex/lock_event])
[0x00007ffbde2c85b8] Threads_lock - owner thread: 0x0000021564b12310
[0x00007ffbde2c86b8] Heap_lock - owner thread: 0x00000215493663c0

Heap address: 0x0000000084e00000, size: 1970 MB, Compressed Oops mode: 32-bit

CDS archive(s) not mapped
Compressed class space mapped at: 0x0000000100000000-0x0000000140000000, reserved size: 1073741824
Narrow klass base: 0x0000000000000000, Narrow klass shift: 3, Narrow klass range: 0x140000000

GC Precious Log:
 CardTable entry size: 512
 Card Set container configuration: InlinePtr #cards 5 size 8 Array Of Cards #cards 12 size 40 Howl #buckets 4 coarsen threshold 1843 Howl Bitmap #cards 512 size 80 coarsen threshold 460 Card regions per heap region 1 cards per card region 2048
 CPUs: 28 total, 28 available
 Memory: 7878M
 Large Page Support: Disabled
 NUMA Support: Disabled
 Compressed Oops: Enabled (32-bit)
 Heap Region Size: 1M
 Heap Min Capacity: 8M
 Heap Initial Capacity: 124M
 Heap Max Capacity: 1970M
 Pre-touch: Disabled
 Parallel Workers: 20
 Concurrent Workers: 5
 Concurrent Refinement Workers: 20
 Periodic GC: Disabled

Heap:
 garbage-first heap   total 71680K, used 46438K [0x0000000084e00000, 0x0000000100000000)
  region size 1024K, 3 young (3072K), 3 survivors (3072K)
 Metaspace       used 55696K, committed 56000K, reserved 1114112K
  class space    used 6513K, committed 6656K, reserved 1048576K

Heap Regions: E=young(eden), S=young(survivor), O=old, HS=humongous(starts), HC=humongous(continues), CS=collection set, F=free, TAMS=top-at-mark-start, PB=parsable bottom
|   0|0x0000000084e00000, 0x0000000084f00000, 0x0000000084f00000|100%|HS|  |TAMS 0x0000000084e00000| PB 0x0000000084e00000| Complete 
|   1|0x0000000084f00000, 0x0000000085000000, 0x0000000085000000|100%|HC|  |TAMS 0x0000000084f00000| PB 0x0000000084f00000| Complete 
|   2|0x0000000085000000, 0x0000000085100000, 0x0000000085100000|100%|HC|  |TAMS 0x0000000085000000| PB 0x0000000085000000| Complete 
|   3|0x0000000085100000, 0x0000000085200000, 0x0000000085200000|100%|HC|  |TAMS 0x0000000085100000| PB 0x0000000085100000| Complete 
|   4|0x0000000085200000, 0x0000000085300000, 0x0000000085300000|100%| O|  |TAMS 0x0000000085200000| PB 0x0000000085200000| Untracked 
|   5|0x0000000085300000, 0x0000000085400000, 0x0000000085400000|100%| O|  |TAMS 0x0000000085300000| PB 0x0000000085300000| Untracked 
|   6|0x0000000085400000, 0x00000000854d9b00, 0x0000000085500000| 85%| O|  |TAMS 0x0000000085400000| PB 0x0000000085400000| Untracked 
|   7|0x0000000085500000, 0x0000000085600000, 0x0000000085600000|100%| O|  |TAMS 0x0000000085500000| PB 0x0000000085500000| Untracked 
|   8|0x0000000085600000, 0x0000000085700000, 0x0000000085700000|100%| O|  |TAMS 0x0000000085600000| PB 0x0000000085600000| Untracked 
|   9|0x0000000085700000, 0x0000000085800000, 0x0000000085800000|100%| O|  |TAMS 0x0000000085700000| PB 0x0000000085700000| Untracked 
|  10|0x0000000085800000, 0x0000000085900000, 0x0000000085900000|100%| O|  |TAMS 0x0000000085800000| PB 0x0000000085800000| Untracked 
|  11|0x0000000085900000, 0x0000000085a00000, 0x0000000085a00000|100%| O|  |TAMS 0x0000000085900000| PB 0x0000000085900000| Untracked 
|  12|0x0000000085a00000, 0x0000000085b00000, 0x0000000085b00000|100%| O|  |TAMS 0x0000000085a00000| PB 0x0000000085a00000| Untracked 
|  13|0x0000000085b00000, 0x0000000085c00000, 0x0000000085c00000|100%| O|  |TAMS 0x0000000085b00000| PB 0x0000000085b00000| Untracked 
|  14|0x0000000085c00000, 0x0000000085d00000, 0x0000000085d00000|100%| O|  |TAMS 0x0000000085c00000| PB 0x0000000085c00000| Untracked 
|  15|0x0000000085d00000, 0x0000000085e00000, 0x0000000085e00000|100%| O|  |TAMS 0x0000000085d00000| PB 0x0000000085d00000| Untracked 
|  16|0x0000000085e00000, 0x0000000085f00000, 0x0000000085f00000|100%| O|  |TAMS 0x0000000085e00000| PB 0x0000000085e00000| Untracked 
|  17|0x0000000085f00000, 0x0000000086000000, 0x0000000086000000|100%| O|  |TAMS 0x0000000085f00000| PB 0x0000000085f00000| Untracked 
|  18|0x0000000086000000, 0x0000000086100000, 0x0000000086100000|100%| O|Cm|TAMS 0x0000000086000000| PB 0x0000000086000000| Complete 
|  19|0x0000000086100000, 0x0000000086200000, 0x0000000086200000|100%|HS|  |TAMS 0x0000000086100000| PB 0x0000000086100000| Complete 
|  20|0x0000000086200000, 0x0000000086300000, 0x0000000086300000|100%| O|  |TAMS 0x0000000086200000| PB 0x0000000086200000| Untracked 
|  21|0x0000000086300000, 0x0000000086400000, 0x0000000086400000|100%| O|  |TAMS 0x0000000086300000| PB 0x0000000086300000| Untracked 
|  22|0x0000000086400000, 0x0000000086500000, 0x0000000086500000|100%| O|  |TAMS 0x0000000086400000| PB 0x0000000086400000| Untracked 
|  23|0x0000000086500000, 0x0000000086600000, 0x0000000086600000|100%| O|  |TAMS 0x0000000086500000| PB 0x0000000086500000| Untracked 
|  24|0x0000000086600000, 0x0000000086700000, 0x0000000086700000|100%| O|  |TAMS 0x0000000086600000| PB 0x0000000086600000| Untracked 
|  25|0x0000000086700000, 0x0000000086800000, 0x0000000086800000|100%| O|  |TAMS 0x0000000086700000| PB 0x0000000086700000| Untracked 
|  26|0x0000000086800000, 0x0000000086900000, 0x0000000086900000|100%| O|  |TAMS 0x0000000086800000| PB 0x0000000086800000| Untracked 
|  27|0x0000000086900000, 0x0000000086a00000, 0x0000000086a00000|100%| O|  |TAMS 0x0000000086900000| PB 0x0000000086900000| Untracked 
|  28|0x0000000086a00000, 0x0000000086b00000, 0x0000000086b00000|100%| O|  |TAMS 0x0000000086a00000| PB 0x0000000086a00000| Untracked 
|  29|0x0000000086b00000, 0x0000000086c00000, 0x0000000086c00000|100%| O|  |TAMS 0x0000000086b00000| PB 0x0000000086b00000| Untracked 
|  30|0x0000000086c00000, 0x0000000086d00000, 0x0000000086d00000|100%| O|  |TAMS 0x0000000086c00000| PB 0x0000000086c00000| Untracked 
|  31|0x0000000086d00000, 0x0000000086e00000, 0x0000000086e00000|100%| O|  |TAMS 0x0000000086d00000| PB 0x0000000086d00000| Untracked 
|  32|0x0000000086e00000, 0x0000000086f00000, 0x0000000086f00000|100%| O|  |TAMS 0x0000000086e00000| PB 0x0000000086e00000| Untracked 
|  33|0x0000000086f00000, 0x0000000087000000, 0x0000000087000000|100%| O|  |TAMS 0x0000000086f00000| PB 0x0000000086f00000| Untracked 
|  34|0x0000000087000000, 0x0000000087100000, 0x0000000087100000|100%| O|  |TAMS 0x0000000087000000| PB 0x0000000087000000| Untracked 
|  35|0x0000000087100000, 0x0000000087200000, 0x0000000087200000|100%| O|  |TAMS 0x0000000087100000| PB 0x0000000087100000| Untracked 
|  36|0x0000000087200000, 0x0000000087200000, 0x0000000087300000|  0%| F|  |TAMS 0x0000000087200000| PB 0x0000000087200000| Untracked 
|  37|0x0000000087300000, 0x0000000087380000, 0x0000000087400000| 50%| O|  |TAMS 0x0000000087300000| PB 0x0000000087300000| Untracked 
|  38|0x0000000087400000, 0x0000000087400000, 0x0000000087500000|  0%| F|  |TAMS 0x0000000087400000| PB 0x0000000087400000| Untracked 
|  39|0x0000000087500000, 0x0000000087500000, 0x0000000087600000|  0%| F|  |TAMS 0x0000000087500000| PB 0x0000000087500000| Untracked 
|  40|0x0000000087600000, 0x0000000087600000, 0x0000000087700000|  0%| F|  |TAMS 0x0000000087600000| PB 0x0000000087600000| Untracked 
|  41|0x0000000087700000, 0x0000000087700000, 0x0000000087800000|  0%| F|  |TAMS 0x0000000087700000| PB 0x0000000087700000| Untracked 
|  42|0x0000000087800000, 0x0000000087800000, 0x0000000087900000|  0%| F|  |TAMS 0x0000000087800000| PB 0x0000000087800000| Untracked 
|  43|0x0000000087900000, 0x0000000087900000, 0x0000000087a00000|  0%| F|  |TAMS 0x0000000087900000| PB 0x0000000087900000| Untracked 
|  44|0x0000000087a00000, 0x0000000087a00000, 0x0000000087b00000|  0%| F|  |TAMS 0x0000000087a00000| PB 0x0000000087a00000| Untracked 
|  45|0x0000000087b00000, 0x0000000087c00000, 0x0000000087c00000|100%| S|CS|TAMS 0x0000000087b00000| PB 0x0000000087b00000| Complete 
|  46|0x0000000087c00000, 0x0000000087d00000, 0x0000000087d00000|100%| S|CS|TAMS 0x0000000087c00000| PB 0x0000000087c00000| Complete 
|  47|0x0000000087d00000, 0x0000000087e00000, 0x0000000087e00000|100%| S|CS|TAMS 0x0000000087d00000| PB 0x0000000087d00000| Complete 
|  48|0x0000000087e00000, 0x0000000087e00000, 0x0000000087f00000|  0%| F|  |TAMS 0x0000000087e00000| PB 0x0000000087e00000| Untracked 
|  49|0x0000000087f00000, 0x0000000087f00000, 0x0000000088000000|  0%| F|  |TAMS 0x0000000087f00000| PB 0x0000000087f00000| Untracked 
|  50|0x0000000088000000, 0x0000000088000000, 0x0000000088100000|  0%| F|  |TAMS 0x0000000088000000| PB 0x0000000088000000| Untracked 
|  51|0x0000000088100000, 0x0000000088100000, 0x0000000088200000|  0%| F|  |TAMS 0x0000000088100000| PB 0x0000000088100000| Untracked 
|  52|0x0000000088200000, 0x0000000088200000, 0x0000000088300000|  0%| F|  |TAMS 0x0000000088200000| PB 0x0000000088200000| Untracked 
|  53|0x0000000088300000, 0x0000000088300000, 0x0000000088400000|  0%| F|  |TAMS 0x0000000088300000| PB 0x0000000088300000| Untracked 
|  54|0x0000000088400000, 0x0000000088400000, 0x0000000088500000|  0%| F|  |TAMS 0x0000000088400000| PB 0x0000000088400000| Untracked 
|  55|0x0000000088500000, 0x0000000088500000, 0x0000000088600000|  0%| F|  |TAMS 0x0000000088500000| PB 0x0000000088500000| Untracked 
|  56|0x0000000088600000, 0x0000000088600000, 0x0000000088700000|  0%| F|  |TAMS 0x0000000088600000| PB 0x0000000088600000| Untracked 
|  57|0x0000000088700000, 0x0000000088700000, 0x0000000088800000|  0%| F|  |TAMS 0x0000000088700000| PB 0x0000000088700000| Untracked 
|  58|0x0000000088800000, 0x0000000088800000, 0x0000000088900000|  0%| F|  |TAMS 0x0000000088800000| PB 0x0000000088800000| Untracked 
|  59|0x0000000088900000, 0x0000000088900000, 0x0000000088a00000|  0%| F|  |TAMS 0x0000000088900000| PB 0x0000000088900000| Untracked 
|  60|0x0000000088a00000, 0x0000000088a00000, 0x0000000088b00000|  0%| F|  |TAMS 0x0000000088a00000| PB 0x0000000088a00000| Untracked 
|  97|0x000000008af00000, 0x000000008af00000, 0x000000008b000000|  0%| F|  |TAMS 0x000000008af00000| PB 0x000000008af00000| Untracked 
| 101|0x000000008b300000, 0x000000008b300000, 0x000000008b400000|  0%| F|  |TAMS 0x000000008b300000| PB 0x000000008b300000| Untracked 
| 123|0x000000008c900000, 0x000000008c900000, 0x000000008ca00000|  0%| F|  |TAMS 0x000000008c900000| PB 0x000000008c900000| Untracked 
|1964|0x00000000ffa00000, 0x00000000ffb00000, 0x00000000ffb00000|100%| O|  |TAMS 0x00000000ffa00000| PB 0x00000000ffa00000| Untracked 
|1965|0x00000000ffb00000, 0x00000000ffc00000, 0x00000000ffc00000|100%| O|  |TAMS 0x00000000ffb00000| PB 0x00000000ffb00000| Untracked 
|1966|0x00000000ffc00000, 0x00000000ffd00000, 0x00000000ffd00000|100%| O|  |TAMS 0x00000000ffc00000| PB 0x00000000ffc00000| Untracked 
|1967|0x00000000ffd00000, 0x00000000ffe00000, 0x00000000ffe00000|100%| O|  |TAMS 0x00000000ffd00000| PB 0x00000000ffd00000| Untracked 
|1968|0x00000000ffe00000, 0x00000000fff00000, 0x00000000fff00000|100%| O|  |TAMS 0x00000000ffe00000| PB 0x00000000ffe00000| Untracked 
|1969|0x00000000fff00000, 0x0000000100000000, 0x0000000100000000|100%| O|  |TAMS 0x00000000fff00000| PB 0x00000000fff00000| Untracked 

Card table byte_map: [0x000002155ee50000,0x000002155f230000] _byte_map_base: 0x000002155ea29000

Marking Bits: (CMBitMap*) 0x000002154b985330
 Bits: [0x000002155f230000, 0x00000215610f8000)

Polling page: 0x0000021549700000

Metaspace:

Usage:
  Non-class:     48.03 MB used.
      Class:      6.36 MB used.
       Both:     54.39 MB used.

Virtual space:
  Non-class space:       64.00 MB reserved,      48.19 MB ( 75%) committed,  1 nodes.
      Class space:        1.00 GB reserved,       6.50 MB ( <1%) committed,  1 nodes.
             Both:        1.06 GB reserved,      54.69 MB (  5%) committed. 

Chunk freelists:
   Non-Class:  15.44 MB
       Class:  9.48 MB
        Both:  24.92 MB

MaxMetaspaceSize: unlimited
CompressedClassSpaceSize: 1.00 GB
Initial GC threshold: 21.00 MB
Current GC threshold: 90.44 MB
CDS: off
 - commit_granule_bytes: 65536.
 - commit_granule_words: 8192.
 - virtual_space_node_default_size: 8388608.
 - enlarge_chunks_in_place: 1.
 - use_allocation_guard: 0.


Internal statistics:

num_allocs_failed_limit: 6.
num_arena_births: 270.
num_arena_deaths: 0.
num_vsnodes_births: 2.
num_vsnodes_deaths: 0.
num_space_committed: 873.
num_space_uncommitted: 0.
num_chunks_returned_to_freelist: 6.
num_chunks_taken_from_freelist: 1887.
num_chunk_merges: 3.
num_chunk_splits: 1588.
num_chunks_enlarged: 1449.
num_inconsistent_stats: 0.

CodeHeap 'non-profiled nmethods': size=119168Kb used=2464Kb max_used=2464Kb free=116703Kb
 bounds [0x0000021556620000, 0x0000021556890000, 0x000002155da80000]
CodeHeap 'profiled nmethods': size=119104Kb used=12929Kb max_used=12929Kb free=106174Kb
 bounds [0x000002154ea80000, 0x000002154f730000, 0x0000021555ed0000]
CodeHeap 'non-nmethods': size=7488Kb used=1632Kb max_used=1660Kb free=5855Kb
 bounds [0x0000021555ed0000, 0x0000021556140000, 0x0000021556620000]
CodeCache: size=245760Kb, used=17025Kb, max_used=17053Kb, free=228732Kb
 total_blobs=5936, nmethods=5263, adapters=575, full_count=0
Compilation: enabled, stopped_count=0, restarted_count=0

Compilation events (20 events):
Event: 5.450 Thread 0x0000021564b9b820 nmethod 5424 0x0000021556883f90 code [0x00000215568841c0, 0x0000021556885ab8]
Event: 5.450 Thread 0x0000021564b9b820 5525       4       java.lang.StringLatin1::lastIndexOf (125 bytes)
Event: 5.451 Thread 0x0000021564b9b820 nmethod 5525 0x0000021556886290 code [0x0000021556886420, 0x00000215568865c8]
Event: 5.451 Thread 0x0000021564b9b820 5521       4       java.util.Collections$EmptyList::toArray (5 bytes)
Event: 5.451 Thread 0x0000021564b9b820 nmethod 5521 0x0000021556886790 code [0x0000021556886920, 0x0000021556886a20]
Event: 5.451 Thread 0x0000021564b9b820 5523       4       org.jetbrains.kotlin.metadata.ProtoBuf$Type$Argument::hasType (16 bytes)
Event: 5.452 Thread 0x0000021564b9b820 nmethod 5523 0x0000021556886b10 code [0x0000021556886ca0, 0x0000021556886d38]
Event: 5.452 Thread 0x0000021564b9b820 5538       4       org.jetbrains.kotlin.protobuf.SmallSortedMap::get (43 bytes)
Event: 5.454 Thread 0x0000021564b9d400 nmethod 5555 0x000002154f70d010 code [0x000002154f70dce0, 0x000002154f715868]
Event: 5.454 Thread 0x0000021564b9d400 5558       3       org.jetbrains.kotlin.types.AbstractNullabilityChecker::hasNotNullSupertype (401 bytes)
Event: 5.456 Thread 0x0000021564b9b820 nmethod 5538 0x0000021556886e10 code [0x0000021556887060, 0x00000215568876e8]
Event: 5.456 Thread 0x0000021564b9b820 5535       4       java.util.HashMap::isEmpty (13 bytes)
Event: 5.456 Thread 0x0000021564b9b820 nmethod 5535 0x0000021556887d90 code [0x0000021556887f20, 0x0000021556887fb8]
Event: 5.456 Thread 0x0000021564b9b820 5526       4       java.util.LinkedList::linkFirst (59 bytes)
Event: 5.456 Thread 0x0000021564b9d400 nmethod 5558 0x000002154f718190 code [0x000002154f718a20, 0x000002154f71d520]
Event: 5.456 Thread 0x0000021564b9d400 5561       3       org.jetbrains.kotlin.resolve.calls.inference.components.ConstraintInjector$TypeCheckerStateForConstraintInjector::contains (26 bytes)
Event: 5.457 Thread 0x0000021564b9d400 nmethod 5561 0x000002154f71ee90 code [0x000002154f71f220, 0x000002154f720608]
Event: 5.457 Thread 0x0000021564b9d400 5560       3       org.jetbrains.kotlin.resolve.calls.inference.model.NewConstraintSystemImpl::isStubTypeForBuilderInference (18 bytes)
Event: 5.457 Thread 0x0000021564b9d400 nmethod 5560 0x000002154f720d90 code [0x000002154f720fc0, 0x000002154f721620]
Event: 5.457 Thread 0x0000021564b9d400 5566       3       org.jetbrains.kotlin.fir.declarations.DeprecationUtilsKt::extractDeprecationInfoPerUseSite (133 bytes)

GC Heap History (20 events):
Event: 1.919 GC heap after
{Heap after GC invocations=4 (full 0):
 garbage-first heap   total 38912K, used 14694K [0x0000000084e00000, 0x0000000100000000)
  region size 1024K, 8 young (8192K), 8 survivors (8192K)
 Metaspace       used 24724K, committed 24896K, reserved 1114112K
  class space    used 2678K, committed 2752K, reserved 1048576K
}
Event: 2.216 GC heap before
{Heap before GC invocations=4 (full 0):
 garbage-first heap   total 38912K, used 26982K [0x0000000084e00000, 0x0000000100000000)
  region size 1024K, 20 young (20480K), 8 survivors (8192K)
 Metaspace       used 28299K, committed 28544K, reserved 1114112K
  class space    used 3080K, committed 3200K, reserved 1048576K
}
Event: 2.223 GC heap after
{Heap after GC invocations=5 (full 0):
 garbage-first heap   total 38912K, used 15206K [0x0000000084e00000, 0x0000000100000000)
  region size 1024K, 1 young (1024K), 1 survivors (1024K)
 Metaspace       used 28299K, committed 28544K, reserved 1114112K
  class space    used 3080K, committed 3200K, reserved 1048576K
}
Event: 2.545 GC heap before
{Heap before GC invocations=5 (full 0):
 garbage-first heap   total 38912K, used 30566K [0x0000000084e00000, 0x0000000100000000)
  region size 1024K, 16 young (16384K), 1 survivors (1024K)
 Metaspace       used 33191K, committed 33472K, reserved 1114112K
  class space    used 4134K, committed 4288K, reserved 1048576K
}
Event: 2.548 GC heap after
{Heap after GC invocations=6 (full 0):
 garbage-first heap   total 38912K, used 16031K [0x0000000084e00000, 0x0000000100000000)
  region size 1024K, 2 young (2048K), 2 survivors (2048K)
 Metaspace       used 33191K, committed 33472K, reserved 1114112K
  class space    used 4134K, committed 4288K, reserved 1048576K
}
Event: 2.777 GC heap before
{Heap before GC invocations=6 (full 0):
 garbage-first heap   total 38912K, used 29343K [0x0000000084e00000, 0x0000000100000000)
  region size 1024K, 16 young (16384K), 2 survivors (2048K)
 Metaspace       used 35689K, committed 35968K, reserved 1114112K
  class space    used 4390K, committed 4544K, reserved 1048576K
}
Event: 2.781 GC heap after
{Heap after GC invocations=7 (full 0):
 garbage-first heap   total 38912K, used 17859K [0x0000000084e00000, 0x0000000100000000)
  region size 1024K, 3 young (3072K), 3 survivors (3072K)
 Metaspace       used 35689K, committed 35968K, reserved 1114112K
  class space    used 4390K, committed 4544K, reserved 1048576K
}
Event: 3.034 GC heap before
{Heap before GC invocations=8 (full 0):
 garbage-first heap   total 38912K, used 30147K [0x0000000084e00000, 0x0000000100000000)
  region size 1024K, 16 young (16384K), 3 survivors (3072K)
 Metaspace       used 39103K, committed 39360K, reserved 1114112K
  class space    used 4733K, committed 4864K, reserved 1048576K
}
Event: 3.040 GC heap after
{Heap after GC invocations=9 (full 0):
 garbage-first heap   total 38912K, used 18710K [0x0000000084e00000, 0x0000000100000000)
  region size 1024K, 1 young (1024K), 1 survivors (1024K)
 Metaspace       used 39103K, committed 39360K, reserved 1114112K
  class space    used 4733K, committed 4864K, reserved 1048576K
}
Event: 3.339 GC heap before
{Heap before GC invocations=9 (full 0):
 garbage-first heap   total 38912K, used 32022K [0x0000000084e00000, 0x0000000100000000)
  region size 1024K, 14 young (14336K), 1 survivors (1024K)
 Metaspace       used 42350K, committed 42624K, reserved 1114112K
  class space    used 5074K, committed 5184K, reserved 1048576K
}
Event: 3.344 GC heap after
{Heap after GC invocations=10 (full 0):
 garbage-first heap   total 63488K, used 20179K [0x0000000084e00000, 0x0000000100000000)
  region size 1024K, 2 young (2048K), 2 survivors (2048K)
 Metaspace       used 42350K, committed 42624K, reserved 1114112K
  class space    used 5074K, committed 5184K, reserved 1048576K
}
Event: 4.197 GC heap before
{Heap before GC invocations=10 (full 0):
 garbage-first heap   total 63488K, used 49875K [0x0000000084e00000, 0x0000000100000000)
  region size 1024K, 32 young (32768K), 2 survivors (2048K)
 Metaspace       used 48904K, committed 49152K, reserved 1114112K
  class space    used 5737K, committed 5888K, reserved 1048576K
}
Event: 4.203 GC heap after
{Heap after GC invocations=11 (full 0):
 garbage-first heap   total 63488K, used 23071K [0x0000000084e00000, 0x0000000100000000)
  region size 1024K, 4 young (4096K), 4 survivors (4096K)
 Metaspace       used 48904K, committed 49152K, reserved 1114112K
  class space    used 5737K, committed 5888K, reserved 1048576K
}
Event: 4.321 GC heap before
{Heap before GC invocations=11 (full 0):
 garbage-first heap   total 63488K, used 53791K [0x0000000084e00000, 0x0000000100000000)
  region size 1024K, 34 young (34816K), 4 survivors (4096K)
 Metaspace       used 49331K, committed 49600K, reserved 1114112K
  class space    used 5756K, committed 5888K, reserved 1048576K
}
Event: 4.335 GC heap after
{Heap after GC invocations=12 (full 0):
 garbage-first heap   total 69632K, used 34662K [0x0000000084e00000, 0x0000000100000000)
  region size 1024K, 5 young (5120K), 5 survivors (5120K)
 Metaspace       used 49331K, committed 49600K, reserved 1114112K
  class space    used 5756K, committed 5888K, reserved 1048576K
}
Event: 4.809 GC heap before
{Heap before GC invocations=12 (full 0):
 garbage-first heap   total 69632K, used 56166K [0x0000000084e00000, 0x0000000100000000)
  region size 1024K, 26 young (26624K), 5 survivors (5120K)
 Metaspace       used 53164K, committed 53376K, reserved 1114112K
  class space    used 6208K, committed 6336K, reserved 1048576K
}
Event: 4.818 GC heap after
{Heap after GC invocations=13 (full 0):
 garbage-first heap   total 69632K, used 38709K [0x0000000084e00000, 0x0000000100000000)
  region size 1024K, 4 young (4096K), 4 survivors (4096K)
 Metaspace       used 53164K, committed 53376K, reserved 1114112K
  class space    used 6208K, committed 6336K, reserved 1048576K
}
Event: 5.241 GC heap before
{Heap before GC invocations=13 (full 0):
 garbage-first heap   total 69632K, used 57141K [0x0000000084e00000, 0x0000000100000000)
  region size 1024K, 23 young (23552K), 4 survivors (4096K)
 Metaspace       used 55235K, committed 55488K, reserved 1114112K
  class space    used 6454K, committed 6592K, reserved 1048576K
}
Event: 5.251 GC heap after
{Heap after GC invocations=14 (full 0):
 garbage-first heap   total 69632K, used 42342K [0x0000000084e00000, 0x0000000100000000)
  region size 1024K, 3 young (3072K), 3 survivors (3072K)
 Metaspace       used 55235K, committed 55488K, reserved 1114112K
  class space    used 6454K, committed 6592K, reserved 1048576K
}
Event: 5.458 GC heap before
{Heap before GC invocations=15 (full 0):
 garbage-first heap   total 71680K, used 58726K [0x0000000084e00000, 0x0000000100000000)
  region size 1024K, 19 young (19456K), 3 survivors (3072K)
 Metaspace       used 55696K, committed 56000K, reserved 1114112K
  class space    used 6513K, committed 6656K, reserved 1048576K
}

Dll operation events (3 events):
Event: 0.073 Loaded shared library C:\Program Files\Android\Android Studio\jbr\bin\java.dll
Event: 0.087 Loaded shared library C:\Program Files\Android\Android Studio\jbr\bin\zip.dll
Event: 1.970 Loaded shared library C:\Program Files\Android\Android Studio\jbr\bin\verify.dll

Deoptimization events (20 events):
Event: 5.385 Thread 0x00000215493663c0 DEOPT PACKING pc=0x00000215566bc0a0 sp=0x000000986adf63e0
Event: 5.385 Thread 0x00000215493663c0 DEOPT UNPACKING pc=0x0000021555f246a2 sp=0x000000986adf63d8 mode 2
Event: 5.393 Thread 0x00000215493663c0 Uncommon trap: trap_request=0xffffffbe fr.pc=0x0000021556857f28 relative=0x0000000000000628
Event: 5.393 Thread 0x00000215493663c0 Uncommon trap: reason=profile_predicate action=maybe_recompile pc=0x0000021556857f28 method=kotlin.jvm.internal.CollectionToArray.toArray(Ljava/util/Collection;)[Ljava/lang/Object; @ 68 c2
Event: 5.393 Thread 0x00000215493663c0 DEOPT PACKING pc=0x0000021556857f28 sp=0x000000986adf6d60
Event: 5.393 Thread 0x00000215493663c0 DEOPT UNPACKING pc=0x0000021555f246a2 sp=0x000000986adf6d00 mode 2
Event: 5.394 Thread 0x00000215493663c0 Uncommon trap: trap_request=0xffffffbe fr.pc=0x0000021556857f28 relative=0x0000000000000628
Event: 5.394 Thread 0x00000215493663c0 Uncommon trap: reason=profile_predicate action=maybe_recompile pc=0x0000021556857f28 method=kotlin.jvm.internal.CollectionToArray.toArray(Ljava/util/Collection;)[Ljava/lang/Object; @ 68 c2
Event: 5.394 Thread 0x00000215493663c0 DEOPT PACKING pc=0x0000021556857f28 sp=0x000000986adf6ca0
Event: 5.394 Thread 0x00000215493663c0 DEOPT UNPACKING pc=0x0000021555f246a2 sp=0x000000986adf6c40 mode 2
Event: 5.407 Thread 0x00000215493663c0 Uncommon trap: trap_request=0xffffffe5 fr.pc=0x00000215567fe414 relative=0x0000000000000074
Event: 5.407 Thread 0x00000215493663c0 Uncommon trap: reason=range_check action=reinterpret pc=0x00000215567fe414 method=kotlin.collections.ArraysKt___ArraysKt.getOrNull([Ljava/lang/Object;I)Ljava/lang/Object; @ 8 c2
Event: 5.407 Thread 0x00000215493663c0 DEOPT PACKING pc=0x00000215567fe414 sp=0x000000986adf8ab0
Event: 5.407 Thread 0x00000215493663c0 DEOPT UNPACKING pc=0x0000021555f246a2 sp=0x000000986adf89d0 mode 2
Event: 5.407 Thread 0x00000215493663c0 Uncommon trap: trap_request=0xffffffe5 fr.pc=0x00000215567fe0f0 relative=0x0000000000000050
Event: 5.407 Thread 0x00000215493663c0 Uncommon trap: reason=range_check action=reinterpret pc=0x00000215567fe0f0 method=kotlin.collections.ArraysKt___ArraysKt.getOrNull([Ljava/lang/Object;I)Ljava/lang/Object; @ 8 c2
Event: 5.407 Thread 0x00000215493663c0 DEOPT PACKING pc=0x00000215567fe0f0 sp=0x000000986adf86a0
Event: 5.407 Thread 0x00000215493663c0 DEOPT UNPACKING pc=0x0000021555f246a2 sp=0x000000986adf8638 mode 2
Event: 5.457 Thread 0x00000215493663c0 DEOPT PACKING pc=0x000002154f09b73d sp=0x000000986adf71d0
Event: 5.457 Thread 0x00000215493663c0 DEOPT UNPACKING pc=0x0000021555f24e42 sp=0x000000986adf6660 mode 0

Classes loaded (20 events):
Event: 3.740 Loading class java/lang/Override
Event: 3.740 Loading class java/lang/Override done
Event: 3.980 Loading class java/text/StringCharacterIterator
Event: 3.980 Loading class java/text/CharacterIterator
Event: 3.980 Loading class java/text/CharacterIterator done
Event: 3.980 Loading class java/text/StringCharacterIterator done
Event: 4.121 Loading class java/util/AbstractList$ListItr
Event: 4.121 Loading class java/util/AbstractList$ListItr done
Event: 4.559 Loading class java/util/AbstractMap$SimpleImmutableEntry
Event: 4.559 Loading class java/util/AbstractMap$SimpleImmutableEntry done
Event: 4.613 Loading class java/util/AbstractList$RandomAccessSubList
Event: 4.614 Loading class java/util/AbstractList$SubList
Event: 4.614 Loading class java/util/AbstractList$SubList done
Event: 4.614 Loading class java/util/AbstractList$RandomAccessSubList done
Event: 4.632 Loading class java/util/AbstractList$SubList$1
Event: 4.632 Loading class java/util/AbstractList$SubList$1 done
Event: 4.758 Loading class java/lang/Byte$ByteCache
Event: 4.758 Loading class java/lang/Byte$ByteCache done
Event: 4.958 Loading class java/lang/Short$ShortCache
Event: 4.958 Loading class java/lang/Short$ShortCache done

Classes unloaded (0 events):
No events

Classes redefined (0 events):
No events

Internal exceptions (20 events):
Event: 2.943 Thread 0x00000215493663c0 Exception <a 'java/lang/NoSuchMethodError'{0x0000000086bc3e10}: 'java.lang.Object java.lang.invoke.DirectMethodHandle$Holder.invokeVirtual(java.lang.Object, java.lang.Object, java.lang.Object)'> (0x0000000086bc3e10) 
thrown [s\src\hotspot\share\interpreter\linkResolver.cpp, line 784]
Event: 3.278 Thread 0x00000215493663c0 Exception <a 'java/lang/NoSuchMethodError'{0x0000000086a96b48}: 'java.lang.Object java.lang.invoke.DirectMethodHandle$Holder.newInvokeSpecial(java.lang.Object, java.lang.Object, java.lang.Object, java.lang.Object, java.lang.Object, java.lang.Object)'> (0x0000000086a96b48) 
thrown [s\src\hotspot\share\interpreter\linkResolver.cpp, line 784]
Event: 3.710 Thread 0x00000215493663c0 Exception <a 'java/lang/NoSuchMethodError'{0x00000000880e6930}: 'java.lang.Object java.lang.invoke.DirectMethodHandle$Holder.newInvokeSpecial(java.lang.Object, java.lang.Object, java.lang.Object, int, java.lang.Object)'> (0x00000000880e6930) 
thrown [s\src\hotspot\share\interpreter\linkResolver.cpp, line 784]
Event: 4.482 Thread 0x00000215493663c0 Exception <a 'java/lang/NoSuchMethodError'{0x0000000088454700}: 'java.lang.Object java.lang.invoke.DirectMethodHandle$Holder.newInvokeSpecial(java.lang.Object, java.lang.Object, java.lang.Object, java.lang.Object, int)'> (0x0000000088454700) 
thrown [s\src\hotspot\share\interpreter\linkResolver.cpp, line 784]
Event: 4.482 Thread 0x00000215493663c0 Exception <a 'java/lang/NoSuchMethodError'{0x0000000088458df8}: 'java.lang.Object java.lang.invoke.DirectMethodHandle$Holder.invokeSpecial(java.lang.Object, java.lang.Object, java.lang.Object, java.lang.Object, java.lang.Object, int)'> (0x0000000088458df8) 
thrown [s\src\hotspot\share\interpreter\linkResolver.cpp, line 784]
Event: 4.483 Thread 0x00000215493663c0 Exception <a 'java/lang/NoSuchMethodError'{0x000000008845cde8}: 'java.lang.Object java.lang.invoke.Invokers$Holder.linkToTargetMethod(java.lang.Object, java.lang.Object, java.lang.Object, int, java.lang.Object)'> (0x000000008845cde8) 
thrown [s\src\hotspot\share\interpreter\linkResolver.cpp, line 784]
Event: 4.490 Thread 0x00000215493663c0 Exception <a 'java/lang/NoSuchMethodError'{0x00000000884a3518}: 'java.lang.Object java.lang.invoke.DirectMethodHandle$Holder.newInvokeSpecial(java.lang.Object, java.lang.Object, java.lang.Object, java.lang.Object, int, java.lang.Object, java.lang.Object)'> (0x00000000884a3518) 
thrown [s\src\hotspot\share\interpreter\linkResolver.cpp, line 784]
Event: 4.490 Thread 0x00000215493663c0 Exception <a 'java/lang/NoSuchMethodError'{0x00000000884ab9a8}: 'java.lang.Object java.lang.invoke.Invokers$Holder.linkToTargetMethod(java.lang.Object, java.lang.Object, java.lang.Object, int, java.lang.Object, java.lang.Object, java.lang.Object)'> (0x00000000884ab9a8) 
thrown [s\src\hotspot\share\interpreter\linkResolver.cpp, line 784]
Event: 4.717 Thread 0x00000215493663c0 Exception <a 'java/lang/NoSuchMethodError'{0x0000000087a8cd18}: 'java.lang.Object java.lang.invoke.DirectMethodHandle$Holder.invokeSpecial(java.lang.Object, java.lang.Object, int, java.lang.Object, java.lang.Object)'> (0x0000000087a8cd18) 
thrown [s\src\hotspot\share\interpreter\linkResolver.cpp, line 784]
Event: 4.894 Thread 0x00000215493663c0 Exception <a 'java/lang/NoSuchMethodError'{0x00000000888095b8}: 'java.lang.Object java.lang.invoke.DirectMethodHandle$Holder.newInvokeSpecial(java.lang.Object, java.lang.Object, java.lang.Object, java.lang.Object, java.lang.Object, java.lang.Object, java.lang.Object, java.lang.Object, java.lang.Object)'> (0x00000000888095b8) 
thrown [s\src\hotspot\share\interpreter\linkResolver.cpp, line 784]
Event: 4.899 Thread 0x00000215493663c0 Exception <a 'java/lang/NoSuchMethodError'{0x000000008882e858}: 'java.lang.Object java.lang.invoke.DirectMethodHandle$Holder.newInvokeSpecial(java.lang.Object, java.lang.Object, java.lang.Object, int)'> (0x000000008882e858) 
thrown [s\src\hotspot\share\interpreter\linkResolver.cpp, line 784]
Event: 4.899 Thread 0x00000215493663c0 Exception <a 'java/lang/NoSuchMethodError'{0x0000000088832988}: 'java.lang.Object java.lang.invoke.DirectMethodHandle$Holder.invokeSpecial(java.lang.Object, java.lang.Object, java.lang.Object, java.lang.Object, int)'> (0x0000000088832988) 
thrown [s\src\hotspot\share\interpreter\linkResolver.cpp, line 784]
Event: 4.899 Thread 0x00000215493663c0 Exception <a 'java/lang/NoSuchMethodError'{0x0000000088836390}: 'java.lang.Object java.lang.invoke.Invokers$Holder.linkToTargetMethod(java.lang.Object, java.lang.Object, int, java.lang.Object)'> (0x0000000088836390) 
thrown [s\src\hotspot\share\interpreter\linkResolver.cpp, line 784]
Event: 4.900 Thread 0x00000215493663c0 Exception <a 'java/lang/NoSuchMethodError'{0x00000000888457a8}: 'java.lang.Object java.lang.invoke.DirectMethodHandle$Holder.newInvokeSpecial(java.lang.Object, int, java.lang.Object)'> (0x00000000888457a8) 
thrown [s\src\hotspot\share\interpreter\linkResolver.cpp, line 784]
Event: 5.153 Thread 0x00000215493663c0 Exception <a 'java/lang/NoSuchMethodError'{0x0000000087cc8650}: 'java.lang.Object java.lang.invoke.DirectMethodHandle$Holder.newInvokeSpecial(java.lang.Object, int, java.lang.Object, java.lang.Object, java.lang.Object)'> (0x0000000087cc8650) 
thrown [s\src\hotspot\share\interpreter\linkResolver.cpp, line 784]
Event: 5.153 Thread 0x00000215493663c0 Exception <a 'java/lang/NoSuchMethodError'{0x0000000087ccffb0}: 'java.lang.Object java.lang.invoke.Invokers$Holder.linkToTargetMethod(int, java.lang.Object, java.lang.Object, java.lang.Object, java.lang.Object)'> (0x0000000087ccffb0) 
thrown [s\src\hotspot\share\interpreter\linkResolver.cpp, line 784]
Event: 5.176 Thread 0x00000215493663c0 Exception <a 'java/lang/NoSuchMethodError'{0x0000000087b4c2f0}: 'java.lang.Object java.lang.invoke.DirectMethodHandle$Holder.invokeStatic(java.lang.Object, java.lang.Object, java.lang.Object, int, java.lang.Object, java.lang.Object)'> (0x0000000087b4c2f0) 
thrown [s\src\hotspot\share\interpreter\linkResolver.cpp, line 784]
Event: 5.227 Thread 0x00000215493663c0 Exception <a 'java/lang/NoSuchMethodError'{0x0000000087991e60}: 'java.lang.Object java.lang.invoke.DirectMethodHandle$Holder.newInvokeSpecial(java.lang.Object, java.lang.Object, java.lang.Object, java.lang.Object, java.lang.Object, int)'> (0x0000000087991e60) 
thrown [s\src\hotspot\share\interpreter\linkResolver.cpp, line 784]
Event: 5.227 Thread 0x00000215493663c0 Exception <a 'java/lang/NoSuchMethodError'{0x00000000879965d8}: 'java.lang.Object java.lang.invoke.DirectMethodHandle$Holder.invokeSpecial(java.lang.Object, java.lang.Object, java.lang.Object, java.lang.Object, java.lang.Object, java.lang.Object, int)'> (0x00000000879965d8) 
thrown [s\src\hotspot\share\interpreter\linkResolver.cpp, line 784]
Event: 5.227 Thread 0x00000215493663c0 Exception <a 'java/lang/NoSuchMethodError'{0x000000008799a6c0}: 'java.lang.Object java.lang.invoke.Invokers$Holder.linkToTargetMethod(java.lang.Object, java.lang.Object, java.lang.Object, java.lang.Object, int, java.lang.Object)'> (0x000000008799a6c0) 
thrown [s\src\hotspot\share\interpreter\linkResolver.cpp, line 784]

ZGC Phase Switch (0 events):
No events

VM Operations (20 events):
Event: 4.818 Executing VM operation: G1CollectForAllocation (G1 Evacuation Pause) done
Event: 4.939 Executing VM operation: ICBufferFull
Event: 4.939 Executing VM operation: ICBufferFull done
Event: 5.128 Executing VM operation: HandshakeAllThreads (Deoptimize)
Event: 5.128 Executing VM operation: HandshakeAllThreads (Deoptimize) done
Event: 5.178 Executing VM operation: ICBufferFull
Event: 5.178 Executing VM operation: ICBufferFull done
Event: 5.198 Executing VM operation: HandshakeAllThreads (Deoptimize)
Event: 5.199 Executing VM operation: HandshakeAllThreads (Deoptimize) done
Event: 5.241 Executing VM operation: G1CollectForAllocation (G1 Evacuation Pause)
Event: 5.251 Executing VM operation: G1CollectForAllocation (G1 Evacuation Pause) done
Event: 5.260 Executing VM operation: G1PauseRemark
Event: 5.265 Executing VM operation: G1PauseRemark done
Event: 5.271 Executing VM operation: G1PauseCleanup
Event: 5.271 Executing VM operation: G1PauseCleanup done
Event: 5.297 Executing VM operation: HandshakeAllThreads (Deoptimize)
Event: 5.297 Executing VM operation: HandshakeAllThreads (Deoptimize) done
Event: 5.393 Executing VM operation: ICBufferFull
Event: 5.393 Executing VM operation: ICBufferFull done
Event: 5.457 Executing VM operation: G1CollectForAllocation (G1 Evacuation Pause)

Memory protections (0 events):
No events

Nmethod flushes (20 events):
Event: 5.264 Thread 0x0000021564b12310 flushing  nmethod 0x000002154ecb3290
Event: 5.264 Thread 0x0000021564b12310 flushing  nmethod 0x000002154ecb3710
Event: 5.264 Thread 0x0000021564b12310 flushing  nmethod 0x000002154ece4510
Event: 5.264 Thread 0x0000021564b12310 flushing  nmethod 0x000002154ecfb110
Event: 5.264 Thread 0x0000021564b12310 flushing  nmethod 0x000002154ecfb410
Event: 5.264 Thread 0x0000021564b12310 flushing  nmethod 0x000002154ecfe990
Event: 5.264 Thread 0x0000021564b12310 flushing  nmethod 0x000002154ecff090
Event: 5.264 Thread 0x0000021564b12310 flushing  nmethod 0x000002154ed0f090
Event: 5.264 Thread 0x0000021564b12310 flushing  nmethod 0x000002154ed10810
Event: 5.264 Thread 0x0000021564b12310 flushing  nmethod 0x000002154ed10b10
Event: 5.264 Thread 0x0000021564b12310 flushing  nmethod 0x000002154ed11110
Event: 5.264 Thread 0x0000021564b12310 flushing  nmethod 0x000002154ed11990
Event: 5.264 Thread 0x0000021564b12310 flushing  nmethod 0x000002154ed11e90
Event: 5.264 Thread 0x0000021564b12310 flushing  nmethod 0x000002154ed12190
Event: 5.264 Thread 0x0000021564b12310 flushing  nmethod 0x000002154ed12610
Event: 5.264 Thread 0x0000021564b12310 flushing  nmethod 0x000002154ed13790
Event: 5.264 Thread 0x0000021564b12310 flushing  nmethod 0x000002154ed1db10
Event: 5.264 Thread 0x0000021564b12310 flushing  nmethod 0x000002154ed1f010
Event: 5.264 Thread 0x0000021564b12310 flushing  nmethod 0x000002154ed72290
Event: 5.264 Thread 0x0000021564b12310 flushing  nmethod 0x000002154ed7b310

Events (15 events):
Event: 0.084 Thread 0x00000215493663c0 Thread added: 0x00000215493663c0
Event: 0.278 Thread 0x00000215493663c0 Thread added: 0x0000021564b887e0
Event: 0.286 Thread 0x00000215493663c0 Thread added: 0x0000021564bb6110
Event: 0.286 Thread 0x00000215493663c0 Thread added: 0x0000021564b93c30
Event: 0.288 Thread 0x00000215493663c0 Thread added: 0x0000021564b96b60
Event: 0.288 Thread 0x00000215493663c0 Thread added: 0x0000021564b975c0
Event: 0.288 Thread 0x00000215493663c0 Thread added: 0x0000021564b98020
Event: 0.288 Thread 0x00000215493663c0 Thread added: 0x0000021564b9aa90
Event: 0.288 Thread 0x00000215493663c0 Thread added: 0x0000021564b9b820
Event: 0.288 Thread 0x00000215493663c0 Thread added: 0x0000021564b9d400
Event: 0.329 Thread 0x00000215493663c0 Thread added: 0x0000021564d4a3a0
Event: 0.347 Loaded shared library C:\Program Files\Android\Android Studio\jbr\bin\net.dll
Event: 0.352 Loaded shared library C:\Program Files\Android\Android Studio\jbr\bin\nio.dll
Event: 0.432 Loaded shared library C:\Program Files\Android\Android Studio\jbr\bin\zip.dll
Event: 0.468 Loaded shared library C:\Program Files\Android\Android Studio\jbr\bin\jimage.dll


Dynamic libraries:
0x00007ff7bb340000 - 0x00007ff7bb34a000 	C:\Program Files\Android\Android Studio\jbr\bin\java.exe
0x00007ffca85a0000 - 0x00007ffca8808000 	C:\WINDOWS\SYSTEM32\ntdll.dll
0x00007ffca7750000 - 0x00007ffca7819000 	C:\WINDOWS\System32\KERNEL32.DLL
0x00007ffca58f0000 - 0x00007ffca5ce8000 	C:\WINDOWS\System32\KERNELBASE.dll
0x00007ffca5f50000 - 0x00007ffca609b000 	C:\WINDOWS\System32\ucrtbase.dll
0x00007ffc92c30000 - 0x00007ffc92c4b000 	C:\Program Files\Android\Android Studio\jbr\bin\VCRUNTIME140.dll
0x00007ffc93290000 - 0x00007ffc932a8000 	C:\Program Files\Android\Android Studio\jbr\bin\jli.dll
0x00007ffca6d50000 - 0x00007ffca6f17000 	C:\WINDOWS\System32\USER32.dll
0x00007ffca4800000 - 0x00007ffca4a94000 	C:\WINDOWS\WinSxS\amd64_microsoft.windows.common-controls_6595b64144ccf1df_6.0.26100.7019_none_3e06ffa0e335b8a8\COMCTL32.dll
0x00007ffca5da0000 - 0x00007ffca5dc7000 	C:\WINDOWS\System32\win32u.dll
0x00007ffca66b0000 - 0x00007ffca66db000 	C:\WINDOWS\System32\GDI32.dll
0x00007ffca6210000 - 0x00007ffca633c000 	C:\WINDOWS\System32\gdi32full.dll
0x00007ffca84a0000 - 0x00007ffca8549000 	C:\WINDOWS\System32\msvcrt.dll
0x00007ffca6160000 - 0x00007ffca6203000 	C:\WINDOWS\System32\msvcp_win.dll
0x00007ffca8300000 - 0x00007ffca8331000 	C:\WINDOWS\System32\IMM32.DLL
0x00007ffc9f4e0000 - 0x00007ffc9f4ec000 	C:\Program Files\Android\Android Studio\jbr\bin\vcruntime140_1.dll
0x00007ffc794d0000 - 0x00007ffc7955d000 	C:\Program Files\Android\Android Studio\jbr\bin\msvcp140.dll
0x00007ffbdd710000 - 0x00007ffbde3a6000 	C:\Program Files\Android\Android Studio\jbr\bin\server\jvm.dll
0x00007ffca6c40000 - 0x00007ffca6cf4000 	C:\WINDOWS\System32\ADVAPI32.dll
0x00007ffca6ab0000 - 0x00007ffca6b56000 	C:\WINDOWS\System32\sechost.dll
0x00007ffca7e50000 - 0x00007ffca7f68000 	C:\WINDOWS\System32\RPCRT4.dll
0x00007ffca7cb0000 - 0x00007ffca7d24000 	C:\WINDOWS\System32\WS2_32.dll
0x00007ffc9c750000 - 0x00007ffc9c785000 	C:\WINDOWS\SYSTEM32\WINMM.dll
0x00007ffca5550000 - 0x00007ffca55ae000 	C:\WINDOWS\SYSTEM32\POWRPROF.dll
0x00007ffc9c510000 - 0x00007ffc9c51b000 	C:\WINDOWS\SYSTEM32\VERSION.dll
0x00007ffca5530000 - 0x00007ffca5544000 	C:\WINDOWS\SYSTEM32\UMPDC.dll
0x00007ffca3ae0000 - 0x00007ffca3afb000 	C:\WINDOWS\SYSTEM32\kernel.appcore.dll
0x00007ffc93950000 - 0x00007ffc9395a000 	C:\Program Files\Android\Android Studio\jbr\bin\jimage.dll
0x00007ffca4eb0000 - 0x00007ffca50f2000 	C:\WINDOWS\SYSTEM32\DBGHELP.DLL
0x00007ffca7f70000 - 0x00007ffca82fb000 	C:\WINDOWS\System32\combase.dll
0x00007ffca6b60000 - 0x00007ffca6c37000 	C:\WINDOWS\System32\OLEAUT32.dll
0x00007ffca4da0000 - 0x00007ffca4ddc000 	C:\WINDOWS\SYSTEM32\dbgcore.DLL
0x00007ffca5cf0000 - 0x00007ffca5d95000 	C:\WINDOWS\System32\bcryptPrimitives.dll
0x00007ffc92940000 - 0x00007ffc92960000 	C:\Program Files\Android\Android Studio\jbr\bin\java.dll
0x00007ffc8eca0000 - 0x00007ffc8ecb8000 	C:\Program Files\Android\Android Studio\jbr\bin\zip.dll
0x00007ffca6ff0000 - 0x00007ffca773f000 	C:\WINDOWS\System32\SHELL32.dll
0x00007ffca5780000 - 0x00007ffca58eb000 	C:\WINDOWS\System32\wintypes.dll
0x00007ffca2850000 - 0x00007ffca30ad000 	C:\WINDOWS\SYSTEM32\windows.storage.dll
0x00007ffca7d30000 - 0x00007ffca7e22000 	C:\WINDOWS\System32\SHCORE.dll
0x00007ffca63e0000 - 0x00007ffca6447000 	C:\WINDOWS\System32\shlwapi.dll
0x00007ffca5610000 - 0x00007ffca5639000 	C:\WINDOWS\SYSTEM32\profapi.dll
0x00007ffc93880000 - 0x00007ffc93890000 	C:\Program Files\Android\Android Studio\jbr\bin\net.dll
0x00007ffc9ec30000 - 0x00007ffc9ed58000 	C:\WINDOWS\SYSTEM32\WINHTTP.dll
0x00007ffca4050000 - 0x00007ffca40bb000 	C:\WINDOWS\system32\mswsock.dll
0x00007ffc8ec80000 - 0x00007ffc8ec96000 	C:\Program Files\Android\Android Studio\jbr\bin\nio.dll
0x00007ffc9f500000 - 0x00007ffc9f510000 	C:\Program Files\Android\Android Studio\jbr\bin\verify.dll

JVMTI agents: none

dbghelp: loaded successfully - version: 4.0.5 - missing functions: none
symbol engine: initialized successfully - sym options: 0x614 - pdb path: .;C:\Program Files\Android\Android Studio\jbr\bin;C:\WINDOWS\SYSTEM32;C:\WINDOWS\WinSxS\amd64_microsoft.windows.common-controls_6595b64144ccf1df_6.0.26100.7019_none_3e06ffa0e335b8a8;C:\Program Files\Android\Android Studio\jbr\bin\server

VM Arguments:
java_command: org.jetbrains.kotlin.cli.jvm.K2JVMCompiler @D:\salat\salaat\build\file_picker\20251124_7684528473771773113.compiler.options
java_class_path (initial): C:\Users\Dell-3\.gradle\caches\modules-2\files-2.1\org.jetbrains.kotlin\kotlin-compiler-embeddable\2.1.0\988bf980588bbbcfa1ba19c1ffd7aa869b335a31\kotlin-compiler-embeddable-2.1.0.jar;C:\Users\Dell-3\.gradle\caches\modules-2\files-2.1\org.jetbrains.kotlin\kotlin-stdlib\2.1.0\85f8b81009cda5890e54ba67d64b5e599c645020\kotlin-stdlib-2.1.0.jar;C:\Users\Dell-3\.gradle\caches\modules-2\files-2.1\org.jetbrains.kotlin\kotlin-script-runtime\2.1.0\5909da8c57b75a117714ab0e348c86101b7a3284\kotlin-script-runtime-2.1.0.jar;C:\Users\Dell-3\.gradle\caches\modules-2\files-2.1\org.jetbrains.kotlin\kotlin-reflect\1.6.10\1cbe9c92c12a94eea200d23c2bbaedaf3daf5132\kotlin-reflect-1.6.10.jar;C:\Users\Dell-3\.gradle\caches\modules-2\files-2.1\org.jetbrains.kotlin\kotlin-daemon-embeddable\2.1.0\420bae1908e4a353f5b56c3c850d24d86367b25d\kotlin-daemon-embeddable-2.1.0.jar;C:\Users\Dell-3\.gradle\caches\modules-2\files-2.1\org.jetbrains.intellij.deps\trove4j\1.0.20200330\3afb14d5f9ceb459d724e907a21145e8ff394f02\trove4j-1.0.20200330.jar;C:\Users\Dell-3\.gradle\caches\modules-2\files-2.1\org.jetbrains.kotlinx\kotlinx-coroutines-core-jvm\1.6.4\2c997cd1c0ef33f3e751d3831929aeff1390cb30\kotlinx-coroutines-core-jvm-1.6.4.jar;C:\Users\Dell-3\.gradle\caches\modules-2\files-2.1\org.jetbrains\annotations\13.0\919f0dfe192fb4e063e7dacadee7f8bb9a2672a9\annotations-13.0.jar
Launcher Type: SUN_STANDARD

[Global flags]
     intx CICompilerCount                          = 12                                        {product} {ergonomic}
     uint ConcGCThreads                            = 5                                         {product} {ergonomic}
     uint G1ConcRefinementThreads                  = 20                                        {product} {ergonomic}
   size_t G1HeapRegionSize                         = 1048576                                   {product} {ergonomic}
    uintx GCDrainStackTargetSize                   = 64                                        {product} {ergonomic}
   size_t InitialHeapSize                          = 130023424                                 {product} {ergonomic}
   size_t MarkStackSize                            = 4194304                                   {product} {ergonomic}
   size_t MaxHeapSize                              = 2065694720                                {product} {ergonomic}
   size_t MaxNewSize                               = 1239416832                                {product} {ergonomic}
   size_t MinHeapDeltaBytes                        = 1048576                                   {product} {ergonomic}
   size_t MinHeapSize                              = 8388608                                   {product} {ergonomic}
    uintx NonNMethodCodeHeapSize                   = 7602480                                {pd product} {ergonomic}
    uintx NonProfiledCodeHeapSize                  = 122027880                              {pd product} {ergonomic}
    uintx ProfiledCodeHeapSize                     = 122027880                              {pd product} {ergonomic}
    uintx ReservedCodeCacheSize                    = 251658240                              {pd product} {ergonomic}
     bool SegmentedCodeCache                       = true                                      {product} {ergonomic}
   size_t SoftMaxHeapSize                          = 2065694720                             {manageable} {ergonomic}
     bool UseCompressedOops                        = true                           {product lp64_product} {ergonomic}
     bool UseG1GC                                  = true                                      {product} {ergonomic}
     bool UseLargePagesIndividualAllocation        = false                                  {pd product} {ergonomic}

Logging:
Log output configuration:
 #0: stdout all=warning uptime,level,tags foldmultilines=false
 #1: stderr all=off uptime,level,tags foldmultilines=false

Environment Variables:
JAVA_HOME=C:\Program Files\Android\Android Studio\jbr
CLASSPATH=D:\salat\salaat\android\\gradle\wrapper\gradle-wrapper.jar
PATH=C:\Program Files\Android\Android Studio\jbr\bin;C:\Users\Dell-3\AppData\Local\Programs\Microsoft VS Code\bin;C:\Program Files\Common Files\Oracle\Java\javapath;C:\Python314\Scripts\;C:\Python314\;C:\WINDOWS\system32;C:\WINDOWS;C:\WINDOWS\System32\Wbem;C:\WINDOWS\System32\WindowsPowerShell\v1.0\;C:\WINDOWS\System32\OpenSSH\;C:\ProgramData\chocolatey\bin;C:\Program Files\dotnet\;C:\xampp\php;C:\ProgramData\ComposerSetup\bin;C:\Program Files\nodejs\;C:\Program Files\Git\cmd;C:\Program Files\Common Files\Oracle\Java\javapath;C:\Python314\Scripts\;C:\Python314\;C:\WINDOWS\system32;C:\WINDOWS;C:\WINDOWS\System32\Wbem;C:\WINDOWS\System32\WindowsPowerShell\v1.0\;C:\WINDOWS\System32\OpenSSH\;C:\ProgramData\chocolatey\bin;C:\Program Files\dotnet\;C:\xampp\php;C:\ProgramData\ComposerSetup\bin;C:\Program Files\nodejs\;C:\Program Files\Git\cmd;C:\Users\Dell-3\AppData\Local\Microsoft\WindowsApps;C:\Users\Dell-3\AppData\Local\Programs\Microsoft VS Code\bin;C:\Users\Dell-3\.dotnet\tools;C:\Users\Dell-3\AppData\Local\Pub\Cache\bin;C:\dart;C:\src\flutter\flutter\bin;C:\Users\Dell-3\AppData\Roaming\Composer\vendor\bin;C:\Users\Dell-3\AppData\Roaming\npm;C:\Program Files\Git\bin;C:\Users\Dell-3\AppData\Local\Android\Sdk\platform-tools;C:\Users\Dell-3\AppData\Local\Android\Sdk\platform-tools;C:\src\flutter\flutter\bin\mingit\cmd
USERNAME=Dell-3
TERM=xterm-256color
OS=Windows_NT
PROCESSOR_IDENTIFIER=Intel64 Family 6 Model 183 Stepping 1, GenuineIntel
TMP=C:\Users\Dell-3\AppData\Local\Temp
TEMP=C:\Users\Dell-3\AppData\Local\Temp




Periodic native trim disabled

JNI global refs:
JNI global refs: 19, weak refs: 10

JNI global refs memory usage: 835, weak refs: 833

Process memory usage:
Resident Set Size: 178664K (2% of 8067892K total physical memory with 96376K free physical memory)

OOME stack traces (most recent first):
Classloader memory used:
Loader jdk.internal.loader.ClassLoaders$AppClassLoader                                 : 45127K
Loader bootstrap                                                                       : 10569K

---------------  S Y S T E M  ---------------

OS:
 Windows 11 , 64 bit Build 26100 (10.0.26100.7019)
OS uptime: 4 days 8:27 hours
Hyper-V role detected

CPU: total 28 (initial active 28) (14 cores per cpu, 2 threads per core) family 6 model 183 stepping 1 microcode 0x12f, cx8, cmov, fxsr, ht, mmx, 3dnowpref, sse, sse2, sse3, ssse3, sse4.1, sse4.2, popcnt, lzcnt, tsc, tscinvbit, avx, avx2, aes, erms, clmul, bmi1, bmi2, adx, sha, fma, vzeroupper, clflush, clflushopt, clwb, hv, serialize, rdtscp, rdpid, fsrm, f16c, cet_ibt, cet_ss
Processor Information for the first 28 processors :
  Max Mhz: 2100, Current Mhz: 2100, Mhz Limit: 2100

Memory: 4k page, system-wide physical 7878M (93M free)
TotalPageFile size 32454M (AvailPageFile size 33M)
current process WorkingSet (physical memory assigned to process): 174M, peak: 205M
current process commit charge ("private bytes"): 272M, peak: 299M

vm_info: OpenJDK 64-Bit Server VM (21.0.8+-14196175-b1038.72) for windows-amd64 JRE (21.0.8+-14196175-b1038.72), built on 2025-10-01T10:24:33Z by "builder" with MS VC++ 16.10 / 16.11 (VS2019)

END.
