#
# There is insufficient memory for the Java Runtime Environment to continue.
# Native memory allocation (mmap) failed to map 67108864 bytes. Error detail: G1 virtual space
# Possible reasons:
#   The system is out of physical RAM or swap space
#   This process is running with CompressedOops enabled, and the Java Heap may be blocking the growth of the native heap
# Possible solutions:
#   Reduce memory load on the system
#   Increase physical memory or swap space
#   Check if swap backing store is full
#   Decrease Java heap size (-Xmx/-Xms)
#   Decrease number of Java threads
#   Decrease Java thread stack sizes (-Xss)
#   Set larger code cache with -XX:ReservedCodeCacheSize=
#   JVM is running with Unscaled Compressed Oops mode in which the Java heap is
#     placed in the first 4GB address space. The Java Heap base address is the
#     maximum limit for the native heap growth. Please use -XX:HeapBaseMinAddress
#     to set the Java Heap base and to place the Java Heap above 4GB virtual address.
# This output file may be truncated or incomplete.
#
#  Out of Memory Error (os_windows.cpp:3925), pid=11760, tid=10084
#
# JRE version: OpenJDK Runtime Environment (21.0.8) (build 21.0.8+-14196175-b1038.72)
# Java VM: OpenJDK 64-Bit Server VM (21.0.8+-14196175-b1038.72, mixed mode, tiered, compressed oops, compressed class ptrs, g1 gc, windows-amd64)
# No core dump will be written. Minidumps are not enabled by default on client versions of Windows
#

---------------  S U M M A R Y ------------

Command Line: org.jetbrains.kotlin.cli.jvm.K2JVMCompiler @D:\salat\salaat\build\shared_preferences_android\20260103_4823822580426531135.compiler.options

Host: Intel(R) Core(TM) i7-14700, 28 cores, 7G,  Windows 11 , 64 bit Build 26100 (10.0.26100.7309)
Time: Sat Jan  3 00:37:42 2026 elapsed time: 7.475451 seconds (0d 0h 0m 7s)

---------------  T H R E A D  ---------------

Current thread (0x0000020cf9a693a0):  VMThread "VM Thread"          [id=10084, stack(0x0000006d09600000,0x0000006d09700000) (1024K)]

Stack: [0x0000006d09600000,0x0000006d09700000]
Native frames: (J=compiled Java code, j=interpreted, Vv=VM code, C=native code)
V  [jvm.dll+0x6d68d9]
V  [jvm.dll+0x866693]
V  [jvm.dll+0x868c4e]
V  [jvm.dll+0x869333]
V  [jvm.dll+0x280566]
V  [jvm.dll+0x6d3195]
V  [jvm.dll+0x6c69ea]
V  [jvm.dll+0x3586db]
V  [jvm.dll+0x360336]
V  [jvm.dll+0x3b23f6]
V  [jvm.dll+0x3b26c8]
V  [jvm.dll+0x32ae6c]
V  [jvm.dll+0x32aef7]
V  [jvm.dll+0x370d3c]
V  [jvm.dll+0x36f4ee]
V  [jvm.dll+0x32a5c1]
V  [jvm.dll+0x36ebf0]
V  [jvm.dll+0x86f0b8]
V  [jvm.dll+0x870434]
V  [jvm.dll+0x870970]
V  [jvm.dll+0x870c03]
V  [jvm.dll+0x80eac8]
V  [jvm.dll+0x6d512d]
C  [ucrtbase.dll+0x37b0]
C  [KERNEL32.DLL+0x2e8d7]
C  [ntdll.dll+0x8c53c]

VM_Operation (0x0000006d08ffc9f0): G1CollectForAllocation, mode: safepoint, requested by thread 0x0000020cde49bf00


---------------  P R O C E S S  ---------------

Threads class SMR info:
_java_thread_list=0x0000020cf9cb2640, length=11, elements={
0x0000020cde49bf00, 0x0000020cf9aebd70, 0x0000020cf9b2a260, 0x0000020cf9b2b830,
0x0000020cf9b2e7b0, 0x0000020cf9b13170, 0x0000020cf9b14740, 0x0000020cf9b17e50,
0x0000020cf9b30500, 0x0000020cf9b412b0, 0x0000020cf9cce760
}

Java Threads: ( => current thread )
  0x0000020cde49bf00 JavaThread "main"                              [_thread_blocked, id=29676, stack(0x0000006d08f00000,0x0000006d09000000) (1024K)]
  0x0000020cf9aebd70 JavaThread "Common-Cleaner"             daemon [_thread_blocked, id=13072, stack(0x0000006d09700000,0x0000006d09800000) (1024K)]
  0x0000020cf9b2a260 JavaThread "Reference Handler"          daemon [_thread_blocked, id=20460, stack(0x0000006d09800000,0x0000006d09900000) (1024K)]
  0x0000020cf9b2b830 JavaThread "Finalizer"                  daemon [_thread_blocked, id=28828, stack(0x0000006d09900000,0x0000006d09a00000) (1024K)]
  0x0000020cf9b2e7b0 JavaThread "Signal Dispatcher"          daemon [_thread_blocked, id=19752, stack(0x0000006d09a00000,0x0000006d09b00000) (1024K)]
  0x0000020cf9b13170 JavaThread "Attach Listener"            daemon [_thread_blocked, id=27048, stack(0x0000006d09b00000,0x0000006d09c00000) (1024K)]
  0x0000020cf9b14740 JavaThread "Service Thread"             daemon [_thread_blocked, id=27556, stack(0x0000006d09c00000,0x0000006d09d00000) (1024K)]
  0x0000020cf9b17e50 JavaThread "Monitor Deflation Thread"   daemon [_thread_blocked, id=23468, stack(0x0000006d09d00000,0x0000006d09e00000) (1024K)]
  0x0000020cf9b30500 JavaThread "C2 CompilerThread0"         daemon [_thread_blocked, id=30472, stack(0x0000006d09e00000,0x0000006d09f00000) (1024K)]
  0x0000020cf9b412b0 JavaThread "C1 CompilerThread0"         daemon [_thread_blocked, id=10964, stack(0x0000006d09f00000,0x0000006d0a000000) (1024K)]
  0x0000020cf9cce760 JavaThread "Notification Thread"        daemon [_thread_blocked, id=15052, stack(0x0000006d0a000000,0x0000006d0a100000) (1024K)]
Total: 11

Other Threads:
=>0x0000020cf9a693a0 VMThread "VM Thread"                           [id=10084, stack(0x0000006d09600000,0x0000006d09700000) (1024K)]
  0x0000020cf94a9e90 WatcherThread "VM Periodic Task Thread"        [id=1512, stack(0x0000006d09500000,0x0000006d09600000) (1024K)]
  0x0000020ce08e9860 WorkerThread "GC Thread#0"                     [id=10188, stack(0x0000006d09000000,0x0000006d09100000) (1024K)]
  0x0000020cfe5d4d50 WorkerThread "GC Thread#1"                     [id=15916, stack(0x0000006d0a100000,0x0000006d0a200000) (1024K)]
  0x0000020cfe1c71b0 WorkerThread "GC Thread#2"                     [id=9880, stack(0x0000006d0a200000,0x0000006d0a300000) (1024K)]
  0x0000020cfe4e2610 WorkerThread "GC Thread#3"                     [id=29548, stack(0x0000006d0a300000,0x0000006d0a400000) (1024K)]
  0x0000020cfe4e29b0 WorkerThread "GC Thread#4"                     [id=4120, stack(0x0000006d0a400000,0x0000006d0a500000) (1024K)]
  0x0000020cfe4e2d50 WorkerThread "GC Thread#5"                     [id=17776, stack(0x0000006d0a500000,0x0000006d0a600000) (1024K)]
  0x0000020cfe6743e0 WorkerThread "GC Thread#6"                     [id=21300, stack(0x0000006d0a600000,0x0000006d0a700000) (1024K)]
  0x0000020cfe673900 WorkerThread "GC Thread#7"                     [id=2032, stack(0x0000006d0a700000,0x0000006d0a800000) (1024K)]
  0x0000020cfe672a80 WorkerThread "GC Thread#8"                     [id=7528, stack(0x0000006d0a800000,0x0000006d0a900000) (1024K)]
  0x0000020cfeae4b20 WorkerThread "GC Thread#9"                     [id=29988, stack(0x0000006d0ad00000,0x0000006d0ae00000) (1024K)]
  0x0000020cfeae76a0 WorkerThread "GC Thread#10"                    [id=3996, stack(0x0000006d0ae00000,0x0000006d0af00000) (1024K)]
  0x0000020cfeae7a40 WorkerThread "GC Thread#11"                    [id=24708, stack(0x0000006d0af00000,0x0000006d0b000000) (1024K)]
  0x0000020c8102a7b0 WorkerThread "GC Thread#12"                    [id=14132, stack(0x0000006d0b000000,0x0000006d0b100000) (1024K)]
  0x0000020c8102aef0 WorkerThread "GC Thread#13"                    [id=1272, stack(0x0000006d0b100000,0x0000006d0b200000) (1024K)]
  0x0000020ce08fb510 ConcurrentGCThread "G1 Main Marker"            [id=11440, stack(0x0000006d09100000,0x0000006d09200000) (1024K)]
  0x0000020ce08fc010 WorkerThread "G1 Conc#0"                       [id=15432, stack(0x0000006d09200000,0x0000006d09300000) (1024K)]
  0x0000020cfe673ca0 WorkerThread "G1 Conc#1"                       [id=22956, stack(0x0000006d0a900000,0x0000006d0aa00000) (1024K)]
  0x0000020cfe6731c0 WorkerThread "G1 Conc#2"                       [id=28888, stack(0x0000006d0aa00000,0x0000006d0ab00000) (1024K)]
  0x0000020cfeae5260 WorkerThread "G1 Conc#3"                       [id=9508, stack(0x0000006d0ab00000,0x0000006d0ac00000) (1024K)]
  0x0000020cfeae6bc0 WorkerThread "G1 Conc#4"                       [id=20604, stack(0x0000006d0ac00000,0x0000006d0ad00000) (1024K)]
  0x0000020cf9378430 ConcurrentGCThread "G1 Refine#0"               [id=20724, stack(0x0000006d09300000,0x0000006d09400000) (1024K)]
  0x0000020cf9379d50 ConcurrentGCThread "G1 Service"                [id=7764, stack(0x0000006d09400000,0x0000006d09500000) (1024K)]
Total: 24

Threads with active compile tasks:
C1 CompilerThread0  7497 2756       3       org.jetbrains.kotlin.lexer._JetLexer::advance (2433 bytes)
Total: 1

VM state: at safepoint (normal execution)

VM Mutex/Monitor currently owned by a thread:  ([mutex/lock_event])
[0x00007fffdf1b85b8] Threads_lock - owner thread: 0x0000020cf9a693a0
[0x00007fffdf1b86b8] Heap_lock - owner thread: 0x0000020cde49bf00

Heap address: 0x0000000084e00000, size: 1970 MB, Compressed Oops mode: 32-bit

CDS archive(s) not mapped
Compressed class space mapped at: 0x0000000100000000-0x0000000140000000, reserved size: 1073741824
Narrow klass base: 0x0000000000000000, Narrow klass shift: 3, Narrow klass range: 0x140000000

GC Precious Log:
 CardTable entry size: 512
 Card Set container configuration: InlinePtr #cards 5 size 8 Array Of Cards #cards 12 size 40 Howl #buckets 4 coarsen threshold 1843 Howl Bitmap #cards 512 size 80 coarsen threshold 460 Card regions per heap region 1 cards per card region 2048
 CPUs: 28 total, 28 available
 Memory: 7878M
 Large Page Support: Disabled
 NUMA Support: Disabled
 Compressed Oops: Enabled (32-bit)
 Heap Region Size: 1M
 Heap Min Capacity: 8M
 Heap Initial Capacity: 124M
 Heap Max Capacity: 1970M
 Pre-touch: Disabled
 Parallel Workers: 20
 Concurrent Workers: 5
 Concurrent Refinement Workers: 20
 Periodic GC: Disabled

Heap:
 garbage-first heap   total 41984K, used 18297K [0x0000000084e00000, 0x0000000100000000)
  region size 1024K, 1 young (1024K), 1 survivors (1024K)
 Metaspace       used 39744K, committed 40000K, reserved 1114112K
  class space    used 4694K, committed 4800K, reserved 1048576K

Heap Regions: E=young(eden), S=young(survivor), O=old, HS=humongous(starts), HC=humongous(continues), CS=collection set, F=free, TAMS=top-at-mark-start, PB=parsable bottom
|   0|0x0000000084e00000, 0x0000000084f00000, 0x0000000084f00000|100%|HS|  |TAMS 0x0000000084e00000| PB 0x0000000084e00000| Complete 
|   1|0x0000000084f00000, 0x0000000085000000, 0x0000000085000000|100%|HC|  |TAMS 0x0000000084f00000| PB 0x0000000084f00000| Complete 
|   2|0x0000000085000000, 0x0000000085100000, 0x0000000085100000|100%|HC|  |TAMS 0x0000000085000000| PB 0x0000000085000000| Complete 
|   3|0x0000000085100000, 0x0000000085200000, 0x0000000085200000|100%| O|  |TAMS 0x0000000085100000| PB 0x0000000085100000| Untracked 
|   4|0x0000000085200000, 0x0000000085300000, 0x0000000085300000|100%| O|  |TAMS 0x0000000085200000| PB 0x0000000085200000| Untracked 
|   5|0x0000000085300000, 0x00000000853e1c00, 0x0000000085400000| 88%| O|  |TAMS 0x0000000085300000| PB 0x0000000085300000| Untracked 
|   6|0x0000000085400000, 0x0000000085500000, 0x0000000085500000|100%| O|  |TAMS 0x0000000085400000| PB 0x0000000085400000| Untracked 
|   7|0x0000000085500000, 0x0000000085600000, 0x0000000085600000|100%| O|  |TAMS 0x0000000085500000| PB 0x0000000085500000| Untracked 
|   8|0x0000000085600000, 0x0000000085700000, 0x0000000085700000|100%| O|  |TAMS 0x0000000085600000| PB 0x0000000085600000| Untracked 
|   9|0x0000000085700000, 0x0000000085800000, 0x0000000085800000|100%| O|  |TAMS 0x0000000085700000| PB 0x0000000085700000| Untracked 
|  10|0x0000000085800000, 0x0000000085900000, 0x0000000085900000|100%| O|  |TAMS 0x0000000085800000| PB 0x0000000085800000| Untracked 
|  11|0x0000000085900000, 0x0000000085a00000, 0x0000000085a00000|100%| O|  |TAMS 0x0000000085900000| PB 0x0000000085900000| Untracked 
|  12|0x0000000085a00000, 0x0000000085a72a90, 0x0000000085b00000| 44%| O|  |TAMS 0x0000000085a00000| PB 0x0000000085a00000| Untracked 
|  13|0x0000000085b00000, 0x0000000085c00000, 0x0000000085c00000|100%| O|  |TAMS 0x0000000085b00000| PB 0x0000000085b00000| Untracked 
|  14|0x0000000085c00000, 0x0000000085d00000, 0x0000000085d00000|100%| O|  |TAMS 0x0000000085c00000| PB 0x0000000085c00000| Untracked 
|  15|0x0000000085d00000, 0x0000000085e00000, 0x0000000085e00000|100%| O|  |TAMS 0x0000000085d00000| PB 0x0000000085d00000| Untracked 
|  16|0x0000000085e00000, 0x0000000085f00000, 0x0000000085f00000|100%| O|  |TAMS 0x0000000085e00000| PB 0x0000000085e00000| Untracked 
|  17|0x0000000085f00000, 0x0000000086000000, 0x0000000086000000|100%| O|  |TAMS 0x0000000085f00000| PB 0x0000000085f00000| Untracked 
|  18|0x0000000086000000, 0x0000000086000000, 0x0000000086100000|  0%| F|  |TAMS 0x0000000086000000| PB 0x0000000086000000| Untracked 
|  19|0x0000000086100000, 0x0000000086100000, 0x0000000086200000|  0%| F|  |TAMS 0x0000000086100000| PB 0x0000000086100000| Untracked 
|  20|0x0000000086200000, 0x0000000086200000, 0x0000000086300000|  0%| F|  |TAMS 0x0000000086200000| PB 0x0000000086200000| Untracked 
|  21|0x0000000086300000, 0x0000000086300000, 0x0000000086400000|  0%| F|  |TAMS 0x0000000086300000| PB 0x0000000086300000| Untracked 
|  22|0x0000000086400000, 0x0000000086400000, 0x0000000086500000|  0%| F|  |TAMS 0x0000000086400000| PB 0x0000000086400000| Untracked 
|  23|0x0000000086500000, 0x0000000086500000, 0x0000000086600000|  0%| F|  |TAMS 0x0000000086500000| PB 0x0000000086500000| Untracked 
|  24|0x0000000086600000, 0x0000000086600000, 0x0000000086700000|  0%| F|  |TAMS 0x0000000086600000| PB 0x0000000086600000| Untracked 
|  25|0x0000000086700000, 0x0000000086700000, 0x0000000086800000|  0%| F|  |TAMS 0x0000000086700000| PB 0x0000000086700000| Untracked 
|  26|0x0000000086800000, 0x0000000086800000, 0x0000000086900000|  0%| F|  |TAMS 0x0000000086800000| PB 0x0000000086800000| Untracked 
|  27|0x0000000086900000, 0x0000000086900000, 0x0000000086a00000|  0%| F|  |TAMS 0x0000000086900000| PB 0x0000000086900000| Untracked 
|  28|0x0000000086a00000, 0x0000000086a00000, 0x0000000086b00000|  0%| F|  |TAMS 0x0000000086a00000| PB 0x0000000086a00000| Untracked 
|  29|0x0000000086b00000, 0x0000000086b00000, 0x0000000086c00000|  0%| F|  |TAMS 0x0000000086b00000| PB 0x0000000086b00000| Untracked 
|  30|0x0000000086c00000, 0x0000000086c00000, 0x0000000086d00000|  0%| F|  |TAMS 0x0000000086c00000| PB 0x0000000086c00000| Untracked 
|  31|0x0000000086d00000, 0x0000000086d00000, 0x0000000086e00000|  0%| F|  |TAMS 0x0000000086d00000| PB 0x0000000086d00000| Untracked 
|  32|0x0000000086e00000, 0x0000000086e00000, 0x0000000086f00000|  0%| F|  |TAMS 0x0000000086e00000| PB 0x0000000086e00000| Untracked 
|  33|0x0000000086f00000, 0x0000000086f00000, 0x0000000087000000|  0%| F|  |TAMS 0x0000000086f00000| PB 0x0000000086f00000| Untracked 
|  34|0x0000000087000000, 0x0000000087000000, 0x0000000087100000|  0%| F|  |TAMS 0x0000000087000000| PB 0x0000000087000000| Untracked 
|  35|0x0000000087100000, 0x0000000087100000, 0x0000000087200000|  0%| F|  |TAMS 0x0000000087100000| PB 0x0000000087100000| Untracked 
|  36|0x0000000087200000, 0x0000000087200000, 0x0000000087300000|  0%| F|  |TAMS 0x0000000087200000| PB 0x0000000087200000| Untracked 
|  37|0x0000000087300000, 0x0000000087300000, 0x0000000087400000|  0%| F|  |TAMS 0x0000000087300000| PB 0x0000000087300000| Untracked 
| 102|0x000000008b400000, 0x000000008b400000, 0x000000008b500000|  0%| F|  |TAMS 0x000000008b400000| PB 0x000000008b400000| Untracked 
| 103|0x000000008b500000, 0x000000008b589e08, 0x000000008b600000| 53%| S|CS|TAMS 0x000000008b500000| PB 0x000000008b500000| Complete 
| 123|0x000000008c900000, 0x000000008c900000, 0x000000008ca00000|  0%| F|  |TAMS 0x000000008c900000| PB 0x000000008c900000| Untracked 

Card table byte_map: [0x0000020cf3dd0000,0x0000020cf41b0000] _byte_map_base: 0x0000020cf39a9000

Marking Bits: (CMBitMap*) 0x0000020ce08e9f60
 Bits: [0x0000020cf41b0000, 0x0000020cf6078000)

Polling page: 0x0000020cde450000

Metaspace:

Usage:
  Non-class:     34.23 MB used.
      Class:      4.58 MB used.
       Both:     38.81 MB used.

Virtual space:
  Non-class space:       64.00 MB reserved,      34.38 MB ( 54%) committed,  1 nodes.
      Class space:        1.00 GB reserved,       4.69 MB ( <1%) committed,  1 nodes.
             Both:        1.06 GB reserved,      39.06 MB (  4%) committed. 

Chunk freelists:
   Non-Class:  13.48 MB
       Class:  11.28 MB
        Both:  24.76 MB

MaxMetaspaceSize: unlimited
CompressedClassSpaceSize: 1.00 GB
Initial GC threshold: 21.00 MB
Current GC threshold: 58.69 MB
CDS: off
 - commit_granule_bytes: 65536.
 - commit_granule_words: 8192.
 - virtual_space_node_default_size: 8388608.
 - enlarge_chunks_in_place: 1.
 - use_allocation_guard: 0.


Internal statistics:

num_allocs_failed_limit: 6.
num_arena_births: 182.
num_arena_deaths: 0.
num_vsnodes_births: 2.
num_vsnodes_deaths: 0.
num_space_committed: 624.
num_space_uncommitted: 0.
num_chunks_returned_to_freelist: 6.
num_chunks_taken_from_freelist: 1249.
num_chunk_merges: 3.
num_chunk_splits: 1052.
num_chunks_enlarged: 961.
num_inconsistent_stats: 0.

CodeHeap 'non-profiled nmethods': size=119168Kb used=1226Kb max_used=1226Kb free=117941Kb
 bounds [0x0000020ceb580000, 0x0000020ceb7f0000, 0x0000020cf29e0000]
CodeHeap 'profiled nmethods': size=119104Kb used=5146Kb max_used=5146Kb free=113957Kb
 bounds [0x0000020ce39e0000, 0x0000020ce3ef0000, 0x0000020ceae30000]
CodeHeap 'non-nmethods': size=7488Kb used=1515Kb max_used=1532Kb free=5973Kb
 bounds [0x0000020ceae30000, 0x0000020ceb0a0000, 0x0000020ceb580000]
CodeCache: size=245760Kb, used=7887Kb, max_used=7904Kb, free=237871Kb
 total_blobs=3216, nmethods=2618, adapters=502, full_count=0
Compilation: enabled, stopped_count=0, restarted_count=0

Compilation events (20 events):
Event: 5.444 Thread 0x0000020cf9b412b0 nmethod 2736 0x0000020ce3ed4910 code [0x0000020ce3ed4ac0, 0x0000020ce3ed4c08]
Event: 5.444 Thread 0x0000020cf9b412b0 2737       3       org.jetbrains.kotlin.fir.builder.AbstractRawFirBuilder::convertFirSelector (221 bytes)
Event: 5.445 Thread 0x0000020cf9b412b0 nmethod 2737 0x0000020ce3ed4c90 code [0x0000020ce3ed5240, 0x0000020ce3ed7eb0]
Event: 5.445 Thread 0x0000020cf9b412b0 2740       1       org.jetbrains.kotlin.fir.declarations.builder.FirRegularClassBuilder::getDeclarations (5 bytes)
Event: 5.445 Thread 0x0000020cf9b412b0 nmethod 2740 0x0000020ceb6b2410 code [0x0000020ceb6b25a0, 0x0000020ceb6b2668]
Event: 5.445 Thread 0x0000020cf9b412b0 2738       3       org.jetbrains.kotlin.fir.types.ConeTypeProjection$Companion::getEMPTY_ARRAY (4 bytes)
Event: 5.445 Thread 0x0000020cf9b412b0 nmethod 2738 0x0000020ce3ed8d90 code [0x0000020ce3ed8f40, 0x0000020ce3ed90b0]
Event: 5.445 Thread 0x0000020cf9b412b0 2739       3       org.jetbrains.kotlin.fir.types.ConeTypeProjection::access$getEMPTY_ARRAY$cp (4 bytes)
Event: 5.445 Thread 0x0000020cf9b412b0 nmethod 2739 0x0000020ce3ed9190 code [0x0000020ce3ed9320, 0x0000020ce3ed9418]
Event: 5.445 Thread 0x0000020cf9b412b0 2741       3       org.jetbrains.kotlin.fir.lightTree.fir.modifier.Modifier::getVisibility$default (29 bytes)
Event: 5.445 Thread 0x0000020cf9b412b0 nmethod 2741 0x0000020ce3ed9490 code [0x0000020ce3ed9660, 0x0000020ce3ed98d0]
Event: 5.445 Thread 0x0000020cf9b412b0 2742       1       org.jetbrains.kotlin.fir.builder.Context::getContainerIsExpect (5 bytes)
Event: 5.445 Thread 0x0000020cf9b412b0 nmethod 2742 0x0000020ceb6b2710 code [0x0000020ceb6b28a0, 0x0000020ceb6b2970]
Event: 5.445 Thread 0x0000020cf9b412b0 2743       3       org.jetbrains.kotlin.fir.builder.Context::pushContainerSymbol (61 bytes)
Event: 5.446 Thread 0x0000020cf9b412b0 nmethod 2743 0x0000020ce3ed9a10 code [0x0000020ce3ed9c60, 0x0000020ce3eda548]
Event: 5.446 Thread 0x0000020cf9b412b0 2744       3       org.jetbrains.kotlin.fir.builder.Context::popContainerSymbol (220 bytes)
Event: 5.447 Thread 0x0000020cf9b412b0 nmethod 2744 0x0000020ce3eda810 code [0x0000020ce3edabe0, 0x0000020ce3edc150]
Event: 5.447 Thread 0x0000020cf9b412b0 2753       3       org.jetbrains.kotlin.fir.lightTree.converter.LightTreeRawFirExpressionBuilder::convertQualifiedExpression (1009 bytes)
Event: 5.449 Thread 0x0000020cf9b412b0 nmethod 2753 0x0000020ce3edca90 code [0x0000020ce3edd540, 0x0000020ce3ee43d8]
Event: 5.449 Thread 0x0000020cf9b412b0 2756       3       org.jetbrains.kotlin.lexer._JetLexer::advance (2433 bytes)

GC Heap History (20 events):
Event: 1.803 GC heap after
{Heap after GC invocations=4 (full 0):
 garbage-first heap   total 34816K, used 13130K [0x0000000084e00000, 0x0000000100000000)
  region size 1024K, 7 young (7168K), 7 survivors (7168K)
 Metaspace       used 24056K, committed 24320K, reserved 1114112K
  class space    used 2558K, committed 2688K, reserved 1048576K
}
Event: 2.073 GC heap before
{Heap before GC invocations=4 (full 0):
 garbage-first heap   total 34816K, used 24394K [0x0000000084e00000, 0x0000000100000000)
  region size 1024K, 18 young (18432K), 7 survivors (7168K)
 Metaspace       used 27100K, committed 27328K, reserved 1114112K
  class space    used 2935K, committed 3072K, reserved 1048576K
}
Event: 2.078 GC heap after
{Heap after GC invocations=5 (full 0):
 garbage-first heap   total 34816K, used 13729K [0x0000000084e00000, 0x0000000100000000)
  region size 1024K, 1 young (1024K), 1 survivors (1024K)
 Metaspace       used 27100K, committed 27328K, reserved 1114112K
  class space    used 2935K, committed 3072K, reserved 1048576K
}
Event: 2.690 GC heap before
{Heap before GC invocations=5 (full 0):
 garbage-first heap   total 34816K, used 28065K [0x0000000084e00000, 0x0000000100000000)
  region size 1024K, 15 young (15360K), 1 survivors (1024K)
 Metaspace       used 30871K, committed 31104K, reserved 1114112K
  class space    used 3791K, committed 3904K, reserved 1048576K
}
Event: 2.694 GC heap after
{Heap after GC invocations=6 (full 0):
 garbage-first heap   total 34816K, used 15726K [0x0000000084e00000, 0x0000000100000000)
  region size 1024K, 2 young (2048K), 2 survivors (2048K)
 Metaspace       used 30871K, committed 31104K, reserved 1114112K
  class space    used 3791K, committed 3904K, reserved 1048576K
}
Event: 2.893 GC heap before
{Heap before GC invocations=6 (full 0):
 garbage-first heap   total 34816K, used 26990K [0x0000000084e00000, 0x0000000100000000)
  region size 1024K, 14 young (14336K), 2 survivors (2048K)
 Metaspace       used 33466K, committed 33728K, reserved 1114112K
  class space    used 4065K, committed 4160K, reserved 1048576K
}
Event: 2.897 GC heap after
{Heap after GC invocations=7 (full 0):
 garbage-first heap   total 34816K, used 16496K [0x0000000084e00000, 0x0000000100000000)
  region size 1024K, 1 young (1024K), 1 survivors (1024K)
 Metaspace       used 33466K, committed 33728K, reserved 1114112K
  class space    used 4065K, committed 4160K, reserved 1048576K
}
Event: 3.022 GC heap before
{Heap before GC invocations=7 (full 0):
 garbage-first heap   total 34816K, used 24688K [0x0000000084e00000, 0x0000000100000000)
  region size 1024K, 10 young (10240K), 1 survivors (1024K)
 Metaspace       used 35749K, committed 35968K, reserved 1114112K
  class space    used 4319K, committed 4416K, reserved 1048576K
}
Event: 3.024 GC heap after
{Heap after GC invocations=8 (full 0):
 garbage-first heap   total 34816K, used 16964K [0x0000000084e00000, 0x0000000100000000)
  region size 1024K, 2 young (2048K), 2 survivors (2048K)
 Metaspace       used 35749K, committed 35968K, reserved 1114112K
  class space    used 4319K, committed 4416K, reserved 1048576K
}
Event: 3.313 GC heap before
{Heap before GC invocations=9 (full 0):
 garbage-first heap   total 34816K, used 27204K [0x0000000084e00000, 0x0000000100000000)
  region size 1024K, 13 young (13312K), 2 survivors (2048K)
 Metaspace       used 39010K, committed 39232K, reserved 1114112K
  class space    used 4628K, committed 4736K, reserved 1048576K
}
Event: 4.320 GC heap after
{Heap after GC invocations=10 (full 0):
 garbage-first heap   total 41984K, used 17802K [0x0000000084e00000, 0x0000000100000000)
  region size 1024K, 2 young (2048K), 2 survivors (2048K)
 Metaspace       used 39010K, committed 39232K, reserved 1114112K
  class space    used 4628K, committed 4736K, reserved 1048576K
}
Event: 4.345 GC heap before
{Heap before GC invocations=10 (full 0):
 garbage-first heap   total 41984K, used 18826K [0x0000000084e00000, 0x0000000100000000)
  region size 1024K, 3 young (3072K), 2 survivors (2048K)
 Metaspace       used 39148K, committed 39360K, reserved 1114112K
  class space    used 4640K, committed 4736K, reserved 1048576K
}
Event: 4.350 GC heap after
{Heap after GC invocations=11 (full 0):
 garbage-first heap   total 41984K, used 17699K [0x0000000084e00000, 0x0000000100000000)
  region size 1024K, 1 young (1024K), 1 survivors (1024K)
 Metaspace       used 39148K, committed 39360K, reserved 1114112K
  class space    used 4640K, committed 4736K, reserved 1048576K
}
Event: 4.379 GC heap before
{Heap before GC invocations=11 (full 0):
 garbage-first heap   total 41984K, used 18723K [0x0000000084e00000, 0x0000000100000000)
  region size 1024K, 2 young (2048K), 1 survivors (1024K)
 Metaspace       used 39267K, committed 39488K, reserved 1114112K
  class space    used 4653K, committed 4736K, reserved 1048576K
}
Event: 4.381 GC heap after
{Heap after GC invocations=12 (full 0):
 garbage-first heap   total 41984K, used 17812K [0x0000000084e00000, 0x0000000100000000)
  region size 1024K, 1 young (1024K), 1 survivors (1024K)
 Metaspace       used 39267K, committed 39488K, reserved 1114112K
  class space    used 4653K, committed 4736K, reserved 1048576K
}
Event: 5.404 GC heap before
{Heap before GC invocations=12 (full 0):
 garbage-first heap   total 41984K, used 18836K [0x0000000084e00000, 0x0000000100000000)
  region size 1024K, 2 young (2048K), 1 survivors (1024K)
 Metaspace       used 39440K, committed 39680K, reserved 1114112K
  class space    used 4667K, committed 4800K, reserved 1048576K
}
Event: 5.405 GC heap after
{Heap after GC invocations=13 (full 0):
 garbage-first heap   total 41984K, used 17963K [0x0000000084e00000, 0x0000000100000000)
  region size 1024K, 1 young (1024K), 1 survivors (1024K)
 Metaspace       used 39440K, committed 39680K, reserved 1114112K
  class space    used 4667K, committed 4800K, reserved 1048576K
}
Event: 5.425 GC heap before
{Heap before GC invocations=13 (full 0):
 garbage-first heap   total 41984K, used 17963K [0x0000000084e00000, 0x0000000100000000)
  region size 1024K, 2 young (2048K), 1 survivors (1024K)
 Metaspace       used 39582K, committed 39808K, reserved 1114112K
  class space    used 4679K, committed 4800K, reserved 1048576K
}
Event: 5.426 GC heap after
{Heap after GC invocations=14 (full 0):
 garbage-first heap   total 41984K, used 18146K [0x0000000084e00000, 0x0000000100000000)
  region size 1024K, 1 young (1024K), 1 survivors (1024K)
 Metaspace       used 39582K, committed 39808K, reserved 1114112K
  class space    used 4679K, committed 4800K, reserved 1048576K
}
Event: 5.450 GC heap before
{Heap before GC invocations=14 (full 0):
 garbage-first heap   total 41984K, used 19170K [0x0000000084e00000, 0x0000000100000000)
  region size 1024K, 2 young (2048K), 1 survivors (1024K)
 Metaspace       used 39744K, committed 40000K, reserved 1114112K
  class space    used 4694K, committed 4800K, reserved 1048576K
}

Dll operation events (3 events):
Event: 0.020 Loaded shared library C:\Program Files\Android\Android Studio\jbr\bin\java.dll
Event: 0.042 Loaded shared library C:\Program Files\Android\Android Studio\jbr\bin\zip.dll
Event: 1.551 Loaded shared library C:\Program Files\Android\Android Studio\jbr\bin\verify.dll

Deoptimization events (20 events):
Event: 4.372 Thread 0x0000020cde49bf00 Uncommon trap: trap_request=0xffffffde fr.pc=0x0000020ceb58748c relative=0x000000000000044c
Event: 4.372 Thread 0x0000020cde49bf00 Uncommon trap: reason=class_check action=maybe_recompile pc=0x0000020ceb58748c method=org.jetbrains.kotlin.parsing.AbstractKotlinParsing.tt()Lorg/jetbrains/kotlin/com/intellij/psi/tree/IElementType; @ 4 c2
Event: 4.372 Thread 0x0000020cde49bf00 DEOPT PACKING pc=0x0000020ceb58748c sp=0x0000006d08ffe2c0
Event: 4.372 Thread 0x0000020cde49bf00 DEOPT UNPACKING pc=0x0000020ceae846a2 sp=0x0000006d08ffe290 mode 2
Event: 4.372 Thread 0x0000020cde49bf00 Uncommon trap: trap_request=0xffffffde fr.pc=0x0000020ceb65b394 relative=0x0000000000000af4
Event: 4.372 Thread 0x0000020cde49bf00 Uncommon trap: reason=class_check action=maybe_recompile pc=0x0000020ceb65b394 method=org.jetbrains.kotlin.parsing.AbstractKotlinParsing.tt()Lorg/jetbrains/kotlin/com/intellij/psi/tree/IElementType; @ 4 c2
Event: 4.372 Thread 0x0000020cde49bf00 DEOPT PACKING pc=0x0000020ceb65b394 sp=0x0000006d08ffe520
Event: 4.372 Thread 0x0000020cde49bf00 DEOPT UNPACKING pc=0x0000020ceae846a2 sp=0x0000006d08ffe430 mode 2
Event: 4.372 Thread 0x0000020cde49bf00 Uncommon trap: trap_request=0xffffffde fr.pc=0x0000020ceb6615d8 relative=0x0000000000000098
Event: 4.372 Thread 0x0000020cde49bf00 Uncommon trap: reason=class_check action=maybe_recompile pc=0x0000020ceb6615d8 method=org.jetbrains.kotlin.parsing.AbstractKotlinParsing.mark()Lorg/jetbrains/kotlin/com/intellij/lang/PsiBuilder$Marker; @ 4 c2
Event: 4.372 Thread 0x0000020cde49bf00 DEOPT PACKING pc=0x0000020ceb6615d8 sp=0x0000006d08ffe580
Event: 4.372 Thread 0x0000020cde49bf00 DEOPT UNPACKING pc=0x0000020ceae846a2 sp=0x0000006d08ffe520 mode 2
Event: 4.376 Thread 0x0000020cde49bf00 Uncommon trap: trap_request=0xffffff45 fr.pc=0x0000020ceb5b75b8 relative=0x0000000000000178
Event: 4.376 Thread 0x0000020cde49bf00 Uncommon trap: reason=unstable_if action=reinterpret pc=0x0000020ceb5b75b8 method=org.jetbrains.kotlin.parsing.SemanticWhitespaceAwarePsiBuilderImpl.getJoinedTokenType(Lorg/jetbrains/kotlin/com/intellij/psi/tree/IElementType;I)Lorg/jetbrains/kotlin/com/in
Event: 4.376 Thread 0x0000020cde49bf00 DEOPT PACKING pc=0x0000020ceb5b75b8 sp=0x0000006d08ffadc0
Event: 4.376 Thread 0x0000020cde49bf00 DEOPT UNPACKING pc=0x0000020ceae846a2 sp=0x0000006d08ffad48 mode 2
Event: 5.449 Thread 0x0000020cde49bf00 Uncommon trap: trap_request=0xffffff45 fr.pc=0x0000020ceb6867a4 relative=0x0000000000000e64
Event: 5.449 Thread 0x0000020cde49bf00 Uncommon trap: reason=unstable_if action=reinterpret pc=0x0000020ceb6867a4 method=org.jetbrains.kotlin.lexer._JetLexer.advance()Lorg/jetbrains/kotlin/com/intellij/psi/tree/IElementType; @ 403 c2
Event: 5.449 Thread 0x0000020cde49bf00 DEOPT PACKING pc=0x0000020ceb6867a4 sp=0x0000006d08ffe660
Event: 5.449 Thread 0x0000020cde49bf00 DEOPT UNPACKING pc=0x0000020ceae846a2 sp=0x0000006d08ffe5c8 mode 2

Classes loaded (20 events):
Event: 2.968 Loading class sun/nio/cs/UTF_32LE
Event: 2.968 Loading class sun/nio/cs/UTF_32LE done
Event: 2.969 Loading class sun/nio/cs/MS1251
Event: 2.969 Loading class sun/nio/cs/MS1251 done
Event: 2.990 Loading class java/util/function/IntConsumer
Event: 2.990 Loading class java/util/function/IntConsumer done
Event: 2.991 Loading class java/util/PrimitiveIterator$OfInt
Event: 2.991 Loading class java/util/PrimitiveIterator
Event: 2.991 Loading class java/util/PrimitiveIterator done
Event: 2.991 Loading class java/util/PrimitiveIterator$OfInt done
Event: 2.995 Loading class java/util/BitSet
Event: 2.996 Loading class java/util/BitSet done
Event: 3.012 Loading class java/io/InvalidObjectException
Event: 3.012 Loading class java/io/InvalidObjectException done
Event: 3.022 Loading class java/util/function/IntUnaryOperator
Event: 3.024 Loading class java/util/function/IntUnaryOperator done
Event: 3.162 Loading class java/util/ArrayList$ListItr
Event: 3.163 Loading class java/util/ArrayList$ListItr done
Event: 3.184 Loading class java/math/RoundingMode
Event: 3.185 Loading class java/math/RoundingMode done

Classes unloaded (0 events):
No events

Classes redefined (0 events):
No events

Internal exceptions (20 events):
Event: 0.975 Thread 0x0000020cde49bf00 Exception <a 'java/lang/NoSuchMethodError'{0x000000008c69d000}: 'int java.lang.invoke.DelegatingMethodHandle$Holder.reinvoke_L(java.lang.Object, java.lang.Object, java.lang.Object, long, java.lang.Object, java.lang.Object)'> (0x000000008c69d000) 
thrown [s\src\hotspot\share\interpreter\linkResolver.cpp, line 784]
Event: 0.976 Thread 0x0000020cde49bf00 Exception <a 'java/lang/NoSuchMethodError'{0x000000008c6ab420}: 'int java.lang.invoke.DelegatingMethodHandle$Holder.reinvoke_L(java.lang.Object, java.lang.Object, java.lang.Object, long, int, int)'> (0x000000008c6ab420) 
thrown [s\src\hotspot\share\interpreter\linkResolver.cpp, line 784]
Event: 0.976 Thread 0x0000020cde49bf00 Exception <a 'java/lang/NoSuchMethodError'{0x000000008c6b95f0}: 'int java.lang.invoke.DelegatingMethodHandle$Holder.reinvoke_L(java.lang.Object, java.lang.Object, java.lang.Object, long, long, long)'> (0x000000008c6b95f0) 
thrown [s\src\hotspot\share\interpreter\linkResolver.cpp, line 784]
Event: 0.977 Thread 0x0000020cde49bf00 Exception <a 'java/lang/NoSuchMethodError'{0x000000008c6c7448}: 'int java.lang.invoke.DelegatingMethodHandle$Holder.reinvoke_L(java.lang.Object, java.lang.Object, java.lang.Object, long, int)'> (0x000000008c6c7448) 
thrown [s\src\hotspot\share\interpreter\linkResolver.cpp, line 784]
Event: 0.979 Thread 0x0000020cde49bf00 Exception <a 'java/lang/NoSuchMethodError'{0x000000008c6d2c00}: 'int java.lang.invoke.DirectMethodHandle$Holder.invokeSpecial(java.lang.Object, java.lang.Object, java.lang.Object, java.lang.Object)'> (0x000000008c6d2c00) 
thrown [s\src\hotspot\share\interpreter\linkResolver.cpp, line 784]
Event: 0.980 Thread 0x0000020cde49bf00 Exception <a 'java/lang/NoSuchMethodError'{0x000000008c6e17c0}: 'void java.lang.invoke.DelegatingMethodHandle$Holder.reinvoke_L(java.lang.Object, java.lang.Object, java.lang.Object, long, java.lang.Object, long, long)'> (0x000000008c6e17c0) 
thrown [s\src\hotspot\share\interpreter\linkResolver.cpp, line 784]
Event: 0.980 Thread 0x0000020cde49bf00 Exception <a 'java/lang/NoSuchMethodError'{0x000000008c6e85c0}: 'long java.lang.invoke.Invokers$Holder.invokeExact_MT(java.lang.Object, java.lang.Object, java.lang.Object)'> (0x000000008c6e85c0) 
thrown [s\src\hotspot\share\interpreter\linkResolver.cpp, line 784]
Event: 0.981 Thread 0x0000020cde49bf00 Exception <a 'java/lang/NoSuchMethodError'{0x000000008c6ec4f8}: 'int java.lang.invoke.Invokers$Holder.invokeExact_MT(java.lang.Object, java.lang.Object, java.lang.Object)'> (0x000000008c6ec4f8) 
thrown [s\src\hotspot\share\interpreter\linkResolver.cpp, line 784]
Event: 1.012 Thread 0x0000020cde49bf00 Exception <a 'java/lang/NoSuchMethodError'{0x000000008c4ade70}: 'int java.lang.invoke.DirectMethodHandle$Holder.invokeStatic(java.lang.Object)'> (0x000000008c4ade70) 
thrown [s\src\hotspot\share\interpreter\linkResolver.cpp, line 784]
Event: 1.013 Thread 0x0000020cde49bf00 Exception <a 'java/lang/NoSuchMethodError'{0x000000008c4b12b8}: 'int java.lang.invoke.DirectMethodHandle$Holder.invokeStaticInit(java.lang.Object)'> (0x000000008c4b12b8) 
thrown [s\src\hotspot\share\interpreter\linkResolver.cpp, line 784]
Event: 1.017 Thread 0x0000020cde49bf00 Exception <a 'java/lang/NoSuchMethodError'{0x000000008c4df280}: 'java.lang.Object java.lang.invoke.DirectMethodHandle$Holder.newInvokeSpecial(java.lang.Object, java.lang.Object, int)'> (0x000000008c4df280) 
thrown [s\src\hotspot\share\interpreter\linkResolver.cpp, line 784]
Event: 1.289 Thread 0x0000020cde49bf00 Exception <a 'java/lang/NoSuchMethodError'{0x000000008b764f28}: 'void java.lang.invoke.Invokers$Holder.invokeExact_MT(java.lang.Object, int, java.lang.Object)'> (0x000000008b764f28) 
thrown [s\src\hotspot\share\interpreter\linkResolver.cpp, line 784]
Event: 1.341 Thread 0x0000020cde49bf00 Exception <a 'java/lang/NoSuchMethodError'{0x0000000086547e28}: 'java.lang.Object java.lang.invoke.DirectMethodHandle$Holder.invokeStatic(java.lang.Object, java.lang.Object, long, long)'> (0x0000000086547e28) 
thrown [s\src\hotspot\share\interpreter\linkResolver.cpp, line 784]
Event: 1.351 Thread 0x0000020cde49bf00 Exception <a 'java/lang/NoSuchMethodError'{0x0000000086571ae0}: 'long java.lang.invoke.DirectMethodHandle$Holder.invokeStatic(java.lang.Object, java.lang.Object, int)'> (0x0000000086571ae0) 
thrown [s\src\hotspot\share\interpreter\linkResolver.cpp, line 784]
Event: 1.351 Thread 0x0000020cde49bf00 Exception <a 'java/lang/NoSuchMethodError'{0x000000008657cd78}: 'java.lang.Object java.lang.invoke.DelegatingMethodHandle$Holder.reinvoke_L(java.lang.Object, int, long, java.lang.Object, java.lang.Object, int, java.lang.Object)'> (0x000000008657cd78) 
thrown [s\src\hotspot\share\interpreter\linkResolver.cpp, line 784]
Event: 1.358 Thread 0x0000020cde49bf00 Exception <a 'java/lang/NoSuchMethodError'{0x00000000865be6b8}: 'java.lang.Object java.lang.invoke.DirectMethodHandle$Holder.newInvokeSpecial(java.lang.Object, java.lang.Object, java.lang.Object, long)'> (0x00000000865be6b8) 
thrown [s\src\hotspot\share\interpreter\linkResolver.cpp, line 784]
Event: 1.358 Thread 0x0000020cde49bf00 Exception <a 'java/lang/NoSuchMethodError'{0x00000000865c2268}: 'java.lang.Object java.lang.invoke.Invokers$Holder.linkToTargetMethod(java.lang.Object, java.lang.Object, long, java.lang.Object)'> (0x00000000865c2268) 
thrown [s\src\hotspot\share\interpreter\linkResolver.cpp, line 784]
Event: 1.886 Thread 0x0000020cde49bf00 Exception <a 'java/lang/NoSuchMethodError'{0x000000008b4e9c08}: 'java.lang.Object java.lang.invoke.DirectMethodHandle$Holder.newInvokeSpecial(java.lang.Object, java.lang.Object, java.lang.Object, java.lang.Object, java.lang.Object, java.lang.Object, java.lang.Object)'> (0x000000008b4e9c08) 
thrown [s\src\hotspot\share\interpreter\linkResolver.cpp, line 784]
Event: 2.987 Thread 0x0000020cde49bf00 Exception <a 'java/lang/NoSuchMethodError'{0x00000000868300b0}: 'java.lang.Object java.lang.invoke.DirectMethodHandle$Holder.invokeVirtual(java.lang.Object, java.lang.Object, java.lang.Object)'> (0x00000000868300b0) 
thrown [s\src\hotspot\share\interpreter\linkResolver.cpp, line 784]
Event: 5.432 Thread 0x0000020cde49bf00 Exception <a 'java/lang/NoSuchMethodError'{0x000000008c94f630}: 'java.lang.Object java.lang.invoke.DirectMethodHandle$Holder.newInvokeSpecial(java.lang.Object, java.lang.Object, java.lang.Object, java.lang.Object, java.lang.Object, java.lang.Object)'> (0x000000008c94f630) 
thrown [s\src\hotspot\share\interpreter\linkResolver.cpp, line 784]

ZGC Phase Switch (0 events):
No events

VM Operations (20 events):
Event: 3.031 Executing VM operation: G1PauseRemark done
Event: 3.032 Executing VM operation: G1PauseCleanup
Event: 3.032 Executing VM operation: G1PauseCleanup done
Event: 3.163 Executing VM operation: HandshakeAllThreads (Deoptimize)
Event: 3.163 Executing VM operation: HandshakeAllThreads (Deoptimize) done
Event: 3.313 Executing VM operation: G1CollectForAllocation (G1 Evacuation Pause)
Event: 4.320 Executing VM operation: G1CollectForAllocation (G1 Evacuation Pause) done
Event: 4.345 Executing VM operation: G1CollectForAllocation (G1 Evacuation Pause)
Event: 4.350 Executing VM operation: G1CollectForAllocation (G1 Evacuation Pause) done
Event: 4.372 Executing VM operation: HandshakeAllThreads (Deoptimize)
Event: 4.372 Executing VM operation: HandshakeAllThreads (Deoptimize) done
Event: 4.379 Executing VM operation: G1CollectForAllocation (G1 Evacuation Pause)
Event: 4.381 Executing VM operation: G1CollectForAllocation (G1 Evacuation Pause) done
Event: 5.395 Executing VM operation: Cleanup
Event: 5.395 Executing VM operation: Cleanup done
Event: 5.403 Executing VM operation: G1CollectForAllocation (G1 Evacuation Pause)
Event: 5.405 Executing VM operation: G1CollectForAllocation (G1 Evacuation Pause) done
Event: 5.425 Executing VM operation: G1CollectForAllocation (G1 Evacuation Pause)
Event: 5.426 Executing VM operation: G1CollectForAllocation (G1 Evacuation Pause) done
Event: 5.450 Executing VM operation: G1CollectForAllocation (G1 Evacuation Pause)

Memory protections (0 events):
No events

Nmethod flushes (20 events):
Event: 3.030 Thread 0x0000020cf9a693a0 flushing  nmethod 0x0000020ce3a55d90
Event: 3.030 Thread 0x0000020cf9a693a0 flushing  nmethod 0x0000020ce3a56b10
Event: 3.030 Thread 0x0000020cf9a693a0 flushing  nmethod 0x0000020ce3a58010
Event: 3.030 Thread 0x0000020cf9a693a0 flushing  nmethod 0x0000020ce3a59510
Event: 3.030 Thread 0x0000020cf9a693a0 flushing  nmethod 0x0000020ce3a5a210
Event: 3.030 Thread 0x0000020cf9a693a0 flushing  nmethod 0x0000020ce3a5c790
Event: 3.030 Thread 0x0000020cf9a693a0 flushing  nmethod 0x0000020ce3a5db90
Event: 3.030 Thread 0x0000020cf9a693a0 flushing  nmethod 0x0000020ce3a5f690
Event: 3.030 Thread 0x0000020cf9a693a0 flushing  nmethod 0x0000020ce3a5fb90
Event: 3.030 Thread 0x0000020cf9a693a0 flushing  nmethod 0x0000020ce3a62210
Event: 3.030 Thread 0x0000020cf9a693a0 flushing  nmethod 0x0000020ce3a62590
Event: 3.030 Thread 0x0000020cf9a693a0 flushing  nmethod 0x0000020ce3a62d90
Event: 3.030 Thread 0x0000020cf9a693a0 flushing  nmethod 0x0000020ce3a64310
Event: 3.030 Thread 0x0000020cf9a693a0 flushing  nmethod 0x0000020ce3a76890
Event: 3.030 Thread 0x0000020cf9a693a0 flushing  nmethod 0x0000020ce3a76f10
Event: 3.030 Thread 0x0000020cf9a693a0 flushing  nmethod 0x0000020ce3a78b90
Event: 3.030 Thread 0x0000020cf9a693a0 flushing  nmethod 0x0000020ce3a79510
Event: 3.030 Thread 0x0000020cf9a693a0 flushing  nmethod 0x0000020ce3ac7190
Event: 3.030 Thread 0x0000020cf9a693a0 flushing  nmethod 0x0000020ce3b35890
Event: 3.030 Thread 0x0000020cf9a693a0 flushing  nmethod 0x0000020ce3b36210

Events (15 events):
Event: 0.040 Thread 0x0000020cde49bf00 Thread added: 0x0000020cde49bf00
Event: 0.091 Thread 0x0000020cde49bf00 Thread added: 0x0000020cf9aebd70
Event: 0.095 Thread 0x0000020cde49bf00 Thread added: 0x0000020cf9b2a260
Event: 0.095 Thread 0x0000020cde49bf00 Thread added: 0x0000020cf9b2b830
Event: 0.096 Thread 0x0000020cde49bf00 Thread added: 0x0000020cf9b2e7b0
Event: 0.096 Thread 0x0000020cde49bf00 Thread added: 0x0000020cf9b13170
Event: 0.096 Thread 0x0000020cde49bf00 Thread added: 0x0000020cf9b14740
Event: 0.096 Thread 0x0000020cde49bf00 Thread added: 0x0000020cf9b17e50
Event: 0.096 Thread 0x0000020cde49bf00 Thread added: 0x0000020cf9b30500
Event: 0.096 Thread 0x0000020cde49bf00 Thread added: 0x0000020cf9b412b0
Event: 0.124 Thread 0x0000020cde49bf00 Thread added: 0x0000020cf9cce760
Event: 0.136 Loaded shared library C:\Program Files\Android\Android Studio\jbr\bin\net.dll
Event: 0.139 Loaded shared library C:\Program Files\Android\Android Studio\jbr\bin\nio.dll
Event: 0.234 Loaded shared library C:\Program Files\Android\Android Studio\jbr\bin\zip.dll
Event: 0.268 Loaded shared library C:\Program Files\Android\Android Studio\jbr\bin\jimage.dll


Dynamic libraries:
0x00007ff7acaa0000 - 0x00007ff7acaaa000 	C:\Program Files\Android\Android Studio\jbr\bin\java.exe
0x00007ff8729e0000 - 0x00007ff872c47000 	C:\WINDOWS\SYSTEM32\ntdll.dll
0x00007ff871930000 - 0x00007ff8719f9000 	C:\WINDOWS\System32\KERNEL32.DLL
0x00007ff86fe40000 - 0x00007ff87022f000 	C:\WINDOWS\System32\KERNELBASE.dll
0x00007ff86fb30000 - 0x00007ff86fc7b000 	C:\WINDOWS\System32\ucrtbase.dll
0x00007ff8412f0000 - 0x00007ff841308000 	C:\Program Files\Android\Android Studio\jbr\bin\jli.dll
0x00007ff85c670000 - 0x00007ff85c68b000 	C:\Program Files\Android\Android Studio\jbr\bin\VCRUNTIME140.dll
0x00007ff870f90000 - 0x00007ff871155000 	C:\WINDOWS\System32\USER32.dll
0x00007ff85b0c0000 - 0x00007ff85b353000 	C:\WINDOWS\WinSxS\amd64_microsoft.windows.common-controls_6595b64144ccf1df_6.0.26100.7309_none_3e05feeae336a044\COMCTL32.dll
0x00007ff870240000 - 0x00007ff870267000 	C:\WINDOWS\System32\win32u.dll
0x00007ff871520000 - 0x00007ff87154b000 	C:\WINDOWS\System32\GDI32.dll
0x00007ff871ea0000 - 0x00007ff871f49000 	C:\WINDOWS\System32\msvcrt.dll
0x00007ff86fc80000 - 0x00007ff86fdac000 	C:\WINDOWS\System32\gdi32full.dll
0x00007ff870270000 - 0x00007ff870313000 	C:\WINDOWS\System32\msvcp_win.dll
0x00007ff8718f0000 - 0x00007ff871921000 	C:\WINDOWS\System32\IMM32.DLL
0x00007ff85e040000 - 0x00007ff85e04c000 	C:\Program Files\Android\Android Studio\jbr\bin\vcruntime140_1.dll
0x00007ff8138f0000 - 0x00007ff81397d000 	C:\Program Files\Android\Android Studio\jbr\bin\msvcp140.dll
0x00007fffde600000 - 0x00007fffdf296000 	C:\Program Files\Android\Android Studio\jbr\bin\server\jvm.dll
0x00007ff872820000 - 0x00007ff8728d4000 	C:\WINDOWS\System32\ADVAPI32.dll
0x00007ff8715d0000 - 0x00007ff871676000 	C:\WINDOWS\System32\sechost.dll
0x00007ff872700000 - 0x00007ff872818000 	C:\WINDOWS\System32\RPCRT4.dll
0x00007ff871550000 - 0x00007ff8715c4000 	C:\WINDOWS\System32\WS2_32.dll
0x00007ff86f990000 - 0x00007ff86f9ee000 	C:\WINDOWS\SYSTEM32\POWRPROF.dll
0x00007ff867d80000 - 0x00007ff867db5000 	C:\WINDOWS\SYSTEM32\WINMM.dll
0x00007ff8679f0000 - 0x00007ff8679fb000 	C:\WINDOWS\SYSTEM32\VERSION.dll
0x00007ff86f970000 - 0x00007ff86f984000 	C:\WINDOWS\SYSTEM32\UMPDC.dll
0x00007ff86e800000 - 0x00007ff86e81b000 	C:\WINDOWS\SYSTEM32\kernel.appcore.dll
0x00007ff85d290000 - 0x00007ff85d29a000 	C:\Program Files\Android\Android Studio\jbr\bin\jimage.dll
0x00007ff86d0f0000 - 0x00007ff86d332000 	C:\WINDOWS\SYSTEM32\DBGHELP.DLL
0x00007ff870ad0000 - 0x00007ff870e55000 	C:\WINDOWS\System32\combase.dll
0x00007ff871440000 - 0x00007ff871516000 	C:\WINDOWS\System32\OLEAUT32.dll
0x00007ff852410000 - 0x00007ff85244c000 	C:\WINDOWS\SYSTEM32\dbgcore.DLL
0x00007ff870320000 - 0x00007ff8703c5000 	C:\WINDOWS\System32\bcryptPrimitives.dll
0x00007ff8455a0000 - 0x00007ff8455c0000 	C:\Program Files\Android\Android Studio\jbr\bin\java.dll
0x00007ff841e90000 - 0x00007ff841ea8000 	C:\Program Files\Android\Android Studio\jbr\bin\zip.dll
0x00007ff871f50000 - 0x00007ff8726a3000 	C:\WINDOWS\System32\SHELL32.dll
0x00007ff870490000 - 0x00007ff8705fa000 	C:\WINDOWS\System32\wintypes.dll
0x00007ff86d6e0000 - 0x00007ff86df3e000 	C:\WINDOWS\SYSTEM32\windows.storage.dll
0x00007ff871340000 - 0x00007ff871435000 	C:\WINDOWS\System32\SHCORE.dll
0x00007ff870780000 - 0x00007ff8707e6000 	C:\WINDOWS\System32\shlwapi.dll
0x00007ff86fa50000 - 0x00007ff86fa79000 	C:\WINDOWS\SYSTEM32\profapi.dll
0x00007ff856bf0000 - 0x00007ff856c00000 	C:\Program Files\Android\Android Studio\jbr\bin\net.dll
0x00007ff8694d0000 - 0x00007ff8695f8000 	C:\WINDOWS\SYSTEM32\WINHTTP.dll
0x00007ff86edf0000 - 0x00007ff86ee5b000 	C:\WINDOWS\system32\mswsock.dll
0x00007ff841d80000 - 0x00007ff841d96000 	C:\Program Files\Android\Android Studio\jbr\bin\nio.dll
0x00007ff85c530000 - 0x00007ff85c540000 	C:\Program Files\Android\Android Studio\jbr\bin\verify.dll

JVMTI agents: none

dbghelp: loaded successfully - version: 4.0.5 - missing functions: none
symbol engine: initialized successfully - sym options: 0x614 - pdb path: .;C:\Program Files\Android\Android Studio\jbr\bin;C:\WINDOWS\SYSTEM32;C:\WINDOWS\WinSxS\amd64_microsoft.windows.common-controls_6595b64144ccf1df_6.0.26100.7309_none_3e05feeae336a044;C:\Program Files\Android\Android Studio\jbr\bin\server

VM Arguments:
java_command: org.jetbrains.kotlin.cli.jvm.K2JVMCompiler @D:\salat\salaat\build\shared_preferences_android\20260103_4823822580426531135.compiler.options
java_class_path (initial): C:\Users\Dell-3\.gradle\caches\modules-2\files-2.1\org.jetbrains.kotlin\kotlin-compiler-embeddable\2.1.20\4ef56b3316798316bfac7a0ae443391c9e900ea1\kotlin-compiler-embeddable-2.1.20.jar;C:\Users\Dell-3\.gradle\caches\modules-2\files-2.1\org.jetbrains.kotlin\kotlin-stdlib\2.1.20\aa8ca79cd50578314f6d1180c47cbe14c0fee567\kotlin-stdlib-2.1.20.jar;C:\Users\Dell-3\.gradle\caches\modules-2\files-2.1\org.jetbrains.kotlin\kotlin-script-runtime\2.1.20\f7c623d7f7bdb01f5ccd6b437bc0a937fcd7c57e\kotlin-script-runtime-2.1.20.jar;C:\Users\Dell-3\.gradle\caches\modules-2\files-2.1\org.jetbrains.kotlin\kotlin-reflect\1.6.10\1cbe9c92c12a94eea200d23c2bbaedaf3daf5132\kotlin-reflect-1.6.10.jar;C:\Users\Dell-3\.gradle\caches\modules-2\files-2.1\org.jetbrains.kotlin\kotlin-daemon-embeddable\2.1.20\95670fce77befd02a70a0bc3abe8ee4533521334\kotlin-daemon-embeddable-2.1.20.jar;C:\Users\Dell-3\.gradle\caches\modules-2\files-2.1\org.jetbrains.intellij.deps\trove4j\1.0.20200330\3afb14d5f9ceb459d724e907a21145e8ff394f02\trove4j-1.0.20200330.jar;C:\Users\Dell-3\.gradle\caches\modules-2\files-2.1\org.jetbrains.kotlinx\kotlinx-coroutines-core-jvm\1.8.0\ac1dc37a30a93150b704022f8d895ee1bd3a36b3\kotlinx-coroutines-core-jvm-1.8.0.jar;C:\Users\Dell-3\.gradle\caches\modules-2\files-2.1\org.jetbrains\annotations\13.0\919f0dfe192fb4e063e7dacadee7f8bb9a2672a9\annotations-13.0.jar
Launcher Type: SUN_STANDARD

[Global flags]
     intx CICompilerCount                          = 12                                        {product} {ergonomic}
     uint ConcGCThreads                            = 5                                         {product} {ergonomic}
     uint G1ConcRefinementThreads                  = 20                                        {product} {ergonomic}
   size_t G1HeapRegionSize                         = 1048576                                   {product} {ergonomic}
    uintx GCDrainStackTargetSize                   = 64                                        {product} {ergonomic}
   size_t InitialHeapSize                          = 130023424                                 {product} {ergonomic}
   size_t MarkStackSize                            = 4194304                                   {product} {ergonomic}
   size_t MaxHeapSize                              = 2065694720                                {product} {ergonomic}
   size_t MaxNewSize                               = 1239416832                                {product} {ergonomic}
   size_t MinHeapDeltaBytes                        = 1048576                                   {product} {ergonomic}
   size_t MinHeapSize                              = 8388608                                   {product} {ergonomic}
    uintx NonNMethodCodeHeapSize                   = 7602480                                {pd product} {ergonomic}
    uintx NonProfiledCodeHeapSize                  = 122027880                              {pd product} {ergonomic}
    uintx ProfiledCodeHeapSize                     = 122027880                              {pd product} {ergonomic}
    uintx ReservedCodeCacheSize                    = 251658240                              {pd product} {ergonomic}
     bool SegmentedCodeCache                       = true                                      {product} {ergonomic}
   size_t SoftMaxHeapSize                          = 2065694720                             {manageable} {ergonomic}
     bool UseCompressedOops                        = true                           {product lp64_product} {ergonomic}
     bool UseG1GC                                  = true                                      {product} {ergonomic}
     bool UseLargePagesIndividualAllocation        = false                                  {pd product} {ergonomic}

Logging:
Log output configuration:
 #0: stdout all=warning uptime,level,tags foldmultilines=false
 #1: stderr all=off uptime,level,tags foldmultilines=false

Environment Variables:
JAVA_HOME=C:\Program Files\Android\Android Studio\jbr
CLASSPATH=d:\salat\salaat\android\\gradle\wrapper\gradle-wrapper.jar
PATH=C:\Program Files\Android\Android Studio\jbr\bin;C:\Program Files\Common Files\Oracle\Java\javapath;C:\Python314\Scripts\;C:\Python314\;C:\WINDOWS\system32;C:\WINDOWS;C:\WINDOWS\System32\Wbem;C:\WINDOWS\System32\WindowsPowerShell\v1.0\;C:\WINDOWS\System32\OpenSSH\;C:\ProgramData\chocolatey\bin;C:\xampp\php;C:\ProgramData\ComposerSetup\bin;C:\Program Files\Git\cmd;C:\Program Files (x86)\HP\HP OCR\DB_Lib\;C:\Program Files\HP\Common\HPDestPlgIn\;C:\Program Files (x86)\HP\Common\HPDestPlgIn\;C:\Program Files\nodejs\;C:\Program Files\dotnet\;C:\ffmpeg\bin;C:\Program Files\Common Files\Oracle\Java\javapath;C:\Python314\Scripts\;C:\Python314\;C:\WINDOWS\system32;C:\WINDOWS;C:\WINDOWS\System32\Wbem;C:\WINDOWS\System32\WindowsPowerShell\v1.0\;C:\WINDOWS\System32\OpenSSH\;C:\ProgramData\chocolatey\bin;C:\Program Files\dotnet\;C:\xampp\php;C:\ProgramData\ComposerSetup\bin;C:\Program Files\nodejs\;C:\Program Files\Git\cmd;C:\Users\Dell-3\AppData\Local\Microsoft\WindowsApps;C:\Users\Dell-3\AppData\Local\Programs\Microsoft VS Code\bin;C:\Users\Dell-3\.dotnet\tools;C:\Users\Dell-3\AppData\Local\Pub\Cache\bin;C:\dart;C:\src\flutter\flutter\bin;C:\Users\Dell-3\AppData\Roaming\Composer\vendor\bin;C:\Program Files\Git\bin;C:\Users\Dell-3\AppData\Local\Android\Sdk\platform-tools;C:\Users\Dell-3\AppData\Local\Android\Sdk\platform-tools;C:\Program Files\HP\Common\HPDestPlgIn\;C:\Program Files (x86)\HP\Common\HPDestPlgIn\;C:\Users\Dell-3\AppData\Roaming\npm;C:\Users\Dell-3\.dotnet\tools;C:\src\flutter\flutter\bin\mingit\cmd
USERNAME=Dell-3
OS=Windows_NT
PROCESSOR_IDENTIFIER=Intel64 Family 6 Model 183 Stepping 1, GenuineIntel
TMP=C:\Users\Dell-3\AppData\Local\Temp
TEMP=C:\Users\Dell-3\AppData\Local\Temp




Periodic native trim disabled

JNI global refs:
JNI global refs: 19, weak refs: 10

JNI global refs memory usage: 835, weak refs: 833

Process memory usage:
Resident Set Size: 102004K (1% of 8067892K total physical memory with 60204K free physical memory)

OOME stack traces (most recent first):
Classloader memory used:
Loader jdk.internal.loader.ClassLoaders$AppClassLoader                                 : 29578K
Loader bootstrap                                                                       : 10165K

---------------  S Y S T E M  ---------------

OS:
 Windows 11 , 64 bit Build 26100 (10.0.26100.7309)
OS uptime: 4 days 8:21 hours
Hyper-V role detected

CPU: total 28 (initial active 28) (14 cores per cpu, 2 threads per core) family 6 model 183 stepping 1 microcode 0x12f, cx8, cmov, fxsr, ht, mmx, 3dnowpref, sse, sse2, sse3, ssse3, sse4.1, sse4.2, popcnt, lzcnt, tsc, tscinvbit, avx, avx2, aes, erms, clmul, bmi1, bmi2, adx, sha, fma, vzeroupper, clflush, clflushopt, clwb, hv, serialize, rdtscp, rdpid, fsrm, f16c, cet_ibt, cet_ss
Processor Information for the first 28 processors :
  Max Mhz: 2100, Current Mhz: 2100, Mhz Limit: 2100

Memory: 4k page, system-wide physical 7878M (75M free)
TotalPageFile size 32454M (AvailPageFile size 0M)
current process WorkingSet (physical memory assigned to process): 99M, peak: 134M
current process commit charge ("private bytes"): 202M, peak: 267M

vm_info: OpenJDK 64-Bit Server VM (21.0.8+-14196175-b1038.72) for windows-amd64 JRE (21.0.8+-14196175-b1038.72), built on 2025-10-01T10:24:33Z by "builder" with MS VC++ 16.10 / 16.11 (VS2019)

END.
