#
# There is insufficient memory for the Java Runtime Environment to continue.
# Native memory allocation (malloc) failed to allocate 1625376 bytes. Error detail: Chunk::new
# Possible reasons:
#   The system is out of physical RAM or swap space
#   This process is running with CompressedOops enabled, and the Java Heap may be blocking the growth of the native heap
# Possible solutions:
#   Reduce memory load on the system
#   Increase physical memory or swap space
#   Check if swap backing store is full
#   Decrease Java heap size (-Xmx/-Xms)
#   Decrease number of Java threads
#   Decrease Java thread stack sizes (-Xss)
#   Set larger code cache with -XX:ReservedCodeCacheSize=
#   JVM is running with Unscaled Compressed Oops mode in which the Java heap is
#     placed in the first 4GB address space. The Java Heap base address is the
#     maximum limit for the native heap growth. Please use -XX:HeapBaseMinAddress
#     to set the Java Heap base and to place the Java Heap above 4GB virtual address.
# This output file may be truncated or incomplete.
#
#  Out of Memory Error (arena.cpp:168), pid=20704, tid=24268
#
# JRE version: OpenJDK Runtime Environment (21.0.8) (build 21.0.8+-14196175-b1038.72)
# Java VM: OpenJDK 64-Bit Server VM (21.0.8+-14196175-b1038.72, mixed mode, tiered, compressed oops, compressed class ptrs, g1 gc, windows-amd64)
# No core dump will be written. Minidumps are not enabled by default on client versions of Windows
#

---------------  S U M M A R Y ------------

Command Line: org.jetbrains.kotlin.cli.jvm.K2JVMCompiler @D:\salat\salaat\build\share_plus\20251225_15074214342730425285.compiler.options

Host: Intel(R) Core(TM) i7-14700, 28 cores, 7G,  Windows 11 , 64 bit Build 26100 (10.0.26100.7309)
Time: Thu Dec 25 16:22:00 2025 elapsed time: 9.441137 seconds (0d 0h 0m 9s)

---------------  T H R E A D  ---------------

Current thread (0x0000026ec289f4c0):  JavaThread "C2 CompilerThread0" daemon [_thread_in_native, id=24268, stack(0x000000ac73d00000,0x000000ac73e00000) (1024K)]


Current CompileTask:
C2:9441 7256       4       java.lang.ClassLoader::loadClass (7 bytes)

Stack: [0x000000ac73d00000,0x000000ac73e00000]
Native frames: (J=compiled Java code, j=interpreted, Vv=VM code, C=native code)
V  [jvm.dll+0x6d68d9]
V  [jvm.dll+0x866693]
V  [jvm.dll+0x868c4e]
V  [jvm.dll+0x869333]
V  [jvm.dll+0x280566]
V  [jvm.dll+0xc07cd]
V  [jvm.dll+0xc0d03]
V  [jvm.dll+0x3b961b]
V  [jvm.dll+0x1dfb24]
V  [jvm.dll+0x2493a4]
V  [jvm.dll+0x248821]
V  [jvm.dll+0x1c73a4]
V  [jvm.dll+0x257f9e]
V  [jvm.dll+0x2564e6]
V  [jvm.dll+0x3f4696]
V  [jvm.dll+0x80eac8]
V  [jvm.dll+0x6d512d]
C  [ucrtbase.dll+0x37b0]
C  [KERNEL32.DLL+0x2e8d7]
C  [ntdll.dll+0x8c53c]


---------------  P R O C E S S  ---------------

Threads class SMR info:
_java_thread_list=0x0000026ec825bbb0, length=12, elements={
0x0000026ea727e530, 0x0000026ec2883ae0, 0x0000026ec2886ab0, 0x0000026ec28b2cf0,
0x0000026ec28b6580, 0x0000026ec289a810, 0x0000026ec289bde0, 0x0000026ec289dbc0,
0x0000026ec289f4c0, 0x0000026ec28df990, 0x0000026ec2a8ceb0, 0x0000026ec9290980
}

Java Threads: ( => current thread )
  0x0000026ea727e530 JavaThread "main"                              [_thread_blocked, id=3708, stack(0x000000ac72e00000,0x000000ac72f00000) (1024K)]
  0x0000026ec2883ae0 JavaThread "Common-Cleaner"             daemon [_thread_blocked, id=6552, stack(0x000000ac73600000,0x000000ac73700000) (1024K)]
  0x0000026ec2886ab0 JavaThread "Reference Handler"          daemon [_thread_blocked, id=20636, stack(0x000000ac73700000,0x000000ac73800000) (1024K)]
  0x0000026ec28b2cf0 JavaThread "Finalizer"                  daemon [_thread_blocked, id=7792, stack(0x000000ac73800000,0x000000ac73900000) (1024K)]
  0x0000026ec28b6580 JavaThread "Signal Dispatcher"          daemon [_thread_blocked, id=4948, stack(0x000000ac73900000,0x000000ac73a00000) (1024K)]
  0x0000026ec289a810 JavaThread "Attach Listener"            daemon [_thread_blocked, id=23376, stack(0x000000ac73a00000,0x000000ac73b00000) (1024K)]
  0x0000026ec289bde0 JavaThread "Service Thread"             daemon [_thread_blocked, id=17988, stack(0x000000ac73b00000,0x000000ac73c00000) (1024K)]
  0x0000026ec289dbc0 JavaThread "Monitor Deflation Thread"   daemon [_thread_blocked, id=15176, stack(0x000000ac73c00000,0x000000ac73d00000) (1024K)]
=>0x0000026ec289f4c0 JavaThread "C2 CompilerThread0"         daemon [_thread_in_native, id=24268, stack(0x000000ac73d00000,0x000000ac73e00000) (1024K)]
  0x0000026ec28df990 JavaThread "C1 CompilerThread0"         daemon [_thread_blocked, id=20448, stack(0x000000ac73e00000,0x000000ac73f00000) (1024K)]
  0x0000026ec2a8ceb0 JavaThread "Notification Thread"        daemon [_thread_blocked, id=19040, stack(0x000000ac73f00000,0x000000ac74000000) (1024K)]
  0x0000026ec9290980 JavaThread "C1 CompilerThread1"         daemon [_thread_blocked, id=8760, stack(0x000000ac75000000,0x000000ac75100000) (1024K)]
Total: 12

Other Threads:
  0x0000026ec18d9150 VMThread "VM Thread"                           [id=14572, stack(0x000000ac73500000,0x000000ac73600000) (1024K)] _threads_hazard_ptr=0x0000026ec825bbb0
  0x0000026ec18a0030 WatcherThread "VM Periodic Task Thread"        [id=20628, stack(0x000000ac73400000,0x000000ac73500000) (1024K)]
  0x0000026ea96bb0c0 WorkerThread "GC Thread#0"                     [id=19064, stack(0x000000ac72f00000,0x000000ac73000000) (1024K)]
  0x0000026ec75ea910 WorkerThread "GC Thread#1"                     [id=6220, stack(0x000000ac74000000,0x000000ac74100000) (1024K)]
  0x0000026ec75c4070 WorkerThread "GC Thread#2"                     [id=16728, stack(0x000000ac74100000,0x000000ac74200000) (1024K)]
  0x0000026ec75c4410 WorkerThread "GC Thread#3"                     [id=25168, stack(0x000000ac74200000,0x000000ac74300000) (1024K)]
  0x0000026ec759b2b0 WorkerThread "GC Thread#4"                     [id=16024, stack(0x000000ac74300000,0x000000ac74400000) (1024K)]
  0x0000026ec759b650 WorkerThread "GC Thread#5"                     [id=25892, stack(0x000000ac74400000,0x000000ac74500000) (1024K)]
  0x0000026ec7929f30 WorkerThread "GC Thread#6"                     [id=24668, stack(0x000000ac74500000,0x000000ac74600000) (1024K)]
  0x0000026ec7929450 WorkerThread "GC Thread#7"                     [id=22876, stack(0x000000ac74600000,0x000000ac74700000) (1024K)]
  0x0000026ec792a670 WorkerThread "GC Thread#8"                     [id=26408, stack(0x000000ac74700000,0x000000ac74800000) (1024K)]
  0x0000026ec7b17c20 WorkerThread "GC Thread#9"                     [id=21696, stack(0x000000ac74c00000,0x000000ac74d00000) (1024K)]
  0x0000026ec7b15440 WorkerThread "GC Thread#10"                    [id=8496, stack(0x000000ac74d00000,0x000000ac74e00000) (1024K)]
  0x0000026ec7b18700 WorkerThread "GC Thread#11"                    [id=10132, stack(0x000000ac74e00000,0x000000ac74f00000) (1024K)]
  0x0000026ec848c4f0 WorkerThread "GC Thread#12"                    [id=9284, stack(0x000000ac74f00000,0x000000ac75000000) (1024K)]
  0x0000026ec848d710 WorkerThread "GC Thread#13"                    [id=15812, stack(0x000000ac75100000,0x000000ac75200000) (1024K)]
  0x0000026eca2b5c60 WorkerThread "GC Thread#14"                    [id=16068, stack(0x000000ac75200000,0x000000ac75300000) (1024K)]
  0x0000026eca2b46a0 WorkerThread "GC Thread#15"                    [id=20280, stack(0x000000ac75300000,0x000000ac75400000) (1024K)]
  0x0000026ec98d8a10 WorkerThread "GC Thread#16"                    [id=26204, stack(0x000000ac75400000,0x000000ac75500000) (1024K)]
  0x0000026ec98db1f0 WorkerThread "GC Thread#17"                    [id=608, stack(0x000000ac75500000,0x000000ac75600000) (1024K)]
  0x0000026ec98d94f0 WorkerThread "GC Thread#18"                    [id=5080, stack(0x000000ac75600000,0x000000ac75700000) (1024K)]
  0x0000026ec94a1800 WorkerThread "GC Thread#19"                    [id=8040, stack(0x000000ac75700000,0x000000ac75800000) (1024K)]
  0x0000026ea96cb790 ConcurrentGCThread "G1 Main Marker"            [id=11504, stack(0x000000ac73000000,0x000000ac73100000) (1024K)]
  0x0000026ea96cd0d0 WorkerThread "G1 Conc#0"                       [id=24064, stack(0x000000ac73100000,0x000000ac73200000) (1024K)]
  0x0000026ec7928d10 WorkerThread "G1 Conc#1"                       [id=20588, stack(0x000000ac74800000,0x000000ac74900000) (1024K)]
  0x0000026ec79290b0 WorkerThread "G1 Conc#2"                       [id=23508, stack(0x000000ac74900000,0x000000ac74a00000) (1024K)]
  0x0000026ec7b15b80 WorkerThread "G1 Conc#3"                       [id=22924, stack(0x000000ac74a00000,0x000000ac74b00000) (1024K)]
  0x0000026ec7b18e40 WorkerThread "G1 Conc#4"                       [id=2424, stack(0x000000ac74b00000,0x000000ac74c00000) (1024K)]
  0x0000026ea971e720 ConcurrentGCThread "G1 Refine#0"               [id=20600, stack(0x000000ac73200000,0x000000ac73300000) (1024K)]
  0x0000026ec17731e0 ConcurrentGCThread "G1 Service"                [id=18352, stack(0x000000ac73300000,0x000000ac73400000) (1024K)]
Total: 30

Threads with active compile tasks:
C2 CompilerThread0  9449 7256       4       java.lang.ClassLoader::loadClass (7 bytes)
C1 CompilerThread0  9449 7497       3       org.jetbrains.kotlin.fir.backend.Fir2IrVisitor::convertToIrExpression$fir2ir (512 bytes)
C1 CompilerThread1  9449 7502       3       org.jetbrains.kotlin.fir.expressions.FirEqualityOperatorCall::accept (13 bytes)
Total: 3

VM state: synchronizing (normal execution)

VM Mutex/Monitor currently owned by a thread:  ([mutex/lock_event])
[0x00007ffab69c85b8] Threads_lock - owner thread: 0x0000026ec18d9150

Heap address: 0x0000000084e00000, size: 1970 MB, Compressed Oops mode: 32-bit

CDS archive(s) not mapped
Compressed class space mapped at: 0x0000000100000000-0x0000000140000000, reserved size: 1073741824
Narrow klass base: 0x0000000000000000, Narrow klass shift: 3, Narrow klass range: 0x140000000

GC Precious Log:
 CardTable entry size: 512
 Card Set container configuration: InlinePtr #cards 5 size 8 Array Of Cards #cards 12 size 40 Howl #buckets 4 coarsen threshold 1843 Howl Bitmap #cards 512 size 80 coarsen threshold 460 Card regions per heap region 1 cards per card region 2048
 CPUs: 28 total, 28 available
 Memory: 7878M
 Large Page Support: Disabled
 NUMA Support: Disabled
 Compressed Oops: Enabled (32-bit)
 Heap Region Size: 1M
 Heap Min Capacity: 8M
 Heap Initial Capacity: 124M
 Heap Max Capacity: 1970M
 Pre-touch: Disabled
 Parallel Workers: 20
 Concurrent Workers: 5
 Concurrent Refinement Workers: 20
 Periodic GC: Disabled

Heap:
 garbage-first heap   total 78848K, used 53784K [0x0000000084e00000, 0x0000000100000000)
  region size 1024K, 8 young (8192K), 3 survivors (3072K)
 Metaspace       used 63650K, committed 64000K, reserved 1114112K
  class space    used 7121K, committed 7296K, reserved 1048576K

Heap Regions: E=young(eden), S=young(survivor), O=old, HS=humongous(starts), HC=humongous(continues), CS=collection set, F=free, TAMS=top-at-mark-start, PB=parsable bottom
|   0|0x0000000084e00000, 0x0000000084f00000, 0x0000000084f00000|100%|HS|  |TAMS 0x0000000084e00000| PB 0x0000000084e00000| Complete 
|   1|0x0000000084f00000, 0x0000000085000000, 0x0000000085000000|100%|HC|  |TAMS 0x0000000084f00000| PB 0x0000000084f00000| Complete 
|   2|0x0000000085000000, 0x0000000085100000, 0x0000000085100000|100%|HC|  |TAMS 0x0000000085000000| PB 0x0000000085000000| Complete 
|   3|0x0000000085100000, 0x0000000085200000, 0x0000000085200000|100%| O|  |TAMS 0x0000000085100000| PB 0x0000000085100000| Untracked 
|   4|0x0000000085200000, 0x0000000085300000, 0x0000000085300000|100%| O|  |TAMS 0x0000000085200000| PB 0x0000000085200000| Untracked 
|   5|0x0000000085300000, 0x00000000853d9b00, 0x0000000085400000| 85%| O|  |TAMS 0x0000000085300000| PB 0x0000000085300000| Untracked 
|   6|0x0000000085400000, 0x0000000085500000, 0x0000000085500000|100%| O|  |TAMS 0x0000000085400000| PB 0x0000000085400000| Untracked 
|   7|0x0000000085500000, 0x0000000085600000, 0x0000000085600000|100%| O|  |TAMS 0x0000000085500000| PB 0x0000000085500000| Untracked 
|   8|0x0000000085600000, 0x0000000085700000, 0x0000000085700000|100%| O|  |TAMS 0x0000000085600000| PB 0x0000000085600000| Untracked 
|   9|0x0000000085700000, 0x0000000085800000, 0x0000000085800000|100%| O|  |TAMS 0x0000000085700000| PB 0x0000000085700000| Untracked 
|  10|0x0000000085800000, 0x0000000085900000, 0x0000000085900000|100%| O|  |TAMS 0x0000000085800000| PB 0x0000000085800000| Untracked 
|  11|0x0000000085900000, 0x0000000085a00000, 0x0000000085a00000|100%| O|  |TAMS 0x0000000085900000| PB 0x0000000085900000| Untracked 
|  12|0x0000000085a00000, 0x0000000085b00000, 0x0000000085b00000|100%| O|  |TAMS 0x0000000085a00000| PB 0x0000000085a00000| Untracked 
|  13|0x0000000085b00000, 0x0000000085c00000, 0x0000000085c00000|100%| O|  |TAMS 0x0000000085b00000| PB 0x0000000085b00000| Untracked 
|  14|0x0000000085c00000, 0x0000000085d00000, 0x0000000085d00000|100%| O|  |TAMS 0x0000000085c00000| PB 0x0000000085c00000| Untracked 
|  15|0x0000000085d00000, 0x0000000085d00000, 0x0000000085e00000|  0%| F|  |TAMS 0x0000000085d00000| PB 0x0000000085d00000| Untracked 
|  16|0x0000000085e00000, 0x0000000085f00000, 0x0000000085f00000|100%| O|  |TAMS 0x0000000085e00000| PB 0x0000000085e00000| Untracked 
|  17|0x0000000085f00000, 0x0000000086000000, 0x0000000086000000|100%| O|  |TAMS 0x0000000085f00000| PB 0x0000000085f00000| Untracked 
|  18|0x0000000086000000, 0x0000000086100000, 0x0000000086100000|100%| O|  |TAMS 0x0000000086000000| PB 0x0000000086000000| Untracked 
|  19|0x0000000086100000, 0x0000000086200000, 0x0000000086200000|100%| O|  |TAMS 0x0000000086100000| PB 0x0000000086100000| Untracked 
|  20|0x0000000086200000, 0x0000000086300000, 0x0000000086300000|100%| O|  |TAMS 0x0000000086200000| PB 0x0000000086200000| Untracked 
|  21|0x0000000086300000, 0x0000000086400000, 0x0000000086400000|100%| O|  |TAMS 0x0000000086300000| PB 0x0000000086300000| Untracked 
|  22|0x0000000086400000, 0x0000000086500000, 0x0000000086500000|100%| O|  |TAMS 0x0000000086400000| PB 0x0000000086400000| Untracked 
|  23|0x0000000086500000, 0x0000000086600000, 0x0000000086600000|100%| O|  |TAMS 0x0000000086500000| PB 0x0000000086500000| Untracked 
|  24|0x0000000086600000, 0x0000000086700000, 0x0000000086700000|100%| O|  |TAMS 0x0000000086600000| PB 0x0000000086600000| Untracked 
|  25|0x0000000086700000, 0x0000000086800000, 0x0000000086800000|100%| O|  |TAMS 0x0000000086700000| PB 0x0000000086700000| Untracked 
|  26|0x0000000086800000, 0x0000000086900000, 0x0000000086900000|100%| O|  |TAMS 0x0000000086800000| PB 0x0000000086800000| Untracked 
|  27|0x0000000086900000, 0x0000000086a00000, 0x0000000086a00000|100%| O|  |TAMS 0x0000000086900000| PB 0x0000000086900000| Untracked 
|  28|0x0000000086a00000, 0x0000000086b00000, 0x0000000086b00000|100%| O|  |TAMS 0x0000000086a00000| PB 0x0000000086a00000| Untracked 
|  29|0x0000000086b00000, 0x0000000086c00000, 0x0000000086c00000|100%| O|  |TAMS 0x0000000086b00000| PB 0x0000000086b00000| Untracked 
|  30|0x0000000086c00000, 0x0000000086d00000, 0x0000000086d00000|100%| O|  |TAMS 0x0000000086c00000| PB 0x0000000086c00000| Untracked 
|  31|0x0000000086d00000, 0x0000000086e00000, 0x0000000086e00000|100%| O|  |TAMS 0x0000000086d00000| PB 0x0000000086d00000| Untracked 
|  32|0x0000000086e00000, 0x0000000086f00000, 0x0000000086f00000|100%| O|  |TAMS 0x0000000086e00000| PB 0x0000000086e00000| Untracked 
|  33|0x0000000086f00000, 0x0000000087000000, 0x0000000087000000|100%| O|  |TAMS 0x0000000086f00000| PB 0x0000000086f00000| Untracked 
|  34|0x0000000087000000, 0x0000000087100000, 0x0000000087100000|100%| O|  |TAMS 0x0000000087000000| PB 0x0000000087000000| Untracked 
|  35|0x0000000087100000, 0x0000000087200000, 0x0000000087200000|100%| O|  |TAMS 0x0000000087100000| PB 0x0000000087100000| Untracked 
|  36|0x0000000087200000, 0x0000000087300000, 0x0000000087300000|100%| O|  |TAMS 0x0000000087200000| PB 0x0000000087200000| Untracked 
|  37|0x0000000087300000, 0x0000000087400000, 0x0000000087400000|100%| O|  |TAMS 0x0000000087300000| PB 0x0000000087300000| Untracked 
|  38|0x0000000087400000, 0x0000000087500000, 0x0000000087500000|100%| O|  |TAMS 0x0000000087400000| PB 0x0000000087400000| Untracked 
|  39|0x0000000087500000, 0x0000000087600000, 0x0000000087600000|100%| O|  |TAMS 0x0000000087500000| PB 0x0000000087500000| Untracked 
|  40|0x0000000087600000, 0x0000000087700000, 0x0000000087700000|100%| O|  |TAMS 0x0000000087600000| PB 0x0000000087600000| Untracked 
|  41|0x0000000087700000, 0x0000000087800000, 0x0000000087800000|100%| O|  |TAMS 0x0000000087700000| PB 0x0000000087700000| Untracked 
|  42|0x0000000087800000, 0x0000000087900000, 0x0000000087900000|100%| O|  |TAMS 0x0000000087800000| PB 0x0000000087800000| Untracked 
|  43|0x0000000087900000, 0x0000000087a00000, 0x0000000087a00000|100%| O|  |TAMS 0x0000000087900000| PB 0x0000000087900000| Untracked 
|  44|0x0000000087a00000, 0x0000000087aac5d0, 0x0000000087b00000| 67%| O|  |TAMS 0x0000000087a00000| PB 0x0000000087a00000| Untracked 
|  45|0x0000000087b00000, 0x0000000087b00000, 0x0000000087c00000|  0%| F|  |TAMS 0x0000000087b00000| PB 0x0000000087b00000| Untracked 
|  46|0x0000000087c00000, 0x0000000087c00000, 0x0000000087d00000|  0%| F|  |TAMS 0x0000000087c00000| PB 0x0000000087c00000| Untracked 
|  47|0x0000000087d00000, 0x0000000087d00000, 0x0000000087e00000|  0%| F|  |TAMS 0x0000000087d00000| PB 0x0000000087d00000| Untracked 
|  48|0x0000000087e00000, 0x0000000087e00000, 0x0000000087f00000|  0%| F|  |TAMS 0x0000000087e00000| PB 0x0000000087e00000| Untracked 
|  49|0x0000000087f00000, 0x0000000087f00000, 0x0000000088000000|  0%| F|  |TAMS 0x0000000087f00000| PB 0x0000000087f00000| Untracked 
|  50|0x0000000088000000, 0x0000000088100000, 0x0000000088100000|100%| S|CS|TAMS 0x0000000088000000| PB 0x0000000088000000| Complete 
|  51|0x0000000088100000, 0x0000000088200000, 0x0000000088200000|100%| S|CS|TAMS 0x0000000088100000| PB 0x0000000088100000| Complete 
|  52|0x0000000088200000, 0x0000000088300000, 0x0000000088300000|100%| S|CS|TAMS 0x0000000088200000| PB 0x0000000088200000| Complete 
|  53|0x0000000088300000, 0x0000000088300000, 0x0000000088400000|  0%| F|  |TAMS 0x0000000088300000| PB 0x0000000088300000| Untracked 
|  54|0x0000000088400000, 0x0000000088400000, 0x0000000088500000|  0%| F|  |TAMS 0x0000000088400000| PB 0x0000000088400000| Untracked 
|  55|0x0000000088500000, 0x0000000088500000, 0x0000000088600000|  0%| F|  |TAMS 0x0000000088500000| PB 0x0000000088500000| Untracked 
|  56|0x0000000088600000, 0x0000000088600000, 0x0000000088700000|  0%| F|  |TAMS 0x0000000088600000| PB 0x0000000088600000| Untracked 
|  57|0x0000000088700000, 0x0000000088700000, 0x0000000088800000|  0%| F|  |TAMS 0x0000000088700000| PB 0x0000000088700000| Untracked 
|  58|0x0000000088800000, 0x0000000088800000, 0x0000000088900000|  0%| F|  |TAMS 0x0000000088800000| PB 0x0000000088800000| Untracked 
|  59|0x0000000088900000, 0x0000000088900000, 0x0000000088a00000|  0%| F|  |TAMS 0x0000000088900000| PB 0x0000000088900000| Untracked 
|  60|0x0000000088a00000, 0x0000000088a00000, 0x0000000088b00000|  0%| F|  |TAMS 0x0000000088a00000| PB 0x0000000088a00000| Untracked 
|  61|0x0000000088b00000, 0x0000000088b00000, 0x0000000088c00000|  0%| F|  |TAMS 0x0000000088b00000| PB 0x0000000088b00000| Untracked 
|  62|0x0000000088c00000, 0x0000000088c00000, 0x0000000088d00000|  0%| F|  |TAMS 0x0000000088c00000| PB 0x0000000088c00000| Untracked 
|  63|0x0000000088d00000, 0x0000000088d00000, 0x0000000088e00000|  0%| F|  |TAMS 0x0000000088d00000| PB 0x0000000088d00000| Untracked 
|  64|0x0000000088e00000, 0x0000000088e00000, 0x0000000088f00000|  0%| F|  |TAMS 0x0000000088e00000| PB 0x0000000088e00000| Untracked 
|  65|0x0000000088f00000, 0x0000000088f00000, 0x0000000089000000|  0%| F|  |TAMS 0x0000000088f00000| PB 0x0000000088f00000| Untracked 
|  66|0x0000000089000000, 0x0000000089000000, 0x0000000089100000|  0%| F|  |TAMS 0x0000000089000000| PB 0x0000000089000000| Untracked 
|  67|0x0000000089100000, 0x0000000089100000, 0x0000000089200000|  0%| F|  |TAMS 0x0000000089100000| PB 0x0000000089100000| Untracked 
|  68|0x0000000089200000, 0x0000000089200000, 0x0000000089300000|  0%| F|  |TAMS 0x0000000089200000| PB 0x0000000089200000| Untracked 
|  69|0x0000000089300000, 0x0000000089300000, 0x0000000089400000|  0%| F|  |TAMS 0x0000000089300000| PB 0x0000000089300000| Untracked 
|  70|0x0000000089400000, 0x000000008945b8e0, 0x0000000089500000| 35%| E|  |TAMS 0x0000000089400000| PB 0x0000000089400000| Complete 
| 102|0x000000008b400000, 0x000000008b500000, 0x000000008b500000|100%| E|CS|TAMS 0x000000008b400000| PB 0x000000008b400000| Complete 
| 103|0x000000008b500000, 0x000000008b600000, 0x000000008b600000|100%| E|CS|TAMS 0x000000008b500000| PB 0x000000008b500000| Complete 
| 123|0x000000008c900000, 0x000000008ca00000, 0x000000008ca00000|100%| E|CS|TAMS 0x000000008c900000| PB 0x000000008c900000| Complete 
|1967|0x00000000ffd00000, 0x00000000ffe00000, 0x00000000ffe00000|100%| O|  |TAMS 0x00000000ffd00000| PB 0x00000000ffd00000| Untracked 
|1968|0x00000000ffe00000, 0x00000000fff00000, 0x00000000fff00000|100%| E|CS|TAMS 0x00000000ffe00000| PB 0x00000000ffe00000| Complete 
|1969|0x00000000fff00000, 0x0000000100000000, 0x0000000100000000|100%| O|  |TAMS 0x00000000fff00000| PB 0x00000000fff00000| Untracked 

Card table byte_map: [0x0000026ebcb80000,0x0000026ebcf60000] _byte_map_base: 0x0000026ebc759000

Marking Bits: (CMBitMap*) 0x0000026ea96bb7c0
 Bits: [0x0000026ebcf60000, 0x0000026ebee28000)

Polling page: 0x0000026ea71e0000

Metaspace:

Usage:
  Non-class:     55.20 MB used.
      Class:      6.95 MB used.
       Both:     62.16 MB used.

Virtual space:
  Non-class space:       64.00 MB reserved,      55.38 MB ( 87%) committed,  1 nodes.
      Class space:        1.00 GB reserved,       7.12 MB ( <1%) committed,  1 nodes.
             Both:        1.06 GB reserved,      62.50 MB (  6%) committed. 

Chunk freelists:
   Non-Class:  7.97 MB
       Class:  8.92 MB
        Both:  16.89 MB

MaxMetaspaceSize: unlimited
CompressedClassSpaceSize: 1.00 GB
Initial GC threshold: 21.00 MB
Current GC threshold: 90.56 MB
CDS: off
 - commit_granule_bytes: 65536.
 - commit_granule_words: 8192.
 - virtual_space_node_default_size: 8388608.
 - enlarge_chunks_in_place: 1.
 - use_allocation_guard: 0.


Internal statistics:

num_allocs_failed_limit: 6.
num_arena_births: 306.
num_arena_deaths: 0.
num_vsnodes_births: 2.
num_vsnodes_deaths: 0.
num_space_committed: 999.
num_space_uncommitted: 0.
num_chunks_returned_to_freelist: 6.
num_chunks_taken_from_freelist: 2199.
num_chunk_merges: 3.
num_chunk_splits: 1847.
num_chunks_enlarged: 1691.
num_inconsistent_stats: 0.

CodeHeap 'non-profiled nmethods': size=119168Kb used=2969Kb max_used=2969Kb free=116198Kb
 bounds [0x0000026eb4350000, 0x0000026eb4640000, 0x0000026ebb7b0000]
CodeHeap 'profiled nmethods': size=119104Kb used=21619Kb max_used=21619Kb free=97484Kb
 bounds [0x0000026eac7b0000, 0x0000026eadcd0000, 0x0000026eb3c00000]
CodeHeap 'non-nmethods': size=7488Kb used=2328Kb max_used=2330Kb free=5159Kb
 bounds [0x0000026eb3c00000, 0x0000026eb3e70000, 0x0000026eb4350000]
CodeCache: size=245760Kb, used=26916Kb, max_used=26918Kb, free=218841Kb
 total_blobs=7753, nmethods=6964, adapters=690, full_count=0
Compilation: enabled, stopped_count=0, restarted_count=0

Compilation events (20 events):
Event: 8.436 Thread 0x0000026ec9290980 nmethod 7491 0x0000026eb4635590 code [0x0000026eb4635720, 0x0000026eb46357f0]
Event: 8.436 Thread 0x0000026ec28df990 nmethod 7492 0x0000026eb4635890 code [0x0000026eb4635a20, 0x0000026eb4635b30]
Event: 8.436 Thread 0x0000026ec9290980 7494       3       org.jetbrains.kotlin.fir.backend.generators.CallAndReferenceGenerator::getExtensions (10 bytes)
Event: 8.436 Thread 0x0000026ec28df990 7493       3       org.jetbrains.kotlin.fir.backend.generators.CallAndReferenceGenerator::findInjectedValue$fir2ir (22 bytes)
Event: 8.436 Thread 0x0000026ec9290980 nmethod 7494 0x0000026eadcc3a10 code [0x0000026eadcc3bc0, 0x0000026eadcc3d90]
Event: 8.436 Thread 0x0000026ec9290980 7495       3       org.jetbrains.kotlin.fir.backend.jvm.JvmFir2IrExtensions::findInjectedValue (16 bytes)
Event: 8.436 Thread 0x0000026ec28df990 nmethod 7493 0x0000026eadcc3e90 code [0x0000026eadcc40e0, 0x0000026eadcc4870]
Event: 8.436 Thread 0x0000026ec28df990 7498       3       org.jetbrains.kotlin.fir.backend.generators.Fir2IrCallableDeclarationsGeneratorKt::isExternalParent (37 bytes)
Event: 8.436 Thread 0x0000026ec9290980 nmethod 7495 0x0000026eadcc4b90 code [0x0000026eadcc4e20, 0x0000026eadcc57d8]
Event: 8.436 Thread 0x0000026ec9290980 7496       3       org.jetbrains.kotlin.fir.backend.Fir2IrVisitor::convertToIrExpression$fir2ir$default (26 bytes)
Event: 8.436 Thread 0x0000026ec28df990 nmethod 7498 0x0000026eadcc5b90 code [0x0000026eadcc5d60, 0x0000026eadcc6308]
Event: 8.436 Thread 0x0000026ec28df990 7497       3       org.jetbrains.kotlin.fir.backend.Fir2IrVisitor::convertToIrExpression$fir2ir (512 bytes)
Event: 8.436 Thread 0x0000026ec9290980 nmethod 7496 0x0000026eadcc6410 code [0x0000026eadcc65c0, 0x0000026eadcc6758]
Event: 8.437 Thread 0x0000026ec9290980 7499       1       org.jetbrains.kotlin.fir.backend.Fir2IrConversionScope::get_parentStack (5 bytes)
Event: 8.437 Thread 0x0000026ec9290980 nmethod 7499 0x0000026eb4635b90 code [0x0000026eb4635d20, 0x0000026eb4635de8]
Event: 8.437 Thread 0x0000026ec9290980 7500       1       org.jetbrains.kotlin.fir.expressions.impl.FirWhenExpressionImpl::getConeTypeOrNull (5 bytes)
Event: 8.437 Thread 0x0000026ec9290980 nmethod 7500 0x0000026eb4635e90 code [0x0000026eb4636020, 0x0000026eb46360e8]
Event: 8.437 Thread 0x0000026ec9290980 7501       1       org.jetbrains.kotlin.fir.lazy.Fir2IrLazySimpleFunction::getFir (5 bytes)
Event: 8.437 Thread 0x0000026ec9290980 nmethod 7501 0x0000026eb4636190 code [0x0000026eb4636320, 0x0000026eb46363e8]
Event: 8.437 Thread 0x0000026ec9290980 7502       3       org.jetbrains.kotlin.fir.expressions.FirEqualityOperatorCall::accept (13 bytes)

GC Heap History (20 events):
Event: 4.630 GC heap before
{Heap before GC invocations=11 (full 0):
 garbage-first heap   total 41984K, used 35681K [0x0000000084e00000, 0x0000000100000000)
  region size 1024K, 18 young (18432K), 3 survivors (3072K)
 Metaspace       used 45473K, committed 45760K, reserved 1114112K
  class space    used 5322K, committed 5440K, reserved 1048576K
}
Event: 4.638 GC heap after
{Heap after GC invocations=12 (full 0):
 garbage-first heap   total 43008K, used 24323K [0x0000000084e00000, 0x0000000100000000)
  region size 1024K, 3 young (3072K), 3 survivors (3072K)
 Metaspace       used 45473K, committed 45760K, reserved 1114112K
  class space    used 5322K, committed 5440K, reserved 1048576K
}
Event: 4.687 GC heap before
{Heap before GC invocations=12 (full 0):
 garbage-first heap   total 43008K, used 35587K [0x0000000084e00000, 0x0000000100000000)
  region size 1024K, 15 young (15360K), 3 survivors (3072K)
 Metaspace       used 45549K, committed 45824K, reserved 1114112K
  class space    used 5322K, committed 5440K, reserved 1048576K
}
Event: 4.697 GC heap after
{Heap after GC invocations=13 (full 0):
 garbage-first heap   total 56320K, used 29030K [0x0000000084e00000, 0x0000000100000000)
  region size 1024K, 2 young (2048K), 2 survivors (2048K)
 Metaspace       used 45549K, committed 45824K, reserved 1114112K
  class space    used 5322K, committed 5440K, reserved 1048576K
}
Event: 5.062 GC heap before
{Heap before GC invocations=14 (full 0):
 garbage-first heap   total 56320K, used 44390K [0x0000000084e00000, 0x0000000100000000)
  region size 1024K, 17 young (17408K), 2 survivors (2048K)
 Metaspace       used 46825K, committed 47040K, reserved 1114112K
  class space    used 5459K, committed 5568K, reserved 1048576K
}
Event: 5.070 GC heap after
{Heap after GC invocations=15 (full 0):
 garbage-first heap   total 56320K, used 33065K [0x0000000084e00000, 0x0000000100000000)
  region size 1024K, 3 young (3072K), 3 survivors (3072K)
 Metaspace       used 46825K, committed 47040K, reserved 1114112K
  class space    used 5459K, committed 5568K, reserved 1048576K
}
Event: 5.438 GC heap before
{Heap before GC invocations=15 (full 0):
 garbage-first heap   total 56320K, used 46377K [0x0000000084e00000, 0x0000000100000000)
  region size 1024K, 16 young (16384K), 3 survivors (3072K)
 Metaspace       used 49986K, committed 50240K, reserved 1114112K
  class space    used 5802K, committed 5888K, reserved 1048576K
}
Event: 5.447 GC heap after
{Heap after GC invocations=16 (full 0):
 garbage-first heap   total 56320K, used 34508K [0x0000000084e00000, 0x0000000100000000)
  region size 1024K, 2 young (2048K), 2 survivors (2048K)
 Metaspace       used 49986K, committed 50240K, reserved 1114112K
  class space    used 5802K, committed 5888K, reserved 1048576K
}
Event: 5.931 GC heap before
{Heap before GC invocations=16 (full 0):
 garbage-first heap   total 56320K, used 46796K [0x0000000084e00000, 0x0000000100000000)
  region size 1024K, 14 young (14336K), 2 survivors (2048K)
 Metaspace       used 52052K, committed 52352K, reserved 1114112K
  class space    used 6088K, committed 6208K, reserved 1048576K
}
Event: 5.937 GC heap after
{Heap after GC invocations=17 (full 0):
 garbage-first heap   total 56320K, used 36710K [0x0000000084e00000, 0x0000000100000000)
  region size 1024K, 2 young (2048K), 2 survivors (2048K)
 Metaspace       used 52052K, committed 52352K, reserved 1114112K
  class space    used 6088K, committed 6208K, reserved 1048576K
}
Event: 6.248 GC heap before
{Heap before GC invocations=18 (full 0):
 garbage-first heap   total 61440K, used 48998K [0x0000000084e00000, 0x0000000100000000)
  region size 1024K, 14 young (14336K), 2 survivors (2048K)
 Metaspace       used 52585K, committed 52864K, reserved 1114112K
  class space    used 6136K, committed 6272K, reserved 1048576K
}
Event: 6.256 GC heap after
{Heap after GC invocations=19 (full 0):
 garbage-first heap   total 73728K, used 40123K [0x0000000084e00000, 0x0000000100000000)
  region size 1024K, 2 young (2048K), 2 survivors (2048K)
 Metaspace       used 52585K, committed 52864K, reserved 1114112K
  class space    used 6136K, committed 6272K, reserved 1048576K
}
Event: 6.914 GC heap before
{Heap before GC invocations=19 (full 0):
 garbage-first heap   total 73728K, used 59579K [0x0000000084e00000, 0x0000000100000000)
  region size 1024K, 22 young (22528K), 2 survivors (2048K)
 Metaspace       used 53944K, committed 54208K, reserved 1114112K
  class space    used 6215K, committed 6336K, reserved 1048576K
}
Event: 6.931 GC heap after
{Heap after GC invocations=20 (full 0):
 garbage-first heap   total 73728K, used 44156K [0x0000000084e00000, 0x0000000100000000)
  region size 1024K, 3 young (3072K), 3 survivors (3072K)
 Metaspace       used 53944K, committed 54208K, reserved 1114112K
  class space    used 6215K, committed 6336K, reserved 1048576K
}
Event: 7.528 GC heap before
{Heap before GC invocations=20 (full 0):
 garbage-first heap   total 73728K, used 61564K [0x0000000084e00000, 0x0000000100000000)
  region size 1024K, 20 young (20480K), 3 survivors (3072K)
 Metaspace       used 55121K, committed 55360K, reserved 1114112K
  class space    used 6285K, committed 6400K, reserved 1048576K
}
Event: 7.538 GC heap after
{Heap after GC invocations=21 (full 0):
 garbage-first heap   total 73728K, used 47668K [0x0000000084e00000, 0x0000000100000000)
  region size 1024K, 3 young (3072K), 3 survivors (3072K)
 Metaspace       used 55121K, committed 55360K, reserved 1114112K
  class space    used 6285K, committed 6400K, reserved 1048576K
}
Event: 8.114 GC heap before
{Heap before GC invocations=22 (full 0):
 garbage-first heap   total 78848K, used 60980K [0x0000000084e00000, 0x0000000100000000)
  region size 1024K, 18 young (18432K), 3 survivors (3072K)
 Metaspace       used 58332K, committed 58624K, reserved 1114112K
  class space    used 6609K, committed 6720K, reserved 1048576K
}
Event: 8.119 GC heap after
{Heap after GC invocations=23 (full 0):
 garbage-first heap   total 78848K, used 48612K [0x0000000084e00000, 0x0000000100000000)
  region size 1024K, 2 young (2048K), 2 survivors (2048K)
 Metaspace       used 58332K, committed 58624K, reserved 1114112K
  class space    used 6609K, committed 6720K, reserved 1048576K
}
Event: 8.334 GC heap before
{Heap before GC invocations=23 (full 0):
 garbage-first heap   total 78848K, used 68068K [0x0000000084e00000, 0x0000000100000000)
  region size 1024K, 21 young (21504K), 2 survivors (2048K)
 Metaspace       used 62491K, committed 62848K, reserved 1114112K
  class space    used 6983K, committed 7168K, reserved 1048576K
}
Event: 8.339 GC heap after
{Heap after GC invocations=24 (full 0):
 garbage-first heap   total 78848K, used 49688K [0x0000000084e00000, 0x0000000100000000)
  region size 1024K, 3 young (3072K), 3 survivors (3072K)
 Metaspace       used 62491K, committed 62848K, reserved 1114112K
  class space    used 6983K, committed 7168K, reserved 1048576K
}

Dll operation events (3 events):
Event: 0.011 Loaded shared library C:\Program Files\Android\Android Studio\jbr\bin\java.dll
Event: 0.017 Loaded shared library C:\Program Files\Android\Android Studio\jbr\bin\zip.dll
Event: 1.963 Loaded shared library C:\Program Files\Android\Android Studio\jbr\bin\verify.dll

Deoptimization events (20 events):
Event: 8.251 Thread 0x0000026ea727e530 Uncommon trap: trap_request=0xffffffde fr.pc=0x0000026eb4460114 relative=0x0000000000000334
Event: 8.251 Thread 0x0000026ea727e530 Uncommon trap: reason=class_check action=maybe_recompile pc=0x0000026eb4460114 method=org.jetbrains.kotlin.protobuf.CodedOutputStream.refreshBuffer()V @ 28 c2
Event: 8.251 Thread 0x0000026ea727e530 DEOPT PACKING pc=0x0000026eb4460114 sp=0x000000ac72efe000
Event: 8.251 Thread 0x0000026ea727e530 DEOPT UNPACKING pc=0x0000026eb3c546a2 sp=0x000000ac72efdf78 mode 2
Event: 8.251 Thread 0x0000026ea727e530 Uncommon trap: trap_request=0xffffffde fr.pc=0x0000026eb4460114 relative=0x0000000000000334
Event: 8.251 Thread 0x0000026ea727e530 Uncommon trap: reason=class_check action=maybe_recompile pc=0x0000026eb4460114 method=org.jetbrains.kotlin.protobuf.CodedOutputStream.refreshBuffer()V @ 28 c2
Event: 8.251 Thread 0x0000026ea727e530 DEOPT PACKING pc=0x0000026eb4460114 sp=0x000000ac72efe000
Event: 8.251 Thread 0x0000026ea727e530 DEOPT UNPACKING pc=0x0000026eb3c546a2 sp=0x000000ac72efdf78 mode 2
Event: 8.251 Thread 0x0000026ea727e530 Uncommon trap: trap_request=0xffffffde fr.pc=0x0000026eb4460114 relative=0x0000000000000334
Event: 8.251 Thread 0x0000026ea727e530 Uncommon trap: reason=class_check action=maybe_recompile pc=0x0000026eb4460114 method=org.jetbrains.kotlin.protobuf.CodedOutputStream.refreshBuffer()V @ 28 c2
Event: 8.251 Thread 0x0000026ea727e530 DEOPT PACKING pc=0x0000026eb4460114 sp=0x000000ac72efe000
Event: 8.251 Thread 0x0000026ea727e530 DEOPT UNPACKING pc=0x0000026eb3c546a2 sp=0x000000ac72efdf78 mode 2
Event: 8.251 Thread 0x0000026ea727e530 Uncommon trap: trap_request=0xffffffde fr.pc=0x0000026eb4403594 relative=0x0000000000000334
Event: 8.251 Thread 0x0000026ea727e530 Uncommon trap: reason=class_check action=maybe_recompile pc=0x0000026eb4403594 method=org.jetbrains.kotlin.protobuf.CodedOutputStream.refreshBuffer()V @ 28 c2
Event: 8.251 Thread 0x0000026ea727e530 DEOPT PACKING pc=0x0000026eb4403594 sp=0x000000ac72efdfa0
Event: 8.251 Thread 0x0000026ea727e530 DEOPT UNPACKING pc=0x0000026eb3c546a2 sp=0x000000ac72efdf78 mode 2
Event: 8.375 Thread 0x0000026ea727e530 Uncommon trap: trap_request=0xffffff45 fr.pc=0x0000026eb4431ab8 relative=0x0000000000000578
Event: 8.375 Thread 0x0000026ea727e530 Uncommon trap: reason=unstable_if action=reinterpret pc=0x0000026eb4431ab8 method=java.util.ArrayList.grow(I)[Ljava/lang/Object; @ 17 c2
Event: 8.375 Thread 0x0000026ea727e530 DEOPT PACKING pc=0x0000026eb4431ab8 sp=0x000000ac72efcfb0
Event: 8.375 Thread 0x0000026ea727e530 DEOPT UNPACKING pc=0x0000026eb3c546a2 sp=0x000000ac72efcf78 mode 2

Classes loaded (20 events):
Event: 8.175 Loading class java/util/ServiceLoader$2
Event: 8.175 Loading class java/util/ServiceLoader$2 done
Event: 8.175 Loading class java/util/ServiceLoader$3
Event: 8.175 Loading class java/util/ServiceLoader$3 done
Event: 8.175 Loading class java/util/Collections$EmptyEnumeration
Event: 8.175 Loading class java/util/Collections$EmptyEnumeration done
Event: 8.175 Loading class jdk/internal/loader/BuiltinClassLoader$1
Event: 8.175 Loading class jdk/internal/loader/BuiltinClassLoader$1 done
Event: 8.175 Loading class java/lang/CompoundEnumeration
Event: 8.175 Loading class java/lang/CompoundEnumeration done
Event: 8.175 Loading class jdk/internal/loader/URLClassPath$1
Event: 8.175 Loading class jdk/internal/loader/URLClassPath$1 done
Event: 8.177 Loading class java/util/ServiceLoader$1
Event: 8.177 Loading class java/util/ServiceLoader$1 done
Event: 8.177 Loading class java/util/ServiceLoader$ProviderImpl
Event: 8.177 Loading class java/util/ServiceLoader$Provider
Event: 8.177 Loading class java/util/ServiceLoader$Provider done
Event: 8.177 Loading class java/util/ServiceLoader$ProviderImpl done
Event: 8.342 Loading class java/util/regex/Pattern$StartS
Event: 8.342 Loading class java/util/regex/Pattern$StartS done

Classes unloaded (0 events):
No events

Classes redefined (0 events):
No events

Internal exceptions (20 events):
Event: 5.698 Thread 0x0000026ea727e530 Exception <a 'java/lang/NoSuchMethodError'{0x0000000087bf91a8}: 'java.lang.Object java.lang.invoke.DirectMethodHandle$Holder.invokeSpecial(java.lang.Object, java.lang.Object, java.lang.Object, java.lang.Object, java.lang.Object, java.lang.Object, int)'> (0x0000000087bf91a8) 
thrown [s\src\hotspot\share\interpreter\linkResolver.cpp, line 784]
Event: 5.698 Thread 0x0000026ea727e530 Exception <a 'java/lang/NoSuchMethodError'{0x0000000087bfd540}: 'java.lang.Object java.lang.invoke.Invokers$Holder.linkToTargetMethod(java.lang.Object, java.lang.Object, java.lang.Object, java.lang.Object, int, java.lang.Object)'> (0x0000000087bfd540) 
thrown [s\src\hotspot\share\interpreter\linkResolver.cpp, line 784]
Event: 6.403 Thread 0x0000026ea727e530 Exception <a 'java/lang/NoSuchMethodError'{0x0000000088dc17b8}: 'java.lang.Object java.lang.invoke.DirectMethodHandle$Holder.newInvokeSpecial(java.lang.Object, int, java.lang.Object, java.lang.Object, java.lang.Object)'> (0x0000000088dc17b8) 
thrown [s\src\hotspot\share\interpreter\linkResolver.cpp, line 784]
Event: 6.404 Thread 0x0000026ea727e530 Exception <a 'java/lang/NoSuchMethodError'{0x0000000088dc96e8}: 'java.lang.Object java.lang.invoke.Invokers$Holder.linkToTargetMethod(int, java.lang.Object, java.lang.Object, java.lang.Object, java.lang.Object)'> (0x0000000088dc96e8) 
thrown [s\src\hotspot\share\interpreter\linkResolver.cpp, line 784]
Event: 6.665 Thread 0x0000026ea727e530 Exception <a 'java/lang/NoSuchMethodError'{0x00000000889f8bf0}: 'java.lang.Object java.lang.invoke.DirectMethodHandle$Holder.newInvokeSpecial(java.lang.Object, java.lang.Object, java.lang.Object, java.lang.Object, java.lang.Object, java.lang.Object, int)'> (0x00000000889f8bf0) 
thrown [s\src\hotspot\share\interpreter\linkResolver.cpp, line 784]
Event: 6.666 Thread 0x0000026ea727e530 Exception <a 'java/lang/NoSuchMethodError'{0x00000000889fda60}: 'java.lang.Object java.lang.invoke.DirectMethodHandle$Holder.invokeSpecial(java.lang.Object, java.lang.Object, java.lang.Object, java.lang.Object, java.lang.Object, java.lang.Object, java.lang.Object, int)'> (0x00000000889fda60) 
thrown [s\src\hotspot\share\interpreter\linkResolver.cpp, line 784]
Event: 7.052 Thread 0x0000026ea727e530 Exception <a 'java/lang/NoSuchMethodError'{0x0000000088eb58e8}: 'java.lang.Object java.lang.invoke.DirectMethodHandle$Holder.invokeStatic(java.lang.Object, int, java.lang.Object, java.lang.Object)'> (0x0000000088eb58e8) 
thrown [s\src\hotspot\share\interpreter\linkResolver.cpp, line 784]
Event: 7.795 Thread 0x0000026ea727e530 Exception <a 'java/lang/NoSuchMethodError'{0x0000000089087db0}: 'java.lang.Object java.lang.invoke.DirectMethodHandle$Holder.invokeStaticInit(java.lang.Object, int, int, java.lang.Object)'> (0x0000000089087db0) 
thrown [s\src\hotspot\share\interpreter\linkResolver.cpp, line 784]
Event: 7.815 Thread 0x0000026ea727e530 Implicit null exception at 0x0000026eb4364fda to 0x0000026eb43650d8
Event: 7.827 Thread 0x0000026ea727e530 Implicit null exception at 0x0000026eb44fdc63 to 0x0000026eb44fde10
Event: 8.086 Thread 0x0000026ea727e530 Exception <a 'java/lang/NoSuchMethodError'{0x0000000088bdf778}: 'java.lang.Object java.lang.invoke.DirectMethodHandle$Holder.newInvokeSpecial(java.lang.Object, java.lang.Object, int, java.lang.Object, java.lang.Object, java.lang.Object)'> (0x0000000088bdf778) 
thrown [s\src\hotspot\share\interpreter\linkResolver.cpp, line 784]
Event: 8.086 Thread 0x0000026ea727e530 Exception <a 'java/lang/NoSuchMethodError'{0x0000000088be38f8}: 'java.lang.Object java.lang.invoke.DirectMethodHandle$Holder.invokeSpecial(java.lang.Object, java.lang.Object, java.lang.Object, int, java.lang.Object, java.lang.Object, java.lang.Object)'> (0x0000000088be38f8) 
thrown [s\src\hotspot\share\interpreter\linkResolver.cpp, line 784]
Event: 8.086 Thread 0x0000026ea727e530 Exception <a 'java/lang/NoSuchMethodError'{0x0000000088be6f70}: 'java.lang.Object java.lang.invoke.Invokers$Holder.linkToTargetMethod(java.lang.Object, int, java.lang.Object, java.lang.Object, java.lang.Object, java.lang.Object)'> (0x0000000088be6f70) 
thrown [s\src\hotspot\share\interpreter\linkResolver.cpp, line 784]
Event: 8.219 Thread 0x0000026ea727e530 Implicit null exception at 0x0000026eb43a6944 to 0x0000026eb43a7094
Event: 8.220 Thread 0x0000026ea727e530 Implicit null exception at 0x0000026eb4399240 to 0x0000026eb4399984
Event: 8.370 Thread 0x0000026ea727e530 Exception <a 'java/lang/NoSuchMethodError'{0x000000008c90d638}: 'java.lang.Object java.lang.invoke.DirectMethodHandle$Holder.newInvokeSpecial(java.lang.Object, java.lang.Object, java.lang.Object, java.lang.Object, java.lang.Object, java.lang.Object, java.lang.Object, java.lang.Object, int)'> (0x000000008c90d638) 
thrown [s\src\hotspot\share\interpreter\linkResolver.cpp, line 784]
Event: 8.370 Thread 0x0000026ea727e530 Exception <a 'java/lang/NoSuchMethodError'{0x000000008c912428}: 'java.lang.Object java.lang.invoke.DirectMethodHandle$Holder.invokeSpecial(java.lang.Object, java.lang.Object, java.lang.Object, java.lang.Object, java.lang.Object, java.lang.Object, java.lang.Object, java.lang.Object, java.lang.Object, int)'> (0x000000008c912428) 
thrown [s\src\hotspot\share\interpreter\linkResolver.cpp, line 784]
Event: 8.405 Thread 0x0000026ea727e530 Exception <a 'java/lang/NoSuchMethodError'{0x000000008b428cb0}: 'java.lang.Object java.lang.invoke.DirectMethodHandle$Holder.newInvokeSpecial(java.lang.Object, java.lang.Object, java.lang.Object, java.lang.Object, java.lang.Object, java.lang.Object, java.lang.Object, int)'> (0x000000008b428cb0) 
thrown [s\src\hotspot\share\interpreter\linkResolver.cpp, line 784]
Event: 8.405 Thread 0x0000026ea727e530 Exception <a 'java/lang/NoSuchMethodError'{0x000000008b42d3a8}: 'java.lang.Object java.lang.invoke.DirectMethodHandle$Holder.invokeSpecial(java.lang.Object, java.lang.Object, java.lang.Object, java.lang.Object, java.lang.Object, java.lang.Object, java.lang.Object, java.lang.Object, int)'> (0x000000008b42d3a8) 
thrown [s\src\hotspot\share\interpreter\linkResolver.cpp, line 784]
Event: 8.405 Thread 0x0000026ea727e530 Exception <a 'java/lang/NoSuchMethodError'{0x000000008b431318}: 'java.lang.Object java.lang.invoke.Invokers$Holder.linkToTargetMethod(java.lang.Object, java.lang.Object, java.lang.Object, java.lang.Object, java.lang.Object, java.lang.Object, int, java.lang.Object)'> (0x000000008b431318) 
thrown [s\src\hotspot\share\interpreter\linkResolver.cpp, line 784]

ZGC Phase Switch (0 events):
No events

VM Operations (20 events):
Event: 7.581 Executing VM operation: HandshakeAllThreads (Deoptimize) done
Event: 7.971 Executing VM operation: ICBufferFull
Event: 7.971 Executing VM operation: ICBufferFull done
Event: 8.028 Executing VM operation: ICBufferFull
Event: 8.029 Executing VM operation: ICBufferFull done
Event: 8.094 Executing VM operation: HandshakeAllThreads (Deoptimize)
Event: 8.094 Executing VM operation: HandshakeAllThreads (Deoptimize) done
Event: 8.114 Executing VM operation: G1CollectForAllocation (G1 Evacuation Pause)
Event: 8.119 Executing VM operation: G1CollectForAllocation (G1 Evacuation Pause) done
Event: 8.234 Executing VM operation: HandshakeAllThreads (Deoptimize)
Event: 8.234 Executing VM operation: HandshakeAllThreads (Deoptimize) done
Event: 8.235 Executing VM operation: HandshakeAllThreads (Deoptimize)
Event: 8.235 Executing VM operation: HandshakeAllThreads (Deoptimize) done
Event: 8.290 Executing VM operation: HandshakeAllThreads (Deoptimize)
Event: 8.290 Executing VM operation: HandshakeAllThreads (Deoptimize) done
Event: 8.334 Executing VM operation: G1CollectForAllocation (G1 Evacuation Pause)
Event: 8.339 Executing VM operation: G1CollectForAllocation (G1 Evacuation Pause) done
Event: 8.351 Executing VM operation: HandshakeAllThreads (Deoptimize)
Event: 8.351 Executing VM operation: HandshakeAllThreads (Deoptimize) done
Event: 9.361 Executing VM operation: Cleanup

Memory protections (0 events):
No events

Nmethod flushes (20 events):
Event: 7.559 Thread 0x0000026ec18d9150 flushing  nmethod 0x0000026eacc6b110
Event: 7.559 Thread 0x0000026ec18d9150 flushing  nmethod 0x0000026eacc6c610
Event: 7.559 Thread 0x0000026ec18d9150 flushing  nmethod 0x0000026eacc70710
Event: 7.559 Thread 0x0000026ec18d9150 flushing  nmethod 0x0000026eacc78c90
Event: 7.559 Thread 0x0000026ec18d9150 flushing  nmethod 0x0000026eacc7af10
Event: 7.559 Thread 0x0000026ec18d9150 flushing  nmethod 0x0000026eacc95290
Event: 7.559 Thread 0x0000026ec18d9150 flushing  nmethod 0x0000026eacc95610
Event: 7.559 Thread 0x0000026ec18d9150 flushing  nmethod 0x0000026eacc96790
Event: 7.559 Thread 0x0000026ec18d9150 flushing  nmethod 0x0000026eaccb6410
Event: 7.559 Thread 0x0000026ec18d9150 flushing  nmethod 0x0000026eaccf6690
Event: 7.559 Thread 0x0000026ec18d9150 flushing  nmethod 0x0000026eaccfba10
Event: 7.559 Thread 0x0000026ec18d9150 flushing  nmethod 0x0000026eace63510
Event: 7.559 Thread 0x0000026ec18d9150 flushing  nmethod 0x0000026eace66790
Event: 7.559 Thread 0x0000026ec18d9150 flushing  nmethod 0x0000026eacecc490
Event: 7.559 Thread 0x0000026ec18d9150 flushing  nmethod 0x0000026eacf91790
Event: 7.559 Thread 0x0000026ec18d9150 flushing  nmethod 0x0000026eacf9c190
Event: 7.559 Thread 0x0000026ec18d9150 flushing  nmethod 0x0000026ead011790
Event: 7.559 Thread 0x0000026ec18d9150 flushing  nmethod 0x0000026ead014a10
Event: 7.559 Thread 0x0000026ec18d9150 flushing  nmethod 0x0000026ead024d10
Event: 7.559 Thread 0x0000026ec18d9150 flushing  nmethod 0x0000026ead027010

Events (16 events):
Event: 0.016 Thread 0x0000026ea727e530 Thread added: 0x0000026ea727e530
Event: 0.064 Thread 0x0000026ea727e530 Thread added: 0x0000026ec2883ae0
Event: 0.067 Thread 0x0000026ea727e530 Thread added: 0x0000026ec2886ab0
Event: 0.067 Thread 0x0000026ea727e530 Thread added: 0x0000026ec28b2cf0
Event: 0.068 Thread 0x0000026ea727e530 Thread added: 0x0000026ec28b6580
Event: 0.068 Thread 0x0000026ea727e530 Thread added: 0x0000026ec289a810
Event: 0.068 Thread 0x0000026ea727e530 Thread added: 0x0000026ec289bde0
Event: 0.068 Thread 0x0000026ea727e530 Thread added: 0x0000026ec289dbc0
Event: 0.068 Thread 0x0000026ea727e530 Thread added: 0x0000026ec289f4c0
Event: 0.068 Thread 0x0000026ea727e530 Thread added: 0x0000026ec28df990
Event: 0.099 Thread 0x0000026ea727e530 Thread added: 0x0000026ec2a8ceb0
Event: 0.114 Loaded shared library C:\Program Files\Android\Android Studio\jbr\bin\net.dll
Event: 0.117 Loaded shared library C:\Program Files\Android\Android Studio\jbr\bin\nio.dll
Event: 0.249 Loaded shared library C:\Program Files\Android\Android Studio\jbr\bin\zip.dll
Event: 0.290 Loaded shared library C:\Program Files\Android\Android Studio\jbr\bin\jimage.dll
Event: 3.642 Thread 0x0000026ec28df990 Thread added: 0x0000026ec9290980


Dynamic libraries:
0x00007ff6a8ad0000 - 0x00007ff6a8ada000 	C:\Program Files\Android\Android Studio\jbr\bin\java.exe
0x00007ffb1e180000 - 0x00007ffb1e3e7000 	C:\WINDOWS\SYSTEM32\ntdll.dll
0x00007ffb1cfe0000 - 0x00007ffb1d0a9000 	C:\WINDOWS\System32\KERNEL32.DLL
0x00007ffb1b9d0000 - 0x00007ffb1bdbf000 	C:\WINDOWS\System32\KERNELBASE.dll
0x00007ffb1bdd0000 - 0x00007ffb1bf1b000 	C:\WINDOWS\System32\ucrtbase.dll
0x00007ffb09930000 - 0x00007ffb09948000 	C:\Program Files\Android\Android Studio\jbr\bin\jli.dll
0x00007ffb078f0000 - 0x00007ffb0790b000 	C:\Program Files\Android\Android Studio\jbr\bin\VCRUNTIME140.dll
0x00007ffb1df60000 - 0x00007ffb1e125000 	C:\WINDOWS\System32\USER32.dll
0x00007ffb01b00000 - 0x00007ffb01d93000 	C:\WINDOWS\WinSxS\amd64_microsoft.windows.common-controls_6595b64144ccf1df_6.0.26100.7309_none_3e05feeae336a044\COMCTL32.dll
0x00007ffb1b730000 - 0x00007ffb1b757000 	C:\WINDOWS\System32\win32u.dll
0x00007ffb1d380000 - 0x00007ffb1d3ab000 	C:\WINDOWS\System32\GDI32.dll
0x00007ffb1c7a0000 - 0x00007ffb1c849000 	C:\WINDOWS\System32\msvcrt.dll
0x00007ffb1b760000 - 0x00007ffb1b88c000 	C:\WINDOWS\System32\gdi32full.dll
0x00007ffb1b5c0000 - 0x00007ffb1b663000 	C:\WINDOWS\System32\msvcp_win.dll
0x00007ffb1dce0000 - 0x00007ffb1dd11000 	C:\WINDOWS\System32\IMM32.DLL
0x00007ffaf9a10000 - 0x00007ffaf9a1c000 	C:\Program Files\Android\Android Studio\jbr\bin\vcruntime140_1.dll
0x00007ffaa5e80000 - 0x00007ffaa5f0d000 	C:\Program Files\Android\Android Studio\jbr\bin\msvcp140.dll
0x00007ffab5e10000 - 0x00007ffab6aa6000 	C:\Program Files\Android\Android Studio\jbr\bin\server\jvm.dll
0x00007ffb1dd90000 - 0x00007ffb1de44000 	C:\WINDOWS\System32\ADVAPI32.dll
0x00007ffb1d4c0000 - 0x00007ffb1d566000 	C:\WINDOWS\System32\sechost.dll
0x00007ffb1cdc0000 - 0x00007ffb1ced8000 	C:\WINDOWS\System32\RPCRT4.dll
0x00007ffb1c520000 - 0x00007ffb1c594000 	C:\WINDOWS\System32\WS2_32.dll
0x00007ffb1b130000 - 0x00007ffb1b18e000 	C:\WINDOWS\SYSTEM32\POWRPROF.dll
0x00007ffb13540000 - 0x00007ffb1354b000 	C:\WINDOWS\SYSTEM32\VERSION.dll
0x00007ffb13ab0000 - 0x00007ffb13ae5000 	C:\WINDOWS\SYSTEM32\WINMM.dll
0x00007ffb1b110000 - 0x00007ffb1b124000 	C:\WINDOWS\SYSTEM32\UMPDC.dll
0x00007ffb19fa0000 - 0x00007ffb19fbb000 	C:\WINDOWS\SYSTEM32\kernel.appcore.dll
0x00007ffaf9770000 - 0x00007ffaf977a000 	C:\Program Files\Android\Android Studio\jbr\bin\jimage.dll
0x00007ffb188d0000 - 0x00007ffb18b12000 	C:\WINDOWS\SYSTEM32\DBGHELP.DLL
0x00007ffb1c190000 - 0x00007ffb1c515000 	C:\WINDOWS\System32\combase.dll
0x00007ffb1de50000 - 0x00007ffb1df26000 	C:\WINDOWS\System32\OLEAUT32.dll
0x00007ffaf9b60000 - 0x00007ffaf9b9c000 	C:\WINDOWS\SYSTEM32\dbgcore.DLL
0x00007ffb1b890000 - 0x00007ffb1b935000 	C:\WINDOWS\System32\bcryptPrimitives.dll
0x00007ffaf9750000 - 0x00007ffaf9770000 	C:\Program Files\Android\Android Studio\jbr\bin\java.dll
0x00007ffaf9730000 - 0x00007ffaf9748000 	C:\Program Files\Android\Android Studio\jbr\bin\zip.dll
0x00007ffb1d570000 - 0x00007ffb1dcc3000 	C:\WINDOWS\System32\SHELL32.dll
0x00007ffb1b450000 - 0x00007ffb1b5ba000 	C:\WINDOWS\System32\wintypes.dll
0x00007ffb18e80000 - 0x00007ffb196de000 	C:\WINDOWS\SYSTEM32\windows.storage.dll
0x00007ffb1d0b0000 - 0x00007ffb1d1a5000 	C:\WINDOWS\System32\SHCORE.dll
0x00007ffb1dd20000 - 0x00007ffb1dd86000 	C:\WINDOWS\System32\shlwapi.dll
0x00007ffb1b1f0000 - 0x00007ffb1b219000 	C:\WINDOWS\SYSTEM32\profapi.dll
0x00007ffaed690000 - 0x00007ffaed6a0000 	C:\Program Files\Android\Android Studio\jbr\bin\net.dll
0x00007ffb13760000 - 0x00007ffb13888000 	C:\WINDOWS\SYSTEM32\WINHTTP.dll
0x00007ffb1a590000 - 0x00007ffb1a5fb000 	C:\WINDOWS\system32\mswsock.dll
0x00007ffaed670000 - 0x00007ffaed686000 	C:\Program Files\Android\Android Studio\jbr\bin\nio.dll
0x00007ffb098d0000 - 0x00007ffb098e0000 	C:\Program Files\Android\Android Studio\jbr\bin\verify.dll

JVMTI agents: none

dbghelp: loaded successfully - version: 4.0.5 - missing functions: none
symbol engine: initialized successfully - sym options: 0x614 - pdb path: .;C:\Program Files\Android\Android Studio\jbr\bin;C:\WINDOWS\SYSTEM32;C:\WINDOWS\WinSxS\amd64_microsoft.windows.common-controls_6595b64144ccf1df_6.0.26100.7309_none_3e05feeae336a044;C:\Program Files\Android\Android Studio\jbr\bin\server

VM Arguments:
java_command: org.jetbrains.kotlin.cli.jvm.K2JVMCompiler @D:\salat\salaat\build\share_plus\20251225_15074214342730425285.compiler.options
java_class_path (initial): C:\Users\Dell-3\.gradle\caches\modules-2\files-2.1\org.jetbrains.kotlin\kotlin-compiler-embeddable\2.1.20\4ef56b3316798316bfac7a0ae443391c9e900ea1\kotlin-compiler-embeddable-2.1.20.jar;C:\Users\Dell-3\.gradle\caches\modules-2\files-2.1\org.jetbrains.kotlin\kotlin-stdlib\2.1.20\aa8ca79cd50578314f6d1180c47cbe14c0fee567\kotlin-stdlib-2.1.20.jar;C:\Users\Dell-3\.gradle\caches\modules-2\files-2.1\org.jetbrains.kotlin\kotlin-script-runtime\2.1.20\f7c623d7f7bdb01f5ccd6b437bc0a937fcd7c57e\kotlin-script-runtime-2.1.20.jar;C:\Users\Dell-3\.gradle\caches\modules-2\files-2.1\org.jetbrains.kotlin\kotlin-reflect\1.6.10\1cbe9c92c12a94eea200d23c2bbaedaf3daf5132\kotlin-reflect-1.6.10.jar;C:\Users\Dell-3\.gradle\caches\modules-2\files-2.1\org.jetbrains.kotlin\kotlin-daemon-embeddable\2.1.20\95670fce77befd02a70a0bc3abe8ee4533521334\kotlin-daemon-embeddable-2.1.20.jar;C:\Users\Dell-3\.gradle\caches\modules-2\files-2.1\org.jetbrains.intellij.deps\trove4j\1.0.20200330\3afb14d5f9ceb459d724e907a21145e8ff394f02\trove4j-1.0.20200330.jar;C:\Users\Dell-3\.gradle\caches\modules-2\files-2.1\org.jetbrains.kotlinx\kotlinx-coroutines-core-jvm\1.8.0\ac1dc37a30a93150b704022f8d895ee1bd3a36b3\kotlinx-coroutines-core-jvm-1.8.0.jar;C:\Users\Dell-3\.gradle\caches\modules-2\files-2.1\org.jetbrains\annotations\13.0\919f0dfe192fb4e063e7dacadee7f8bb9a2672a9\annotations-13.0.jar
Launcher Type: SUN_STANDARD

[Global flags]
     intx CICompilerCount                          = 12                                        {product} {ergonomic}
     uint ConcGCThreads                            = 5                                         {product} {ergonomic}
     uint G1ConcRefinementThreads                  = 20                                        {product} {ergonomic}
   size_t G1HeapRegionSize                         = 1048576                                   {product} {ergonomic}
    uintx GCDrainStackTargetSize                   = 64                                        {product} {ergonomic}
   size_t InitialHeapSize                          = 130023424                                 {product} {ergonomic}
   size_t MarkStackSize                            = 4194304                                   {product} {ergonomic}
   size_t MaxHeapSize                              = 2065694720                                {product} {ergonomic}
   size_t MaxNewSize                               = 1239416832                                {product} {ergonomic}
   size_t MinHeapDeltaBytes                        = 1048576                                   {product} {ergonomic}
   size_t MinHeapSize                              = 8388608                                   {product} {ergonomic}
    uintx NonNMethodCodeHeapSize                   = 7602480                                {pd product} {ergonomic}
    uintx NonProfiledCodeHeapSize                  = 122027880                              {pd product} {ergonomic}
    uintx ProfiledCodeHeapSize                     = 122027880                              {pd product} {ergonomic}
    uintx ReservedCodeCacheSize                    = 251658240                              {pd product} {ergonomic}
     bool SegmentedCodeCache                       = true                                      {product} {ergonomic}
   size_t SoftMaxHeapSize                          = 2065694720                             {manageable} {ergonomic}
     bool UseCompressedOops                        = true                           {product lp64_product} {ergonomic}
     bool UseG1GC                                  = true                                      {product} {ergonomic}
     bool UseLargePagesIndividualAllocation        = false                                  {pd product} {ergonomic}

Logging:
Log output configuration:
 #0: stdout all=warning uptime,level,tags foldmultilines=false
 #1: stderr all=off uptime,level,tags foldmultilines=false

Environment Variables:
JAVA_HOME=C:\Program Files\Android\Android Studio\jbr
CLASSPATH=d:\salat\salaat\android\\gradle\wrapper\gradle-wrapper.jar
PATH=C:\Program Files\Android\Android Studio\jbr\bin;C:\Program Files\Common Files\Oracle\Java\javapath;C:\Python314\Scripts\;C:\Python314\;C:\WINDOWS\system32;C:\WINDOWS;C:\WINDOWS\System32\Wbem;C:\WINDOWS\System32\WindowsPowerShell\v1.0\;C:\WINDOWS\System32\OpenSSH\;C:\ProgramData\chocolatey\bin;C:\xampp\php;C:\ProgramData\ComposerSetup\bin;C:\Program Files\Git\cmd;C:\Program Files (x86)\HP\HP OCR\DB_Lib\;C:\Program Files\HP\Common\HPDestPlgIn\;C:\Program Files (x86)\HP\Common\HPDestPlgIn\;C:\Program Files\nodejs\;C:\Program Files\dotnet\;C:\ffmpeg\bin;C:\Program Files\Common Files\Oracle\Java\javapath;C:\Python314\Scripts\;C:\Python314\;C:\WINDOWS\system32;C:\WINDOWS;C:\WINDOWS\System32\Wbem;C:\WINDOWS\System32\WindowsPowerShell\v1.0\;C:\WINDOWS\System32\OpenSSH\;C:\ProgramData\chocolatey\bin;C:\Program Files\dotnet\;C:\xampp\php;C:\ProgramData\ComposerSetup\bin;C:\Program Files\nodejs\;C:\Program Files\Git\cmd;C:\Users\Dell-3\AppData\Local\Microsoft\WindowsApps;C:\Users\Dell-3\AppData\Local\Programs\Microsoft VS Code\bin;C:\Users\Dell-3\.dotnet\tools;C:\Users\Dell-3\AppData\Local\Pub\Cache\bin;C:\dart;C:\src\flutter\flutter\bin;C:\Users\Dell-3\AppData\Roaming\Composer\vendor\bin;C:\Program Files\Git\bin;C:\Users\Dell-3\AppData\Local\Android\Sdk\platform-tools;C:\Users\Dell-3\AppData\Local\Android\Sdk\platform-tools;C:\Program Files\HP\Common\HPDestPlgIn\;C:\Program Files (x86)\HP\Common\HPDestPlgIn\;C:\Users\Dell-3\AppData\Roaming\npm;C:\Users\Dell-3\.dotnet\tools;C:\src\flutter\flutter\bin\mingit\cmd
USERNAME=Dell-3
OS=Windows_NT
PROCESSOR_IDENTIFIER=Intel64 Family 6 Model 183 Stepping 1, GenuineIntel
TMP=C:\Users\Dell-3\AppData\Local\Temp
TEMP=C:\Users\Dell-3\AppData\Local\Temp




Periodic native trim disabled

JNI global refs:
JNI global refs: 20, weak refs: 3

JNI global refs memory usage: 835, weak refs: 833

Process memory usage:
Resident Set Size: 270112K (3% of 8067892K total physical memory with 115056K free physical memory)

OOME stack traces (most recent first):
Classloader memory used:
Loader jdk.internal.loader.ClassLoaders$AppClassLoader                                 : 52812K
Loader bootstrap                                                                       : 10837K

---------------  S Y S T E M  ---------------

OS:
 Windows 11 , 64 bit Build 26100 (10.0.26100.7309)
OS uptime: 0 days 4:58 hours
Hyper-V role detected

CPU: total 28 (initial active 28) (14 cores per cpu, 2 threads per core) family 6 model 183 stepping 1 microcode 0x12f, cx8, cmov, fxsr, ht, mmx, 3dnowpref, sse, sse2, sse3, ssse3, sse4.1, sse4.2, popcnt, lzcnt, tsc, tscinvbit, avx, avx2, aes, erms, clmul, bmi1, bmi2, adx, sha, fma, vzeroupper, clflush, clflushopt, clwb, hv, serialize, rdtscp, rdpid, fsrm, f16c, cet_ibt, cet_ss
Processor Information for the first 28 processors :
  Max Mhz: 2100, Current Mhz: 2100, Mhz Limit: 2100

Memory: 4k page, system-wide physical 7878M (102M free)
TotalPageFile size 32454M (AvailPageFile size 0M)
current process WorkingSet (physical memory assigned to process): 264M, peak: 264M
current process commit charge ("private bytes"): 329M, peak: 331M

vm_info: OpenJDK 64-Bit Server VM (21.0.8+-14196175-b1038.72) for windows-amd64 JRE (21.0.8+-14196175-b1038.72), built on 2025-10-01T10:24:33Z by "builder" with MS VC++ 16.10 / 16.11 (VS2019)

END.
