#
# There is insufficient memory for the Java Runtime Environment to continue.
# Native memory allocation (malloc) failed to allocate 1522896 bytes. Error detail: Chunk::new
# Possible reasons:
#   The system is out of physical RAM or swap space
#   This process is running with CompressedOops enabled, and the Java Heap may be blocking the growth of the native heap
# Possible solutions:
#   Reduce memory load on the system
#   Increase physical memory or swap space
#   Check if swap backing store is full
#   Decrease Java heap size (-Xmx/-Xms)
#   Decrease number of Java threads
#   Decrease Java thread stack sizes (-Xss)
#   Set larger code cache with -XX:ReservedCodeCacheSize=
#   JVM is running with Unscaled Compressed Oops mode in which the Java heap is
#     placed in the first 4GB address space. The Java Heap base address is the
#     maximum limit for the native heap growth. Please use -XX:HeapBaseMinAddress
#     to set the Java Heap base and to place the Java Heap above 4GB virtual address.
# This output file may be truncated or incomplete.
#
#  Out of Memory Error (arena.cpp:168), pid=11504, tid=15528
#
# JRE version: OpenJDK Runtime Environment (21.0.8) (build 21.0.8+-14196175-b1038.72)
# Java VM: OpenJDK 64-Bit Server VM (21.0.8+-14196175-b1038.72, mixed mode, tiered, compressed oops, compressed class ptrs, g1 gc, windows-amd64)
# No core dump will be written. Minidumps are not enabled by default on client versions of Windows
#

---------------  S U M M A R Y ------------

Command Line: org.jetbrains.kotlin.cli.jvm.K2JVMCompiler @D:\salat\salaat\build\video_player_android\20260101_15407757085176894994.compiler.options

Host: Intel(R) Core(TM) i7-14700, 28 cores, 7G,  Windows 11 , 64 bit Build 26100 (10.0.26100.7309)
Time: Thu Jan  1 00:34:58 2026 elapsed time: 15.754711 seconds (0d 0h 0m 15s)

---------------  T H R E A D  ---------------

Current thread (0x000001d34180d730):  JavaThread "C2 CompilerThread0" daemon [_thread_in_native, id=15528, stack(0x0000001b97d00000,0x0000001b97e00000) (1024K)]


Current CompileTask:
C2:15754 7932   !   4       jdk.internal.loader.BuiltinClassLoader::findClassOnClassPathOrNull (134 bytes)

Stack: [0x0000001b97d00000,0x0000001b97e00000]
Native frames: (J=compiled Java code, j=interpreted, Vv=VM code, C=native code)
V  [jvm.dll+0x6d68d9]
V  [jvm.dll+0x866693]
V  [jvm.dll+0x868c4e]
V  [jvm.dll+0x869333]
V  [jvm.dll+0x280566]
V  [jvm.dll+0xc07cd]
V  [jvm.dll+0xc0d03]
V  [jvm.dll+0x3b95e1]
V  [jvm.dll+0x385507]
V  [jvm.dll+0x38497a]
V  [jvm.dll+0x249252]
V  [jvm.dll+0x248821]
V  [jvm.dll+0x1c73a4]
V  [jvm.dll+0x257f9e]
V  [jvm.dll+0x2564e6]
V  [jvm.dll+0x3f4696]
V  [jvm.dll+0x80eac8]
V  [jvm.dll+0x6d512d]
C  [ucrtbase.dll+0x37b0]
C  [KERNEL32.DLL+0x2e8d7]
C  [ntdll.dll+0x8c53c]


---------------  P R O C E S S  ---------------

Threads class SMR info:
_java_thread_list=0x000001d3483aff00, length=15, elements={
0x000001d3260c9f70, 0x000001d3417eda50, 0x000001d3417fd9c0, 0x000001d34181ffe0,
0x000001d3417f0c70, 0x000001d3417f12e0, 0x000001d34180ab00, 0x000001d34180b910,
0x000001d34180d730, 0x000001d341845830, 0x000001d3419db8c0, 0x000001d349251f70,
0x000001d3481c1ee0, 0x000001d346932160, 0x000001d347e61450
}

Java Threads: ( => current thread )
  0x000001d3260c9f70 JavaThread "main"                              [_thread_in_Java, id=29536, stack(0x0000001b96e00000,0x0000001b96f00000) (1024K)]
  0x000001d3417eda50 JavaThread "Common-Cleaner"             daemon [_thread_blocked, id=5164, stack(0x0000001b97600000,0x0000001b97700000) (1024K)]
  0x000001d3417fd9c0 JavaThread "Reference Handler"          daemon [_thread_blocked, id=9076, stack(0x0000001b97700000,0x0000001b97800000) (1024K)]
  0x000001d34181ffe0 JavaThread "Finalizer"                  daemon [_thread_blocked, id=4724, stack(0x0000001b97800000,0x0000001b97900000) (1024K)]
  0x000001d3417f0c70 JavaThread "Signal Dispatcher"          daemon [_thread_blocked, id=18396, stack(0x0000001b97900000,0x0000001b97a00000) (1024K)]
  0x000001d3417f12e0 JavaThread "Attach Listener"            daemon [_thread_blocked, id=18388, stack(0x0000001b97a00000,0x0000001b97b00000) (1024K)]
  0x000001d34180ab00 JavaThread "Service Thread"             daemon [_thread_blocked, id=9892, stack(0x0000001b97b00000,0x0000001b97c00000) (1024K)]
  0x000001d34180b910 JavaThread "Monitor Deflation Thread"   daemon [_thread_blocked, id=5336, stack(0x0000001b97c00000,0x0000001b97d00000) (1024K)]
=>0x000001d34180d730 JavaThread "C2 CompilerThread0"         daemon [_thread_in_native, id=15528, stack(0x0000001b97d00000,0x0000001b97e00000) (1024K)]
  0x000001d341845830 JavaThread "C1 CompilerThread0"         daemon [_thread_blocked, id=23508, stack(0x0000001b97e00000,0x0000001b97f00000) (1024K)]
  0x000001d3419db8c0 JavaThread "Notification Thread"        daemon [_thread_blocked, id=23428, stack(0x0000001b97f00000,0x0000001b98000000) (1024K)]
  0x000001d349251f70 JavaThread "C2 CompilerThread1"         daemon [_thread_blocked, id=2692, stack(0x0000001b99600000,0x0000001b99700000) (1024K)]
  0x000001d3481c1ee0 JavaThread "C1 CompilerThread1"         daemon [_thread_blocked, id=14092, stack(0x0000001b99700000,0x0000001b99800000) (1024K)]
  0x000001d346932160 JavaThread "C1 CompilerThread2"         daemon [_thread_in_native, id=15748, stack(0x0000001b99800000,0x0000001b99900000) (1024K)]
  0x000001d347e61450 JavaThread "C1 CompilerThread3"         daemon [_thread_blocked, id=17168, stack(0x0000001b99900000,0x0000001b99a00000) (1024K)]
Total: 15

Other Threads:
  0x000001d341769200 VMThread "VM Thread"                           [id=15932, stack(0x0000001b97500000,0x0000001b97600000) (1024K)]
  0x000001d3412aaf70 WatcherThread "VM Periodic Task Thread"        [id=21964, stack(0x0000001b97400000,0x0000001b97500000) (1024K)]
  0x000001d3285e94e0 WorkerThread "GC Thread#0"                     [id=5816, stack(0x0000001b96f00000,0x0000001b97000000) (1024K)]
  0x000001d3465e2f60 WorkerThread "GC Thread#1"                     [id=24148, stack(0x0000001b98000000,0x0000001b98100000) (1024K)]
  0x000001d34660e710 WorkerThread "GC Thread#2"                     [id=11584, stack(0x0000001b98100000,0x0000001b98200000) (1024K)]
  0x000001d34660eab0 WorkerThread "GC Thread#3"                     [id=17828, stack(0x0000001b98200000,0x0000001b98300000) (1024K)]
  0x000001d34660ee50 WorkerThread "GC Thread#4"                     [id=22408, stack(0x0000001b98300000,0x0000001b98400000) (1024K)]
  0x000001d34661c880 WorkerThread "GC Thread#5"                     [id=10384, stack(0x0000001b98400000,0x0000001b98500000) (1024K)]
  0x000001d346937820 WorkerThread "GC Thread#6"                     [id=10468, stack(0x0000001b98500000,0x0000001b98600000) (1024K)]
  0x000001d346936260 WorkerThread "GC Thread#7"                     [id=26020, stack(0x0000001b98600000,0x0000001b98700000) (1024K)]
  0x000001d346936d40 WorkerThread "GC Thread#8"                     [id=1072, stack(0x0000001b98700000,0x0000001b98800000) (1024K)]
  0x000001d346b061c0 WorkerThread "GC Thread#9"                     [id=25380, stack(0x0000001b98c00000,0x0000001b98d00000) (1024K)]
  0x000001d346b07b20 WorkerThread "GC Thread#10"                    [id=25320, stack(0x0000001b98d00000,0x0000001b98e00000) (1024K)]
  0x000001d346b05340 WorkerThread "GC Thread#11"                    [id=24224, stack(0x0000001b98e00000,0x0000001b98f00000) (1024K)]
  0x000001d347f22490 WorkerThread "GC Thread#12"                    [id=23732, stack(0x0000001b98f00000,0x0000001b99000000) (1024K)]
  0x000001d347f220f0 WorkerThread "GC Thread#13"                    [id=2708, stack(0x0000001b99000000,0x0000001b99100000) (1024K)]
  0x000001d346b44060 WorkerThread "GC Thread#14"                    [id=4504, stack(0x0000001b99100000,0x0000001b99200000) (1024K)]
  0x000001d346b464a0 WorkerThread "GC Thread#15"                    [id=19376, stack(0x0000001b99200000,0x0000001b99300000) (1024K)]
  0x000001d346b46840 WorkerThread "GC Thread#16"                    [id=16252, stack(0x0000001b99300000,0x0000001b99400000) (1024K)]
  0x000001d347d7d980 WorkerThread "GC Thread#17"                    [id=9916, stack(0x0000001b99400000,0x0000001b99500000) (1024K)]
  0x000001d347d7c020 WorkerThread "GC Thread#18"                    [id=8044, stack(0x0000001b99500000,0x0000001b99600000) (1024K)]
  0x000001d348a66fd0 WorkerThread "GC Thread#19"                    [id=15644, stack(0x0000001b99a00000,0x0000001b99b00000) (1024K)]
  0x000001d3285fa9f0 ConcurrentGCThread "G1 Main Marker"            [id=6208, stack(0x0000001b97000000,0x0000001b97100000) (1024K)]
  0x000001d3285fb4f0 WorkerThread "G1 Conc#0"                       [id=21648, stack(0x0000001b97100000,0x0000001b97200000) (1024K)]
  0x000001d3469370e0 WorkerThread "G1 Conc#1"                       [id=7112, stack(0x0000001b98800000,0x0000001b98900000) (1024K)]
  0x000001d346937480 WorkerThread "G1 Conc#2"                       [id=12700, stack(0x0000001b98900000,0x0000001b98a00000) (1024K)]
  0x000001d346b07780 WorkerThread "G1 Conc#3"                       [id=10036, stack(0x0000001b98a00000,0x0000001b98b00000) (1024K)]
  0x000001d346b05e20 WorkerThread "G1 Conc#4"                       [id=17048, stack(0x0000001b98b00000,0x0000001b98c00000) (1024K)]
  0x000001d341175810 ConcurrentGCThread "G1 Refine#0"               [id=16084, stack(0x0000001b97200000,0x0000001b97300000) (1024K)]
  0x000001d341176120 ConcurrentGCThread "G1 Service"                [id=21992, stack(0x0000001b97300000,0x0000001b97400000) (1024K)]
Total: 30

Threads with active compile tasks:
C2 CompilerThread0  15770 7932   !   4       jdk.internal.loader.BuiltinClassLoader::findClassOnClassPathOrNull (134 bytes)
C1 CompilerThread2  15770 8044       3       org.jetbrains.kotlin.fir.backend.utils.SymbolConversionUtilsKt::toIrSymbol (891 bytes)
Total: 2

VM state: not at safepoint (normal execution)

VM Mutex/Monitor currently owned by a thread:  ([mutex/lock_event])
[0x00007fffdf1b7038] MethodCompileQueue_lock - owner thread: 0x000001d346932160
[0x00007fffdf1b84b8] CodeCache_lock - owner thread: 0x000001d346932160
[0x00007fffdf1b8638] Compile_lock - owner thread: 0x000001d346932160

Heap address: 0x0000000084e00000, size: 1970 MB, Compressed Oops mode: 32-bit

CDS archive(s) not mapped
Compressed class space mapped at: 0x0000000100000000-0x0000000140000000, reserved size: 1073741824
Narrow klass base: 0x0000000000000000, Narrow klass shift: 3, Narrow klass range: 0x140000000

GC Precious Log:
 CardTable entry size: 512
 Card Set container configuration: InlinePtr #cards 5 size 8 Array Of Cards #cards 12 size 40 Howl #buckets 4 coarsen threshold 1843 Howl Bitmap #cards 512 size 80 coarsen threshold 460 Card regions per heap region 1 cards per card region 2048
 CPUs: 28 total, 28 available
 Memory: 7878M
 Large Page Support: Disabled
 NUMA Support: Disabled
 Compressed Oops: Enabled (32-bit)
 Heap Region Size: 1M
 Heap Min Capacity: 8M
 Heap Initial Capacity: 124M
 Heap Max Capacity: 1970M
 Pre-touch: Disabled
 Parallel Workers: 20
 Concurrent Workers: 5
 Concurrent Refinement Workers: 20
 Periodic GC: Disabled

Heap:
 garbage-first heap   total 112640K, used 52719K [0x0000000084e00000, 0x0000000100000000)
  region size 1024K, 9 young (9216K), 4 survivors (4096K)
 Metaspace       used 64922K, committed 65280K, reserved 1114112K
  class space    used 7184K, committed 7360K, reserved 1048576K

Heap Regions: E=young(eden), S=young(survivor), O=old, HS=humongous(starts), HC=humongous(continues), CS=collection set, F=free, TAMS=top-at-mark-start, PB=parsable bottom
|   0|0x0000000084e00000, 0x0000000084f00000, 0x0000000084f00000|100%|HS|  |TAMS 0x0000000084e00000| PB 0x0000000084e00000| Complete 
|   1|0x0000000084f00000, 0x0000000085000000, 0x0000000085000000|100%|HC|  |TAMS 0x0000000084f00000| PB 0x0000000084f00000| Complete 
|   2|0x0000000085000000, 0x0000000085100000, 0x0000000085100000|100%|HC|  |TAMS 0x0000000085000000| PB 0x0000000085000000| Complete 
|   3|0x0000000085100000, 0x0000000085200000, 0x0000000085200000|100%| O|  |TAMS 0x0000000085100000| PB 0x0000000085100000| Untracked 
|   4|0x0000000085200000, 0x0000000085300000, 0x0000000085300000|100%| O|  |TAMS 0x0000000085200000| PB 0x0000000085200000| Untracked 
|   5|0x0000000085300000, 0x0000000085400000, 0x0000000085400000|100%| O|  |TAMS 0x0000000085300000| PB 0x0000000085300000| Untracked 
|   6|0x0000000085400000, 0x0000000085500000, 0x0000000085500000|100%| O|  |TAMS 0x0000000085400000| PB 0x0000000085400000| Untracked 
|   7|0x0000000085500000, 0x0000000085600000, 0x0000000085600000|100%| O|  |TAMS 0x0000000085500000| PB 0x0000000085500000| Untracked 
|   8|0x0000000085600000, 0x0000000085700000, 0x0000000085700000|100%| O|  |TAMS 0x0000000085600000| PB 0x0000000085600000| Untracked 
|   9|0x0000000085700000, 0x0000000085800000, 0x0000000085800000|100%| O|  |TAMS 0x0000000085700000| PB 0x0000000085700000| Untracked 
|  10|0x0000000085800000, 0x0000000085900000, 0x0000000085900000|100%| O|  |TAMS 0x0000000085800000| PB 0x0000000085800000| Untracked 
|  11|0x0000000085900000, 0x0000000085a00000, 0x0000000085a00000|100%| O|  |TAMS 0x0000000085900000| PB 0x0000000085900000| Untracked 
|  12|0x0000000085a00000, 0x0000000085b00000, 0x0000000085b00000|100%| O|  |TAMS 0x0000000085a00000| PB 0x0000000085a00000| Untracked 
|  13|0x0000000085b00000, 0x0000000085c00000, 0x0000000085c00000|100%| O|  |TAMS 0x0000000085b00000| PB 0x0000000085b00000| Untracked 
|  14|0x0000000085c00000, 0x0000000085d00000, 0x0000000085d00000|100%| O|  |TAMS 0x0000000085c00000| PB 0x0000000085c00000| Untracked 
|  15|0x0000000085d00000, 0x0000000085e00000, 0x0000000085e00000|100%| O|  |TAMS 0x0000000085d00000| PB 0x0000000085d00000| Untracked 
|  16|0x0000000085e00000, 0x0000000085f00000, 0x0000000085f00000|100%| O|  |TAMS 0x0000000085e00000| PB 0x0000000085e00000| Untracked 
|  17|0x0000000085f00000, 0x0000000086000000, 0x0000000086000000|100%| O|  |TAMS 0x0000000085f00000| PB 0x0000000085f00000| Untracked 
|  18|0x0000000086000000, 0x0000000086100000, 0x0000000086100000|100%|HS|  |TAMS 0x0000000086000000| PB 0x0000000086000000| Complete 
|  19|0x0000000086100000, 0x0000000086200000, 0x0000000086200000|100%| O|  |TAMS 0x0000000086100000| PB 0x0000000086100000| Untracked 
|  20|0x0000000086200000, 0x0000000086300000, 0x0000000086300000|100%| O|  |TAMS 0x0000000086200000| PB 0x0000000086200000| Untracked 
|  21|0x0000000086300000, 0x0000000086400000, 0x0000000086400000|100%| O|  |TAMS 0x0000000086300000| PB 0x0000000086300000| Untracked 
|  22|0x0000000086400000, 0x0000000086500000, 0x0000000086500000|100%| O|  |TAMS 0x0000000086400000| PB 0x0000000086400000| Untracked 
|  23|0x0000000086500000, 0x0000000086600000, 0x0000000086600000|100%| O|  |TAMS 0x0000000086500000| PB 0x0000000086500000| Untracked 
|  24|0x0000000086600000, 0x0000000086700000, 0x0000000086700000|100%| O|  |TAMS 0x0000000086600000| PB 0x0000000086600000| Untracked 
|  25|0x0000000086700000, 0x0000000086800000, 0x0000000086800000|100%| O|  |TAMS 0x0000000086700000| PB 0x0000000086700000| Untracked 
|  26|0x0000000086800000, 0x0000000086900000, 0x0000000086900000|100%| O|  |TAMS 0x0000000086800000| PB 0x0000000086800000| Untracked 
|  27|0x0000000086900000, 0x0000000086a00000, 0x0000000086a00000|100%| O|  |TAMS 0x0000000086900000| PB 0x0000000086900000| Untracked 
|  28|0x0000000086a00000, 0x0000000086b00000, 0x0000000086b00000|100%| O|  |TAMS 0x0000000086a00000| PB 0x0000000086a00000| Untracked 
|  29|0x0000000086b00000, 0x0000000086c00000, 0x0000000086c00000|100%| O|  |TAMS 0x0000000086b00000| PB 0x0000000086b00000| Untracked 
|  30|0x0000000086c00000, 0x0000000086d00000, 0x0000000086d00000|100%| O|  |TAMS 0x0000000086c00000| PB 0x0000000086c00000| Untracked 
|  31|0x0000000086d00000, 0x0000000086e00000, 0x0000000086e00000|100%| O|  |TAMS 0x0000000086d00000| PB 0x0000000086d00000| Untracked 
|  32|0x0000000086e00000, 0x0000000086f00000, 0x0000000086f00000|100%| O|  |TAMS 0x0000000086e00000| PB 0x0000000086e00000| Untracked 
|  33|0x0000000086f00000, 0x0000000087000000, 0x0000000087000000|100%| O|  |TAMS 0x0000000086f00000| PB 0x0000000086f00000| Untracked 
|  34|0x0000000087000000, 0x0000000087100000, 0x0000000087100000|100%| O|  |TAMS 0x0000000087000000| PB 0x0000000087000000| Untracked 
|  35|0x0000000087100000, 0x0000000087200000, 0x0000000087200000|100%| O|  |TAMS 0x0000000087100000| PB 0x0000000087100000| Untracked 
|  36|0x0000000087200000, 0x0000000087300000, 0x0000000087300000|100%| O|  |TAMS 0x0000000087200000| PB 0x0000000087200000| Untracked 
|  37|0x0000000087300000, 0x0000000087400000, 0x0000000087400000|100%| O|  |TAMS 0x0000000087300000| PB 0x0000000087300000| Untracked 
|  38|0x0000000087400000, 0x0000000087500000, 0x0000000087500000|100%| O|  |TAMS 0x0000000087400000| PB 0x0000000087400000| Untracked 
|  39|0x0000000087500000, 0x0000000087600000, 0x0000000087600000|100%| O|  |TAMS 0x0000000087500000| PB 0x0000000087500000| Untracked 
|  40|0x0000000087600000, 0x0000000087680000, 0x0000000087700000| 50%| O|  |TAMS 0x0000000087600000| PB 0x0000000087600000| Untracked 
|  41|0x0000000087700000, 0x0000000087700000, 0x0000000087800000|  0%| F|  |TAMS 0x0000000087700000| PB 0x0000000087700000| Untracked 
|  42|0x0000000087800000, 0x0000000087800000, 0x0000000087900000|  0%| F|  |TAMS 0x0000000087800000| PB 0x0000000087800000| Untracked 
|  43|0x0000000087900000, 0x0000000087900000, 0x0000000087a00000|  0%| F|  |TAMS 0x0000000087900000| PB 0x0000000087900000| Untracked 
|  44|0x0000000087a00000, 0x0000000087a00000, 0x0000000087b00000|  0%| F|  |TAMS 0x0000000087a00000| PB 0x0000000087a00000| Untracked 
|  45|0x0000000087b00000, 0x0000000087b00000, 0x0000000087c00000|  0%| F|  |TAMS 0x0000000087b00000| PB 0x0000000087b00000| Untracked 
|  46|0x0000000087c00000, 0x0000000087c00000, 0x0000000087d00000|  0%| F|  |TAMS 0x0000000087c00000| PB 0x0000000087c00000| Untracked 
|  47|0x0000000087d00000, 0x0000000087d00000, 0x0000000087e00000|  0%| F|  |TAMS 0x0000000087d00000| PB 0x0000000087d00000| Untracked 
|  48|0x0000000087e00000, 0x0000000087e00000, 0x0000000087f00000|  0%| F|  |TAMS 0x0000000087e00000| PB 0x0000000087e00000| Untracked 
|  49|0x0000000087f00000, 0x0000000087f00000, 0x0000000088000000|  0%| F|  |TAMS 0x0000000087f00000| PB 0x0000000087f00000| Untracked 
|  50|0x0000000088000000, 0x0000000088000000, 0x0000000088100000|  0%| F|  |TAMS 0x0000000088000000| PB 0x0000000088000000| Untracked 
|  51|0x0000000088100000, 0x0000000088100000, 0x0000000088200000|  0%| F|  |TAMS 0x0000000088100000| PB 0x0000000088100000| Untracked 
|  52|0x0000000088200000, 0x0000000088200000, 0x0000000088300000|  0%| F|  |TAMS 0x0000000088200000| PB 0x0000000088200000| Untracked 
|  53|0x0000000088300000, 0x0000000088300000, 0x0000000088400000|  0%| F|  |TAMS 0x0000000088300000| PB 0x0000000088300000| Untracked 
|  54|0x0000000088400000, 0x0000000088400000, 0x0000000088500000|  0%| F|  |TAMS 0x0000000088400000| PB 0x0000000088400000| Untracked 
|  55|0x0000000088500000, 0x0000000088500000, 0x0000000088600000|  0%| F|  |TAMS 0x0000000088500000| PB 0x0000000088500000| Untracked 
|  56|0x0000000088600000, 0x0000000088600000, 0x0000000088700000|  0%| F|  |TAMS 0x0000000088600000| PB 0x0000000088600000| Untracked 
|  57|0x0000000088700000, 0x0000000088700000, 0x0000000088800000|  0%| F|  |TAMS 0x0000000088700000| PB 0x0000000088700000| Untracked 
|  58|0x0000000088800000, 0x0000000088800000, 0x0000000088900000|  0%| F|  |TAMS 0x0000000088800000| PB 0x0000000088800000| Untracked 
|  59|0x0000000088900000, 0x0000000088900000, 0x0000000088a00000|  0%| F|  |TAMS 0x0000000088900000| PB 0x0000000088900000| Untracked 
|  60|0x0000000088a00000, 0x0000000088a00000, 0x0000000088b00000|  0%| F|  |TAMS 0x0000000088a00000| PB 0x0000000088a00000| Untracked 
|  61|0x0000000088b00000, 0x0000000088b00000, 0x0000000088c00000|  0%| F|  |TAMS 0x0000000088b00000| PB 0x0000000088b00000| Untracked 
|  62|0x0000000088c00000, 0x0000000088c00000, 0x0000000088d00000|  0%| F|  |TAMS 0x0000000088c00000| PB 0x0000000088c00000| Untracked 
|  63|0x0000000088d00000, 0x0000000088d00000, 0x0000000088e00000|  0%| F|  |TAMS 0x0000000088d00000| PB 0x0000000088d00000| Untracked 
|  64|0x0000000088e00000, 0x0000000088efbd60, 0x0000000088f00000| 98%| S|CS|TAMS 0x0000000088e00000| PB 0x0000000088e00000| Complete 
|  65|0x0000000088f00000, 0x0000000089000000, 0x0000000089000000|100%| S|CS|TAMS 0x0000000088f00000| PB 0x0000000088f00000| Complete 
|  66|0x0000000089000000, 0x0000000089100000, 0x0000000089100000|100%| S|CS|TAMS 0x0000000089000000| PB 0x0000000089000000| Complete 
|  67|0x0000000089100000, 0x0000000089200000, 0x0000000089200000|100%| S|CS|TAMS 0x0000000089100000| PB 0x0000000089100000| Complete 
|  68|0x0000000089200000, 0x0000000089200000, 0x0000000089300000|  0%| F|  |TAMS 0x0000000089200000| PB 0x0000000089200000| Untracked 
|  69|0x0000000089300000, 0x0000000089300000, 0x0000000089400000|  0%| F|  |TAMS 0x0000000089300000| PB 0x0000000089300000| Untracked 
|  70|0x0000000089400000, 0x0000000089400000, 0x0000000089500000|  0%| F|  |TAMS 0x0000000089400000| PB 0x0000000089400000| Untracked 
|  71|0x0000000089500000, 0x0000000089500000, 0x0000000089600000|  0%| F|  |TAMS 0x0000000089500000| PB 0x0000000089500000| Untracked 
|  72|0x0000000089600000, 0x0000000089600000, 0x0000000089700000|  0%| F|  |TAMS 0x0000000089600000| PB 0x0000000089600000| Untracked 
|  73|0x0000000089700000, 0x0000000089700000, 0x0000000089800000|  0%| F|  |TAMS 0x0000000089700000| PB 0x0000000089700000| Untracked 
|  74|0x0000000089800000, 0x0000000089800000, 0x0000000089900000|  0%| F|  |TAMS 0x0000000089800000| PB 0x0000000089800000| Untracked 
|  75|0x0000000089900000, 0x0000000089900000, 0x0000000089a00000|  0%| F|  |TAMS 0x0000000089900000| PB 0x0000000089900000| Untracked 
|  76|0x0000000089a00000, 0x0000000089a00000, 0x0000000089b00000|  0%| F|  |TAMS 0x0000000089a00000| PB 0x0000000089a00000| Untracked 
|  77|0x0000000089b00000, 0x0000000089b00000, 0x0000000089c00000|  0%| F|  |TAMS 0x0000000089b00000| PB 0x0000000089b00000| Untracked 
|  78|0x0000000089c00000, 0x0000000089c00000, 0x0000000089d00000|  0%| F|  |TAMS 0x0000000089c00000| PB 0x0000000089c00000| Untracked 
|  79|0x0000000089d00000, 0x0000000089d00000, 0x0000000089e00000|  0%| F|  |TAMS 0x0000000089d00000| PB 0x0000000089d00000| Untracked 
|  80|0x0000000089e00000, 0x0000000089e00000, 0x0000000089f00000|  0%| F|  |TAMS 0x0000000089e00000| PB 0x0000000089e00000| Untracked 
|  81|0x0000000089f00000, 0x0000000089f00000, 0x000000008a000000|  0%| F|  |TAMS 0x0000000089f00000| PB 0x0000000089f00000| Untracked 
|  82|0x000000008a000000, 0x000000008a000000, 0x000000008a100000|  0%| F|  |TAMS 0x000000008a000000| PB 0x000000008a000000| Untracked 
|  83|0x000000008a100000, 0x000000008a100000, 0x000000008a200000|  0%| F|  |TAMS 0x000000008a100000| PB 0x000000008a100000| Untracked 
|  84|0x000000008a200000, 0x000000008a200000, 0x000000008a300000|  0%| F|  |TAMS 0x000000008a200000| PB 0x000000008a200000| Untracked 
|  85|0x000000008a300000, 0x000000008a300000, 0x000000008a400000|  0%| F|  |TAMS 0x000000008a300000| PB 0x000000008a300000| Untracked 
|  86|0x000000008a400000, 0x000000008a400000, 0x000000008a500000|  0%| F|  |TAMS 0x000000008a400000| PB 0x000000008a400000| Untracked 
|  87|0x000000008a500000, 0x000000008a500000, 0x000000008a600000|  0%| F|  |TAMS 0x000000008a500000| PB 0x000000008a500000| Untracked 
|  88|0x000000008a600000, 0x000000008a600000, 0x000000008a700000|  0%| F|  |TAMS 0x000000008a600000| PB 0x000000008a600000| Untracked 
|  89|0x000000008a700000, 0x000000008a700000, 0x000000008a800000|  0%| F|  |TAMS 0x000000008a700000| PB 0x000000008a700000| Untracked 
|  90|0x000000008a800000, 0x000000008a800000, 0x000000008a900000|  0%| F|  |TAMS 0x000000008a800000| PB 0x000000008a800000| Untracked 
|  91|0x000000008a900000, 0x000000008a900000, 0x000000008aa00000|  0%| F|  |TAMS 0x000000008a900000| PB 0x000000008a900000| Untracked 
|  92|0x000000008aa00000, 0x000000008aa00000, 0x000000008ab00000|  0%| F|  |TAMS 0x000000008aa00000| PB 0x000000008aa00000| Untracked 
|  93|0x000000008ab00000, 0x000000008ab00000, 0x000000008ac00000|  0%| F|  |TAMS 0x000000008ab00000| PB 0x000000008ab00000| Untracked 
|  94|0x000000008ac00000, 0x000000008ac00000, 0x000000008ad00000|  0%| F|  |TAMS 0x000000008ac00000| PB 0x000000008ac00000| Untracked 
|  95|0x000000008ad00000, 0x000000008ad00000, 0x000000008ae00000|  0%| F|  |TAMS 0x000000008ad00000| PB 0x000000008ad00000| Untracked 
|  96|0x000000008ae00000, 0x000000008ae00000, 0x000000008af00000|  0%| F|  |TAMS 0x000000008ae00000| PB 0x000000008ae00000| Untracked 
|  97|0x000000008af00000, 0x000000008af00000, 0x000000008b000000|  0%| F|  |TAMS 0x000000008af00000| PB 0x000000008af00000| Untracked 
|  98|0x000000008b000000, 0x000000008b000000, 0x000000008b100000|  0%| F|  |TAMS 0x000000008b000000| PB 0x000000008b000000| Untracked 
|  99|0x000000008b100000, 0x000000008b100000, 0x000000008b200000|  0%| F|  |TAMS 0x000000008b100000| PB 0x000000008b100000| Untracked 
| 100|0x000000008b200000, 0x000000008b200000, 0x000000008b300000|  0%| F|  |TAMS 0x000000008b200000| PB 0x000000008b200000| Untracked 
| 101|0x000000008b300000, 0x000000008b300000, 0x000000008b400000|  0%| F|  |TAMS 0x000000008b300000| PB 0x000000008b300000| Untracked 
| 102|0x000000008b400000, 0x000000008b500000, 0x000000008b500000|100%| E|  |TAMS 0x000000008b400000| PB 0x000000008b400000| Complete 
| 103|0x000000008b500000, 0x000000008b600000, 0x000000008b600000|100%| E|CS|TAMS 0x000000008b500000| PB 0x000000008b500000| Complete 
| 104|0x000000008b600000, 0x000000008b700000, 0x000000008b700000|100%| E|CS|TAMS 0x000000008b600000| PB 0x000000008b600000| Complete 
| 105|0x000000008b700000, 0x000000008b800000, 0x000000008b800000|100%| E|CS|TAMS 0x000000008b700000| PB 0x000000008b700000| Complete 
| 123|0x000000008c900000, 0x000000008ca00000, 0x000000008ca00000|100%| E|CS|TAMS 0x000000008c900000| PB 0x000000008c900000| Complete 
|1967|0x00000000ffd00000, 0x00000000ffe00000, 0x00000000ffe00000|100%| O|  |TAMS 0x00000000ffd00000| PB 0x00000000ffd00000| Untracked 
|1968|0x00000000ffe00000, 0x00000000fff00000, 0x00000000fff00000|100%| O|  |TAMS 0x00000000ffe00000| PB 0x00000000ffe00000| Untracked 
|1969|0x00000000fff00000, 0x0000000100000000, 0x0000000100000000|100%| O|  |TAMS 0x00000000fff00000| PB 0x00000000fff00000| Untracked 

Card table byte_map: [0x000001d33bab0000,0x000001d33be90000] _byte_map_base: 0x000001d33b689000

Marking Bits: (CMBitMap*) 0x000001d3285e9be0
 Bits: [0x000001d33be90000, 0x000001d33dd58000)

Polling page: 0x000001d326390000

Metaspace:

Usage:
  Non-class:     56.39 MB used.
      Class:      7.02 MB used.
       Both:     63.40 MB used.

Virtual space:
  Non-class space:       64.00 MB reserved,      56.56 MB ( 88%) committed,  1 nodes.
      Class space:        1.00 GB reserved,       7.19 MB ( <1%) committed,  1 nodes.
             Both:        1.06 GB reserved,      63.75 MB (  6%) committed. 

Chunk freelists:
   Non-Class:  6.84 MB
       Class:  8.86 MB
        Both:  15.70 MB

MaxMetaspaceSize: unlimited
CompressedClassSpaceSize: 1.00 GB
Initial GC threshold: 21.00 MB
Current GC threshold: 77.75 MB
CDS: off
 - commit_granule_bytes: 65536.
 - commit_granule_words: 8192.
 - virtual_space_node_default_size: 8388608.
 - enlarge_chunks_in_place: 1.
 - use_allocation_guard: 0.


Internal statistics:

num_allocs_failed_limit: 6.
num_arena_births: 294.
num_arena_deaths: 0.
num_vsnodes_births: 2.
num_vsnodes_deaths: 0.
num_space_committed: 1019.
num_space_uncommitted: 0.
num_chunks_returned_to_freelist: 6.
num_chunks_taken_from_freelist: 2222.
num_chunk_merges: 6.
num_chunk_splits: 1879.
num_chunks_enlarged: 1724.
num_inconsistent_stats: 0.

CodeHeap 'non-profiled nmethods': size=119168Kb used=3344Kb max_used=3344Kb free=115823Kb
 bounds [0x000001d333280000, 0x000001d3335d0000, 0x000001d33a6e0000]
CodeHeap 'profiled nmethods': size=119104Kb used=25433Kb max_used=25433Kb free=93670Kb
 bounds [0x000001d32b6e0000, 0x000001d32cfc0000, 0x000001d332b30000]
CodeHeap 'non-nmethods': size=7488Kb used=3468Kb max_used=3487Kb free=4019Kb
 bounds [0x000001d332b30000, 0x000001d332ea0000, 0x000001d333280000]
CodeCache: size=245760Kb, used=32245Kb, max_used=32264Kb, free=213512Kb
 total_blobs=8425, nmethods=7627, adapters=698, full_count=0
Compilation: enabled, stopped_count=0, restarted_count=0

Compilation events (20 events):
Event: 14.735 Thread 0x000001d341845830 nmethod 8041 0x000001d32cf57310 code [0x000001d32cf57520, 0x000001d32cf57d58]
Event: 14.735 Thread 0x000001d341845830 8043       3       org.jetbrains.kotlin.fir.resolve.CallableIdUtilsKt::isKFunctionInvoke (83 bytes)
Event: 14.736 Thread 0x000001d341845830 nmethod 8043 0x000001d32cf57f90 code [0x000001d32cf58260, 0x000001d32cf58e30]
Event: 14.736 Thread 0x000001d341845830 8042       3       org.jetbrains.kotlin.ir.symbols.FqNameEqualityChecker::areEqual (50 bytes)
Event: 14.736 Thread 0x000001d346932160 nmethod 8038 0x000001d32cf59310 code [0x000001d32cf59820, 0x000001d32cf5bd08]
Event: 14.736 Thread 0x000001d346932160 8044       3       org.jetbrains.kotlin.fir.backend.utils.SymbolConversionUtilsKt::toIrSymbol (891 bytes)
Event: 14.737 Thread 0x000001d341845830 nmethod 8042 0x000001d32cf5c890 code [0x000001d32cf5cb80, 0x000001d32cf5d980]
Event: 14.737 Thread 0x000001d341845830 8048       3       org.jetbrains.kotlin.fir.java.enhancement.FirSignatureEnhancement::toConeKotlinType (15 bytes)
Event: 14.737 Thread 0x000001d341845830 nmethod 8048 0x000001d32cf5de90 code [0x000001d32cf5e040, 0x000001d32cf5e1d8]
Event: 14.737 Thread 0x000001d341845830 8049       3       org.jetbrains.kotlin.load.java.typeEnhancement.AbstractSignatureParts::toIndexed (39 bytes)
Event: 14.738 Thread 0x000001d347e61450 nmethod 8009 0x000001d32cf5e290 code [0x000001d32cf60c20, 0x000001d32cf7b560]
Event: 14.738 Thread 0x000001d347e61450 8050       3       org.jetbrains.kotlin.load.java.typeEnhancement.AbstractSignatureParts$$Lambda/0x000000010054c840::<init> (15 bytes)
Event: 14.738 Thread 0x000001d347e61450 nmethod 8050 0x000001d32cf85390 code [0x000001d32cf85540, 0x000001d32cf85760]
Event: 14.738 Thread 0x000001d347e61450 8045   !   3       org.jetbrains.kotlin.fir.backend.generators.CallAndReferenceGenerator::convertToIrCall (412 bytes)
Event: 14.739 Thread 0x000001d341845830 nmethod 8049 0x000001d32cf85810 code [0x000001d32cf85bc0, 0x000001d32cf874a8]
Event: 14.739 Thread 0x000001d341845830 8046       3       org.jetbrains.kotlin.fir.backend.generators.CallAndReferenceGenerator::tryConvertToSamConstructorCall (154 bytes)
Event: 14.740 Thread 0x000001d349251f70 8054       4       org.jetbrains.kotlin.fir.ClassMembersKt::dispatchReceiverClassLookupTagOrNull (23 bytes)
Event: 14.741 Thread 0x000001d341845830 nmethod 8046 0x000001d32cf87e10 code [0x000001d32cf882c0, 0x000001d32cf8a770]
Event: 14.741 Thread 0x000001d341845830 8047       3       org.jetbrains.kotlin.fir.backend.generators.CallAndReferenceGenerator::applyTypeArguments$fir2ir (49 bytes)
Event: 15.752 Thread 0x000001d347e61450 nmethod 8045 0x000001d32cf8b110 code [0x000001d32cf8b7c0, 0x000001d32cf8eb20]

GC Heap History (20 events):
Event: 5.239 GC heap before
{Heap before GC invocations=9 (full 0):
 garbage-first heap   total 38912K, used 30872K [0x0000000084e00000, 0x0000000100000000)
  region size 1024K, 15 young (15360K), 1 survivors (1024K)
 Metaspace       used 39510K, committed 39744K, reserved 1114112K
  class space    used 4677K, committed 4800K, reserved 1048576K
}
Event: 5.244 GC heap after
{Heap after GC invocations=10 (full 0):
 garbage-first heap   total 38912K, used 18827K [0x0000000084e00000, 0x0000000100000000)
  region size 1024K, 2 young (2048K), 2 survivors (2048K)
 Metaspace       used 39510K, committed 39744K, reserved 1114112K
  class space    used 4677K, committed 4800K, reserved 1048576K
}
Event: 5.640 GC heap before
{Heap before GC invocations=10 (full 0):
 garbage-first heap   total 38912K, used 31115K [0x0000000084e00000, 0x0000000100000000)
  region size 1024K, 15 young (15360K), 2 survivors (2048K)
 Metaspace       used 42801K, committed 43072K, reserved 1114112K
  class space    used 5047K, committed 5184K, reserved 1048576K
}
Event: 5.649 GC heap after
{Heap after GC invocations=11 (full 0):
 garbage-first heap   total 38912K, used 19305K [0x0000000084e00000, 0x0000000100000000)
  region size 1024K, 1 young (1024K), 1 survivors (1024K)
 Metaspace       used 42801K, committed 43072K, reserved 1114112K
  class space    used 5047K, committed 5184K, reserved 1048576K
}
Event: 6.066 GC heap before
{Heap before GC invocations=11 (full 0):
 garbage-first heap   total 38912K, used 33641K [0x0000000084e00000, 0x0000000100000000)
  region size 1024K, 15 young (15360K), 1 survivors (1024K)
 Metaspace       used 45949K, committed 46208K, reserved 1114112K
  class space    used 5383K, committed 5504K, reserved 1048576K
}
Event: 6.071 GC heap after
{Heap after GC invocations=12 (full 0):
 garbage-first heap   total 38912K, used 20846K [0x0000000084e00000, 0x0000000100000000)
  region size 1024K, 2 young (2048K), 2 survivors (2048K)
 Metaspace       used 45949K, committed 46208K, reserved 1114112K
  class space    used 5383K, committed 5504K, reserved 1048576K
}
Event: 6.122 GC heap before
{Heap before GC invocations=13 (full 0):
 garbage-first heap   total 38912K, used 33134K [0x0000000084e00000, 0x0000000100000000)
  region size 1024K, 14 young (14336K), 2 survivors (2048K)
 Metaspace       used 46003K, committed 46272K, reserved 1114112K
  class space    used 5383K, committed 5504K, reserved 1048576K
}
Event: 6.134 GC heap after
{Heap after GC invocations=14 (full 0):
 garbage-first heap   total 49152K, used 26363K [0x0000000084e00000, 0x0000000100000000)
  region size 1024K, 2 young (2048K), 2 survivors (2048K)
 Metaspace       used 46003K, committed 46272K, reserved 1114112K
  class space    used 5383K, committed 5504K, reserved 1048576K
}
Event: 6.434 GC heap before
{Heap before GC invocations=14 (full 0):
 garbage-first heap   total 49152K, used 38651K [0x0000000084e00000, 0x0000000100000000)
  region size 1024K, 15 young (15360K), 2 survivors (2048K)
 Metaspace       used 46632K, committed 46912K, reserved 1114112K
  class space    used 5433K, committed 5568K, reserved 1048576K
}
Event: 6.451 GC heap after
{Heap after GC invocations=15 (full 0):
 garbage-first heap   total 49152K, used 30335K [0x0000000084e00000, 0x0000000100000000)
  region size 1024K, 2 young (2048K), 2 survivors (2048K)
 Metaspace       used 46632K, committed 46912K, reserved 1114112K
  class space    used 5433K, committed 5568K, reserved 1048576K
}
Event: 6.612 GC heap before
{Heap before GC invocations=15 (full 0):
 garbage-first heap   total 49152K, used 40575K [0x0000000084e00000, 0x0000000100000000)
  region size 1024K, 12 young (12288K), 2 survivors (2048K)
 Metaspace       used 47408K, committed 47680K, reserved 1114112K
  class space    used 5516K, committed 5632K, reserved 1048576K
}
Event: 6.619 GC heap after
{Heap after GC invocations=16 (full 0):
 garbage-first heap   total 49152K, used 33556K [0x0000000084e00000, 0x0000000100000000)
  region size 1024K, 2 young (2048K), 2 survivors (2048K)
 Metaspace       used 47408K, committed 47680K, reserved 1114112K
  class space    used 5516K, committed 5632K, reserved 1048576K
}
Event: 7.068 GC heap before
{Heap before GC invocations=17 (full 0):
 garbage-first heap   total 56320K, used 40724K [0x0000000084e00000, 0x0000000100000000)
  region size 1024K, 10 young (10240K), 2 survivors (2048K)
 Metaspace       used 49550K, committed 49792K, reserved 1114112K
  class space    used 5748K, committed 5824K, reserved 1048576K
}
Event: 7.074 GC heap after
{Heap after GC invocations=18 (full 0):
 garbage-first heap   total 56320K, used 34335K [0x0000000084e00000, 0x0000000100000000)
  region size 1024K, 1 young (1024K), 1 survivors (1024K)
 Metaspace       used 49550K, committed 49792K, reserved 1114112K
  class space    used 5748K, committed 5824K, reserved 1048576K
}
Event: 7.755 GC heap before
{Heap before GC invocations=18 (full 0):
 garbage-first heap   total 56320K, used 46623K [0x0000000084e00000, 0x0000000100000000)
  region size 1024K, 14 young (14336K), 1 survivors (1024K)
 Metaspace       used 51817K, committed 52032K, reserved 1114112K
  class space    used 6051K, committed 6144K, reserved 1048576K
}
Event: 7.768 GC heap after
{Heap after GC invocations=19 (full 0):
 garbage-first heap   total 112640K, used 36056K [0x0000000084e00000, 0x0000000100000000)
  region size 1024K, 2 young (2048K), 2 survivors (2048K)
 Metaspace       used 51817K, committed 52032K, reserved 1114112K
  class space    used 6051K, committed 6144K, reserved 1048576K
}
Event: 10.318 GC heap before
{Heap before GC invocations=19 (full 0):
 garbage-first heap   total 112640K, used 82136K [0x0000000084e00000, 0x0000000100000000)
  region size 1024K, 48 young (49152K), 2 survivors (2048K)
 Metaspace       used 55130K, committed 55424K, reserved 1114112K
  class space    used 6275K, committed 6400K, reserved 1048576K
}
Event: 10.345 GC heap after
{Heap after GC invocations=20 (full 0):
 garbage-first heap   total 112640K, used 43845K [0x0000000084e00000, 0x0000000100000000)
  region size 1024K, 6 young (6144K), 6 survivors (6144K)
 Metaspace       used 55130K, committed 55424K, reserved 1114112K
  class space    used 6275K, committed 6400K, reserved 1048576K
}
Event: 14.552 GC heap before
{Heap before GC invocations=20 (full 0):
 garbage-first heap   total 112640K, used 82757K [0x0000000084e00000, 0x0000000100000000)
  region size 1024K, 45 young (46080K), 6 survivors (6144K)
 Metaspace       used 63589K, committed 63936K, reserved 1114112K
  class space    used 7027K, committed 7168K, reserved 1048576K
}
Event: 14.582 GC heap after
{Heap after GC invocations=21 (full 0):
 garbage-first heap   total 112640K, used 48623K [0x0000000084e00000, 0x0000000100000000)
  region size 1024K, 4 young (4096K), 4 survivors (4096K)
 Metaspace       used 63589K, committed 63936K, reserved 1114112K
  class space    used 7027K, committed 7168K, reserved 1048576K
}

Dll operation events (3 events):
Event: 0.027 Loaded shared library C:\Program Files\Android\Android Studio\jbr\bin\java.dll
Event: 0.037 Loaded shared library C:\Program Files\Android\Android Studio\jbr\bin\zip.dll
Event: 2.916 Loaded shared library C:\Program Files\Android\Android Studio\jbr\bin\verify.dll

Deoptimization events (20 events):
Event: 14.258 Thread 0x000001d3260c9f70 DEOPT PACKING pc=0x000001d333395554 sp=0x0000001b96efe0b0
Event: 14.258 Thread 0x000001d3260c9f70 DEOPT UNPACKING pc=0x000001d332b846a2 sp=0x0000001b96efe018 mode 2
Event: 14.258 Thread 0x000001d3260c9f70 Uncommon trap: trap_request=0xffffffde fr.pc=0x000001d333395554 relative=0x0000000000000214
Event: 14.258 Thread 0x000001d3260c9f70 Uncommon trap: reason=class_check action=maybe_recompile pc=0x000001d333395554 method=org.jetbrains.kotlin.protobuf.CodedOutputStream.refreshBuffer()V @ 28 c2
Event: 14.258 Thread 0x000001d3260c9f70 DEOPT PACKING pc=0x000001d333395554 sp=0x0000001b96efe0b0
Event: 14.258 Thread 0x000001d3260c9f70 DEOPT UNPACKING pc=0x000001d332b846a2 sp=0x0000001b96efe018 mode 2
Event: 14.258 Thread 0x000001d3260c9f70 Uncommon trap: trap_request=0xffffffde fr.pc=0x000001d3333373d4 relative=0x0000000000000214
Event: 14.258 Thread 0x000001d3260c9f70 Uncommon trap: reason=class_check action=maybe_recompile pc=0x000001d3333373d4 method=org.jetbrains.kotlin.protobuf.CodedOutputStream.refreshBuffer()V @ 28 c2
Event: 14.258 Thread 0x000001d3260c9f70 DEOPT PACKING pc=0x000001d3333373d4 sp=0x0000001b96efe050
Event: 14.258 Thread 0x000001d3260c9f70 DEOPT UNPACKING pc=0x000001d332b846a2 sp=0x0000001b96efe018 mode 2
Event: 14.457 Thread 0x000001d3260c9f70 Uncommon trap: trap_request=0xffffff45 fr.pc=0x000001d33351fc10 relative=0x0000000000000070
Event: 14.457 Thread 0x000001d3260c9f70 Uncommon trap: reason=unstable_if action=reinterpret pc=0x000001d33351fc10 method=java.lang.Character.valueOf(C)Ljava/lang/Character; @ 3 c2
Event: 14.457 Thread 0x000001d3260c9f70 DEOPT PACKING pc=0x000001d33351fc10 sp=0x0000001b96efc8f0
Event: 14.457 Thread 0x000001d3260c9f70 DEOPT UNPACKING pc=0x000001d332b846a2 sp=0x0000001b96efc888 mode 2
Event: 14.603 Thread 0x000001d3260c9f70 Uncommon trap: trap_request=0xffffff45 fr.pc=0x000001d33336d038 relative=0x0000000000000578
Event: 14.603 Thread 0x000001d3260c9f70 Uncommon trap: reason=unstable_if action=reinterpret pc=0x000001d33336d038 method=java.util.ArrayList.grow(I)[Ljava/lang/Object; @ 17 c2
Event: 14.603 Thread 0x000001d3260c9f70 DEOPT PACKING pc=0x000001d33336d038 sp=0x0000001b96efcc60
Event: 14.603 Thread 0x000001d3260c9f70 DEOPT UNPACKING pc=0x000001d332b846a2 sp=0x0000001b96efcc28 mode 2
Event: 14.682 Thread 0x000001d3260c9f70 DEOPT PACKING pc=0x000001d32ce71b54 sp=0x0000001b96efa350
Event: 14.682 Thread 0x000001d3260c9f70 DEOPT UNPACKING pc=0x000001d332b84e42 sp=0x0000001b96ef9ae8 mode 0

Classes loaded (20 events):
Event: 14.027 Loading class java/util/ServiceLoader$ProviderImpl
Event: 14.027 Loading class java/util/ServiceLoader$Provider
Event: 14.027 Loading class java/util/ServiceLoader$Provider done
Event: 14.027 Loading class java/util/ServiceLoader$ProviderImpl done
Event: 14.540 Loading class java/util/regex/Pattern$StartS
Event: 14.540 Loading class java/util/regex/Pattern$StartS done
Event: 14.661 Loading class java/util/Formatter
Event: 14.661 Loading class java/util/Formatter done
Event: 14.661 Loading class java/util/Formatter$FixedString
Event: 14.661 Loading class java/util/Formatter$FormatString
Event: 14.661 Loading class java/util/Formatter$FormatString done
Event: 14.661 Loading class java/util/Formatter$FixedString done
Event: 14.661 Loading class java/util/Formatter$Conversion
Event: 14.661 Loading class java/util/Formatter$Conversion done
Event: 14.661 Loading class java/util/Formatter$FormatSpecifier
Event: 14.662 Loading class java/util/Formatter$FormatSpecifier done
Event: 14.662 Loading class java/util/Formattable
Event: 14.662 Loading class java/util/Formattable done
Event: 14.662 Loading class java/util/Formatter$Flags
Event: 14.662 Loading class java/util/Formatter$Flags done

Classes unloaded (0 events):
No events

Classes redefined (0 events):
No events

Internal exceptions (20 events):
Event: 7.234 Thread 0x000001d3260c9f70 Exception <a 'java/lang/NoSuchMethodError'{0x0000000087e1d520}: 'java.lang.Object java.lang.invoke.Invokers$Holder.linkToTargetMethod(java.lang.Object, java.lang.Object, int, java.lang.Object)'> (0x0000000087e1d520) 
thrown [s\src\hotspot\share\interpreter\linkResolver.cpp, line 784]
Event: 7.237 Thread 0x000001d3260c9f70 Exception <a 'java/lang/NoSuchMethodError'{0x0000000087e2cb58}: 'java.lang.Object java.lang.invoke.DirectMethodHandle$Holder.newInvokeSpecial(java.lang.Object, int, java.lang.Object)'> (0x0000000087e2cb58) 
thrown [s\src\hotspot\share\interpreter\linkResolver.cpp, line 784]
Event: 7.241 Thread 0x000001d3260c9f70 Exception <a 'java/lang/NoSuchMethodError'{0x0000000087e477a8}: 'java.lang.Object java.lang.invoke.DirectMethodHandle$Holder.newInvokeSpecial(java.lang.Object, java.lang.Object, java.lang.Object, java.lang.Object, int, java.lang.Object, java.lang.Object)'> (0x0000000087e477a8) 
thrown [s\src\hotspot\share\interpreter\linkResolver.cpp, line 784]
Event: 7.242 Thread 0x000001d3260c9f70 Exception <a 'java/lang/NoSuchMethodError'{0x0000000087e4fbe8}: 'java.lang.Object java.lang.invoke.Invokers$Holder.linkToTargetMethod(java.lang.Object, java.lang.Object, java.lang.Object, int, java.lang.Object, java.lang.Object, java.lang.Object)'> (0x0000000087e4fbe8) 
thrown [s\src\hotspot\share\interpreter\linkResolver.cpp, line 784]
Event: 7.350 Thread 0x000001d3260c9f70 Exception <a 'java/lang/NoSuchMethodError'{0x0000000087b48380}: 'java.lang.Object java.lang.invoke.DirectMethodHandle$Holder.newInvokeSpecial(java.lang.Object, java.lang.Object, java.lang.Object, java.lang.Object, java.lang.Object, int)'> (0x0000000087b48380) 
thrown [s\src\hotspot\share\interpreter\linkResolver.cpp, line 784]
Event: 7.350 Thread 0x000001d3260c9f70 Exception <a 'java/lang/NoSuchMethodError'{0x0000000087b4ce18}: 'java.lang.Object java.lang.invoke.DirectMethodHandle$Holder.invokeSpecial(java.lang.Object, java.lang.Object, java.lang.Object, java.lang.Object, java.lang.Object, java.lang.Object, int)'> (0x0000000087b4ce18) 
thrown [s\src\hotspot\share\interpreter\linkResolver.cpp, line 784]
Event: 7.350 Thread 0x000001d3260c9f70 Exception <a 'java/lang/NoSuchMethodError'{0x0000000087b511b0}: 'java.lang.Object java.lang.invoke.Invokers$Holder.linkToTargetMethod(java.lang.Object, java.lang.Object, java.lang.Object, java.lang.Object, int, java.lang.Object)'> (0x0000000087b511b0) 
thrown [s\src\hotspot\share\interpreter\linkResolver.cpp, line 784]
Event: 7.611 Thread 0x000001d3260c9f70 Exception <a 'java/lang/NoSuchMethodError'{0x00000000877f7040}: 'java.lang.Object java.lang.invoke.DirectMethodHandle$Holder.invokeSpecial(java.lang.Object, java.lang.Object, int, java.lang.Object, java.lang.Object)'> (0x00000000877f7040) 
thrown [s\src\hotspot\share\interpreter\linkResolver.cpp, line 784]
Event: 8.535 Thread 0x000001d3260c9f70 Exception <a 'java/lang/NoSuchMethodError'{0x000000008a075008}: 'java.lang.Object java.lang.invoke.DirectMethodHandle$Holder.invokeStatic(java.lang.Object, java.lang.Object, java.lang.Object, int, java.lang.Object, java.lang.Object)'> (0x000000008a075008) 
thrown [s\src\hotspot\share\interpreter\linkResolver.cpp, line 784]
Event: 9.254 Thread 0x000001d3260c9f70 Exception <a 'java/lang/NoSuchMethodError'{0x00000000899097a8}: 'java.lang.Object java.lang.invoke.DirectMethodHandle$Holder.invokeStatic(java.lang.Object, int, java.lang.Object, java.lang.Object)'> (0x00000000899097a8) 
thrown [s\src\hotspot\share\interpreter\linkResolver.cpp, line 784]
Event: 10.431 Thread 0x000001d3260c9f70 Exception <a 'java/lang/NoSuchMethodError'{0x000000008b7e3e58}: 'java.lang.Object java.lang.invoke.DirectMethodHandle$Holder.invokeStaticInit(java.lang.Object, int, int, java.lang.Object)'> (0x000000008b7e3e58) 
thrown [s\src\hotspot\share\interpreter\linkResolver.cpp, line 784]
Event: 10.992 Thread 0x000001d3260c9f70 Implicit null exception at 0x000001d3332c0dda to 0x000001d3332c0ed8
Event: 11.075 Thread 0x000001d3260c9f70 Implicit null exception at 0x000001d333467563 to 0x000001d333467740
Event: 11.240 Thread 0x000001d3260c9f70 Exception <a 'java/lang/NoSuchMethodError'{0x000000008ac21d08}: 'java.lang.Object java.lang.invoke.DirectMethodHandle$Holder.invokeStatic(java.lang.Object, java.lang.Object, java.lang.Object, java.lang.Object, java.lang.Object, int)'> (0x000000008ac21d08) 
thrown [s\src\hotspot\share\interpreter\linkResolver.cpp, line 784]
Event: 11.764 Thread 0x000001d3260c9f70 Exception <a 'java/lang/NoSuchMethodError'{0x000000008a70caf0}: 'java.lang.Object java.lang.invoke.DirectMethodHandle$Holder.invokeSpecial(java.lang.Object, java.lang.Object, java.lang.Object, int, java.lang.Object, java.lang.Object, java.lang.Object)'> (0x000000008a70caf0) 
thrown [s\src\hotspot\share\interpreter\linkResolver.cpp, line 784]
Event: 11.764 Thread 0x000001d3260c9f70 Exception <a 'java/lang/NoSuchMethodError'{0x000000008a710168}: 'java.lang.Object java.lang.invoke.Invokers$Holder.linkToTargetMethod(java.lang.Object, int, java.lang.Object, java.lang.Object, java.lang.Object, java.lang.Object)'> (0x000000008a710168) 
thrown [s\src\hotspot\share\interpreter\linkResolver.cpp, line 784]
Event: 14.144 Thread 0x000001d3260c9f70 Implicit null exception at 0x000001d3332f07a2 to 0x000001d3332f0ba8
Event: 14.146 Thread 0x000001d3260c9f70 Implicit null exception at 0x000001d3332ca2c0 to 0x000001d3332caa04
Event: 14.592 Thread 0x000001d3260c9f70 Exception <a 'java/lang/NoSuchMethodError'{0x000000008c94b7f8}: 'java.lang.Object java.lang.invoke.DirectMethodHandle$Holder.newInvokeSpecial(java.lang.Object, java.lang.Object, java.lang.Object, java.lang.Object, java.lang.Object, java.lang.Object, java.lang.Object, java.lang.Object, int)'> (0x000000008c94b7f8) 
thrown [s\src\hotspot\share\interpreter\linkResolver.cpp, line 784]
Event: 14.592 Thread 0x000001d3260c9f70 Exception <a 'java/lang/NoSuchMethodError'{0x000000008c9505e8}: 'java.lang.Object java.lang.invoke.DirectMethodHandle$Holder.invokeSpecial(java.lang.Object, java.lang.Object, java.lang.Object, java.lang.Object, java.lang.Object, java.lang.Object, java.lang.Object, java.lang.Object, java.lang.Object, int)'> (0x000000008c9505e8) 
thrown [s\src\hotspot\share\interpreter\linkResolver.cpp, line 784]

ZGC Phase Switch (0 events):
No events

VM Operations (20 events):
Event: 12.871 Executing VM operation: Cleanup done
Event: 13.883 Executing VM operation: Cleanup
Event: 13.929 Executing VM operation: Cleanup done
Event: 14.121 Executing VM operation: HandshakeAllThreads (Deoptimize)
Event: 14.121 Executing VM operation: HandshakeAllThreads (Deoptimize) done
Event: 14.188 Executing VM operation: HandshakeAllThreads (Deoptimize)
Event: 14.188 Executing VM operation: HandshakeAllThreads (Deoptimize) done
Event: 14.192 Executing VM operation: HandshakeAllThreads (Deoptimize)
Event: 14.192 Executing VM operation: HandshakeAllThreads (Deoptimize) done
Event: 14.378 Executing VM operation: HandshakeAllThreads (Deoptimize)
Event: 14.378 Executing VM operation: HandshakeAllThreads (Deoptimize) done
Event: 14.534 Executing VM operation: HandshakeAllThreads (Deoptimize)
Event: 14.534 Executing VM operation: HandshakeAllThreads (Deoptimize) done
Event: 14.552 Executing VM operation: G1CollectForAllocation (G1 Evacuation Pause)
Event: 14.582 Executing VM operation: G1CollectForAllocation (G1 Evacuation Pause) done
Event: 14.651 Executing VM operation: HandshakeAllThreads (Deoptimize)
Event: 14.651 Executing VM operation: HandshakeAllThreads (Deoptimize) done
Event: 14.733 Executing VM operation: HandshakeAllThreads (Deoptimize)
Event: 14.733 Executing VM operation: HandshakeAllThreads (Deoptimize) done
Event: 15.736 Executing VM operation: Cleanup

Memory protections (0 events):
No events

Nmethod flushes (20 events):
Event: 6.637 Thread 0x000001d341769200 flushing  nmethod 0x000001d32bab0790
Event: 6.637 Thread 0x000001d341769200 flushing  nmethod 0x000001d32bab1290
Event: 6.637 Thread 0x000001d341769200 flushing  nmethod 0x000001d32bab1910
Event: 6.637 Thread 0x000001d341769200 flushing  nmethod 0x000001d32bab2d90
Event: 6.637 Thread 0x000001d341769200 flushing  nmethod 0x000001d32bab3e90
Event: 6.637 Thread 0x000001d341769200 flushing  nmethod 0x000001d32bab4810
Event: 6.637 Thread 0x000001d341769200 flushing  nmethod 0x000001d32bab4d10
Event: 6.637 Thread 0x000001d341769200 flushing  nmethod 0x000001d32bab6110
Event: 6.637 Thread 0x000001d341769200 flushing  nmethod 0x000001d32bab6590
Event: 6.637 Thread 0x000001d341769200 flushing  nmethod 0x000001d32bab7f10
Event: 6.637 Thread 0x000001d341769200 flushing  nmethod 0x000001d32bae7e10
Event: 6.637 Thread 0x000001d341769200 flushing  nmethod 0x000001d32bae8210
Event: 6.637 Thread 0x000001d341769200 flushing  nmethod 0x000001d32baeb690
Event: 6.637 Thread 0x000001d341769200 flushing  nmethod 0x000001d32baed110
Event: 6.637 Thread 0x000001d341769200 flushing  nmethod 0x000001d32baef410
Event: 6.637 Thread 0x000001d341769200 flushing  nmethod 0x000001d32baefc10
Event: 6.637 Thread 0x000001d341769200 flushing  nmethod 0x000001d32bb96d10
Event: 6.637 Thread 0x000001d341769200 flushing  nmethod 0x000001d32bb97890
Event: 6.637 Thread 0x000001d341769200 flushing  nmethod 0x000001d32bbd3d10
Event: 6.637 Thread 0x000001d341769200 flushing  nmethod 0x000001d32bbe8810

Events (19 events):
Event: 0.036 Thread 0x000001d3260c9f70 Thread added: 0x000001d3260c9f70
Event: 0.099 Thread 0x000001d3260c9f70 Thread added: 0x000001d3417eda50
Event: 0.103 Thread 0x000001d3260c9f70 Thread added: 0x000001d3417fd9c0
Event: 0.103 Thread 0x000001d3260c9f70 Thread added: 0x000001d34181ffe0
Event: 0.104 Thread 0x000001d3260c9f70 Thread added: 0x000001d3417f0c70
Event: 0.104 Thread 0x000001d3260c9f70 Thread added: 0x000001d3417f12e0
Event: 0.104 Thread 0x000001d3260c9f70 Thread added: 0x000001d34180ab00
Event: 0.104 Thread 0x000001d3260c9f70 Thread added: 0x000001d34180b910
Event: 0.104 Thread 0x000001d3260c9f70 Thread added: 0x000001d34180d730
Event: 0.105 Thread 0x000001d3260c9f70 Thread added: 0x000001d341845830
Event: 0.161 Thread 0x000001d3260c9f70 Thread added: 0x000001d3419db8c0
Event: 0.181 Loaded shared library C:\Program Files\Android\Android Studio\jbr\bin\net.dll
Event: 0.185 Loaded shared library C:\Program Files\Android\Android Studio\jbr\bin\nio.dll
Event: 0.291 Loaded shared library C:\Program Files\Android\Android Studio\jbr\bin\zip.dll
Event: 0.334 Loaded shared library C:\Program Files\Android\Android Studio\jbr\bin\jimage.dll
Event: 13.930 Thread 0x000001d341845830 Thread added: 0x000001d349251f70
Event: 13.930 Thread 0x000001d341845830 Thread added: 0x000001d3481c1ee0
Event: 13.930 Thread 0x000001d341845830 Thread added: 0x000001d346932160
Event: 13.930 Thread 0x000001d341845830 Thread added: 0x000001d347e61450


Dynamic libraries:
0x00007ff65d950000 - 0x00007ff65d95a000 	C:\Program Files\Android\Android Studio\jbr\bin\java.exe
0x00007ff8729e0000 - 0x00007ff872c47000 	C:\WINDOWS\SYSTEM32\ntdll.dll
0x00007ff871930000 - 0x00007ff8719f9000 	C:\WINDOWS\System32\KERNEL32.DLL
0x00007ff86fe40000 - 0x00007ff87022f000 	C:\WINDOWS\System32\KERNELBASE.dll
0x00007ff86fb30000 - 0x00007ff86fc7b000 	C:\WINDOWS\System32\ucrtbase.dll
0x00007ff8391c0000 - 0x00007ff8391d8000 	C:\Program Files\Android\Android Studio\jbr\bin\jli.dll
0x00007ff870f90000 - 0x00007ff871155000 	C:\WINDOWS\System32\USER32.dll
0x00007ff82e860000 - 0x00007ff82e87b000 	C:\Program Files\Android\Android Studio\jbr\bin\VCRUNTIME140.dll
0x00007ff870240000 - 0x00007ff870267000 	C:\WINDOWS\System32\win32u.dll
0x00007ff871520000 - 0x00007ff87154b000 	C:\WINDOWS\System32\GDI32.dll
0x00007ff86fc80000 - 0x00007ff86fdac000 	C:\WINDOWS\System32\gdi32full.dll
0x00007ff870270000 - 0x00007ff870313000 	C:\WINDOWS\System32\msvcp_win.dll
0x00007ff85b0c0000 - 0x00007ff85b353000 	C:\WINDOWS\WinSxS\amd64_microsoft.windows.common-controls_6595b64144ccf1df_6.0.26100.7309_none_3e05feeae336a044\COMCTL32.dll
0x00007ff871ea0000 - 0x00007ff871f49000 	C:\WINDOWS\System32\msvcrt.dll
0x00007ff8718f0000 - 0x00007ff871921000 	C:\WINDOWS\System32\IMM32.DLL
0x00007ff83d090000 - 0x00007ff83d09c000 	C:\Program Files\Android\Android Studio\jbr\bin\vcruntime140_1.dll
0x00007ff829ea0000 - 0x00007ff829f2d000 	C:\Program Files\Android\Android Studio\jbr\bin\msvcp140.dll
0x00007fffde600000 - 0x00007fffdf296000 	C:\Program Files\Android\Android Studio\jbr\bin\server\jvm.dll
0x00007ff872820000 - 0x00007ff8728d4000 	C:\WINDOWS\System32\ADVAPI32.dll
0x00007ff8715d0000 - 0x00007ff871676000 	C:\WINDOWS\System32\sechost.dll
0x00007ff872700000 - 0x00007ff872818000 	C:\WINDOWS\System32\RPCRT4.dll
0x00007ff871550000 - 0x00007ff8715c4000 	C:\WINDOWS\System32\WS2_32.dll
0x00007ff8679f0000 - 0x00007ff8679fb000 	C:\WINDOWS\SYSTEM32\VERSION.dll
0x00007ff867d80000 - 0x00007ff867db5000 	C:\WINDOWS\SYSTEM32\WINMM.dll
0x00007ff86f990000 - 0x00007ff86f9ee000 	C:\WINDOWS\SYSTEM32\POWRPROF.dll
0x00007ff86f970000 - 0x00007ff86f984000 	C:\WINDOWS\SYSTEM32\UMPDC.dll
0x00007ff86e800000 - 0x00007ff86e81b000 	C:\WINDOWS\SYSTEM32\kernel.appcore.dll
0x00007ff83c800000 - 0x00007ff83c80a000 	C:\Program Files\Android\Android Studio\jbr\bin\jimage.dll
0x00007ff86d0f0000 - 0x00007ff86d332000 	C:\WINDOWS\SYSTEM32\DBGHELP.DLL
0x00007ff870ad0000 - 0x00007ff870e55000 	C:\WINDOWS\System32\combase.dll
0x00007ff871440000 - 0x00007ff871516000 	C:\WINDOWS\System32\OLEAUT32.dll
0x00007ff852410000 - 0x00007ff85244c000 	C:\WINDOWS\SYSTEM32\dbgcore.DLL
0x00007ff870320000 - 0x00007ff8703c5000 	C:\WINDOWS\System32\bcryptPrimitives.dll
0x00007ff815160000 - 0x00007ff815180000 	C:\Program Files\Android\Android Studio\jbr\bin\java.dll
0x00007ff814c50000 - 0x00007ff814c68000 	C:\Program Files\Android\Android Studio\jbr\bin\zip.dll
0x00007ff871f50000 - 0x00007ff8726a3000 	C:\WINDOWS\System32\SHELL32.dll
0x00007ff870490000 - 0x00007ff8705fa000 	C:\WINDOWS\System32\wintypes.dll
0x00007ff86d6e0000 - 0x00007ff86df3e000 	C:\WINDOWS\SYSTEM32\windows.storage.dll
0x00007ff871340000 - 0x00007ff871435000 	C:\WINDOWS\System32\SHCORE.dll
0x00007ff870780000 - 0x00007ff8707e6000 	C:\WINDOWS\System32\shlwapi.dll
0x00007ff86fa50000 - 0x00007ff86fa79000 	C:\WINDOWS\SYSTEM32\profapi.dll
0x00007ff83b9f0000 - 0x00007ff83ba00000 	C:\Program Files\Android\Android Studio\jbr\bin\net.dll
0x00007ff8694d0000 - 0x00007ff8695f8000 	C:\WINDOWS\SYSTEM32\WINHTTP.dll
0x00007ff86edf0000 - 0x00007ff86ee5b000 	C:\WINDOWS\system32\mswsock.dll
0x00007ff8147c0000 - 0x00007ff8147d6000 	C:\Program Files\Android\Android Studio\jbr\bin\nio.dll
0x00007ff856b30000 - 0x00007ff856b40000 	C:\Program Files\Android\Android Studio\jbr\bin\verify.dll

JVMTI agents: none

dbghelp: loaded successfully - version: 4.0.5 - missing functions: none
symbol engine: initialized successfully - sym options: 0x614 - pdb path: .;C:\Program Files\Android\Android Studio\jbr\bin;C:\WINDOWS\SYSTEM32;C:\WINDOWS\WinSxS\amd64_microsoft.windows.common-controls_6595b64144ccf1df_6.0.26100.7309_none_3e05feeae336a044;C:\Program Files\Android\Android Studio\jbr\bin\server

VM Arguments:
java_command: org.jetbrains.kotlin.cli.jvm.K2JVMCompiler @D:\salat\salaat\build\video_player_android\20260101_15407757085176894994.compiler.options
java_class_path (initial): C:\Users\Dell-3\.gradle\caches\modules-2\files-2.1\org.jetbrains.kotlin\kotlin-compiler-embeddable\2.1.20\4ef56b3316798316bfac7a0ae443391c9e900ea1\kotlin-compiler-embeddable-2.1.20.jar;C:\Users\Dell-3\.gradle\caches\modules-2\files-2.1\org.jetbrains.kotlin\kotlin-stdlib\2.1.20\aa8ca79cd50578314f6d1180c47cbe14c0fee567\kotlin-stdlib-2.1.20.jar;C:\Users\Dell-3\.gradle\caches\modules-2\files-2.1\org.jetbrains.kotlin\kotlin-script-runtime\2.1.20\f7c623d7f7bdb01f5ccd6b437bc0a937fcd7c57e\kotlin-script-runtime-2.1.20.jar;C:\Users\Dell-3\.gradle\caches\modules-2\files-2.1\org.jetbrains.kotlin\kotlin-reflect\1.6.10\1cbe9c92c12a94eea200d23c2bbaedaf3daf5132\kotlin-reflect-1.6.10.jar;C:\Users\Dell-3\.gradle\caches\modules-2\files-2.1\org.jetbrains.kotlin\kotlin-daemon-embeddable\2.1.20\95670fce77befd02a70a0bc3abe8ee4533521334\kotlin-daemon-embeddable-2.1.20.jar;C:\Users\Dell-3\.gradle\caches\modules-2\files-2.1\org.jetbrains.intellij.deps\trove4j\1.0.20200330\3afb14d5f9ceb459d724e907a21145e8ff394f02\trove4j-1.0.20200330.jar;C:\Users\Dell-3\.gradle\caches\modules-2\files-2.1\org.jetbrains.kotlinx\kotlinx-coroutines-core-jvm\1.8.0\ac1dc37a30a93150b704022f8d895ee1bd3a36b3\kotlinx-coroutines-core-jvm-1.8.0.jar;C:\Users\Dell-3\.gradle\caches\modules-2\files-2.1\org.jetbrains\annotations\13.0\919f0dfe192fb4e063e7dacadee7f8bb9a2672a9\annotations-13.0.jar
Launcher Type: SUN_STANDARD

[Global flags]
     intx CICompilerCount                          = 12                                        {product} {ergonomic}
     uint ConcGCThreads                            = 5                                         {product} {ergonomic}
     uint G1ConcRefinementThreads                  = 20                                        {product} {ergonomic}
   size_t G1HeapRegionSize                         = 1048576                                   {product} {ergonomic}
    uintx GCDrainStackTargetSize                   = 64                                        {product} {ergonomic}
   size_t InitialHeapSize                          = 130023424                                 {product} {ergonomic}
   size_t MarkStackSize                            = 4194304                                   {product} {ergonomic}
   size_t MaxHeapSize                              = 2065694720                                {product} {ergonomic}
   size_t MaxNewSize                               = 1239416832                                {product} {ergonomic}
   size_t MinHeapDeltaBytes                        = 1048576                                   {product} {ergonomic}
   size_t MinHeapSize                              = 8388608                                   {product} {ergonomic}
    uintx NonNMethodCodeHeapSize                   = 7602480                                {pd product} {ergonomic}
    uintx NonProfiledCodeHeapSize                  = 122027880                              {pd product} {ergonomic}
    uintx ProfiledCodeHeapSize                     = 122027880                              {pd product} {ergonomic}
    uintx ReservedCodeCacheSize                    = 251658240                              {pd product} {ergonomic}
     bool SegmentedCodeCache                       = true                                      {product} {ergonomic}
   size_t SoftMaxHeapSize                          = 2065694720                             {manageable} {ergonomic}
     bool UseCompressedOops                        = true                           {product lp64_product} {ergonomic}
     bool UseG1GC                                  = true                                      {product} {ergonomic}
     bool UseLargePagesIndividualAllocation        = false                                  {pd product} {ergonomic}

Logging:
Log output configuration:
 #0: stdout all=warning uptime,level,tags foldmultilines=false
 #1: stderr all=off uptime,level,tags foldmultilines=false

Environment Variables:
JAVA_HOME=C:\Program Files\Android\Android Studio\jbr
CLASSPATH=d:\salat\salaat\android\\gradle\wrapper\gradle-wrapper.jar
PATH=C:\Program Files\Android\Android Studio\jbr\bin;C:\Program Files\Common Files\Oracle\Java\javapath;C:\Python314\Scripts\;C:\Python314\;C:\WINDOWS\system32;C:\WINDOWS;C:\WINDOWS\System32\Wbem;C:\WINDOWS\System32\WindowsPowerShell\v1.0\;C:\WINDOWS\System32\OpenSSH\;C:\ProgramData\chocolatey\bin;C:\xampp\php;C:\ProgramData\ComposerSetup\bin;C:\Program Files\Git\cmd;C:\Program Files (x86)\HP\HP OCR\DB_Lib\;C:\Program Files\HP\Common\HPDestPlgIn\;C:\Program Files (x86)\HP\Common\HPDestPlgIn\;C:\Program Files\nodejs\;C:\Program Files\dotnet\;C:\ffmpeg\bin;C:\Program Files\Common Files\Oracle\Java\javapath;C:\Python314\Scripts\;C:\Python314\;C:\WINDOWS\system32;C:\WINDOWS;C:\WINDOWS\System32\Wbem;C:\WINDOWS\System32\WindowsPowerShell\v1.0\;C:\WINDOWS\System32\OpenSSH\;C:\ProgramData\chocolatey\bin;C:\Program Files\dotnet\;C:\xampp\php;C:\ProgramData\ComposerSetup\bin;C:\Program Files\nodejs\;C:\Program Files\Git\cmd;C:\Users\Dell-3\AppData\Local\Microsoft\WindowsApps;C:\Users\Dell-3\AppData\Local\Programs\Microsoft VS Code\bin;C:\Users\Dell-3\.dotnet\tools;C:\Users\Dell-3\AppData\Local\Pub\Cache\bin;C:\dart;C:\src\flutter\flutter\bin;C:\Users\Dell-3\AppData\Roaming\Composer\vendor\bin;C:\Program Files\Git\bin;C:\Users\Dell-3\AppData\Local\Android\Sdk\platform-tools;C:\Users\Dell-3\AppData\Local\Android\Sdk\platform-tools;C:\Program Files\HP\Common\HPDestPlgIn\;C:\Program Files (x86)\HP\Common\HPDestPlgIn\;C:\Users\Dell-3\AppData\Roaming\npm;C:\Users\Dell-3\.dotnet\tools;C:\src\flutter\flutter\bin\mingit\cmd
USERNAME=Dell-3
OS=Windows_NT
PROCESSOR_IDENTIFIER=Intel64 Family 6 Model 183 Stepping 1, GenuineIntel
TMP=C:\Users\Dell-3\AppData\Local\Temp
TEMP=C:\Users\Dell-3\AppData\Local\Temp




Periodic native trim disabled

JNI global refs:
JNI global refs: 23, weak refs: 0

JNI global refs memory usage: 835, weak refs: 833

Process memory usage:
Resident Set Size: 211080K (2% of 8067892K total physical memory with 465976K free physical memory)

OOME stack traces (most recent first):
Classloader memory used:
Loader jdk.internal.loader.ClassLoaders$AppClassLoader                                 : 54079K
Loader bootstrap                                                                       : 10883K

---------------  S Y S T E M  ---------------

OS:
 Windows 11 , 64 bit Build 26100 (10.0.26100.7309)
OS uptime: 2 days 8:18 hours
Hyper-V role detected

CPU: total 28 (initial active 28) (14 cores per cpu, 2 threads per core) family 6 model 183 stepping 1 microcode 0x12f, cx8, cmov, fxsr, ht, mmx, 3dnowpref, sse, sse2, sse3, ssse3, sse4.1, sse4.2, popcnt, lzcnt, tsc, tscinvbit, avx, avx2, aes, erms, clmul, bmi1, bmi2, adx, sha, fma, vzeroupper, clflush, clflushopt, clwb, hv, serialize, rdtscp, rdpid, fsrm, f16c, cet_ibt, cet_ss
Processor Information for the first 28 processors :
  Max Mhz: 2100, Current Mhz: 2100, Mhz Limit: 2100

Memory: 4k page, system-wide physical 7878M (454M free)
TotalPageFile size 32454M (AvailPageFile size 29M)
current process WorkingSet (physical memory assigned to process): 207M, peak: 238M
current process commit charge ("private bytes"): 359M, peak: 375M

vm_info: OpenJDK 64-Bit Server VM (21.0.8+-14196175-b1038.72) for windows-amd64 JRE (21.0.8+-14196175-b1038.72), built on 2025-10-01T10:24:33Z by "builder" with MS VC++ 16.10 / 16.11 (VS2019)

END.
