#
# There is insufficient memory for the Java Runtime Environment to continue.
# Native memory allocation (mmap) failed to map 10485760 bytes. Error detail: G1 virtual space
# Possible reasons:
#   The system is out of physical RAM or swap space
#   This process is running with CompressedOops enabled, and the Java Heap may be blocking the growth of the native heap
# Possible solutions:
#   Reduce memory load on the system
#   Increase physical memory or swap space
#   Check if swap backing store is full
#   Decrease Java heap size (-Xmx/-Xms)
#   Decrease number of Java threads
#   Decrease Java thread stack sizes (-Xss)
#   Set larger code cache with -XX:ReservedCodeCacheSize=
#   JVM is running with Unscaled Compressed Oops mode in which the Java heap is
#     placed in the first 4GB address space. The Java Heap base address is the
#     maximum limit for the native heap growth. Please use -XX:HeapBaseMinAddress
#     to set the Java Heap base and to place the Java Heap above 4GB virtual address.
# This output file may be truncated or incomplete.
#
#  Out of Memory Error (os_windows.cpp:3925), pid=3364, tid=25728
#
# JRE version: OpenJDK Runtime Environment (21.0.8) (build 21.0.8+-14196175-b1038.72)
# Java VM: OpenJDK 64-Bit Server VM (21.0.8+-14196175-b1038.72, mixed mode, tiered, compressed oops, compressed class ptrs, g1 gc, windows-amd64)
# No core dump will be written. Minidumps are not enabled by default on client versions of Windows
#

---------------  S U M M A R Y ------------

Command Line: org.jetbrains.kotlin.cli.jvm.K2JVMCompiler @D:\salat\salaat\build\shared_preferences_android\20251203_17728873658083402394.compiler.options

Host: Intel(R) Core(TM) i7-14700, 28 cores, 7G,  Windows 11 , 64 bit Build 26100 (10.0.26100.7019)
Time: Wed Dec  3 00:12:17 2025 elapsed time: 13.676391 seconds (0d 0h 0m 13s)

---------------  T H R E A D  ---------------

Current thread (0x000002dcceb35770):  VMThread "VM Thread"          [id=25728, stack(0x000000ebd1500000,0x000000ebd1600000) (1024K)]

Stack: [0x000000ebd1500000,0x000000ebd1600000]
Native frames: (J=compiled Java code, j=interpreted, Vv=VM code, C=native code)
V  [jvm.dll+0x6d68d9]
V  [jvm.dll+0x866693]
V  [jvm.dll+0x868c4e]
V  [jvm.dll+0x869333]
V  [jvm.dll+0x280566]
V  [jvm.dll+0x6d3195]
V  [jvm.dll+0x6c69ea]
V  [jvm.dll+0x3586db]
V  [jvm.dll+0x360336]
V  [jvm.dll+0x3b23f6]
V  [jvm.dll+0x3b26c8]
V  [jvm.dll+0x32ae6c]
V  [jvm.dll+0x32d806]
V  [jvm.dll+0x3376dd]
V  [jvm.dll+0x36ee15]
V  [jvm.dll+0x86f0b8]
V  [jvm.dll+0x870434]
V  [jvm.dll+0x870970]
V  [jvm.dll+0x870c03]
V  [jvm.dll+0x80eac8]
V  [jvm.dll+0x6d512d]
C  [ucrtbase.dll+0x37b0]
C  [KERNEL32.DLL+0x2e8d7]
C  [ntdll.dll+0x8c53c]

VM_Operation (0x000000ebd10ff420): G1PauseRemark, mode: safepoint, requested by thread 0x000002dcb5986670


---------------  P R O C E S S  ---------------

Threads class SMR info:
_java_thread_list=0x000002dcd57dfb20, length=13, elements={
0x000002dcb591f700, 0x000002dcceb7ffe0, 0x000002dcceb92420, 0x000002dcceb95290,
0x000002dcceb97b50, 0x000002dcceb960e0, 0x000002dcceba0cf0, 0x000002dcceba1750,
0x000002dcceba5980, 0x000002dcceba6420, 0x000002dcced62540, 0x000002dccee6f650,
0x000002dcd8d39fd0
}

Java Threads: ( => current thread )
  0x000002dcb591f700 JavaThread "main"                              [_thread_blocked, id=12900, stack(0x000000ebd0e00000,0x000000ebd0f00000) (1024K)]
  0x000002dcceb7ffe0 JavaThread "Common-Cleaner"             daemon [_thread_blocked, id=22208, stack(0x000000ebd1600000,0x000000ebd1700000) (1024K)]
  0x000002dcceb92420 JavaThread "Reference Handler"          daemon [_thread_blocked, id=24036, stack(0x000000ebd1700000,0x000000ebd1800000) (1024K)]
  0x000002dcceb95290 JavaThread "Finalizer"                  daemon [_thread_blocked, id=26112, stack(0x000000ebd1800000,0x000000ebd1900000) (1024K)]
  0x000002dcceb97b50 JavaThread "Signal Dispatcher"          daemon [_thread_blocked, id=9056, stack(0x000000ebd1900000,0x000000ebd1a00000) (1024K)]
  0x000002dcceb960e0 JavaThread "Attach Listener"            daemon [_thread_blocked, id=25536, stack(0x000000ebd1a00000,0x000000ebd1b00000) (1024K)]
  0x000002dcceba0cf0 JavaThread "Service Thread"             daemon [_thread_blocked, id=21976, stack(0x000000ebd1b00000,0x000000ebd1c00000) (1024K)]
  0x000002dcceba1750 JavaThread "Monitor Deflation Thread"   daemon [_thread_blocked, id=21244, stack(0x000000ebd1c00000,0x000000ebd1d00000) (1024K)]
  0x000002dcceba5980 JavaThread "C2 CompilerThread0"         daemon [_thread_blocked, id=7932, stack(0x000000ebd1d00000,0x000000ebd1e00000) (1024K)]
  0x000002dcceba6420 JavaThread "C1 CompilerThread0"         daemon [_thread_blocked, id=20172, stack(0x000000ebd1e00000,0x000000ebd1f00000) (1024K)]
  0x000002dcced62540 JavaThread "Notification Thread"        daemon [_thread_blocked, id=2392, stack(0x000000ebd1f00000,0x000000ebd2000000) (1024K)]
  0x000002dccee6f650 JavaThread "C1 CompilerThread1"         daemon [_thread_blocked, id=25276, stack(0x000000ebd2d00000,0x000000ebd2e00000) (1024K)]
  0x000002dcd8d39fd0 JavaThread "C1 CompilerThread2"         daemon [_thread_blocked, id=20524, stack(0x000000ebd3900000,0x000000ebd3a00000) (1024K)]
Total: 13

Other Threads:
=>0x000002dcceb35770 VMThread "VM Thread"                           [id=25728, stack(0x000000ebd1500000,0x000000ebd1600000) (1024K)]
  0x000002dccda6d710 WatcherThread "VM Periodic Task Thread"        [id=25528, stack(0x000000ebd1400000,0x000000ebd1500000) (1024K)]
  0x000002dcb5975160 WorkerThread "GC Thread#0"                     [id=26216, stack(0x000000ebd0f00000,0x000000ebd1000000) (1024K)]
  0x000002dcd360df80 WorkerThread "GC Thread#1"                     [id=13140, stack(0x000000ebd2000000,0x000000ebd2100000) (1024K)]
  0x000002dcd360e5c0 WorkerThread "GC Thread#2"                     [id=5096, stack(0x000000ebd2100000,0x000000ebd2200000) (1024K)]
  0x000002dcd35fb130 WorkerThread "GC Thread#3"                     [id=25776, stack(0x000000ebd2200000,0x000000ebd2300000) (1024K)]
  0x000002dcd3648e10 WorkerThread "GC Thread#4"                     [id=20228, stack(0x000000ebd2300000,0x000000ebd2400000) (1024K)]
  0x000002dcd36491b0 WorkerThread "GC Thread#5"                     [id=1432, stack(0x000000ebd2400000,0x000000ebd2500000) (1024K)]
  0x000002dcd36dae60 WorkerThread "GC Thread#6"                     [id=12780, stack(0x000000ebd2500000,0x000000ebd2600000) (1024K)]
  0x000002dcd36d9c40 WorkerThread "GC Thread#7"                     [id=26520, stack(0x000000ebd2600000,0x000000ebd2700000) (1024K)]
  0x000002dcd3de3470 WorkerThread "GC Thread#8"                     [id=25756, stack(0x000000ebd2b00000,0x000000ebd2c00000) (1024K)]
  0x000002dcd3de3bb0 WorkerThread "GC Thread#9"                     [id=25884, stack(0x000000ebd2c00000,0x000000ebd2d00000) (1024K)]
  0x000002dcd3de5c50 WorkerThread "GC Thread#10"                    [id=13508, stack(0x000000ebd2e00000,0x000000ebd2f00000) (1024K)]
  0x000002dcd4d15130 WorkerThread "GC Thread#11"                    [id=16568, stack(0x000000ebd2f00000,0x000000ebd3000000) (1024K)]
  0x000002dcd4d16350 WorkerThread "GC Thread#12"                    [id=2872, stack(0x000000ebd3000000,0x000000ebd3100000) (1024K)]
  0x000002dcd6270640 WorkerThread "GC Thread#13"                    [id=1292, stack(0x000000ebd3100000,0x000000ebd3200000) (1024K)]
  0x000002dcd66a9be0 WorkerThread "GC Thread#14"                    [id=18344, stack(0x000000ebd3200000,0x000000ebd3300000) (1024K)]
  0x000002dcd66a9100 WorkerThread "GC Thread#15"                    [id=16488, stack(0x000000ebd3300000,0x000000ebd3400000) (1024K)]
  0x000002dcd66a7060 WorkerThread "GC Thread#16"                    [id=19188, stack(0x000000ebd3400000,0x000000ebd3500000) (1024K)]
  0x000002dcd66a9840 WorkerThread "GC Thread#17"                    [id=6628, stack(0x000000ebd3500000,0x000000ebd3600000) (1024K)]
  0x000002dcd66a7400 WorkerThread "GC Thread#18"                    [id=3332, stack(0x000000ebd3600000,0x000000ebd3700000) (1024K)]
  0x000002dcd8f703f0 WorkerThread "GC Thread#19"                    [id=3756, stack(0x000000ebd3700000,0x000000ebd3800000) (1024K)]
  0x000002dcb5986670 ConcurrentGCThread "G1 Main Marker"            [id=21984, stack(0x000000ebd1000000,0x000000ebd1100000) (1024K)]
  0x000002dcb5987910 WorkerThread "G1 Conc#0"                       [id=2668, stack(0x000000ebd1100000,0x000000ebd1200000) (1024K)]
  0x000002dcd36d98a0 WorkerThread "G1 Conc#1"                       [id=6120, stack(0x000000ebd2700000,0x000000ebd2800000) (1024K)]
  0x000002dcd36db200 WorkerThread "G1 Conc#2"                       [id=14528, stack(0x000000ebd2800000,0x000000ebd2900000) (1024K)]
  0x000002dcd36d9fe0 WorkerThread "G1 Conc#3"                       [id=16440, stack(0x000000ebd2900000,0x000000ebd2a00000) (1024K)]
  0x000002dcd36da380 WorkerThread "G1 Conc#4"                       [id=16564, stack(0x000000ebd2a00000,0x000000ebd2b00000) (1024K)]
  0x000002dccd932b00 ConcurrentGCThread "G1 Refine#0"               [id=21476, stack(0x000000ebd1200000,0x000000ebd1300000) (1024K)]
  0x000002dccd933480 ConcurrentGCThread "G1 Service"                [id=22464, stack(0x000000ebd1300000,0x000000ebd1400000) (1024K)]
Total: 30

Threads with active compile tasks:
C2 CompilerThread0  13695 9475   !   4       jdk.internal.loader.BuiltinClassLoader::findClassOnClassPathOrNull (134 bytes)
Total: 1

VM state: at safepoint (normal execution)

VM Mutex/Monitor currently owned by a thread:  ([mutex/lock_event])
[0x00007ffae10585b8] Threads_lock - owner thread: 0x000002dcceb35770
[0x00007ffae10586b8] Heap_lock - owner thread: 0x000002dcb5986670

Heap address: 0x0000000084e00000, size: 1970 MB, Compressed Oops mode: 32-bit

CDS archive(s) not mapped
Compressed class space mapped at: 0x0000000100000000-0x0000000140000000, reserved size: 1073741824
Narrow klass base: 0x0000000000000000, Narrow klass shift: 3, Narrow klass range: 0x140000000

GC Precious Log:
 CardTable entry size: 512
 Card Set container configuration: InlinePtr #cards 5 size 8 Array Of Cards #cards 12 size 40 Howl #buckets 4 coarsen threshold 1843 Howl Bitmap #cards 512 size 80 coarsen threshold 460 Card regions per heap region 1 cards per card region 2048
 CPUs: 28 total, 28 available
 Memory: 7878M
 Large Page Support: Disabled
 NUMA Support: Disabled
 Compressed Oops: Enabled (32-bit)
 Heap Region Size: 1M
 Heap Min Capacity: 8M
 Heap Initial Capacity: 124M
 Heap Max Capacity: 1970M
 Pre-touch: Disabled
 Parallel Workers: 20
 Concurrent Workers: 5
 Concurrent Refinement Workers: 20
 Periodic GC: Disabled

Heap:
 garbage-first heap   total 80896K, used 53601K [0x0000000084e00000, 0x0000000100000000)
  region size 1024K, 3 young (3072K), 2 survivors (2048K)
 Metaspace       used 72027K, committed 72320K, reserved 1114112K
  class space    used 8262K, committed 8384K, reserved 1048576K

Heap Regions: E=young(eden), S=young(survivor), O=old, HS=humongous(starts), HC=humongous(continues), CS=collection set, F=free, TAMS=top-at-mark-start, PB=parsable bottom
|   0|0x0000000084e00000, 0x0000000084f00000, 0x0000000084f00000|100%|HS|  |TAMS 0x0000000084f00000| PB 0x0000000084e00000| Complete 
|   1|0x0000000084f00000, 0x0000000085000000, 0x0000000085000000|100%|HC|  |TAMS 0x0000000085000000| PB 0x0000000084f00000| Complete 
|   2|0x0000000085000000, 0x0000000085100000, 0x0000000085100000|100%|HC|  |TAMS 0x0000000085100000| PB 0x0000000085000000| Complete 
|   3|0x0000000085100000, 0x0000000085200000, 0x0000000085200000|100%|HC|  |TAMS 0x0000000085200000| PB 0x0000000085100000| Complete 
|   4|0x0000000085200000, 0x0000000085300000, 0x0000000085300000|100%| O|  |TAMS 0x0000000085300000| PB 0x0000000085300000| Updating 
|   5|0x0000000085300000, 0x0000000085400000, 0x0000000085400000|100%| O|  |TAMS 0x0000000085400000| PB 0x0000000085400000| Untracked 
|   6|0x0000000085400000, 0x00000000854d9b00, 0x0000000085500000| 85%| O|  |TAMS 0x00000000854d9b00| PB 0x00000000854d9b00| Updating 
|   7|0x0000000085500000, 0x0000000085600000, 0x0000000085600000|100%| O|  |TAMS 0x0000000085600000| PB 0x0000000085600000| Untracked 
|   8|0x0000000085600000, 0x0000000085700000, 0x0000000085700000|100%| O|  |TAMS 0x0000000085700000| PB 0x0000000085700000| Untracked 
|   9|0x0000000085700000, 0x0000000085800000, 0x0000000085800000|100%| O|  |TAMS 0x0000000085800000| PB 0x0000000085800000| Untracked 
|  10|0x0000000085800000, 0x0000000085900000, 0x0000000085900000|100%| O|  |TAMS 0x0000000085900000| PB 0x0000000085900000| Untracked 
|  11|0x0000000085900000, 0x0000000085a00000, 0x0000000085a00000|100%| O|  |TAMS 0x0000000085a00000| PB 0x0000000085a00000| Untracked 
|  12|0x0000000085a00000, 0x0000000085b00000, 0x0000000085b00000|100%| O|  |TAMS 0x0000000085b00000| PB 0x0000000085b00000| Untracked 
|  13|0x0000000085b00000, 0x0000000085c00000, 0x0000000085c00000|100%| O|  |TAMS 0x0000000085c00000| PB 0x0000000085c00000| Untracked 
|  14|0x0000000085c00000, 0x0000000085d00000, 0x0000000085d00000|100%| O|  |TAMS 0x0000000085d00000| PB 0x0000000085d00000| Untracked 
|  15|0x0000000085d00000, 0x0000000085e00000, 0x0000000085e00000|100%| O|  |TAMS 0x0000000085e00000| PB 0x0000000085e00000| Untracked 
|  16|0x0000000085e00000, 0x0000000085f00000, 0x0000000085f00000|100%| O|  |TAMS 0x0000000085f00000| PB 0x0000000085f00000| Untracked 
|  17|0x0000000085f00000, 0x0000000086000000, 0x0000000086000000|100%| O|  |TAMS 0x0000000086000000| PB 0x0000000086000000| Untracked 
|  18|0x0000000086000000, 0x0000000086100000, 0x0000000086100000|100%| O|  |TAMS 0x0000000086100000| PB 0x0000000086100000| Untracked 
|  19|0x0000000086100000, 0x0000000086200000, 0x0000000086200000|100%| O|  |TAMS 0x0000000086200000| PB 0x0000000086200000| Untracked 
|  20|0x0000000086200000, 0x0000000086300000, 0x0000000086300000|100%| O|  |TAMS 0x0000000086300000| PB 0x0000000086300000| Untracked 
|  21|0x0000000086300000, 0x0000000086400000, 0x0000000086400000|100%| O|  |TAMS 0x0000000086400000| PB 0x0000000086400000| Untracked 
|  22|0x0000000086400000, 0x0000000086500000, 0x0000000086500000|100%| O|  |TAMS 0x0000000086500000| PB 0x0000000086500000| Untracked 
|  23|0x0000000086500000, 0x0000000086600000, 0x0000000086600000|100%| O|  |TAMS 0x0000000086600000| PB 0x0000000086600000| Updating 
|  24|0x0000000086600000, 0x0000000086700000, 0x0000000086700000|100%| O|  |TAMS 0x0000000086600000| PB 0x0000000086600000| Untracked 
|  25|0x0000000086700000, 0x0000000086800000, 0x0000000086800000|100%| O|  |TAMS 0x0000000086800000| PB 0x0000000086800000| Untracked 
|  26|0x0000000086800000, 0x0000000086900000, 0x0000000086900000|100%| O|  |TAMS 0x0000000086900000| PB 0x0000000086900000| Untracked 
|  27|0x0000000086900000, 0x0000000086a00000, 0x0000000086a00000|100%| O|  |TAMS 0x0000000086a00000| PB 0x0000000086a00000| Updating 
|  28|0x0000000086a00000, 0x0000000086b00000, 0x0000000086b00000|100%| O|  |TAMS 0x0000000086b00000| PB 0x0000000086b00000| Untracked 
|  29|0x0000000086b00000, 0x0000000086c00000, 0x0000000086c00000|100%| O|  |TAMS 0x0000000086c00000| PB 0x0000000086c00000| Untracked 
|  30|0x0000000086c00000, 0x0000000086d00000, 0x0000000086d00000|100%| O|  |TAMS 0x0000000086d00000| PB 0x0000000086d00000| Untracked 
|  31|0x0000000086d00000, 0x0000000086e00000, 0x0000000086e00000|100%| O|  |TAMS 0x0000000086e00000| PB 0x0000000086e00000| Updating 
|  32|0x0000000086e00000, 0x0000000086f00000, 0x0000000086f00000|100%| O|  |TAMS 0x0000000086f00000| PB 0x0000000086f00000| Updating 
|  33|0x0000000086f00000, 0x0000000087000000, 0x0000000087000000|100%| O|  |TAMS 0x0000000087000000| PB 0x0000000087000000| Untracked 
|  34|0x0000000087000000, 0x0000000087100000, 0x0000000087100000|100%| O|  |TAMS 0x0000000087100000| PB 0x0000000087100000| Updating 
|  35|0x0000000087100000, 0x0000000087200000, 0x0000000087200000|100%| O|  |TAMS 0x0000000087200000| PB 0x0000000087200000| Untracked 
|  36|0x0000000087200000, 0x0000000087300000, 0x0000000087300000|100%| O|  |TAMS 0x0000000087300000| PB 0x0000000087300000| Updating 
|  37|0x0000000087300000, 0x0000000087400000, 0x0000000087400000|100%| O|  |TAMS 0x0000000087400000| PB 0x0000000087400000| Untracked 
|  38|0x0000000087400000, 0x0000000087500000, 0x0000000087500000|100%| O|  |TAMS 0x0000000087500000| PB 0x0000000087500000| Untracked 
|  39|0x0000000087500000, 0x0000000087600000, 0x0000000087600000|100%| O|  |TAMS 0x0000000087600000| PB 0x0000000087600000| Untracked 
|  40|0x0000000087600000, 0x00000000876b91d0, 0x0000000087700000| 72%| O|  |TAMS 0x0000000087600000| PB 0x0000000087600000| Updating 
|  41|0x0000000087700000, 0x0000000087800000, 0x0000000087800000|100%| O|  |TAMS 0x0000000087800000| PB 0x0000000087800000| Untracked 
|  42|0x0000000087800000, 0x0000000087900000, 0x0000000087900000|100%| O|  |TAMS 0x0000000087900000| PB 0x0000000087900000| Untracked 
|  43|0x0000000087900000, 0x0000000087a00000, 0x0000000087a00000|100%| O|  |TAMS 0x0000000087a00000| PB 0x0000000087a00000| Updating 
|  44|0x0000000087a00000, 0x0000000087b00000, 0x0000000087b00000|100%| O|  |TAMS 0x0000000087b00000| PB 0x0000000087b00000| Untracked 
|  45|0x0000000087b00000, 0x0000000087c00000, 0x0000000087c00000|100%| O|  |TAMS 0x0000000087c00000| PB 0x0000000087c00000| Updating 
|  46|0x0000000087c00000, 0x0000000087d00000, 0x0000000087d00000|100%| O|  |TAMS 0x0000000087d00000| PB 0x0000000087d00000| Untracked 
|  47|0x0000000087d00000, 0x0000000087e00000, 0x0000000087e00000|100%| O|  |TAMS 0x0000000087e00000| PB 0x0000000087e00000| Untracked 
|  48|0x0000000087e00000, 0x0000000087f00000, 0x0000000087f00000|100%| O|  |TAMS 0x0000000087f00000| PB 0x0000000087f00000| Untracked 
|  49|0x0000000087f00000, 0x0000000088000000, 0x0000000088000000|100%| O|  |TAMS 0x0000000088000000| PB 0x0000000088000000| Updating 
|  50|0x0000000088000000, 0x0000000088000000, 0x0000000088100000|  0%| F|  |TAMS 0x0000000088000000| PB 0x0000000088000000| Untracked 
|  51|0x0000000088100000, 0x0000000088100000, 0x0000000088200000|  0%| F|  |TAMS 0x0000000088100000| PB 0x0000000088100000| Untracked 
|  52|0x0000000088200000, 0x0000000088200000, 0x0000000088300000|  0%| F|  |TAMS 0x0000000088200000| PB 0x0000000088200000| Untracked 
|  53|0x0000000088300000, 0x0000000088300000, 0x0000000088400000|  0%| F|  |TAMS 0x0000000088300000| PB 0x0000000088300000| Untracked 
|  54|0x0000000088400000, 0x0000000088400000, 0x0000000088500000|  0%| F|  |TAMS 0x0000000088400000| PB 0x0000000088400000| Untracked 
|  55|0x0000000088500000, 0x00000000885c5ae0, 0x0000000088600000| 77%| S|CS|TAMS 0x0000000088500000| PB 0x0000000088500000| Complete 
|  56|0x0000000088600000, 0x0000000088600000, 0x0000000088700000|  0%| F|  |TAMS 0x0000000088600000| PB 0x0000000088600000| Untracked 
|  57|0x0000000088700000, 0x0000000088800000, 0x0000000088800000|100%| S|CS|TAMS 0x0000000088700000| PB 0x0000000088700000| Complete 
|  58|0x0000000088800000, 0x0000000088800000, 0x0000000088900000|  0%| F|  |TAMS 0x0000000088800000| PB 0x0000000088800000| Untracked 
|  59|0x0000000088900000, 0x0000000088900000, 0x0000000088a00000|  0%| F|  |TAMS 0x0000000088900000| PB 0x0000000088900000| Untracked 
|  60|0x0000000088a00000, 0x0000000088a00000, 0x0000000088b00000|  0%| F|  |TAMS 0x0000000088a00000| PB 0x0000000088a00000| Untracked 
|  61|0x0000000088b00000, 0x0000000088b00000, 0x0000000088c00000|  0%| F|  |TAMS 0x0000000088b00000| PB 0x0000000088b00000| Untracked 
|  62|0x0000000088c00000, 0x0000000088c00000, 0x0000000088d00000|  0%| F|  |TAMS 0x0000000088c00000| PB 0x0000000088c00000| Untracked 
|  63|0x0000000088d00000, 0x0000000088d00000, 0x0000000088e00000|  0%| F|  |TAMS 0x0000000088d00000| PB 0x0000000088d00000| Untracked 
|  64|0x0000000088e00000, 0x0000000088e00000, 0x0000000088f00000|  0%| F|  |TAMS 0x0000000088e00000| PB 0x0000000088e00000| Untracked 
|  65|0x0000000088f00000, 0x0000000088f00000, 0x0000000089000000|  0%| F|  |TAMS 0x0000000088f00000| PB 0x0000000088f00000| Untracked 
|  66|0x0000000089000000, 0x0000000089000000, 0x0000000089100000|  0%| F|  |TAMS 0x0000000089000000| PB 0x0000000089000000| Untracked 
|  67|0x0000000089100000, 0x0000000089100000, 0x0000000089200000|  0%| F|  |TAMS 0x0000000089100000| PB 0x0000000089100000| Untracked 
|  68|0x0000000089200000, 0x0000000089200000, 0x0000000089300000|  0%| F|  |TAMS 0x0000000089200000| PB 0x0000000089200000| Untracked 
|  69|0x0000000089300000, 0x0000000089300000, 0x0000000089400000|  0%| F|  |TAMS 0x0000000089300000| PB 0x0000000089300000| Untracked 
|  70|0x0000000089400000, 0x0000000089400000, 0x0000000089500000|  0%| F|  |TAMS 0x0000000089400000| PB 0x0000000089400000| Untracked 
|  71|0x0000000089500000, 0x0000000089500000, 0x0000000089600000|  0%| F|  |TAMS 0x0000000089500000| PB 0x0000000089500000| Untracked 
|  72|0x0000000089600000, 0x0000000089600000, 0x0000000089700000|  0%| F|  |TAMS 0x0000000089600000| PB 0x0000000089600000| Untracked 
|  73|0x0000000089700000, 0x0000000089700000, 0x0000000089800000|  0%| F|  |TAMS 0x0000000089700000| PB 0x0000000089700000| Untracked 
|  97|0x000000008af00000, 0x000000008af00000, 0x000000008b000000|  0%| F|  |TAMS 0x000000008af00000| PB 0x000000008af00000| Untracked 
| 101|0x000000008b300000, 0x000000008b300000, 0x000000008b400000|  0%| F|  |TAMS 0x000000008b300000| PB 0x000000008b300000| Untracked 
| 123|0x000000008c900000, 0x000000008c900000, 0x000000008ca00000|  0%| F|  |TAMS 0x000000008c900000| PB 0x000000008c900000| Untracked 
|1968|0x00000000ffe00000, 0x00000000ffec8058, 0x00000000fff00000| 78%| E|  |TAMS 0x00000000ffe00000| PB 0x00000000ffe00000| Complete 
|1969|0x00000000fff00000, 0x0000000100000000, 0x0000000100000000|100%| O|  |TAMS 0x0000000100000000| PB 0x0000000100000000| Untracked 

Card table byte_map: [0x000002dcc8e60000,0x000002dcc9240000] _byte_map_base: 0x000002dcc8a39000

Marking Bits: (CMBitMap*) 0x000002dcb5975860
 Bits: [0x000002dcc9240000, 0x000002dccb108000)

Polling page: 0x000002dcb5090000

Metaspace:

Usage:
  Non-class:     62.27 MB used.
      Class:      8.07 MB used.
       Both:     70.34 MB used.

Virtual space:
  Non-class space:       64.00 MB reserved,      62.44 MB ( 98%) committed,  1 nodes.
      Class space:        1.00 GB reserved,       8.19 MB ( <1%) committed,  1 nodes.
             Both:        1.06 GB reserved,      70.62 MB (  6%) committed. 

Chunk freelists:
   Non-Class:  1.22 MB
       Class:  7.81 MB
        Both:  9.03 MB

MaxMetaspaceSize: unlimited
CompressedClassSpaceSize: 1.00 GB
Initial GC threshold: 21.00 MB
Current GC threshold: 106.88 MB
CDS: off
 - commit_granule_bytes: 65536.
 - commit_granule_words: 8192.
 - virtual_space_node_default_size: 8388608.
 - enlarge_chunks_in_place: 1.
 - use_allocation_guard: 0.


Internal statistics:

num_allocs_failed_limit: 6.
num_arena_births: 308.
num_arena_deaths: 0.
num_vsnodes_births: 2.
num_vsnodes_deaths: 0.
num_space_committed: 1128.
num_space_uncommitted: 0.
num_chunks_returned_to_freelist: 6.
num_chunks_taken_from_freelist: 2488.
num_chunk_merges: 6.
num_chunk_splits: 2095.
num_chunks_enlarged: 1928.
num_inconsistent_stats: 0.

CodeHeap 'non-profiled nmethods': size=119168Kb used=3548Kb max_used=3643Kb free=115619Kb
 bounds [0x000002dcc0610000, 0x000002dcc09a0000, 0x000002dcc7a70000]
CodeHeap 'profiled nmethods': size=119104Kb used=29613Kb max_used=30575Kb free=89490Kb
 bounds [0x000002dcb8a70000, 0x000002dcba850000, 0x000002dcbfec0000]
CodeHeap 'non-nmethods': size=7488Kb used=2825Kb max_used=2826Kb free=4662Kb
 bounds [0x000002dcbfec0000, 0x000002dcc01a0000, 0x000002dcc0610000]
CodeCache: size=245760Kb, used=35986Kb, max_used=37044Kb, free=209771Kb
 total_blobs=9364, nmethods=8636, adapters=629, full_count=0
Compilation: enabled, stopped_count=0, restarted_count=0

Compilation events (20 events):
Event: 11.611 Thread 0x000002dcceba6420 nmethod 9496 0x000002dcba845110 code [0x000002dcba8452c0, 0x000002dcba8455f0]
Event: 11.611 Thread 0x000002dccee6f650 nmethod 9497 0x000002dcba845710 code [0x000002dcba8458c0, 0x000002dcba845b40]
Event: 11.616 Thread 0x000002dccee6f650 9499       3       java.lang.StringBuilder::append (8 bytes)
Event: 11.616 Thread 0x000002dccee6f650 nmethod 9499 0x000002dcba845c10 code [0x000002dcba845dc0, 0x000002dcba845f10]
Event: 11.616 Thread 0x000002dcceba6420 9500       3       java.lang.AbstractStringBuilder::append (45 bytes)
Event: 11.617 Thread 0x000002dcceba6420 nmethod 9500 0x000002dcba845f90 code [0x000002dcba8461a0, 0x000002dcba8466c8]
Event: 11.619 Thread 0x000002dcceba6420 9501       3       org.jetbrains.kotlin.metadata.ProtoBuf$PackageFragment::getClass_Count (10 bytes)
Event: 11.619 Thread 0x000002dcceba6420 nmethod 9501 0x000002dcba846910 code [0x000002dcba846ac0, 0x000002dcba846c90]
Event: 11.620 Thread 0x000002dccee6f650 9502       3       java.io.DataInputStream::readInt (19 bytes)
Event: 11.620 Thread 0x000002dcd8d39fd0 9503       3       java.io.DataInputStream::readFully (59 bytes)
Event: 11.620 Thread 0x000002dcceba6420 9504       3       jdk.internal.util.ByteArray::getInt (9 bytes)
Event: 11.620 Thread 0x000002dcd8d39fd0 nmethod 9503 0x000002dcba846d90 code [0x000002dcba846fa0, 0x000002dcba8474f8]
Event: 11.620 Thread 0x000002dcd8d39fd0 9505       3       java.lang.invoke.VarHandleGuards::guard_LI_I (78 bytes)
Event: 11.620 Thread 0x000002dcceba6420 nmethod 9504 0x000002dcba847790 code [0x000002dcba8479a0, 0x000002dcba848038]
Event: 11.620 Thread 0x000002dccee6f650 nmethod 9502 0x000002dcba848290 code [0x000002dcba8484a0, 0x000002dcba848c10]
Event: 11.620 Thread 0x000002dccee6f650 9506       3       java.lang.invoke.VarHandleByteArrayAsInts$ArrayHandle::get (36 bytes)
Event: 11.620 Thread 0x000002dcceba6420 9507       3       java.lang.invoke.VarHandleByteArrayAsInts$ArrayHandle::index (12 bytes)
Event: 11.620 Thread 0x000002dcceba6420 nmethod 9507 0x000002dcba848e90 code [0x000002dcba849040, 0x000002dcba849188]
Event: 11.620 Thread 0x000002dccee6f650 nmethod 9506 0x000002dcba849290 code [0x000002dcba849460, 0x000002dcba849868]
Event: 11.621 Thread 0x000002dcd8d39fd0 nmethod 9505 0x000002dcba849a10 code [0x000002dcba849d40, 0x000002dcba84b598]

GC Heap History (20 events):
Event: 6.169 GC heap before
{Heap before GC invocations=13 (full 0):
 garbage-first heap   total 47104K, used 39726K [0x0000000084e00000, 0x0000000100000000)
  region size 1024K, 17 young (17408K), 3 survivors (3072K)
 Metaspace       used 54132K, committed 54400K, reserved 1114112K
  class space    used 6450K, committed 6528K, reserved 1048576K
}
Event: 6.182 GC heap after
{Heap after GC invocations=14 (full 0):
 garbage-first heap   total 49152K, used 30894K [0x0000000084e00000, 0x0000000100000000)
  region size 1024K, 3 young (3072K), 3 survivors (3072K)
 Metaspace       used 54132K, committed 54400K, reserved 1114112K
  class space    used 6450K, committed 6528K, reserved 1048576K
}
Event: 6.408 GC heap before
{Heap before GC invocations=15 (full 0):
 garbage-first heap   total 53248K, used 41134K [0x0000000084e00000, 0x0000000100000000)
  region size 1024K, 13 young (13312K), 3 survivors (3072K)
 Metaspace       used 54604K, committed 54848K, reserved 1114112K
  class space    used 6496K, committed 6592K, reserved 1048576K
}
Event: 6.418 GC heap after
{Heap after GC invocations=16 (full 0):
 garbage-first heap   total 64512K, used 33638K [0x0000000084e00000, 0x0000000100000000)
  region size 1024K, 2 young (2048K), 2 survivors (2048K)
 Metaspace       used 54604K, committed 54848K, reserved 1114112K
  class space    used 6496K, committed 6592K, reserved 1048576K
}
Event: 6.814 GC heap before
{Heap before GC invocations=16 (full 0):
 garbage-first heap   total 64512K, used 50022K [0x0000000084e00000, 0x0000000100000000)
  region size 1024K, 19 young (19456K), 2 survivors (2048K)
 Metaspace       used 57215K, committed 57472K, reserved 1114112K
  class space    used 6869K, committed 6976K, reserved 1048576K
}
Event: 6.825 GC heap after
{Heap after GC invocations=17 (full 0):
 garbage-first heap   total 64512K, used 37035K [0x0000000084e00000, 0x0000000100000000)
  region size 1024K, 3 young (3072K), 3 survivors (3072K)
 Metaspace       used 57215K, committed 57472K, reserved 1114112K
  class space    used 6869K, committed 6976K, reserved 1048576K
}
Event: 7.272 GC heap before
{Heap before GC invocations=17 (full 0):
 garbage-first heap   total 64512K, used 51371K [0x0000000084e00000, 0x0000000100000000)
  region size 1024K, 18 young (18432K), 3 survivors (3072K)
 Metaspace       used 60793K, committed 61120K, reserved 1114112K
  class space    used 7310K, committed 7488K, reserved 1048576K
}
Event: 7.281 GC heap after
{Heap after GC invocations=18 (full 0):
 garbage-first heap   total 64512K, used 39301K [0x0000000084e00000, 0x0000000100000000)
  region size 1024K, 2 young (2048K), 2 survivors (2048K)
 Metaspace       used 60793K, committed 61120K, reserved 1114112K
  class space    used 7310K, committed 7488K, reserved 1048576K
}
Event: 7.728 GC heap before
{Heap before GC invocations=19 (full 0):
 garbage-first heap   total 66560K, used 53637K [0x0000000084e00000, 0x0000000100000000)
  region size 1024K, 17 young (17408K), 2 survivors (2048K)
 Metaspace       used 61976K, committed 62336K, reserved 1114112K
  class space    used 7452K, committed 7616K, reserved 1048576K
}
Event: 7.739 GC heap after
{Heap after GC invocations=20 (full 0):
 garbage-first heap   total 66560K, used 42854K [0x0000000084e00000, 0x0000000100000000)
  region size 1024K, 3 young (3072K), 3 survivors (3072K)
 Metaspace       used 61976K, committed 62336K, reserved 1114112K
  class space    used 7452K, committed 7616K, reserved 1048576K
}
Event: 8.031 GC heap before
{Heap before GC invocations=20 (full 0):
 garbage-first heap   total 66560K, used 57190K [0x0000000084e00000, 0x0000000100000000)
  region size 1024K, 17 young (17408K), 3 survivors (3072K)
 Metaspace       used 62791K, committed 63040K, reserved 1114112K
  class space    used 7544K, committed 7680K, reserved 1048576K
}
Event: 8.043 GC heap after
{Heap after GC invocations=21 (full 0):
 garbage-first heap   total 80896K, used 45926K [0x0000000084e00000, 0x0000000100000000)
  region size 1024K, 3 young (3072K), 3 survivors (3072K)
 Metaspace       used 62791K, committed 63040K, reserved 1114112K
  class space    used 7544K, committed 7680K, reserved 1048576K
}
Event: 8.850 GC heap before
{Heap before GC invocations=21 (full 0):
 garbage-first heap   total 80896K, used 67430K [0x0000000084e00000, 0x0000000100000000)
  region size 1024K, 24 young (24576K), 3 survivors (3072K)
 Metaspace       used 65339K, committed 65664K, reserved 1114112K
  class space    used 7685K, committed 7872K, reserved 1048576K
}
Event: 8.860 GC heap after
{Heap after GC invocations=22 (full 0):
 garbage-first heap   total 80896K, used 48521K [0x0000000084e00000, 0x0000000100000000)
  region size 1024K, 3 young (3072K), 3 survivors (3072K)
 Metaspace       used 65339K, committed 65664K, reserved 1114112K
  class space    used 7685K, committed 7872K, reserved 1048576K
}
Event: 9.278 GC heap before
{Heap before GC invocations=23 (full 0):
 garbage-first heap   total 80896K, used 67977K [0x0000000084e00000, 0x0000000100000000)
  region size 1024K, 23 young (23552K), 3 survivors (3072K)
 Metaspace       used 65845K, committed 66176K, reserved 1114112K
  class space    used 7712K, committed 7872K, reserved 1048576K
}
Event: 9.289 GC heap after
{Heap after GC invocations=24 (full 0):
 garbage-first heap   total 80896K, used 50620K [0x0000000084e00000, 0x0000000100000000)
  region size 1024K, 3 young (3072K), 3 survivors (3072K)
 Metaspace       used 65845K, committed 66176K, reserved 1114112K
  class space    used 7712K, committed 7872K, reserved 1048576K
}
Event: 9.862 GC heap before
{Heap before GC invocations=24 (full 0):
 garbage-first heap   total 80896K, used 69052K [0x0000000084e00000, 0x0000000100000000)
  region size 1024K, 22 young (22528K), 3 survivors (3072K)
 Metaspace       used 69159K, committed 69504K, reserved 1114112K
  class space    used 8027K, committed 8192K, reserved 1048576K
}
Event: 9.870 GC heap after
{Heap after GC invocations=25 (full 0):
 garbage-first heap   total 80896K, used 52070K [0x0000000084e00000, 0x0000000100000000)
  region size 1024K, 2 young (2048K), 2 survivors (2048K)
 Metaspace       used 69159K, committed 69504K, reserved 1114112K
  class space    used 8027K, committed 8192K, reserved 1048576K
}
Event: 11.622 GC heap before
{Heap before GC invocations=25 (full 0):
 garbage-first heap   total 80896K, used 70502K [0x0000000084e00000, 0x0000000100000000)
  region size 1024K, 21 young (21504K), 2 survivors (2048K)
 Metaspace       used 71878K, committed 72192K, reserved 1114112K
  class space    used 8238K, committed 8384K, reserved 1048576K
}
Event: 11.632 GC heap after
{Heap after GC invocations=26 (full 0):
 garbage-first heap   total 80896K, used 53601K [0x0000000084e00000, 0x0000000100000000)
  region size 1024K, 2 young (2048K), 2 survivors (2048K)
 Metaspace       used 71878K, committed 72192K, reserved 1114112K
  class space    used 8238K, committed 8384K, reserved 1048576K
}

Dll operation events (3 events):
Event: 0.097 Loaded shared library C:\Program Files\Android\Android Studio\jbr\bin\java.dll
Event: 0.131 Loaded shared library C:\Program Files\Android\Android Studio\jbr\bin\zip.dll
Event: 2.937 Loaded shared library C:\Program Files\Android\Android Studio\jbr\bin\verify.dll

Deoptimization events (20 events):
Event: 11.256 Thread 0x000002dcb591f700 Uncommon trap: trap_request=0xffffff45 fr.pc=0x000002dcc08aabb0 relative=0x00000000000000f0
Event: 11.256 Thread 0x000002dcb591f700 Uncommon trap: reason=unstable_if action=reinterpret pc=0x000002dcc08aabb0 method=org.jetbrains.kotlin.fir.types.ConeTypeUtilsKt.isMarkedNullable(Lorg/jetbrains/kotlin/fir/types/ConeKotlinType;)Z @ 29 c2
Event: 11.256 Thread 0x000002dcb591f700 DEOPT PACKING pc=0x000002dcc08aabb0 sp=0x000000ebd0efc000
Event: 11.256 Thread 0x000002dcb591f700 DEOPT UNPACKING pc=0x000002dcbff146a2 sp=0x000000ebd0efbf98 mode 2
Event: 11.453 Thread 0x000002dcb591f700 Uncommon trap: trap_request=0xffffffde fr.pc=0x000002dcc08d4fac relative=0x000000000000804c
Event: 11.453 Thread 0x000002dcb591f700 Uncommon trap: reason=class_check action=maybe_recompile pc=0x000002dcc08d4fac method=org.jetbrains.org.objectweb.asm.ClassReader.readMethod(Lorg/jetbrains/org/objectweb/asm/ClassVisitor;Lorg/jetbrains/org/objectweb/asm/Context;I)I @ 663 c2
Event: 11.454 Thread 0x000002dcb591f700 DEOPT PACKING pc=0x000002dcc08d4fac sp=0x000000ebd0efbde0
Event: 11.454 Thread 0x000002dcb591f700 DEOPT UNPACKING pc=0x000002dcbff146a2 sp=0x000000ebd0efbe18 mode 2
Event: 11.454 Thread 0x000002dcb591f700 Uncommon trap: trap_request=0xffffffde fr.pc=0x000002dcc08d4fac relative=0x000000000000804c
Event: 11.454 Thread 0x000002dcb591f700 Uncommon trap: reason=class_check action=maybe_recompile pc=0x000002dcc08d4fac method=org.jetbrains.org.objectweb.asm.ClassReader.readMethod(Lorg/jetbrains/org/objectweb/asm/ClassVisitor;Lorg/jetbrains/org/objectweb/asm/Context;I)I @ 663 c2
Event: 11.454 Thread 0x000002dcb591f700 DEOPT PACKING pc=0x000002dcc08d4fac sp=0x000000ebd0efbde0
Event: 11.454 Thread 0x000002dcb591f700 DEOPT UNPACKING pc=0x000002dcbff146a2 sp=0x000000ebd0efbe18 mode 2
Event: 11.614 Thread 0x000002dcb591f700 Uncommon trap: trap_request=0xffffff45 fr.pc=0x000002dcc0647e2c relative=0x00000000000007ac
Event: 11.614 Thread 0x000002dcb591f700 Uncommon trap: reason=unstable_if action=reinterpret pc=0x000002dcc0647e2c method=java.lang.AbstractStringBuilder.append(Ljava/lang/String;)Ljava/lang/AbstractStringBuilder; @ 1 c2
Event: 11.614 Thread 0x000002dcb591f700 DEOPT PACKING pc=0x000002dcc0647e2c sp=0x000000ebd0efe060
Event: 11.614 Thread 0x000002dcb591f700 DEOPT UNPACKING pc=0x000002dcbff146a2 sp=0x000000ebd0efdff0 mode 2
Event: 11.616 Thread 0x000002dcb591f700 Uncommon trap: trap_request=0xffffff45 fr.pc=0x000002dcc064ba9c relative=0x000000000000079c
Event: 11.616 Thread 0x000002dcb591f700 Uncommon trap: reason=unstable_if action=reinterpret pc=0x000002dcc064ba9c method=java.lang.AbstractStringBuilder.append(Ljava/lang/String;)Ljava/lang/AbstractStringBuilder; @ 1 c2
Event: 11.616 Thread 0x000002dcb591f700 DEOPT PACKING pc=0x000002dcc064ba9c sp=0x000000ebd0efe000
Event: 11.616 Thread 0x000002dcb591f700 DEOPT UNPACKING pc=0x000002dcbff146a2 sp=0x000000ebd0efdfe8 mode 2

Classes loaded (20 events):
Event: 11.537 Loading class java/util/ServiceLoader$LazyClassPathLookupIterator
Event: 11.537 Loading class java/util/ServiceLoader$LazyClassPathLookupIterator done
Event: 11.537 Loading class java/util/ServiceLoader$2
Event: 11.537 Loading class java/util/ServiceLoader$2 done
Event: 11.538 Loading class java/util/ServiceLoader$3
Event: 11.538 Loading class java/util/ServiceLoader$3 done
Event: 11.538 Loading class java/util/Collections$EmptyEnumeration
Event: 11.539 Loading class java/util/Collections$EmptyEnumeration done
Event: 11.539 Loading class jdk/internal/loader/BuiltinClassLoader$1
Event: 11.539 Loading class jdk/internal/loader/BuiltinClassLoader$1 done
Event: 11.539 Loading class java/lang/CompoundEnumeration
Event: 11.539 Loading class java/lang/CompoundEnumeration done
Event: 11.539 Loading class jdk/internal/loader/URLClassPath$1
Event: 11.539 Loading class jdk/internal/loader/URLClassPath$1 done
Event: 11.543 Loading class java/util/ServiceLoader$1
Event: 11.544 Loading class java/util/ServiceLoader$1 done
Event: 11.544 Loading class java/util/ServiceLoader$ProviderImpl
Event: 11.544 Loading class java/util/ServiceLoader$Provider
Event: 11.544 Loading class java/util/ServiceLoader$Provider done
Event: 11.544 Loading class java/util/ServiceLoader$ProviderImpl done

Classes unloaded (0 events):
No events

Classes redefined (0 events):
No events

Internal exceptions (20 events):
Event: 7.145 Thread 0x000002dcb591f700 Exception <a 'java/lang/NoSuchMethodError'{0x00000000880a05f0}: 'java.lang.Object java.lang.invoke.DirectMethodHandle$Holder.invokeSpecial(java.lang.Object, java.lang.Object, int, java.lang.Object, java.lang.Object)'> (0x00000000880a05f0) 
thrown [s\src\hotspot\share\interpreter\linkResolver.cpp, line 784]
Event: 7.247 Thread 0x000002dcb591f700 Exception <a 'java/lang/NoSuchMethodError'{0x0000000087c46228}: 'java.lang.Object java.lang.invoke.DirectMethodHandle$Holder.newInvokeSpecial(java.lang.Object, java.lang.Object, java.lang.Object, java.lang.Object, java.lang.Object, java.lang.Object, java.lang.Object, java.lang.Object, java.lang.Object)'> (0x0000000087c46228) 
thrown [s\src\hotspot\share\interpreter\linkResolver.cpp, line 784]
Event: 7.250 Thread 0x000002dcb591f700 Exception <a 'java/lang/NoSuchMethodError'{0x0000000087c58958}: 'java.lang.Object java.lang.invoke.DirectMethodHandle$Holder.newInvokeSpecial(java.lang.Object, java.lang.Object, java.lang.Object, int)'> (0x0000000087c58958) 
thrown [s\src\hotspot\share\interpreter\linkResolver.cpp, line 784]
Event: 7.250 Thread 0x000002dcb591f700 Exception <a 'java/lang/NoSuchMethodError'{0x0000000087c5c7d8}: 'java.lang.Object java.lang.invoke.DirectMethodHandle$Holder.invokeSpecial(java.lang.Object, java.lang.Object, java.lang.Object, java.lang.Object, int)'> (0x0000000087c5c7d8) 
thrown [s\src\hotspot\share\interpreter\linkResolver.cpp, line 784]
Event: 7.250 Thread 0x000002dcb591f700 Exception <a 'java/lang/NoSuchMethodError'{0x0000000087c5ff30}: 'java.lang.Object java.lang.invoke.Invokers$Holder.linkToTargetMethod(java.lang.Object, java.lang.Object, int, java.lang.Object)'> (0x0000000087c5ff30) 
thrown [s\src\hotspot\share\interpreter\linkResolver.cpp, line 784]
Event: 7.252 Thread 0x000002dcb591f700 Exception <a 'java/lang/NoSuchMethodError'{0x0000000087c6f468}: 'java.lang.Object java.lang.invoke.DirectMethodHandle$Holder.newInvokeSpecial(java.lang.Object, int, java.lang.Object)'> (0x0000000087c6f468) 
thrown [s\src\hotspot\share\interpreter\linkResolver.cpp, line 784]
Event: 7.364 Thread 0x000002dcb591f700 Exception <a 'java/lang/NoSuchMethodError'{0x000000008c9dc458}: 'java.lang.Object java.lang.invoke.DirectMethodHandle$Holder.newInvokeSpecial(java.lang.Object, java.lang.Object, java.lang.Object, java.lang.Object, java.lang.Object, int)'> (0x000000008c9dc458) 
thrown [s\src\hotspot\share\interpreter\linkResolver.cpp, line 784]
Event: 7.364 Thread 0x000002dcb591f700 Exception <a 'java/lang/NoSuchMethodError'{0x000000008c9e0c80}: 'java.lang.Object java.lang.invoke.DirectMethodHandle$Holder.invokeSpecial(java.lang.Object, java.lang.Object, java.lang.Object, java.lang.Object, java.lang.Object, java.lang.Object, int)'> (0x000000008c9e0c80) 
thrown [s\src\hotspot\share\interpreter\linkResolver.cpp, line 784]
Event: 7.364 Thread 0x000002dcb591f700 Exception <a 'java/lang/NoSuchMethodError'{0x000000008c9e4d78}: 'java.lang.Object java.lang.invoke.Invokers$Holder.linkToTargetMethod(java.lang.Object, java.lang.Object, java.lang.Object, java.lang.Object, int, java.lang.Object)'> (0x000000008c9e4d78) 
thrown [s\src\hotspot\share\interpreter\linkResolver.cpp, line 784]
Event: 8.017 Thread 0x000002dcb591f700 Exception <a 'java/lang/NoSuchMethodError'{0x0000000087fc5c68}: 'java.lang.Object java.lang.invoke.DirectMethodHandle$Holder.invokeStatic(java.lang.Object, java.lang.Object, java.lang.Object, int, java.lang.Object, java.lang.Object)'> (0x0000000087fc5c68) 
thrown [s\src\hotspot\share\interpreter\linkResolver.cpp, line 784]
Event: 8.171 Thread 0x000002dcb591f700 Exception <a 'java/lang/NoSuchMethodError'{0x000000008af25b38}: 'java.lang.Object java.lang.invoke.DirectMethodHandle$Holder.invokeStatic(java.lang.Object, int, java.lang.Object, java.lang.Object)'> (0x000000008af25b38) 
thrown [s\src\hotspot\share\interpreter\linkResolver.cpp, line 784]
Event: 8.975 Thread 0x000002dcb591f700 Exception <a 'java/lang/NoSuchMethodError'{0x0000000089623b68}: 'java.lang.Object java.lang.invoke.DirectMethodHandle$Holder.newInvokeSpecial(java.lang.Object, int, java.lang.Object, java.lang.Object, java.lang.Object)'> (0x0000000089623b68) 
thrown [s\src\hotspot\share\interpreter\linkResolver.cpp, line 784]
Event: 8.976 Thread 0x000002dcb591f700 Exception <a 'java/lang/NoSuchMethodError'{0x000000008962ba48}: 'java.lang.Object java.lang.invoke.Invokers$Holder.linkToTargetMethod(int, java.lang.Object, java.lang.Object, java.lang.Object, java.lang.Object)'> (0x000000008962ba48) 
thrown [s\src\hotspot\share\interpreter\linkResolver.cpp, line 784]
Event: 9.670 Thread 0x000002dcb591f700 Implicit null exception at 0x000002dcc06e525a to 0x000002dcc06e5358
Event: 9.706 Thread 0x000002dcb591f700 Implicit null exception at 0x000002dcc06b2c63 to 0x000002dcc06b2df4
Event: 11.272 Thread 0x000002dcb591f700 Exception <a 'java/lang/NoSuchMethodError'{0x00000000893336f8}: 'java.lang.Object java.lang.invoke.DirectMethodHandle$Holder.newInvokeSpecial(java.lang.Object, java.lang.Object, int, java.lang.Object, java.lang.Object, java.lang.Object)'> (0x00000000893336f8) 
thrown [s\src\hotspot\share\interpreter\linkResolver.cpp, line 784]
Event: 11.272 Thread 0x000002dcb591f700 Exception <a 'java/lang/NoSuchMethodError'{0x00000000893377c0}: 'java.lang.Object java.lang.invoke.DirectMethodHandle$Holder.invokeSpecial(java.lang.Object, java.lang.Object, java.lang.Object, int, java.lang.Object, java.lang.Object, java.lang.Object)'> (0x00000000893377c0) 
thrown [s\src\hotspot\share\interpreter\linkResolver.cpp, line 784]
Event: 11.272 Thread 0x000002dcb591f700 Exception <a 'java/lang/NoSuchMethodError'{0x000000008933ae38}: 'java.lang.Object java.lang.invoke.Invokers$Holder.linkToTargetMethod(java.lang.Object, int, java.lang.Object, java.lang.Object, java.lang.Object, java.lang.Object)'> (0x000000008933ae38) 
thrown [s\src\hotspot\share\interpreter\linkResolver.cpp, line 784]
Event: 11.614 Thread 0x000002dcb591f700 Implicit null exception at 0x000002dcc06476c4 to 0x000002dcc0647e14
Event: 11.616 Thread 0x000002dcb591f700 Implicit null exception at 0x000002dcc064b340 to 0x000002dcc064ba84

ZGC Phase Switch (0 events):
No events

VM Operations (20 events):
Event: 9.948 Executing VM operation: ICBufferFull done
Event: 10.957 Executing VM operation: Cleanup
Event: 11.003 Executing VM operation: Cleanup done
Event: 11.085 Executing VM operation: ICBufferFull
Event: 11.085 Executing VM operation: ICBufferFull done
Event: 11.189 Executing VM operation: ICBufferFull
Event: 11.189 Executing VM operation: ICBufferFull done
Event: 11.283 Executing VM operation: HandshakeAllThreads (Deoptimize)
Event: 11.283 Executing VM operation: HandshakeAllThreads (Deoptimize) done
Event: 11.284 Executing VM operation: HandshakeAllThreads (Deoptimize)
Event: 11.284 Executing VM operation: HandshakeAllThreads (Deoptimize) done
Event: 11.302 Executing VM operation: HandshakeAllThreads (Deoptimize)
Event: 11.302 Executing VM operation: HandshakeAllThreads (Deoptimize) done
Event: 11.380 Executing VM operation: ICBufferFull
Event: 11.380 Executing VM operation: ICBufferFull done
Event: 11.404 Executing VM operation: HandshakeAllThreads (Deoptimize)
Event: 11.404 Executing VM operation: HandshakeAllThreads (Deoptimize) done
Event: 11.622 Executing VM operation: G1CollectForAllocation (G1 Evacuation Pause)
Event: 11.632 Executing VM operation: G1CollectForAllocation (G1 Evacuation Pause) done
Event: 11.650 Executing VM operation: G1PauseRemark

Memory protections (0 events):
No events

Nmethod flushes (20 events):
Event: 11.664 Thread 0x000002dcceb35770 flushing  nmethod 0x000002dcb92f2c90
Event: 11.664 Thread 0x000002dcceb35770 flushing  nmethod 0x000002dcb92f3490
Event: 11.664 Thread 0x000002dcceb35770 flushing  nmethod 0x000002dcb92f4c90
Event: 11.664 Thread 0x000002dcceb35770 flushing  nmethod 0x000002dcb92f6690
Event: 11.664 Thread 0x000002dcceb35770 flushing  nmethod 0x000002dcb935e590
Event: 11.664 Thread 0x000002dcceb35770 flushing  nmethod 0x000002dcb938ad10
Event: 11.664 Thread 0x000002dcceb35770 flushing  nmethod 0x000002dcb93aac10
Event: 11.664 Thread 0x000002dcceb35770 flushing  nmethod 0x000002dcb93aaf10
Event: 11.664 Thread 0x000002dcceb35770 flushing  nmethod 0x000002dcb93ab310
Event: 11.664 Thread 0x000002dcceb35770 flushing  nmethod 0x000002dcb93c8a10
Event: 11.664 Thread 0x000002dcceb35770 flushing  nmethod 0x000002dcb9405b90
Event: 11.664 Thread 0x000002dcceb35770 flushing  nmethod 0x000002dcb9483710
Event: 11.664 Thread 0x000002dcceb35770 flushing  nmethod 0x000002dcb950fc10
Event: 11.664 Thread 0x000002dcceb35770 flushing  nmethod 0x000002dcb9515d10
Event: 11.664 Thread 0x000002dcceb35770 flushing  nmethod 0x000002dcb9517210
Event: 11.664 Thread 0x000002dcceb35770 flushing  nmethod 0x000002dcb953c210
Event: 11.664 Thread 0x000002dcceb35770 flushing  nmethod 0x000002dcb954a610
Event: 11.664 Thread 0x000002dcceb35770 flushing  nmethod 0x000002dcb9583590
Event: 11.664 Thread 0x000002dcceb35770 flushing  nmethod 0x000002dcb97bde10
Event: 11.664 Thread 0x000002dcceb35770 flushing  nmethod 0x000002dcb98dc290

Events (19 events):
Event: 0.125 Thread 0x000002dcb591f700 Thread added: 0x000002dcb591f700
Event: 0.319 Thread 0x000002dcb591f700 Thread added: 0x000002dcceb7ffe0
Event: 0.329 Thread 0x000002dcb591f700 Thread added: 0x000002dcceb92420
Event: 0.329 Thread 0x000002dcb591f700 Thread added: 0x000002dcceb95290
Event: 0.333 Thread 0x000002dcb591f700 Thread added: 0x000002dcceb97b50
Event: 0.333 Thread 0x000002dcb591f700 Thread added: 0x000002dcceb960e0
Event: 0.333 Thread 0x000002dcb591f700 Thread added: 0x000002dcceba0cf0
Event: 0.333 Thread 0x000002dcb591f700 Thread added: 0x000002dcceba1750
Event: 0.333 Thread 0x000002dcb591f700 Thread added: 0x000002dcceba5980
Event: 0.334 Thread 0x000002dcb591f700 Thread added: 0x000002dcceba6420
Event: 0.420 Thread 0x000002dcb591f700 Thread added: 0x000002dcced62540
Event: 0.437 Loaded shared library C:\Program Files\Android\Android Studio\jbr\bin\net.dll
Event: 0.443 Loaded shared library C:\Program Files\Android\Android Studio\jbr\bin\nio.dll
Event: 0.585 Loaded shared library C:\Program Files\Android\Android Studio\jbr\bin\zip.dll
Event: 0.634 Loaded shared library C:\Program Files\Android\Android Studio\jbr\bin\jimage.dll
Event: 3.771 Thread 0x000002dcceba6420 Thread added: 0x000002dccee6f650
Event: 7.970 Thread 0x000002dcceba5980 Thread added: 0x000002dcd8d376f0
Event: 8.229 Thread 0x000002dccee6f650 Thread added: 0x000002dcd8d39fd0
Event: 9.598 Thread 0x000002dcd8d376f0 Thread exited: 0x000002dcd8d376f0


Dynamic libraries:
0x00007ff71ddf0000 - 0x00007ff71ddfa000 	C:\Program Files\Android\Android Studio\jbr\bin\java.exe
0x00007ffb6a8c0000 - 0x00007ffb6ab28000 	C:\WINDOWS\SYSTEM32\ntdll.dll
0x00007ffb69390000 - 0x00007ffb69459000 	C:\WINDOWS\System32\KERNEL32.DLL
0x00007ffb68120000 - 0x00007ffb68518000 	C:\WINDOWS\System32\KERNELBASE.dll
0x00007ffb67a10000 - 0x00007ffb67b5b000 	C:\WINDOWS\System32\ucrtbase.dll
0x00007ffb28e40000 - 0x00007ffb28e58000 	C:\Program Files\Android\Android Studio\jbr\bin\jli.dll
0x00007ffb14310000 - 0x00007ffb1432b000 	C:\Program Files\Android\Android Studio\jbr\bin\VCRUNTIME140.dll
0x00007ffb696e0000 - 0x00007ffb698a7000 	C:\WINDOWS\System32\USER32.dll
0x00007ffb51a60000 - 0x00007ffb51cf4000 	C:\WINDOWS\WinSxS\amd64_microsoft.windows.common-controls_6595b64144ccf1df_6.0.26100.7019_none_3e06ffa0e335b8a8\COMCTL32.dll
0x00007ffb67eb0000 - 0x00007ffb67ed7000 	C:\WINDOWS\System32\win32u.dll
0x00007ffb691e0000 - 0x00007ffb6920b000 	C:\WINDOWS\System32\GDI32.dll
0x00007ffb692d0000 - 0x00007ffb69379000 	C:\WINDOWS\System32\msvcrt.dll
0x00007ffb67d80000 - 0x00007ffb67eac000 	C:\WINDOWS\System32\gdi32full.dll
0x00007ffb67cd0000 - 0x00007ffb67d73000 	C:\WINDOWS\System32\msvcp_win.dll
0x00007ffb698d0000 - 0x00007ffb69901000 	C:\WINDOWS\System32\IMM32.DLL
0x00007ffb2c4d0000 - 0x00007ffb2c4dc000 	C:\Program Files\Android\Android Studio\jbr\bin\vcruntime140_1.dll
0x00007ffaef270000 - 0x00007ffaef2fd000 	C:\Program Files\Android\Android Studio\jbr\bin\msvcp140.dll
0x00007ffae04a0000 - 0x00007ffae1136000 	C:\Program Files\Android\Android Studio\jbr\bin\server\jvm.dll
0x00007ffb68670000 - 0x00007ffb68724000 	C:\WINDOWS\System32\ADVAPI32.dll
0x00007ffb69630000 - 0x00007ffb696d6000 	C:\WINDOWS\System32\sechost.dll
0x00007ffb68730000 - 0x00007ffb68848000 	C:\WINDOWS\System32\RPCRT4.dll
0x00007ffb68850000 - 0x00007ffb688c4000 	C:\WINDOWS\System32\WS2_32.dll
0x00007ffb5f9c0000 - 0x00007ffb5f9f5000 	C:\WINDOWS\SYSTEM32\WINMM.dll
0x00007ffb5f8c0000 - 0x00007ffb5f8cb000 	C:\WINDOWS\SYSTEM32\VERSION.dll
0x00007ffb67870000 - 0x00007ffb678ce000 	C:\WINDOWS\SYSTEM32\POWRPROF.dll
0x00007ffb67850000 - 0x00007ffb67864000 	C:\WINDOWS\SYSTEM32\UMPDC.dll
0x00007ffb66730000 - 0x00007ffb6674b000 	C:\WINDOWS\SYSTEM32\kernel.appcore.dll
0x00007ffb26b90000 - 0x00007ffb26b9a000 	C:\Program Files\Android\Android Studio\jbr\bin\jimage.dll
0x00007ffb65010000 - 0x00007ffb65252000 	C:\WINDOWS\SYSTEM32\DBGHELP.DLL
0x00007ffb6a160000 - 0x00007ffb6a4eb000 	C:\WINDOWS\System32\combase.dll
0x00007ffb6a080000 - 0x00007ffb6a157000 	C:\WINDOWS\System32\OLEAUT32.dll
0x00007ffb473b0000 - 0x00007ffb473ec000 	C:\WINDOWS\SYSTEM32\dbgcore.DLL
0x00007ffb685b0000 - 0x00007ffb68655000 	C:\WINDOWS\System32\bcryptPrimitives.dll
0x00007ffb0e740000 - 0x00007ffb0e760000 	C:\Program Files\Android\Android Studio\jbr\bin\java.dll
0x00007ffb0e720000 - 0x00007ffb0e738000 	C:\Program Files\Android\Android Studio\jbr\bin\zip.dll
0x00007ffb69910000 - 0x00007ffb6a05f000 	C:\WINDOWS\System32\SHELL32.dll
0x00007ffb67b60000 - 0x00007ffb67ccb000 	C:\WINDOWS\System32\wintypes.dll
0x00007ffb655e0000 - 0x00007ffb65e3d000 	C:\WINDOWS\SYSTEM32\windows.storage.dll
0x00007ffb69460000 - 0x00007ffb69552000 	C:\WINDOWS\System32\SHCORE.dll
0x00007ffb695c0000 - 0x00007ffb69627000 	C:\WINDOWS\System32\shlwapi.dll
0x00007ffb67930000 - 0x00007ffb67959000 	C:\WINDOWS\SYSTEM32\profapi.dll
0x00007ffb143b0000 - 0x00007ffb143c0000 	C:\Program Files\Android\Android Studio\jbr\bin\net.dll
0x00007ffb61560000 - 0x00007ffb61688000 	C:\WINDOWS\SYSTEM32\WINHTTP.dll
0x00007ffb66ce0000 - 0x00007ffb66d4b000 	C:\WINDOWS\system32\mswsock.dll
0x00007ffb0e700000 - 0x00007ffb0e716000 	C:\Program Files\Android\Android Studio\jbr\bin\nio.dll
0x00007ffb2fe60000 - 0x00007ffb2fe70000 	C:\Program Files\Android\Android Studio\jbr\bin\verify.dll

JVMTI agents: none

dbghelp: loaded successfully - version: 4.0.5 - missing functions: none
symbol engine: initialized successfully - sym options: 0x614 - pdb path: .;C:\Program Files\Android\Android Studio\jbr\bin;C:\WINDOWS\SYSTEM32;C:\WINDOWS\WinSxS\amd64_microsoft.windows.common-controls_6595b64144ccf1df_6.0.26100.7019_none_3e06ffa0e335b8a8;C:\Program Files\Android\Android Studio\jbr\bin\server

VM Arguments:
java_command: org.jetbrains.kotlin.cli.jvm.K2JVMCompiler @D:\salat\salaat\build\shared_preferences_android\20251203_17728873658083402394.compiler.options
java_class_path (initial): C:\Users\Dell-3\.gradle\caches\modules-2\files-2.1\org.jetbrains.kotlin\kotlin-compiler-embeddable\2.1.0\988bf980588bbbcfa1ba19c1ffd7aa869b335a31\kotlin-compiler-embeddable-2.1.0.jar;C:\Users\Dell-3\.gradle\caches\modules-2\files-2.1\org.jetbrains.kotlin\kotlin-stdlib\2.1.0\85f8b81009cda5890e54ba67d64b5e599c645020\kotlin-stdlib-2.1.0.jar;C:\Users\Dell-3\.gradle\caches\modules-2\files-2.1\org.jetbrains.kotlin\kotlin-script-runtime\2.1.0\5909da8c57b75a117714ab0e348c86101b7a3284\kotlin-script-runtime-2.1.0.jar;C:\Users\Dell-3\.gradle\caches\modules-2\files-2.1\org.jetbrains.kotlin\kotlin-reflect\1.6.10\1cbe9c92c12a94eea200d23c2bbaedaf3daf5132\kotlin-reflect-1.6.10.jar;C:\Users\Dell-3\.gradle\caches\modules-2\files-2.1\org.jetbrains.kotlin\kotlin-daemon-embeddable\2.1.0\420bae1908e4a353f5b56c3c850d24d86367b25d\kotlin-daemon-embeddable-2.1.0.jar;C:\Users\Dell-3\.gradle\caches\modules-2\files-2.1\org.jetbrains.intellij.deps\trove4j\1.0.20200330\3afb14d5f9ceb459d724e907a21145e8ff394f02\trove4j-1.0.20200330.jar;C:\Users\Dell-3\.gradle\caches\modules-2\files-2.1\org.jetbrains.kotlinx\kotlinx-coroutines-core-jvm\1.6.4\2c997cd1c0ef33f3e751d3831929aeff1390cb30\kotlinx-coroutines-core-jvm-1.6.4.jar;C:\Users\Dell-3\.gradle\caches\modules-2\files-2.1\org.jetbrains\annotations\13.0\919f0dfe192fb4e063e7dacadee7f8bb9a2672a9\annotations-13.0.jar
Launcher Type: SUN_STANDARD

[Global flags]
     intx CICompilerCount                          = 12                                        {product} {ergonomic}
     uint ConcGCThreads                            = 5                                         {product} {ergonomic}
     uint G1ConcRefinementThreads                  = 20                                        {product} {ergonomic}
   size_t G1HeapRegionSize                         = 1048576                                   {product} {ergonomic}
    uintx GCDrainStackTargetSize                   = 64                                        {product} {ergonomic}
   size_t InitialHeapSize                          = 130023424                                 {product} {ergonomic}
   size_t MarkStackSize                            = 4194304                                   {product} {ergonomic}
   size_t MaxHeapSize                              = 2065694720                                {product} {ergonomic}
   size_t MaxNewSize                               = 1239416832                                {product} {ergonomic}
   size_t MinHeapDeltaBytes                        = 1048576                                   {product} {ergonomic}
   size_t MinHeapSize                              = 8388608                                   {product} {ergonomic}
    uintx NonNMethodCodeHeapSize                   = 7602480                                {pd product} {ergonomic}
    uintx NonProfiledCodeHeapSize                  = 122027880                              {pd product} {ergonomic}
    uintx ProfiledCodeHeapSize                     = 122027880                              {pd product} {ergonomic}
    uintx ReservedCodeCacheSize                    = 251658240                              {pd product} {ergonomic}
     bool SegmentedCodeCache                       = true                                      {product} {ergonomic}
   size_t SoftMaxHeapSize                          = 2065694720                             {manageable} {ergonomic}
     bool UseCompressedOops                        = true                           {product lp64_product} {ergonomic}
     bool UseG1GC                                  = true                                      {product} {ergonomic}
     bool UseLargePagesIndividualAllocation        = false                                  {pd product} {ergonomic}

Logging:
Log output configuration:
 #0: stdout all=warning uptime,level,tags foldmultilines=false
 #1: stderr all=off uptime,level,tags foldmultilines=false

Environment Variables:
JAVA_HOME=C:\Program Files\Android\Android Studio\jbr
CLASSPATH=D:\salat\salaat\android\\gradle\wrapper\gradle-wrapper.jar
PATH=C:\Program Files\Android\Android Studio\jbr\bin;C:\Users\Dell-3\AppData\Local\Programs\Microsoft VS Code\bin;C:\Program Files\Common Files\Oracle\Java\javapath;C:\Python314\Scripts\;C:\Python314\;C:\WINDOWS\system32;C:\WINDOWS;C:\WINDOWS\System32\Wbem;C:\WINDOWS\System32\WindowsPowerShell\v1.0\;C:\WINDOWS\System32\OpenSSH\;C:\ProgramData\chocolatey\bin;C:\Program Files\dotnet\;C:\xampp\php;C:\ProgramData\ComposerSetup\bin;C:\Program Files\nodejs\;C:\Program Files\Git\cmd;C:\Program Files (x86)\HP\HP OCR\DB_Lib\;C:\Program Files\HP\Common\HPDestPlgIn\;C:\Program Files (x86)\HP\Common\HPDestPlgIn\;C:\Program Files\Common Files\Oracle\Java\javapath;C:\Python314\Scripts\;C:\Python314\;C:\WINDOWS\system32;C:\WINDOWS;C:\WINDOWS\System32\Wbem;C:\WINDOWS\System32\WindowsPowerShell\v1.0\;C:\WINDOWS\System32\OpenSSH\;C:\ProgramData\chocolatey\bin;C:\Program Files\dotnet\;C:\xampp\php;C:\ProgramData\ComposerSetup\bin;C:\Program Files\nodejs\;C:\Program Files\Git\cmd;C:\Users\Dell-3\AppData\Local\Microsoft\WindowsApps;C:\Users\Dell-3\AppData\Local\Programs\Microsoft VS Code\bin;C:\Users\Dell-3\.dotnet\tools;C:\Users\Dell-3\AppData\Local\Pub\Cache\bin;C:\dart;C:\src\flutter\flutter\bin;C:\Users\Dell-3\AppData\Roaming\Composer\vendor\bin;C:\Users\Dell-3\AppData\Roaming\npm;C:\Program Files\Git\bin;C:\Users\Dell-3\AppData\Local\Android\Sdk\platform-tools;C:\Users\Dell-3\AppData\Local\Android\Sdk\platform-tools;C:\Program Files\HP\Common\HPDestPlgIn\;C:\Program Files (x86)\HP\Common\HPDestPlgIn\;C:\src\flutter\flutter\bin\mingit\cmd
USERNAME=Dell-3
TERM=xterm-256color
OS=Windows_NT
PROCESSOR_IDENTIFIER=Intel64 Family 6 Model 183 Stepping 1, GenuineIntel
TMP=C:\Users\Dell-3\AppData\Local\Temp
TEMP=C:\Users\Dell-3\AppData\Local\Temp




Periodic native trim disabled

JNI global refs:
JNI global refs: 19, weak refs: 2

JNI global refs memory usage: 835, weak refs: 833

Process memory usage:
Resident Set Size: 226692K (2% of 8067892K total physical memory with 24824K free physical memory)

OOME stack traces (most recent first):
Classloader memory used:
Loader jdk.internal.loader.ClassLoaders$AppClassLoader                                 : 60812K
Loader bootstrap                                                                       : 11214K

---------------  S Y S T E M  ---------------

OS:
 Windows 11 , 64 bit Build 26100 (10.0.26100.7019)
OS uptime: 0 days 5:12 hours
Hyper-V role detected

CPU: total 28 (initial active 28) (14 cores per cpu, 2 threads per core) family 6 model 183 stepping 1 microcode 0x12f, cx8, cmov, fxsr, ht, mmx, 3dnowpref, sse, sse2, sse3, ssse3, sse4.1, sse4.2, popcnt, lzcnt, tsc, tscinvbit, avx, avx2, aes, erms, clmul, bmi1, bmi2, adx, sha, fma, vzeroupper, clflush, clflushopt, clwb, hv, serialize, rdtscp, rdpid, fsrm, f16c, cet_ibt, cet_ss
Processor Information for the first 28 processors :
  Max Mhz: 2100, Current Mhz: 2100, Mhz Limit: 2100

Memory: 4k page, system-wide physical 7878M (15M free)
TotalPageFile size 32454M (AvailPageFile size 238M)
current process WorkingSet (physical memory assigned to process): 221M, peak: 251M
current process commit charge ("private bytes"): 343M, peak: 354M

vm_info: OpenJDK 64-Bit Server VM (21.0.8+-14196175-b1038.72) for windows-amd64 JRE (21.0.8+-14196175-b1038.72), built on 2025-10-01T10:24:33Z by "builder" with MS VC++ 16.10 / 16.11 (VS2019)

END.
