#
# There is insufficient memory for the Java Runtime Environment to continue.
# Native memory allocation (malloc) failed to allocate 2075696 bytes. Error detail: Chunk::new
# Possible reasons:
#   The system is out of physical RAM or swap space
#   This process is running with CompressedOops enabled, and the Java Heap may be blocking the growth of the native heap
# Possible solutions:
#   Reduce memory load on the system
#   Increase physical memory or swap space
#   Check if swap backing store is full
#   Decrease Java heap size (-Xmx/-Xms)
#   Decrease number of Java threads
#   Decrease Java thread stack sizes (-Xss)
#   Set larger code cache with -XX:ReservedCodeCacheSize=
#   JVM is running with Unscaled Compressed Oops mode in which the Java heap is
#     placed in the first 4GB address space. The Java Heap base address is the
#     maximum limit for the native heap growth. Please use -XX:HeapBaseMinAddress
#     to set the Java Heap base and to place the Java Heap above 4GB virtual address.
# This output file may be truncated or incomplete.
#
#  Out of Memory Error (arena.cpp:168), pid=24068, tid=23256
#
# JRE version: OpenJDK Runtime Environment (21.0.8) (build 21.0.8+-14196175-b1038.72)
# Java VM: OpenJDK 64-Bit Server VM (21.0.8+-14196175-b1038.72, mixed mode, tiered, compressed oops, compressed class ptrs, g1 gc, windows-amd64)
# No core dump will be written. Minidumps are not enabled by default on client versions of Windows
#

---------------  S U M M A R Y ------------

Command Line: org.jetbrains.kotlin.cli.jvm.K2JVMCompiler @D:\salat\salaat\build\video_player_android\20251225_2163818701826983198.compiler.options

Host: Intel(R) Core(TM) i7-14700, 28 cores, 7G,  Windows 11 , 64 bit Build 26100 (10.0.26100.7309)
Time: Thu Dec 25 16:26:17 2025 elapsed time: 8.677639 seconds (0d 0h 0m 8s)

---------------  T H R E A D  ---------------

Current thread (0x000001ba43b67f00):  JavaThread "C2 CompilerThread0" daemon [_thread_in_native, id=23256, stack(0x0000004d46200000,0x0000004d46300000) (1024K)]


Current CompileTask:
C2:8677 3113   !   4       org.jetbrains.kotlin.metadata.ProtoBuf$Function::<init> (1508 bytes)

Stack: [0x0000004d46200000,0x0000004d46300000]
Native frames: (J=compiled Java code, j=interpreted, Vv=VM code, C=native code)
V  [jvm.dll+0x6d68d9]
V  [jvm.dll+0x866693]
V  [jvm.dll+0x868c4e]
V  [jvm.dll+0x869333]
V  [jvm.dll+0x280566]
V  [jvm.dll+0xc07cd]
V  [jvm.dll+0xc0d03]
V  [jvm.dll+0x3b95e1]
V  [jvm.dll+0x385507]
V  [jvm.dll+0x38497a]
V  [jvm.dll+0x249252]
V  [jvm.dll+0x248821]
V  [jvm.dll+0x1c73a4]
V  [jvm.dll+0x257f9e]
V  [jvm.dll+0x2564e6]
V  [jvm.dll+0x3f4696]
V  [jvm.dll+0x80eac8]
V  [jvm.dll+0x6d512d]
C  [ucrtbase.dll+0x37b0]
C  [KERNEL32.DLL+0x2e8d7]
C  [ntdll.dll+0x8c53c]


---------------  P R O C E S S  ---------------

Threads class SMR info:
_java_thread_list=0x000001ba43cdb300, length=11, elements={
0x000001ba2a8c5430, 0x000001ba43b10ba0, 0x000001ba43b11720, 0x000001ba43b67890,
0x000001ba43b3b1c0, 0x000001ba43b3b830, 0x000001ba43b3c290, 0x000001ba43b543e0,
0x000001ba43b67f00, 0x000001ba43b6a9b0, 0x000001ba43d01430
}

Java Threads: ( => current thread )
  0x000001ba2a8c5430 JavaThread "main"                              [_thread_in_vm, id=8596, stack(0x0000004d45300000,0x0000004d45400000) (1024K)]
  0x000001ba43b10ba0 JavaThread "Common-Cleaner"             daemon [_thread_blocked, id=9120, stack(0x0000004d45b00000,0x0000004d45c00000) (1024K)]
  0x000001ba43b11720 JavaThread "Reference Handler"          daemon [_thread_blocked, id=8140, stack(0x0000004d45c00000,0x0000004d45d00000) (1024K)]
  0x000001ba43b67890 JavaThread "Finalizer"                  daemon [_thread_blocked, id=17916, stack(0x0000004d45d00000,0x0000004d45e00000) (1024K)]
  0x000001ba43b3b1c0 JavaThread "Signal Dispatcher"          daemon [_thread_blocked, id=8536, stack(0x0000004d45e00000,0x0000004d45f00000) (1024K)]
  0x000001ba43b3b830 JavaThread "Attach Listener"            daemon [_thread_blocked, id=10620, stack(0x0000004d45f00000,0x0000004d46000000) (1024K)]
  0x000001ba43b3c290 JavaThread "Service Thread"             daemon [_thread_blocked, id=23304, stack(0x0000004d46000000,0x0000004d46100000) (1024K)]
  0x000001ba43b543e0 JavaThread "Monitor Deflation Thread"   daemon [_thread_blocked, id=16444, stack(0x0000004d46100000,0x0000004d46200000) (1024K)]
=>0x000001ba43b67f00 JavaThread "C2 CompilerThread0"         daemon [_thread_in_native, id=23256, stack(0x0000004d46200000,0x0000004d46300000) (1024K)]
  0x000001ba43b6a9b0 JavaThread "C1 CompilerThread0"         daemon [_thread_in_native, id=19508, stack(0x0000004d46300000,0x0000004d46400000) (1024K)]
  0x000001ba43d01430 JavaThread "Notification Thread"        daemon [_thread_blocked, id=21312, stack(0x0000004d46400000,0x0000004d46500000) (1024K)]
Total: 11

Other Threads:
  0x000001ba43ab8200 VMThread "VM Thread"                           [id=25612, stack(0x0000004d45a00000,0x0000004d45b00000) (1024K)]
  0x000001ba435e5f20 WatcherThread "VM Periodic Task Thread"        [id=22388, stack(0x0000004d45900000,0x0000004d45a00000) (1024K)]
  0x000001ba2a919010 WorkerThread "GC Thread#0"                     [id=12068, stack(0x0000004d45400000,0x0000004d45500000) (1024K)]
  0x000001ba485e65b0 WorkerThread "GC Thread#1"                     [id=9020, stack(0x0000004d46500000,0x0000004d46600000) (1024K)]
  0x000001ba485e6950 WorkerThread "GC Thread#2"                     [id=21120, stack(0x0000004d46600000,0x0000004d46700000) (1024K)]
  0x000001ba48590e70 WorkerThread "GC Thread#3"                     [id=10608, stack(0x0000004d46700000,0x0000004d46800000) (1024K)]
  0x000001ba48591210 WorkerThread "GC Thread#4"                     [id=3856, stack(0x0000004d46800000,0x0000004d46900000) (1024K)]
  0x000001ba485915b0 WorkerThread "GC Thread#5"                     [id=23512, stack(0x0000004d46900000,0x0000004d46a00000) (1024K)]
  0x000001ba48a5d950 WorkerThread "GC Thread#6"                     [id=21460, stack(0x0000004d46a00000,0x0000004d46b00000) (1024K)]
  0x000001ba48a5e090 WorkerThread "GC Thread#7"                     [id=23536, stack(0x0000004d46b00000,0x0000004d46c00000) (1024K)]
  0x000001ba48a5d210 WorkerThread "GC Thread#8"                     [id=17988, stack(0x0000004d46c00000,0x0000004d46d00000) (1024K)]
  0x000001ba49038880 WorkerThread "GC Thread#9"                     [id=2884, stack(0x0000004d47100000,0x0000004d47200000) (1024K)]
  0x000001ba49039360 WorkerThread "GC Thread#10"                    [id=18664, stack(0x0000004d47200000,0x0000004d47300000) (1024K)]
  0x000001ba49039700 WorkerThread "GC Thread#11"                    [id=23000, stack(0x0000004d47300000,0x0000004d47400000) (1024K)]
  0x000001ba492b5af0 WorkerThread "GC Thread#12"                    [id=6136, stack(0x0000004d47400000,0x0000004d47500000) (1024K)]
  0x000001ba492b8670 WorkerThread "GC Thread#13"                    [id=11316, stack(0x0000004d47500000,0x0000004d47600000) (1024K)]
  0x000001ba49169fe0 WorkerThread "GC Thread#14"                    [id=21340, stack(0x0000004d47600000,0x0000004d47700000) (1024K)]
  0x000001ba49168680 WorkerThread "GC Thread#15"                    [id=24552, stack(0x0000004d47700000,0x0000004d47800000) (1024K)]
  0x000001ba2a92b6f0 ConcurrentGCThread "G1 Main Marker"            [id=6640, stack(0x0000004d45500000,0x0000004d45600000) (1024K)]
  0x000001ba2a92c1f0 WorkerThread "G1 Conc#0"                       [id=9156, stack(0x0000004d45600000,0x0000004d45700000) (1024K)]
  0x000001ba48a5e430 WorkerThread "G1 Conc#1"                       [id=2488, stack(0x0000004d46d00000,0x0000004d46e00000) (1024K)]
  0x000001ba48a5cad0 WorkerThread "G1 Conc#2"                       [id=6220, stack(0x0000004d46e00000,0x0000004d46f00000) (1024K)]
  0x000001ba48a5ce70 WorkerThread "G1 Conc#3"                       [id=2164, stack(0x0000004d46f00000,0x0000004d47000000) (1024K)]
  0x000001ba48a5d5b0 WorkerThread "G1 Conc#4"                       [id=16680, stack(0x0000004d47000000,0x0000004d47100000) (1024K)]
  0x000001ba434b8930 ConcurrentGCThread "G1 Refine#0"               [id=24536, stack(0x0000004d45700000,0x0000004d45800000) (1024K)]
  0x000001ba434b9150 ConcurrentGCThread "G1 Service"                [id=23372, stack(0x0000004d45800000,0x0000004d45900000) (1024K)]
Total: 26

Threads with active compile tasks:
C2 CompilerThread0  8715 3113   !   4       org.jetbrains.kotlin.metadata.ProtoBuf$Function::<init> (1508 bytes)
C1 CompilerThread0  8715 3532       3       org.jetbrains.kotlin.fir.resolve.providers.impl.FirCachingCompositeSymbolProvider$symbolNamesProvider$1::getTopLevelClassifierNamesInPackage (12 bytes)
Total: 2

VM state: not at safepoint (normal execution)

VM Mutex/Monitor currently owned by a thread: None

Heap address: 0x0000000084e00000, size: 1970 MB, Compressed Oops mode: 32-bit

CDS archive(s) not mapped
Compressed class space mapped at: 0x0000000100000000-0x0000000140000000, reserved size: 1073741824
Narrow klass base: 0x0000000000000000, Narrow klass shift: 3, Narrow klass range: 0x140000000

GC Precious Log:
 CardTable entry size: 512
 Card Set container configuration: InlinePtr #cards 5 size 8 Array Of Cards #cards 12 size 40 Howl #buckets 4 coarsen threshold 1843 Howl Bitmap #cards 512 size 80 coarsen threshold 460 Card regions per heap region 1 cards per card region 2048
 CPUs: 28 total, 28 available
 Memory: 7878M
 Large Page Support: Disabled
 NUMA Support: Disabled
 Compressed Oops: Enabled (32-bit)
 Heap Region Size: 1M
 Heap Min Capacity: 8M
 Heap Initial Capacity: 124M
 Heap Max Capacity: 1970M
 Pre-touch: Disabled
 Parallel Workers: 20
 Concurrent Workers: 5
 Concurrent Refinement Workers: 20
 Periodic GC: Disabled

Heap:
 garbage-first heap   total 76800K, used 41432K [0x0000000084e00000, 0x0000000100000000)
  region size 1024K, 16 young (16384K), 2 survivors (2048K)
 Metaspace       used 46689K, committed 46912K, reserved 1114112K
  class space    used 5437K, committed 5568K, reserved 1048576K

Heap Regions: E=young(eden), S=young(survivor), O=old, HS=humongous(starts), HC=humongous(continues), CS=collection set, F=free, TAMS=top-at-mark-start, PB=parsable bottom
|   0|0x0000000084e00000, 0x0000000084f00000, 0x0000000084f00000|100%|HS|  |TAMS 0x0000000084e00000| PB 0x0000000084e00000| Complete 
|   1|0x0000000084f00000, 0x0000000085000000, 0x0000000085000000|100%|HC|  |TAMS 0x0000000084f00000| PB 0x0000000084f00000| Complete 
|   2|0x0000000085000000, 0x0000000085100000, 0x0000000085100000|100%|HC|  |TAMS 0x0000000085000000| PB 0x0000000085000000| Complete 
|   3|0x0000000085100000, 0x0000000085200000, 0x0000000085200000|100%| O|  |TAMS 0x0000000085100000| PB 0x0000000085100000| Untracked 
|   4|0x0000000085200000, 0x0000000085300000, 0x0000000085300000|100%| O|  |TAMS 0x0000000085200000| PB 0x0000000085200000| Untracked 
|   5|0x0000000085300000, 0x0000000085400000, 0x0000000085400000|100%| O|  |TAMS 0x0000000085300000| PB 0x0000000085300000| Untracked 
|   6|0x0000000085400000, 0x0000000085500000, 0x0000000085500000|100%| O|  |TAMS 0x0000000085400000| PB 0x0000000085400000| Untracked 
|   7|0x0000000085500000, 0x0000000085600000, 0x0000000085600000|100%| O|  |TAMS 0x0000000085500000| PB 0x0000000085500000| Untracked 
|   8|0x0000000085600000, 0x0000000085700000, 0x0000000085700000|100%| O|  |TAMS 0x0000000085600000| PB 0x0000000085600000| Untracked 
|   9|0x0000000085700000, 0x0000000085800000, 0x0000000085800000|100%| O|  |TAMS 0x0000000085700000| PB 0x0000000085700000| Untracked 
|  10|0x0000000085800000, 0x0000000085900000, 0x0000000085900000|100%| O|  |TAMS 0x0000000085800000| PB 0x0000000085800000| Untracked 
|  11|0x0000000085900000, 0x0000000085a00000, 0x0000000085a00000|100%| O|  |TAMS 0x0000000085900000| PB 0x0000000085900000| Untracked 
|  12|0x0000000085a00000, 0x0000000085b00000, 0x0000000085b00000|100%| O|  |TAMS 0x0000000085a00000| PB 0x0000000085a00000| Untracked 
|  13|0x0000000085b00000, 0x0000000085c00000, 0x0000000085c00000|100%| O|  |TAMS 0x0000000085b00000| PB 0x0000000085b00000| Untracked 
|  14|0x0000000085c00000, 0x0000000085d00000, 0x0000000085d00000|100%| O|  |TAMS 0x0000000085c00000| PB 0x0000000085c00000| Untracked 
|  15|0x0000000085d00000, 0x0000000085e00000, 0x0000000085e00000|100%| O|  |TAMS 0x0000000085d00000| PB 0x0000000085d00000| Untracked 
|  16|0x0000000085e00000, 0x0000000085f00000, 0x0000000085f00000|100%| O|  |TAMS 0x0000000085e00000| PB 0x0000000085e00000| Untracked 
|  17|0x0000000085f00000, 0x0000000086000000, 0x0000000086000000|100%| O|  |TAMS 0x0000000085f00000| PB 0x0000000085f00000| Untracked 
|  18|0x0000000086000000, 0x0000000086100000, 0x0000000086100000|100%| O|  |TAMS 0x0000000086000000| PB 0x0000000086000000| Untracked 
|  19|0x0000000086100000, 0x0000000086200000, 0x0000000086200000|100%| O|  |TAMS 0x0000000086100000| PB 0x0000000086100000| Untracked 
|  20|0x0000000086200000, 0x0000000086300000, 0x0000000086300000|100%|HS|  |TAMS 0x0000000086200000| PB 0x0000000086200000| Complete 
|  21|0x0000000086300000, 0x0000000086400000, 0x0000000086400000|100%| O|  |TAMS 0x0000000086300000| PB 0x0000000086300000| Untracked 
|  22|0x0000000086400000, 0x0000000086500000, 0x0000000086500000|100%| O|  |TAMS 0x0000000086400000| PB 0x0000000086400000| Untracked 
|  23|0x0000000086500000, 0x0000000086600000, 0x0000000086600000|100%| O|Cm|TAMS 0x0000000086500000| PB 0x0000000086500000| Complete 
|  24|0x0000000086600000, 0x0000000086600000, 0x0000000086700000|  0%| F|  |TAMS 0x0000000086600000| PB 0x0000000086600000| Untracked 
|  25|0x0000000086700000, 0x0000000086700000, 0x0000000086800000|  0%| F|  |TAMS 0x0000000086700000| PB 0x0000000086700000| Untracked 
|  26|0x0000000086800000, 0x0000000086900000, 0x0000000086900000|100%| O|  |TAMS 0x0000000086800000| PB 0x0000000086800000| Untracked 
|  27|0x0000000086900000, 0x0000000086a00000, 0x0000000086a00000|100%| O|  |TAMS 0x0000000086900000| PB 0x0000000086900000| Untracked 
|  28|0x0000000086a00000, 0x0000000086a76310, 0x0000000086b00000| 46%| O|  |TAMS 0x0000000086a00000| PB 0x0000000086a00000| Untracked 
|  29|0x0000000086b00000, 0x0000000086b00000, 0x0000000086c00000|  0%| F|  |TAMS 0x0000000086b00000| PB 0x0000000086b00000| Untracked 
|  30|0x0000000086c00000, 0x0000000086d00000, 0x0000000086d00000|100%| S|CS|TAMS 0x0000000086c00000| PB 0x0000000086c00000| Complete 
|  31|0x0000000086d00000, 0x0000000086e00000, 0x0000000086e00000|100%| S|CS|TAMS 0x0000000086d00000| PB 0x0000000086d00000| Complete 
|  32|0x0000000086e00000, 0x0000000086e00000, 0x0000000086f00000|  0%| F|  |TAMS 0x0000000086e00000| PB 0x0000000086e00000| Untracked 
|  33|0x0000000086f00000, 0x0000000086f00000, 0x0000000087000000|  0%| F|  |TAMS 0x0000000086f00000| PB 0x0000000086f00000| Untracked 
|  34|0x0000000087000000, 0x0000000087000000, 0x0000000087100000|  0%| F|  |TAMS 0x0000000087000000| PB 0x0000000087000000| Untracked 
|  35|0x0000000087100000, 0x0000000087100000, 0x0000000087200000|  0%| F|  |TAMS 0x0000000087100000| PB 0x0000000087100000| Untracked 
|  36|0x0000000087200000, 0x0000000087200000, 0x0000000087300000|  0%| F|  |TAMS 0x0000000087200000| PB 0x0000000087200000| Untracked 
|  37|0x0000000087300000, 0x0000000087300000, 0x0000000087400000|  0%| F|  |TAMS 0x0000000087300000| PB 0x0000000087300000| Untracked 
|  38|0x0000000087400000, 0x0000000087400000, 0x0000000087500000|  0%| F|  |TAMS 0x0000000087400000| PB 0x0000000087400000| Untracked 
|  39|0x0000000087500000, 0x0000000087500000, 0x0000000087600000|  0%| F|  |TAMS 0x0000000087500000| PB 0x0000000087500000| Untracked 
|  40|0x0000000087600000, 0x0000000087600000, 0x0000000087700000|  0%| F|  |TAMS 0x0000000087600000| PB 0x0000000087600000| Untracked 
|  41|0x0000000087700000, 0x0000000087700000, 0x0000000087800000|  0%| F|  |TAMS 0x0000000087700000| PB 0x0000000087700000| Untracked 
|  42|0x0000000087800000, 0x0000000087800000, 0x0000000087900000|  0%| F|  |TAMS 0x0000000087800000| PB 0x0000000087800000| Untracked 
|  43|0x0000000087900000, 0x0000000087900000, 0x0000000087a00000|  0%| F|  |TAMS 0x0000000087900000| PB 0x0000000087900000| Untracked 
|  44|0x0000000087a00000, 0x0000000087a00000, 0x0000000087b00000|  0%| F|  |TAMS 0x0000000087a00000| PB 0x0000000087a00000| Untracked 
|  45|0x0000000087b00000, 0x0000000087b00000, 0x0000000087c00000|  0%| F|  |TAMS 0x0000000087b00000| PB 0x0000000087b00000| Untracked 
|  46|0x0000000087c00000, 0x0000000087c00000, 0x0000000087d00000|  0%| F|  |TAMS 0x0000000087c00000| PB 0x0000000087c00000| Untracked 
|  47|0x0000000087d00000, 0x0000000087d00000, 0x0000000087e00000|  0%| F|  |TAMS 0x0000000087d00000| PB 0x0000000087d00000| Untracked 
|  48|0x0000000087e00000, 0x0000000087e00000, 0x0000000087f00000|  0%| F|  |TAMS 0x0000000087e00000| PB 0x0000000087e00000| Untracked 
|  49|0x0000000087f00000, 0x0000000087f00000, 0x0000000088000000|  0%| F|  |TAMS 0x0000000087f00000| PB 0x0000000087f00000| Untracked 
|  50|0x0000000088000000, 0x0000000088000000, 0x0000000088100000|  0%| F|  |TAMS 0x0000000088000000| PB 0x0000000088000000| Untracked 
|  51|0x0000000088100000, 0x0000000088100000, 0x0000000088200000|  0%| F|  |TAMS 0x0000000088100000| PB 0x0000000088100000| Untracked 
|  52|0x0000000088200000, 0x0000000088200000, 0x0000000088300000|  0%| F|  |TAMS 0x0000000088200000| PB 0x0000000088200000| Untracked 
|  53|0x0000000088300000, 0x0000000088300000, 0x0000000088400000|  0%| F|  |TAMS 0x0000000088300000| PB 0x0000000088300000| Untracked 
|  54|0x0000000088400000, 0x0000000088400000, 0x0000000088500000|  0%| F|  |TAMS 0x0000000088400000| PB 0x0000000088400000| Untracked 
|  55|0x0000000088500000, 0x0000000088500000, 0x0000000088600000|  0%| F|  |TAMS 0x0000000088500000| PB 0x0000000088500000| Untracked 
|  56|0x0000000088600000, 0x0000000088600000, 0x0000000088700000|  0%| F|  |TAMS 0x0000000088600000| PB 0x0000000088600000| Untracked 
|  57|0x0000000088700000, 0x0000000088700000, 0x0000000088800000|  0%| F|  |TAMS 0x0000000088700000| PB 0x0000000088700000| Untracked 
|  58|0x0000000088800000, 0x0000000088800000, 0x0000000088900000|  0%| F|  |TAMS 0x0000000088800000| PB 0x0000000088800000| Untracked 
|  59|0x0000000088900000, 0x0000000088900000, 0x0000000088a00000|  0%| F|  |TAMS 0x0000000088900000| PB 0x0000000088900000| Untracked 
|  60|0x0000000088a00000, 0x0000000088a00000, 0x0000000088b00000|  0%| F|  |TAMS 0x0000000088a00000| PB 0x0000000088a00000| Untracked 
|  61|0x0000000088b00000, 0x0000000088b46cb0, 0x0000000088c00000| 27%| E|  |TAMS 0x0000000088b00000| PB 0x0000000088b00000| Complete 
|  62|0x0000000088c00000, 0x0000000088d00000, 0x0000000088d00000|100%| E|CS|TAMS 0x0000000088c00000| PB 0x0000000088c00000| Complete 
|  63|0x0000000088d00000, 0x0000000088e00000, 0x0000000088e00000|100%| E|CS|TAMS 0x0000000088d00000| PB 0x0000000088d00000| Complete 
|  64|0x0000000088e00000, 0x0000000088f00000, 0x0000000088f00000|100%| E|CS|TAMS 0x0000000088e00000| PB 0x0000000088e00000| Complete 
|  65|0x0000000088f00000, 0x0000000089000000, 0x0000000089000000|100%| E|CS|TAMS 0x0000000088f00000| PB 0x0000000088f00000| Complete 
|  66|0x0000000089000000, 0x0000000089100000, 0x0000000089100000|100%| E|CS|TAMS 0x0000000089000000| PB 0x0000000089000000| Complete 
|  67|0x0000000089100000, 0x0000000089200000, 0x0000000089200000|100%| E|CS|TAMS 0x0000000089100000| PB 0x0000000089100000| Complete 
|  68|0x0000000089200000, 0x0000000089300000, 0x0000000089300000|100%| E|CS|TAMS 0x0000000089200000| PB 0x0000000089200000| Complete 
|  69|0x0000000089300000, 0x0000000089400000, 0x0000000089400000|100%| E|CS|TAMS 0x0000000089300000| PB 0x0000000089300000| Complete 
|  70|0x0000000089400000, 0x0000000089500000, 0x0000000089500000|100%| E|CS|TAMS 0x0000000089400000| PB 0x0000000089400000| Complete 
|  71|0x0000000089500000, 0x0000000089600000, 0x0000000089600000|100%| E|CS|TAMS 0x0000000089500000| PB 0x0000000089500000| Complete 
|  72|0x0000000089600000, 0x0000000089700000, 0x0000000089700000|100%| E|CS|TAMS 0x0000000089600000| PB 0x0000000089600000| Complete 
| 103|0x000000008b500000, 0x000000008b600000, 0x000000008b600000|100%| E|  |TAMS 0x000000008b500000| PB 0x000000008b500000| Complete 
| 123|0x000000008c900000, 0x000000008ca00000, 0x000000008ca00000|100%| E|CS|TAMS 0x000000008c900000| PB 0x000000008c900000| Complete 

Card table byte_map: [0x000001ba3ddf0000,0x000001ba3e1d0000] _byte_map_base: 0x000001ba3d9c9000

Marking Bits: (CMBitMap*) 0x000001ba2a919710
 Bits: [0x000001ba3e1d0000, 0x000001ba40098000)

Polling page: 0x000001ba28b40000

Metaspace:

Usage:
  Non-class:     40.29 MB used.
      Class:      5.31 MB used.
       Both:     45.60 MB used.

Virtual space:
  Non-class space:       64.00 MB reserved,      40.38 MB ( 63%) committed,  1 nodes.
      Class space:        1.00 GB reserved,       5.44 MB ( <1%) committed,  1 nodes.
             Both:        1.06 GB reserved,      45.81 MB (  4%) committed. 

Chunk freelists:
   Non-Class:  7.56 MB
       Class:  10.55 MB
        Both:  18.11 MB

MaxMetaspaceSize: unlimited
CompressedClassSpaceSize: 1.00 GB
Initial GC threshold: 21.00 MB
Current GC threshold: 75.31 MB
CDS: off
 - commit_granule_bytes: 65536.
 - commit_granule_words: 8192.
 - virtual_space_node_default_size: 8388608.
 - enlarge_chunks_in_place: 1.
 - use_allocation_guard: 0.


Internal statistics:

num_allocs_failed_limit: 3.
num_arena_births: 204.
num_arena_deaths: 0.
num_vsnodes_births: 2.
num_vsnodes_deaths: 0.
num_space_committed: 732.
num_space_uncommitted: 0.
num_chunks_returned_to_freelist: 3.
num_chunks_taken_from_freelist: 1490.
num_chunk_merges: 3.
num_chunk_splits: 1279.
num_chunks_enlarged: 1172.
num_inconsistent_stats: 0.

CodeHeap 'non-profiled nmethods': size=119168Kb used=1425Kb max_used=1425Kb free=117742Kb
 bounds [0x000001ba355b0000, 0x000001ba35820000, 0x000001ba3ca10000]
CodeHeap 'profiled nmethods': size=119104Kb used=6023Kb max_used=6023Kb free=113080Kb
 bounds [0x000001ba2da10000, 0x000001ba2e000000, 0x000001ba34e60000]
CodeHeap 'non-nmethods': size=7488Kb used=1566Kb max_used=1600Kb free=5921Kb
 bounds [0x000001ba34e60000, 0x000001ba350d0000, 0x000001ba355b0000]
CodeCache: size=245760Kb, used=9014Kb, max_used=9048Kb, free=236743Kb
 total_blobs=3702, nmethods=3066, adapters=540, full_count=0
Compilation: enabled, stopped_count=0, restarted_count=0

Compilation events (20 events):
Event: 7.647 Thread 0x000001ba43b6a9b0 3431       1       org.jetbrains.kotlin.fir.declarations.impl.FirDeclarationStatusImpl::getModality (5 bytes)
Event: 7.647 Thread 0x000001ba43b6a9b0 nmethod 3431 0x000001ba35712710 code [0x000001ba357128a0, 0x000001ba35712968]
Event: 7.654 Thread 0x000001ba43b6a9b0 3438       3       org.jetbrains.kotlin.metadata.ProtoBuf$Property::hasReceiverType (18 bytes)
Event: 7.654 Thread 0x000001ba43b6a9b0 nmethod 3438 0x000001ba2dec0990 code [0x000001ba2dec0b20, 0x000001ba2dec0c88]
Event: 7.654 Thread 0x000001ba43b6a9b0 3439       3       org.jetbrains.kotlin.config.LanguageVersionSettingsImpl::getFlag (26 bytes)
Event: 7.654 Thread 0x000001ba43b6a9b0 nmethod 3439 0x000001ba2da5d310 code [0x000001ba2da5d540, 0x000001ba2da5dbf0]
Event: 7.654 Thread 0x000001ba43b6a9b0 3443       3       org.jetbrains.kotlin.com.intellij.openapi.util.Ref::create (8 bytes)
Event: 7.654 Thread 0x000001ba43b6a9b0 nmethod 3443 0x000001ba2dc53910 code [0x000001ba2dc53ac0, 0x000001ba2dc53cb8]
Event: 7.654 Thread 0x000001ba43b6a9b0 3440       1       org.jetbrains.kotlin.load.kotlin.KotlinBinaryClassCache::access$getCache$p (5 bytes)
Event: 7.655 Thread 0x000001ba43b6a9b0 nmethod 3440 0x000001ba35712a10 code [0x000001ba35712ba0, 0x000001ba35712c50]
Event: 7.655 Thread 0x000001ba43b6a9b0 3441       1       org.jetbrains.kotlin.load.kotlin.KotlinBinaryClassCache$RequestCache::getModificationStamp (5 bytes)
Event: 7.655 Thread 0x000001ba43b6a9b0 nmethod 3441 0x000001ba35712d10 code [0x000001ba35712ea0, 0x000001ba35712f68]
Event: 7.655 Thread 0x000001ba43b6a9b0 3442       1       org.jetbrains.kotlin.load.kotlin.KotlinBinaryClassCache$RequestCache::getVirtualFile (5 bytes)
Event: 7.655 Thread 0x000001ba43b6a9b0 nmethod 3442 0x000001ba35713010 code [0x000001ba357131a0, 0x000001ba35713268]
Event: 7.660 Thread 0x000001ba43b6a9b0 3445       3       org.jetbrains.kotlin.it.unimi.dsi.fastutil.objects.Object2ObjectOpenHashMap::find (106 bytes)
Event: 7.661 Thread 0x000001ba43b6a9b0 nmethod 3445 0x000001ba2dc45c10 code [0x000001ba2dc45e40, 0x000001ba2dc46520]
Event: 7.661 Thread 0x000001ba43b6a9b0 3444       3       org.jetbrains.kotlin.it.unimi.dsi.fastutil.objects.Object2ObjectOpenHashMap::put (43 bytes)
Event: 7.661 Thread 0x000001ba43b6a9b0 nmethod 3444 0x000001ba2da94490 code [0x000001ba2da94660, 0x000001ba2da94a08]
Event: 7.661 Thread 0x000001ba43b6a9b0 3446       3       org.jetbrains.kotlin.it.unimi.dsi.fastutil.objects.Object2ObjectOpenHashMap::insert (63 bytes)
Event: 7.661 Thread 0x000001ba43b6a9b0 nmethod 3446 0x000001ba2db31f90 code [0x000001ba2db32180, 0x000001ba2db32720]

GC Heap History (20 events):
Event: 4.036 GC heap before
{Heap before GC invocations=4 (full 0):
 garbage-first heap   total 31744K, used 21316K [0x0000000084e00000, 0x0000000100000000)
  region size 1024K, 15 young (15360K), 7 survivors (7168K)
 Metaspace       used 24944K, committed 25216K, reserved 1114112K
  class space    used 2664K, committed 2816K, reserved 1048576K
}
Event: 4.046 GC heap after
{Heap after GC invocations=5 (full 0):
 garbage-first heap   total 31744K, used 14336K [0x0000000084e00000, 0x0000000100000000)
  region size 1024K, 1 young (1024K), 1 survivors (1024K)
 Metaspace       used 24944K, committed 25216K, reserved 1114112K
  class space    used 2664K, committed 2816K, reserved 1048576K
}
Event: 4.551 GC heap before
{Heap before GC invocations=5 (full 0):
 garbage-first heap   total 31744K, used 24576K [0x0000000084e00000, 0x0000000100000000)
  region size 1024K, 12 young (12288K), 1 survivors (1024K)
 Metaspace       used 29229K, committed 29504K, reserved 1114112K
  class space    used 3618K, committed 3776K, reserved 1048576K
}
Event: 4.553 GC heap after
{Heap after GC invocations=6 (full 0):
 garbage-first heap   total 31744K, used 14176K [0x0000000084e00000, 0x0000000100000000)
  region size 1024K, 1 young (1024K), 1 survivors (1024K)
 Metaspace       used 29229K, committed 29504K, reserved 1114112K
  class space    used 3618K, committed 3776K, reserved 1048576K
}
Event: 4.985 GC heap before
{Heap before GC invocations=6 (full 0):
 garbage-first heap   total 31744K, used 24416K [0x0000000084e00000, 0x0000000100000000)
  region size 1024K, 12 young (12288K), 1 survivors (1024K)
 Metaspace       used 31157K, committed 31360K, reserved 1114112K
  class space    used 3819K, committed 3904K, reserved 1048576K
}
Event: 4.992 GC heap after
{Heap after GC invocations=7 (full 0):
 garbage-first heap   total 31744K, used 16384K [0x0000000084e00000, 0x0000000100000000)
  region size 1024K, 2 young (2048K), 2 survivors (2048K)
 Metaspace       used 31157K, committed 31360K, reserved 1114112K
  class space    used 3819K, committed 3904K, reserved 1048576K
}
Event: 5.388 GC heap before
{Heap before GC invocations=7 (full 0):
 garbage-first heap   total 31744K, used 25600K [0x0000000084e00000, 0x0000000100000000)
  region size 1024K, 12 young (12288K), 2 survivors (2048K)
 Metaspace       used 33396K, committed 33664K, reserved 1114112K
  class space    used 4058K, committed 4160K, reserved 1048576K
}
Event: 5.394 GC heap after
{Heap after GC invocations=8 (full 0):
 garbage-first heap   total 38912K, used 16709K [0x0000000084e00000, 0x0000000100000000)
  region size 1024K, 1 young (1024K), 1 survivors (1024K)
 Metaspace       used 33396K, committed 33664K, reserved 1114112K
  class space    used 4058K, committed 4160K, reserved 1048576K
}
Event: 6.045 GC heap before
{Heap before GC invocations=9 (full 0):
 garbage-first heap   total 38912K, used 31045K [0x0000000084e00000, 0x0000000100000000)
  region size 1024K, 16 young (16384K), 1 survivors (1024K)
 Metaspace       used 37332K, committed 37568K, reserved 1114112K
  class space    used 4441K, committed 4544K, reserved 1048576K
}
Event: 6.049 GC heap after
{Heap after GC invocations=10 (full 0):
 garbage-first heap   total 38912K, used 17755K [0x0000000084e00000, 0x0000000100000000)
  region size 1024K, 2 young (2048K), 2 survivors (2048K)
 Metaspace       used 37332K, committed 37568K, reserved 1114112K
  class space    used 4441K, committed 4544K, reserved 1048576K
}
Event: 6.582 GC heap before
{Heap before GC invocations=10 (full 0):
 garbage-first heap   total 38912K, used 31067K [0x0000000084e00000, 0x0000000100000000)
  region size 1024K, 16 young (16384K), 2 survivors (2048K)
 Metaspace       used 41059K, committed 41280K, reserved 1114112K
  class space    used 4836K, committed 4928K, reserved 1048576K
}
Event: 6.588 GC heap after
{Heap after GC invocations=11 (full 0):
 garbage-first heap   total 38912K, used 18226K [0x0000000084e00000, 0x0000000100000000)
  region size 1024K, 1 young (1024K), 1 survivors (1024K)
 Metaspace       used 41059K, committed 41280K, reserved 1114112K
  class space    used 4836K, committed 4928K, reserved 1048576K
}
Event: 7.164 GC heap before
{Heap before GC invocations=11 (full 0):
 garbage-first heap   total 38912K, used 33586K [0x0000000084e00000, 0x0000000100000000)
  region size 1024K, 16 young (16384K), 1 survivors (1024K)
 Metaspace       used 44449K, committed 44672K, reserved 1114112K
  class space    used 5211K, committed 5312K, reserved 1048576K
}
Event: 7.170 GC heap after
{Heap after GC invocations=12 (full 0):
 garbage-first heap   total 38912K, used 19702K [0x0000000084e00000, 0x0000000100000000)
  region size 1024K, 2 young (2048K), 2 survivors (2048K)
 Metaspace       used 44449K, committed 44672K, reserved 1114112K
  class space    used 5211K, committed 5312K, reserved 1048576K
}
Event: 7.362 GC heap before
{Heap before GC invocations=12 (full 0):
 garbage-first heap   total 38912K, used 25846K [0x0000000084e00000, 0x0000000100000000)
  region size 1024K, 9 young (9216K), 2 survivors (2048K)
 Metaspace       used 45979K, committed 46272K, reserved 1114112K
  class space    used 5384K, committed 5504K, reserved 1048576K
}
Event: 7.367 GC heap after
{Heap after GC invocations=13 (full 0):
 garbage-first heap   total 38912K, used 20988K [0x0000000084e00000, 0x0000000100000000)
  region size 1024K, 2 young (2048K), 2 survivors (2048K)
 Metaspace       used 45979K, committed 46272K, reserved 1114112K
  class space    used 5384K, committed 5504K, reserved 1048576K
}
Event: 7.409 GC heap before
{Heap before GC invocations=14 (full 0):
 garbage-first heap   total 39936K, used 33276K [0x0000000084e00000, 0x0000000100000000)
  region size 1024K, 13 young (13312K), 2 survivors (2048K)
 Metaspace       used 46034K, committed 46336K, reserved 1114112K
  class space    used 5384K, committed 5504K, reserved 1048576K
}
Event: 7.416 GC heap after
{Heap after GC invocations=15 (full 0):
 garbage-first heap   total 39936K, used 25898K [0x0000000084e00000, 0x0000000100000000)
  region size 1024K, 2 young (2048K), 2 survivors (2048K)
 Metaspace       used 46034K, committed 46336K, reserved 1114112K
  class space    used 5384K, committed 5504K, reserved 1048576K
}
Event: 7.442 GC heap before
{Heap before GC invocations=15 (full 0):
 garbage-first heap   total 39936K, used 33066K [0x0000000084e00000, 0x0000000100000000)
  region size 1024K, 9 young (9216K), 2 survivors (2048K)
 Metaspace       used 46044K, committed 46336K, reserved 1114112K
  class space    used 5384K, committed 5504K, reserved 1048576K
}
Event: 7.448 GC heap after
{Heap after GC invocations=16 (full 0):
 garbage-first heap   total 76800K, used 29144K [0x0000000084e00000, 0x0000000100000000)
  region size 1024K, 2 young (2048K), 2 survivors (2048K)
 Metaspace       used 46044K, committed 46336K, reserved 1114112K
  class space    used 5384K, committed 5504K, reserved 1048576K
}

Dll operation events (3 events):
Event: 0.047 Loaded shared library C:\Program Files\Android\Android Studio\jbr\bin\java.dll
Event: 0.065 Loaded shared library C:\Program Files\Android\Android Studio\jbr\bin\zip.dll
Event: 3.557 Loaded shared library C:\Program Files\Android\Android Studio\jbr\bin\verify.dll

Deoptimization events (20 events):
Event: 7.060 Thread 0x000001ba2a8c5430 Uncommon trap: trap_request=0xffffffde fr.pc=0x000001ba3565f5f0 relative=0x0000000000000830
Event: 7.060 Thread 0x000001ba2a8c5430 Uncommon trap: reason=class_check action=maybe_recompile pc=0x000001ba3565f5f0 method=java.util.HashMap.putVal(ILjava/lang/Object;Ljava/lang/Object;ZZ)Ljava/lang/Object; @ 203 c2
Event: 7.060 Thread 0x000001ba2a8c5430 DEOPT PACKING pc=0x000001ba3565f5f0 sp=0x0000004d453fd230
Event: 7.060 Thread 0x000001ba2a8c5430 DEOPT UNPACKING pc=0x000001ba34eb46a2 sp=0x0000004d453fd1c0 mode 2
Event: 7.060 Thread 0x000001ba2a8c5430 Uncommon trap: trap_request=0xffffffde fr.pc=0x000001ba3565f5f0 relative=0x0000000000000830
Event: 7.060 Thread 0x000001ba2a8c5430 Uncommon trap: reason=class_check action=maybe_recompile pc=0x000001ba3565f5f0 method=java.util.HashMap.putVal(ILjava/lang/Object;Ljava/lang/Object;ZZ)Ljava/lang/Object; @ 203 c2
Event: 7.060 Thread 0x000001ba2a8c5430 DEOPT PACKING pc=0x000001ba3565f5f0 sp=0x0000004d453fd230
Event: 7.060 Thread 0x000001ba2a8c5430 DEOPT UNPACKING pc=0x000001ba34eb46a2 sp=0x0000004d453fd1c0 mode 2
Event: 7.151 Thread 0x000001ba2a8c5430 Uncommon trap: trap_request=0xffffffde fr.pc=0x000001ba35660c80 relative=0x0000000000000320
Event: 7.151 Thread 0x000001ba2a8c5430 Uncommon trap: reason=class_check action=maybe_recompile pc=0x000001ba35660c80 method=java.util.HashMap.getNode(Ljava/lang/Object;)Ljava/util/HashMap$Node; @ 128 c2
Event: 7.151 Thread 0x000001ba2a8c5430 DEOPT PACKING pc=0x000001ba35660c80 sp=0x0000004d453fc810
Event: 7.151 Thread 0x000001ba2a8c5430 DEOPT UNPACKING pc=0x000001ba34eb46a2 sp=0x0000004d453fc728 mode 2
Event: 7.593 Thread 0x000001ba2a8c5430 Uncommon trap: trap_request=0xffffff45 fr.pc=0x000001ba355f1684 relative=0x00000000000000e4
Event: 7.593 Thread 0x000001ba2a8c5430 Uncommon trap: reason=unstable_if action=reinterpret pc=0x000001ba355f1684 method=java.lang.Integer.valueOf(I)Ljava/lang/Integer; @ 3 c2
Event: 7.593 Thread 0x000001ba2a8c5430 DEOPT PACKING pc=0x000001ba355f1684 sp=0x0000004d453fb6c0
Event: 7.593 Thread 0x000001ba2a8c5430 DEOPT UNPACKING pc=0x000001ba34eb46a2 sp=0x0000004d453fb658 mode 2
Event: 7.650 Thread 0x000001ba2a8c5430 DEOPT PACKING pc=0x000001ba2dbeca48 sp=0x0000004d453fb030
Event: 7.650 Thread 0x000001ba2a8c5430 DEOPT UNPACKING pc=0x000001ba34eb4e42 sp=0x0000004d453fa508 mode 0
Event: 7.657 Thread 0x000001ba2a8c5430 DEOPT PACKING pc=0x000001ba2dbeca48 sp=0x0000004d453fb030
Event: 7.657 Thread 0x000001ba2a8c5430 DEOPT UNPACKING pc=0x000001ba34eb4e42 sp=0x0000004d453fa508 mode 0

Classes loaded (20 events):
Event: 6.885 Loading class java/lang/annotation/ElementType
Event: 6.885 Loading class java/lang/annotation/ElementType done
Event: 6.885 Loading class java/lang/Deprecated
Event: 6.885 Loading class java/lang/Deprecated done
Event: 6.885 Loading class java/lang/Override
Event: 6.885 Loading class java/lang/Override done
Event: 7.107 Loading class java/util/concurrent/atomic/AtomicIntegerArray
Event: 7.107 Loading class java/util/concurrent/atomic/AtomicIntegerArray done
Event: 7.107 Loading class java/util/concurrent/atomic/AtomicLongArray
Event: 7.107 Loading class java/util/concurrent/atomic/AtomicLongArray done
Event: 7.237 Loading class java/text/StringCharacterIterator
Event: 7.237 Loading class java/text/CharacterIterator
Event: 7.237 Loading class java/text/CharacterIterator done
Event: 7.237 Loading class java/text/StringCharacterIterator done
Event: 7.281 Loading class java/util/AbstractMap$SimpleImmutableEntry
Event: 7.281 Loading class java/util/AbstractMap$SimpleImmutableEntry done
Event: 7.354 Loading class java/util/AbstractList$ListItr
Event: 7.354 Loading class java/util/AbstractList$ListItr done
Event: 7.632 Loading class java/lang/Byte$ByteCache
Event: 7.632 Loading class java/lang/Byte$ByteCache done

Classes unloaded (0 events):
No events

Classes redefined (0 events):
No events

Internal exceptions (20 events):
Event: 2.163 Thread 0x000001ba2a8c5430 Exception <a 'java/lang/NoSuchMethodError'{0x000000008c6d2c00}: 'int java.lang.invoke.DirectMethodHandle$Holder.invokeSpecial(java.lang.Object, java.lang.Object, java.lang.Object, java.lang.Object)'> (0x000000008c6d2c00) 
thrown [s\src\hotspot\share\interpreter\linkResolver.cpp, line 784]
Event: 2.165 Thread 0x000001ba2a8c5430 Exception <a 'java/lang/NoSuchMethodError'{0x000000008c6e17c0}: 'void java.lang.invoke.DelegatingMethodHandle$Holder.reinvoke_L(java.lang.Object, java.lang.Object, java.lang.Object, long, java.lang.Object, long, long)'> (0x000000008c6e17c0) 
thrown [s\src\hotspot\share\interpreter\linkResolver.cpp, line 784]
Event: 2.166 Thread 0x000001ba2a8c5430 Exception <a 'java/lang/NoSuchMethodError'{0x000000008c6e85c0}: 'long java.lang.invoke.Invokers$Holder.invokeExact_MT(java.lang.Object, java.lang.Object, java.lang.Object)'> (0x000000008c6e85c0) 
thrown [s\src\hotspot\share\interpreter\linkResolver.cpp, line 784]
Event: 2.167 Thread 0x000001ba2a8c5430 Exception <a 'java/lang/NoSuchMethodError'{0x000000008c6ec4f8}: 'int java.lang.invoke.Invokers$Holder.invokeExact_MT(java.lang.Object, java.lang.Object, java.lang.Object)'> (0x000000008c6ec4f8) 
thrown [s\src\hotspot\share\interpreter\linkResolver.cpp, line 784]
Event: 2.230 Thread 0x000001ba2a8c5430 Exception <a 'java/lang/NoSuchMethodError'{0x000000008c4ade70}: 'int java.lang.invoke.DirectMethodHandle$Holder.invokeStatic(java.lang.Object)'> (0x000000008c4ade70) 
thrown [s\src\hotspot\share\interpreter\linkResolver.cpp, line 784]
Event: 2.230 Thread 0x000001ba2a8c5430 Exception <a 'java/lang/NoSuchMethodError'{0x000000008c4b12b8}: 'int java.lang.invoke.DirectMethodHandle$Holder.invokeStaticInit(java.lang.Object)'> (0x000000008c4b12b8) 
thrown [s\src\hotspot\share\interpreter\linkResolver.cpp, line 784]
Event: 2.238 Thread 0x000001ba2a8c5430 Exception <a 'java/lang/NoSuchMethodError'{0x000000008c4df280}: 'java.lang.Object java.lang.invoke.DirectMethodHandle$Holder.newInvokeSpecial(java.lang.Object, java.lang.Object, int)'> (0x000000008c4df280) 
thrown [s\src\hotspot\share\interpreter\linkResolver.cpp, line 784]
Event: 2.961 Thread 0x000001ba2a8c5430 Exception <a 'java/lang/NoSuchMethodError'{0x000000008b764f28}: 'void java.lang.invoke.Invokers$Holder.invokeExact_MT(java.lang.Object, int, java.lang.Object)'> (0x000000008b764f28) 
thrown [s\src\hotspot\share\interpreter\linkResolver.cpp, line 784]
Event: 3.070 Thread 0x000001ba2a8c5430 Exception <a 'java/lang/NoSuchMethodError'{0x000000008635c120}: 'java.lang.Object java.lang.invoke.DirectMethodHandle$Holder.invokeStatic(java.lang.Object, java.lang.Object, long, long)'> (0x000000008635c120) 
thrown [s\src\hotspot\share\interpreter\linkResolver.cpp, line 784]
Event: 3.086 Thread 0x000001ba2a8c5430 Exception <a 'java/lang/NoSuchMethodError'{0x0000000086385dd8}: 'long java.lang.invoke.DirectMethodHandle$Holder.invokeStatic(java.lang.Object, java.lang.Object, int)'> (0x0000000086385dd8) 
thrown [s\src\hotspot\share\interpreter\linkResolver.cpp, line 784]
Event: 3.087 Thread 0x000001ba2a8c5430 Exception <a 'java/lang/NoSuchMethodError'{0x0000000086391070}: 'java.lang.Object java.lang.invoke.DelegatingMethodHandle$Holder.reinvoke_L(java.lang.Object, int, long, java.lang.Object, java.lang.Object, int, java.lang.Object)'> (0x0000000086391070) 
thrown [s\src\hotspot\share\interpreter\linkResolver.cpp, line 784]
Event: 3.102 Thread 0x000001ba2a8c5430 Exception <a 'java/lang/NoSuchMethodError'{0x00000000863d39e8}: 'java.lang.Object java.lang.invoke.DirectMethodHandle$Holder.newInvokeSpecial(java.lang.Object, java.lang.Object, java.lang.Object, long)'> (0x00000000863d39e8) 
thrown [s\src\hotspot\share\interpreter\linkResolver.cpp, line 784]
Event: 3.102 Thread 0x000001ba2a8c5430 Exception <a 'java/lang/NoSuchMethodError'{0x00000000863d7598}: 'java.lang.Object java.lang.invoke.Invokers$Holder.linkToTargetMethod(java.lang.Object, java.lang.Object, long, java.lang.Object)'> (0x00000000863d7598) 
thrown [s\src\hotspot\share\interpreter\linkResolver.cpp, line 784]
Event: 3.213 Thread 0x000001ba2a8c5430 Implicit null exception at 0x000001ba35619f67 to 0x000001ba3561a370
Event: 3.974 Thread 0x000001ba2a8c5430 Exception <a 'java/lang/NoSuchMethodError'{0x0000000085f5f408}: 'java.lang.Object java.lang.invoke.DirectMethodHandle$Holder.newInvokeSpecial(java.lang.Object, java.lang.Object, java.lang.Object, java.lang.Object, java.lang.Object, java.lang.Object, java.lang.Object)'> (0x0000000085f5f408) 
thrown [s\src\hotspot\share\interpreter\linkResolver.cpp, line 784]
Event: 5.659 Thread 0x000001ba2a8c5430 Exception <a 'java/lang/NoSuchMethodError'{0x0000000086c91ae0}: 'java.lang.Object java.lang.invoke.DirectMethodHandle$Holder.invokeVirtual(java.lang.Object, java.lang.Object, java.lang.Object)'> (0x0000000086c91ae0) 
thrown [s\src\hotspot\share\interpreter\linkResolver.cpp, line 784]
Event: 6.840 Thread 0x000001ba2a8c5430 Exception <a 'java/lang/NoSuchMethodError'{0x0000000086daa6f8}: 'java.lang.Object java.lang.invoke.DirectMethodHandle$Holder.newInvokeSpecial(java.lang.Object, java.lang.Object, java.lang.Object, int, java.lang.Object)'> (0x0000000086daa6f8) 
thrown [s\src\hotspot\share\interpreter\linkResolver.cpp, line 784]
Event: 7.099 Thread 0x000001ba2a8c5430 Exception <a 'java/lang/NoSuchMethodError'{0x00000000866061d8}: 'java.lang.Object java.lang.invoke.DirectMethodHandle$Holder.newInvokeSpecial(java.lang.Object, java.lang.Object, java.lang.Object, java.lang.Object, int)'> (0x00000000866061d8) 
thrown [s\src\hotspot\share\interpreter\linkResolver.cpp, line 784]
Event: 7.099 Thread 0x000001ba2a8c5430 Exception <a 'java/lang/NoSuchMethodError'{0x000000008660a620}: 'java.lang.Object java.lang.invoke.DirectMethodHandle$Holder.invokeSpecial(java.lang.Object, java.lang.Object, java.lang.Object, java.lang.Object, java.lang.Object, int)'> (0x000000008660a620) 
thrown [s\src\hotspot\share\interpreter\linkResolver.cpp, line 784]
Event: 7.100 Thread 0x000001ba2a8c5430 Exception <a 'java/lang/NoSuchMethodError'{0x000000008660e360}: 'java.lang.Object java.lang.invoke.Invokers$Holder.linkToTargetMethod(java.lang.Object, java.lang.Object, java.lang.Object, int, java.lang.Object)'> (0x000000008660e360) 
thrown [s\src\hotspot\share\interpreter\linkResolver.cpp, line 784]

ZGC Phase Switch (0 events):
No events

VM Operations (20 events):
Event: 7.346 Executing VM operation: HandshakeAllThreads (Deoptimize)
Event: 7.346 Executing VM operation: HandshakeAllThreads (Deoptimize) done
Event: 7.355 Executing VM operation: HandshakeAllThreads (Deoptimize)
Event: 7.355 Executing VM operation: HandshakeAllThreads (Deoptimize) done
Event: 7.362 Executing VM operation: G1TryInitiateConcMark (G1 Humongous Allocation)
Event: 7.367 Executing VM operation: G1TryInitiateConcMark (G1 Humongous Allocation) done
Event: 7.376 Executing VM operation: G1PauseRemark
Event: 7.381 Executing VM operation: G1PauseRemark done
Event: 7.383 Executing VM operation: G1PauseCleanup
Event: 7.383 Executing VM operation: G1PauseCleanup done
Event: 7.409 Executing VM operation: G1CollectForAllocation (G1 Evacuation Pause)
Event: 7.416 Executing VM operation: G1CollectForAllocation (G1 Evacuation Pause) done
Event: 7.442 Executing VM operation: G1CollectForAllocation (G1 Evacuation Pause)
Event: 7.448 Executing VM operation: G1CollectForAllocation (G1 Evacuation Pause) done
Event: 7.499 Executing VM operation: G1PauseRemark
Event: 7.504 Executing VM operation: G1PauseRemark done
Event: 7.508 Executing VM operation: G1PauseCleanup
Event: 7.508 Executing VM operation: G1PauseCleanup done
Event: 8.515 Executing VM operation: Cleanup
Event: 8.515 Executing VM operation: Cleanup done

Memory protections (0 events):
No events

Nmethod flushes (20 events):
Event: 7.504 Thread 0x000001ba43ab8200 flushing  nmethod 0x000001ba2de22d10
Event: 7.504 Thread 0x000001ba43ab8200 flushing  nmethod 0x000001ba2de23f90
Event: 7.504 Thread 0x000001ba43ab8200 flushing  nmethod 0x000001ba2de24790
Event: 7.504 Thread 0x000001ba43ab8200 flushing  nmethod 0x000001ba2de27210
Event: 7.504 Thread 0x000001ba43ab8200 flushing  nmethod 0x000001ba2de28810
Event: 7.504 Thread 0x000001ba43ab8200 flushing  nmethod 0x000001ba2de2a790
Event: 7.504 Thread 0x000001ba43ab8200 flushing  nmethod 0x000001ba2de2b810
Event: 7.504 Thread 0x000001ba43ab8200 flushing  nmethod 0x000001ba2de2c590
Event: 7.504 Thread 0x000001ba43ab8200 flushing  nmethod 0x000001ba2dec0990
Event: 7.504 Thread 0x000001ba43ab8200 flushing  nmethod 0x000001ba2dec5490
Event: 7.504 Thread 0x000001ba43ab8200 flushing  nmethod 0x000001ba2dec5e10
Event: 7.504 Thread 0x000001ba43ab8200 flushing  nmethod 0x000001ba2dec7990
Event: 7.504 Thread 0x000001ba43ab8200 flushing  nmethod 0x000001ba2dec7e90
Event: 7.504 Thread 0x000001ba43ab8200 flushing  nmethod 0x000001ba2deccd10
Event: 7.504 Thread 0x000001ba43ab8200 flushing  nmethod 0x000001ba2ded1510
Event: 7.504 Thread 0x000001ba43ab8200 flushing  nmethod 0x000001ba2dee8190
Event: 7.504 Thread 0x000001ba43ab8200 flushing  nmethod 0x000001ba2df0c890
Event: 7.504 Thread 0x000001ba43ab8200 flushing  nmethod 0x000001ba2df1fc90
Event: 7.504 Thread 0x000001ba43ab8200 flushing  nmethod 0x000001ba2df2c310
Event: 7.504 Thread 0x000001ba43ab8200 flushing  nmethod 0x000001ba2df32f10

Events (15 events):
Event: 0.061 Thread 0x000001ba2a8c5430 Thread added: 0x000001ba2a8c5430
Event: 0.180 Thread 0x000001ba2a8c5430 Thread added: 0x000001ba43b10ba0
Event: 0.186 Thread 0x000001ba2a8c5430 Thread added: 0x000001ba43b11720
Event: 0.186 Thread 0x000001ba2a8c5430 Thread added: 0x000001ba43b67890
Event: 0.188 Thread 0x000001ba2a8c5430 Thread added: 0x000001ba43b3b1c0
Event: 0.188 Thread 0x000001ba2a8c5430 Thread added: 0x000001ba43b3b830
Event: 0.188 Thread 0x000001ba2a8c5430 Thread added: 0x000001ba43b3c290
Event: 0.188 Thread 0x000001ba2a8c5430 Thread added: 0x000001ba43b543e0
Event: 0.188 Thread 0x000001ba2a8c5430 Thread added: 0x000001ba43b67f00
Event: 0.188 Thread 0x000001ba2a8c5430 Thread added: 0x000001ba43b6a9b0
Event: 0.301 Thread 0x000001ba2a8c5430 Thread added: 0x000001ba43d01430
Event: 0.339 Loaded shared library C:\Program Files\Android\Android Studio\jbr\bin\net.dll
Event: 0.346 Loaded shared library C:\Program Files\Android\Android Studio\jbr\bin\nio.dll
Event: 0.535 Loaded shared library C:\Program Files\Android\Android Studio\jbr\bin\zip.dll
Event: 0.630 Loaded shared library C:\Program Files\Android\Android Studio\jbr\bin\jimage.dll


Dynamic libraries:
0x00007ff6a8ad0000 - 0x00007ff6a8ada000 	C:\Program Files\Android\Android Studio\jbr\bin\java.exe
0x00007ffb1e180000 - 0x00007ffb1e3e7000 	C:\WINDOWS\SYSTEM32\ntdll.dll
0x00007ffb1cfe0000 - 0x00007ffb1d0a9000 	C:\WINDOWS\System32\KERNEL32.DLL
0x00007ffb1b9d0000 - 0x00007ffb1bdbf000 	C:\WINDOWS\System32\KERNELBASE.dll
0x00007ffb1bdd0000 - 0x00007ffb1bf1b000 	C:\WINDOWS\System32\ucrtbase.dll
0x00007ffb078f0000 - 0x00007ffb0790b000 	C:\Program Files\Android\Android Studio\jbr\bin\VCRUNTIME140.dll
0x00007ffb09930000 - 0x00007ffb09948000 	C:\Program Files\Android\Android Studio\jbr\bin\jli.dll
0x00007ffb1df60000 - 0x00007ffb1e125000 	C:\WINDOWS\System32\USER32.dll
0x00007ffb1b730000 - 0x00007ffb1b757000 	C:\WINDOWS\System32\win32u.dll
0x00007ffb1d380000 - 0x00007ffb1d3ab000 	C:\WINDOWS\System32\GDI32.dll
0x00007ffb1b760000 - 0x00007ffb1b88c000 	C:\WINDOWS\System32\gdi32full.dll
0x00007ffb01b00000 - 0x00007ffb01d93000 	C:\WINDOWS\WinSxS\amd64_microsoft.windows.common-controls_6595b64144ccf1df_6.0.26100.7309_none_3e05feeae336a044\COMCTL32.dll
0x00007ffb1c7a0000 - 0x00007ffb1c849000 	C:\WINDOWS\System32\msvcrt.dll
0x00007ffb1b5c0000 - 0x00007ffb1b663000 	C:\WINDOWS\System32\msvcp_win.dll
0x00007ffb1dce0000 - 0x00007ffb1dd11000 	C:\WINDOWS\System32\IMM32.DLL
0x00007ffaf9a10000 - 0x00007ffaf9a1c000 	C:\Program Files\Android\Android Studio\jbr\bin\vcruntime140_1.dll
0x00007ffaa5e80000 - 0x00007ffaa5f0d000 	C:\Program Files\Android\Android Studio\jbr\bin\msvcp140.dll
0x00007ffab5e10000 - 0x00007ffab6aa6000 	C:\Program Files\Android\Android Studio\jbr\bin\server\jvm.dll
0x00007ffb1dd90000 - 0x00007ffb1de44000 	C:\WINDOWS\System32\ADVAPI32.dll
0x00007ffb1d4c0000 - 0x00007ffb1d566000 	C:\WINDOWS\System32\sechost.dll
0x00007ffb1cdc0000 - 0x00007ffb1ced8000 	C:\WINDOWS\System32\RPCRT4.dll
0x00007ffb1c520000 - 0x00007ffb1c594000 	C:\WINDOWS\System32\WS2_32.dll
0x00007ffb1b130000 - 0x00007ffb1b18e000 	C:\WINDOWS\SYSTEM32\POWRPROF.dll
0x00007ffb13ab0000 - 0x00007ffb13ae5000 	C:\WINDOWS\SYSTEM32\WINMM.dll
0x00007ffb13540000 - 0x00007ffb1354b000 	C:\WINDOWS\SYSTEM32\VERSION.dll
0x00007ffb1b110000 - 0x00007ffb1b124000 	C:\WINDOWS\SYSTEM32\UMPDC.dll
0x00007ffb19fa0000 - 0x00007ffb19fbb000 	C:\WINDOWS\SYSTEM32\kernel.appcore.dll
0x00007ffaf9770000 - 0x00007ffaf977a000 	C:\Program Files\Android\Android Studio\jbr\bin\jimage.dll
0x00007ffb188d0000 - 0x00007ffb18b12000 	C:\WINDOWS\SYSTEM32\DBGHELP.DLL
0x00007ffb1c190000 - 0x00007ffb1c515000 	C:\WINDOWS\System32\combase.dll
0x00007ffb1de50000 - 0x00007ffb1df26000 	C:\WINDOWS\System32\OLEAUT32.dll
0x00007ffaf9b60000 - 0x00007ffaf9b9c000 	C:\WINDOWS\SYSTEM32\dbgcore.DLL
0x00007ffb1b890000 - 0x00007ffb1b935000 	C:\WINDOWS\System32\bcryptPrimitives.dll
0x00007ffaf9750000 - 0x00007ffaf9770000 	C:\Program Files\Android\Android Studio\jbr\bin\java.dll
0x00007ffaf9730000 - 0x00007ffaf9748000 	C:\Program Files\Android\Android Studio\jbr\bin\zip.dll
0x00007ffb1d570000 - 0x00007ffb1dcc3000 	C:\WINDOWS\System32\SHELL32.dll
0x00007ffb1b450000 - 0x00007ffb1b5ba000 	C:\WINDOWS\System32\wintypes.dll
0x00007ffb18e80000 - 0x00007ffb196de000 	C:\WINDOWS\SYSTEM32\windows.storage.dll
0x00007ffb1d0b0000 - 0x00007ffb1d1a5000 	C:\WINDOWS\System32\SHCORE.dll
0x00007ffb1dd20000 - 0x00007ffb1dd86000 	C:\WINDOWS\System32\shlwapi.dll
0x00007ffb1b1f0000 - 0x00007ffb1b219000 	C:\WINDOWS\SYSTEM32\profapi.dll
0x00007ffaed690000 - 0x00007ffaed6a0000 	C:\Program Files\Android\Android Studio\jbr\bin\net.dll
0x00007ffb13760000 - 0x00007ffb13888000 	C:\WINDOWS\SYSTEM32\WINHTTP.dll
0x00007ffb1a590000 - 0x00007ffb1a5fb000 	C:\WINDOWS\system32\mswsock.dll
0x00007ffaed670000 - 0x00007ffaed686000 	C:\Program Files\Android\Android Studio\jbr\bin\nio.dll
0x00007ffb098d0000 - 0x00007ffb098e0000 	C:\Program Files\Android\Android Studio\jbr\bin\verify.dll

JVMTI agents: none

dbghelp: loaded successfully - version: 4.0.5 - missing functions: none
symbol engine: initialized successfully - sym options: 0x614 - pdb path: .;C:\Program Files\Android\Android Studio\jbr\bin;C:\WINDOWS\SYSTEM32;C:\WINDOWS\WinSxS\amd64_microsoft.windows.common-controls_6595b64144ccf1df_6.0.26100.7309_none_3e05feeae336a044;C:\Program Files\Android\Android Studio\jbr\bin\server

VM Arguments:
java_command: org.jetbrains.kotlin.cli.jvm.K2JVMCompiler @D:\salat\salaat\build\video_player_android\20251225_2163818701826983198.compiler.options
java_class_path (initial): C:\Users\Dell-3\.gradle\caches\modules-2\files-2.1\org.jetbrains.kotlin\kotlin-compiler-embeddable\2.1.20\4ef56b3316798316bfac7a0ae443391c9e900ea1\kotlin-compiler-embeddable-2.1.20.jar;C:\Users\Dell-3\.gradle\caches\modules-2\files-2.1\org.jetbrains.kotlin\kotlin-stdlib\2.1.20\aa8ca79cd50578314f6d1180c47cbe14c0fee567\kotlin-stdlib-2.1.20.jar;C:\Users\Dell-3\.gradle\caches\modules-2\files-2.1\org.jetbrains.kotlin\kotlin-script-runtime\2.1.20\f7c623d7f7bdb01f5ccd6b437bc0a937fcd7c57e\kotlin-script-runtime-2.1.20.jar;C:\Users\Dell-3\.gradle\caches\modules-2\files-2.1\org.jetbrains.kotlin\kotlin-reflect\1.6.10\1cbe9c92c12a94eea200d23c2bbaedaf3daf5132\kotlin-reflect-1.6.10.jar;C:\Users\Dell-3\.gradle\caches\modules-2\files-2.1\org.jetbrains.kotlin\kotlin-daemon-embeddable\2.1.20\95670fce77befd02a70a0bc3abe8ee4533521334\kotlin-daemon-embeddable-2.1.20.jar;C:\Users\Dell-3\.gradle\caches\modules-2\files-2.1\org.jetbrains.intellij.deps\trove4j\1.0.20200330\3afb14d5f9ceb459d724e907a21145e8ff394f02\trove4j-1.0.20200330.jar;C:\Users\Dell-3\.gradle\caches\modules-2\files-2.1\org.jetbrains.kotlinx\kotlinx-coroutines-core-jvm\1.8.0\ac1dc37a30a93150b704022f8d895ee1bd3a36b3\kotlinx-coroutines-core-jvm-1.8.0.jar;C:\Users\Dell-3\.gradle\caches\modules-2\files-2.1\org.jetbrains\annotations\13.0\919f0dfe192fb4e063e7dacadee7f8bb9a2672a9\annotations-13.0.jar
Launcher Type: SUN_STANDARD

[Global flags]
     intx CICompilerCount                          = 12                                        {product} {ergonomic}
     uint ConcGCThreads                            = 5                                         {product} {ergonomic}
     uint G1ConcRefinementThreads                  = 20                                        {product} {ergonomic}
   size_t G1HeapRegionSize                         = 1048576                                   {product} {ergonomic}
    uintx GCDrainStackTargetSize                   = 64                                        {product} {ergonomic}
   size_t InitialHeapSize                          = 130023424                                 {product} {ergonomic}
   size_t MarkStackSize                            = 4194304                                   {product} {ergonomic}
   size_t MaxHeapSize                              = 2065694720                                {product} {ergonomic}
   size_t MaxNewSize                               = 1239416832                                {product} {ergonomic}
   size_t MinHeapDeltaBytes                        = 1048576                                   {product} {ergonomic}
   size_t MinHeapSize                              = 8388608                                   {product} {ergonomic}
    uintx NonNMethodCodeHeapSize                   = 7602480                                {pd product} {ergonomic}
    uintx NonProfiledCodeHeapSize                  = 122027880                              {pd product} {ergonomic}
    uintx ProfiledCodeHeapSize                     = 122027880                              {pd product} {ergonomic}
    uintx ReservedCodeCacheSize                    = 251658240                              {pd product} {ergonomic}
     bool SegmentedCodeCache                       = true                                      {product} {ergonomic}
   size_t SoftMaxHeapSize                          = 2065694720                             {manageable} {ergonomic}
     bool UseCompressedOops                        = true                           {product lp64_product} {ergonomic}
     bool UseG1GC                                  = true                                      {product} {ergonomic}
     bool UseLargePagesIndividualAllocation        = false                                  {pd product} {ergonomic}

Logging:
Log output configuration:
 #0: stdout all=warning uptime,level,tags foldmultilines=false
 #1: stderr all=off uptime,level,tags foldmultilines=false

Environment Variables:
JAVA_HOME=C:\Program Files\Android\Android Studio\jbr
CLASSPATH=d:\salat\salaat\android\\gradle\wrapper\gradle-wrapper.jar
PATH=C:\Program Files\Android\Android Studio\jbr\bin;C:\Program Files\Common Files\Oracle\Java\javapath;C:\Python314\Scripts\;C:\Python314\;C:\WINDOWS\system32;C:\WINDOWS;C:\WINDOWS\System32\Wbem;C:\WINDOWS\System32\WindowsPowerShell\v1.0\;C:\WINDOWS\System32\OpenSSH\;C:\ProgramData\chocolatey\bin;C:\xampp\php;C:\ProgramData\ComposerSetup\bin;C:\Program Files\Git\cmd;C:\Program Files (x86)\HP\HP OCR\DB_Lib\;C:\Program Files\HP\Common\HPDestPlgIn\;C:\Program Files (x86)\HP\Common\HPDestPlgIn\;C:\Program Files\nodejs\;C:\Program Files\dotnet\;C:\ffmpeg\bin;C:\Program Files\Common Files\Oracle\Java\javapath;C:\Python314\Scripts\;C:\Python314\;C:\WINDOWS\system32;C:\WINDOWS;C:\WINDOWS\System32\Wbem;C:\WINDOWS\System32\WindowsPowerShell\v1.0\;C:\WINDOWS\System32\OpenSSH\;C:\ProgramData\chocolatey\bin;C:\Program Files\dotnet\;C:\xampp\php;C:\ProgramData\ComposerSetup\bin;C:\Program Files\nodejs\;C:\Program Files\Git\cmd;C:\Users\Dell-3\AppData\Local\Microsoft\WindowsApps;C:\Users\Dell-3\AppData\Local\Programs\Microsoft VS Code\bin;C:\Users\Dell-3\.dotnet\tools;C:\Users\Dell-3\AppData\Local\Pub\Cache\bin;C:\dart;C:\src\flutter\flutter\bin;C:\Users\Dell-3\AppData\Roaming\Composer\vendor\bin;C:\Program Files\Git\bin;C:\Users\Dell-3\AppData\Local\Android\Sdk\platform-tools;C:\Users\Dell-3\AppData\Local\Android\Sdk\platform-tools;C:\Program Files\HP\Common\HPDestPlgIn\;C:\Program Files (x86)\HP\Common\HPDestPlgIn\;C:\Users\Dell-3\AppData\Roaming\npm;C:\Users\Dell-3\.dotnet\tools;C:\src\flutter\flutter\bin\mingit\cmd
USERNAME=Dell-3
OS=Windows_NT
PROCESSOR_IDENTIFIER=Intel64 Family 6 Model 183 Stepping 1, GenuineIntel
TMP=C:\Users\Dell-3\AppData\Local\Temp
TEMP=C:\Users\Dell-3\AppData\Local\Temp




Periodic native trim disabled

JNI global refs:
JNI global refs: 20, weak refs: 16

JNI global refs memory usage: 835, weak refs: 833

Process memory usage:
Resident Set Size: 139232K (1% of 8067892K total physical memory with 8308K free physical memory)

OOME stack traces (most recent first):
Classloader memory used:
Loader jdk.internal.loader.ClassLoaders$AppClassLoader                                 : 36392K
Loader bootstrap                                                                       : 10345K

---------------  S Y S T E M  ---------------

OS:
 Windows 11 , 64 bit Build 26100 (10.0.26100.7309)
OS uptime: 0 days 5:02 hours
Hyper-V role detected

CPU: total 28 (initial active 28) (14 cores per cpu, 2 threads per core) family 6 model 183 stepping 1 microcode 0x12f, cx8, cmov, fxsr, ht, mmx, 3dnowpref, sse, sse2, sse3, ssse3, sse4.1, sse4.2, popcnt, lzcnt, tsc, tscinvbit, avx, avx2, aes, erms, clmul, bmi1, bmi2, adx, sha, fma, vzeroupper, clflush, clflushopt, clwb, hv, serialize, rdtscp, rdpid, fsrm, f16c, cet_ibt, cet_ss
Processor Information for the first 28 processors :
  Max Mhz: 2100, Current Mhz: 2100, Mhz Limit: 2100

Memory: 4k page, system-wide physical 7878M (1M free)
TotalPageFile size 32454M (AvailPageFile size 6M)
current process WorkingSet (physical memory assigned to process): 136M, peak: 136M
current process commit charge ("private bytes"): 260M, peak: 263M

vm_info: OpenJDK 64-Bit Server VM (21.0.8+-14196175-b1038.72) for windows-amd64 JRE (21.0.8+-14196175-b1038.72), built on 2025-10-01T10:24:33Z by "builder" with MS VC++ 16.10 / 16.11 (VS2019)

END.
